2023-09-26 08:53:31.559 [restartedMain] WARN  [,] c.b.mybatisplus.core.injector.DefaultSqlInjector - class com.benewake.saleordersystem.entity.InquiryCode ,Not found @TableId annotation, Cannot use Mybatis-Plus 'xxById' Method.
2023-09-26 08:53:31.585 [restartedMain] WARN  [,] c.b.mybatisplus.core.injector.DefaultSqlInjector - interface java.util.Map ,Not found @TableId annotation, Cannot use Mybatis-Plus 'xxById' Method.
2023-09-26 08:53:35.711 [restartedMain] WARN  [,] c.b.mybatisplus.core.injector.DefaultSqlInjector - class com.benewake.saleordersystem.entity.Past.PastPredictionCompany ,Not found @TableId annotation, Cannot use Mybatis-Plus 'xxById' Method.
2023-09-26 08:55:54.400 [http-nio-8080-exec-2] WARN  [,] com.zaxxer.hikari.pool.PoolBase - HikariPool-1 - Default transaction isolation level detection failed (No operations allowed after connection closed.).
2023-09-26 08:55:55.041 [http-nio-8080-exec-2] WARN  [,] o.s.w.s.m.m.a.ExceptionHandlerExceptionResolver - Resolved [org.mybatis.spring.MyBatisSystemException: nested exception is org.apache.ibatis.exceptions.PersistenceException: 
### Error querying database.  Cause: org.springframework.jdbc.CannotGetJdbcConnectionException: Failed to obtain JDBC Connection; nested exception is java.sql.SQLNonTransientConnectionException: No operations allowed after connection closed.
### The error may exist in com/benewake/saleordersystem/mapper/LoginTicketMapper.java (best guess)
### The error may involve com.benewake.saleordersystem.mapper.LoginTicketMapper.selectList
### The error occurred while executing a query
### Cause: org.springframework.jdbc.CannotGetJdbcConnectionException: Failed to obtain JDBC Connection; nested exception is java.sql.SQLNonTransientConnectionException: No operations allowed after connection closed.]
2023-09-26 08:56:55.788 [http-nio-8080-exec-3] WARN  [,] o.s.w.s.m.m.a.ExceptionHandlerExceptionResolver - Resolved [org.mybatis.spring.MyBatisSystemException: nested exception is org.apache.ibatis.exceptions.PersistenceException: 
### Error querying database.  Cause: org.springframework.jdbc.CannotGetJdbcConnectionException: Failed to obtain JDBC Connection; nested exception is com.mysql.cj.jdbc.exceptions.CommunicationsException: Communications link failure

The last packet sent successfully to the server was 0 milliseconds ago. The driver has not received any packets from the server.
### The error may exist in com/benewake/saleordersystem/mapper/LoginTicketMapper.java (best guess)
### The error may involve com.benewake.saleordersystem.mapper.LoginTicketMapper.selectList
### The error occurred while executing a query
### Cause: org.springframework.jdbc.CannotGetJdbcConnectionException: Failed to obtain JDBC Connection; nested exception is com.mysql.cj.jdbc.exceptions.CommunicationsException: Communications link failure

The last packet sent successfully to the server was 0 milliseconds ago. The driver has not received any packets from the server.]
2023-09-26 09:18:44.192 [restartedMain] WARN  [,] c.b.mybatisplus.core.injector.DefaultSqlInjector - class com.benewake.saleordersystem.entity.InquiryCode ,Not found @TableId annotation, Cannot use Mybatis-Plus 'xxById' Method.
2023-09-26 09:18:44.212 [restartedMain] WARN  [,] c.b.mybatisplus.core.injector.DefaultSqlInjector - interface java.util.Map ,Not found @TableId annotation, Cannot use Mybatis-Plus 'xxById' Method.
2023-09-26 09:18:45.668 [restartedMain] WARN  [,] c.b.mybatisplus.core.injector.DefaultSqlInjector - class com.benewake.saleordersystem.entity.Past.PastPredictionCompany ,Not found @TableId annotation, Cannot use Mybatis-Plus 'xxById' Method.
2023-09-26 09:25:05.436 [restartedMain] WARN  [,] c.b.mybatisplus.core.injector.DefaultSqlInjector - class com.benewake.saleordersystem.entity.InquiryCode ,Not found @TableId annotation, Cannot use Mybatis-Plus 'xxById' Method.
2023-09-26 09:25:05.457 [restartedMain] WARN  [,] c.b.mybatisplus.core.injector.DefaultSqlInjector - interface java.util.Map ,Not found @TableId annotation, Cannot use Mybatis-Plus 'xxById' Method.
2023-09-26 09:25:06.831 [restartedMain] WARN  [,] c.b.mybatisplus.core.injector.DefaultSqlInjector - class com.benewake.saleordersystem.entity.Past.PastPredictionCompany ,Not found @TableId annotation, Cannot use Mybatis-Plus 'xxById' Method.
2023-09-26 09:26:31.617 [restartedMain] WARN  [,] c.b.mybatisplus.core.injector.DefaultSqlInjector - class com.benewake.saleordersystem.entity.InquiryCode ,Not found @TableId annotation, Cannot use Mybatis-Plus 'xxById' Method.
2023-09-26 09:26:31.644 [restartedMain] WARN  [,] c.b.mybatisplus.core.injector.DefaultSqlInjector - interface java.util.Map ,Not found @TableId annotation, Cannot use Mybatis-Plus 'xxById' Method.
2023-09-26 09:26:34.742 [restartedMain] WARN  [,] c.b.mybatisplus.core.injector.DefaultSqlInjector - class com.benewake.saleordersystem.entity.Past.PastPredictionCompany ,Not found @TableId annotation, Cannot use Mybatis-Plus 'xxById' Method.
2023-09-26 09:29:19.789 [restartedMain] WARN  [,] c.b.mybatisplus.core.injector.DefaultSqlInjector - class com.benewake.saleordersystem.entity.InquiryCode ,Not found @TableId annotation, Cannot use Mybatis-Plus 'xxById' Method.
2023-09-26 09:29:19.811 [restartedMain] WARN  [,] c.b.mybatisplus.core.injector.DefaultSqlInjector - interface java.util.Map ,Not found @TableId annotation, Cannot use Mybatis-Plus 'xxById' Method.
2023-09-26 09:29:21.173 [restartedMain] WARN  [,] c.b.mybatisplus.core.injector.DefaultSqlInjector - class com.benewake.saleordersystem.entity.Past.PastPredictionCompany ,Not found @TableId annotation, Cannot use Mybatis-Plus 'xxById' Method.
2023-09-26 09:33:07.509 [HikariPool-1 housekeeper] WARN  [,] com.zaxxer.hikari.pool.HikariPool - HikariPool-1 - Thread starvation or clock leap detected (housekeeper delta=3m24s326ms706µs700ns).
2023-09-26 09:34:04.363 [restartedMain] WARN  [,] c.b.mybatisplus.core.injector.DefaultSqlInjector - class com.benewake.saleordersystem.entity.InquiryCode ,Not found @TableId annotation, Cannot use Mybatis-Plus 'xxById' Method.
2023-09-26 09:34:04.408 [restartedMain] WARN  [,] c.b.mybatisplus.core.injector.DefaultSqlInjector - interface java.util.Map ,Not found @TableId annotation, Cannot use Mybatis-Plus 'xxById' Method.
2023-09-26 09:34:22.684 [restartedMain] WARN  [,] c.b.mybatisplus.core.injector.DefaultSqlInjector - class com.benewake.saleordersystem.entity.Past.PastPredictionCompany ,Not found @TableId annotation, Cannot use Mybatis-Plus 'xxById' Method.
2023-09-26 09:35:19.044 [http-nio-8080-exec-1] WARN  [,] o.s.w.s.m.m.a.ExceptionHandlerExceptionResolver - Resolved [org.springframework.jdbc.UncategorizedSQLException: 
### Error querying database.  Cause: java.sql.SQLException: Incorrect DATETIME value: ''
### The error may exist in com/benewake/saleordersystem/mapper/Vo/SalesOrderVoMapper.java (best guess)
### The error may involve com.benewake.saleordersystem.mapper.Vo.SalesOrderVoMapper.selectListByFilter-Inline
### The error occurred while setting parameters
### SQL: select distinct (inquiry_id),inquiry_code,inquiry_init_type,state,created_user_name,item_type,allow_inquiry,inquiry_type,item_code,item_name,customer_name,salesman_name,sale_num,expected_time,arranged_time,delay,customer_type,order_delivery_progress,delivery_code,receive_time,delivery_state,customize,remark from (select inquiry_id as inquiry_id,(case when state=-1 then '无效' when state=0 then '保存' else concat('询单',state,'次') end) as state,a.inquiry_code as inquiry_code,sale_num as sale_num,expected_time as expected_time,arranged_time as arranged_time,allow_inquiry as allow_inquiry,created_user as created_user,salesman_id as salesman_id,a.item_id as item_id,a.customer_id as customer_id,remark as remark,(case when order_delivery_progress is null then '未发货' when order_delivery_progress = 80 then '已签收' else '已发货客户未签收' end) as order_delivery_progress,delivery_code,receive_time,delivery_state,delay as delay,(case when item_type = 1 then '已有标品' when item_type = 2 then '已有定制' when item_type = 3 then '新增软件定制' when item_type = 4 then '新增原材料定制'  when item_type = 5 then '新增原材料+软件定制' else '错误物料类型' end) as item_type,item_code as item_code,item_name as item_name,(case when inquiry_type = 1 then 'PO(客户付款)' when inquiry_type = 2 then 'PR(客户提出付款意向)' when inquiry_type = 3 then 'YG(供应链预估)' when inquiry_type = 4 then 'YC(销售预测)' when inquiry_type = 5 then 'XD(意向询单)' else 'ER(错误)' end) as inquiry_type,(case when item_type = 1 or item_type = 2 then '否' when item_type = 3 or item_type = 4 or item_type = 5 then '是' else '错误' end) as customize,(case when customer_type is null then '日常' else customer_type end) as customer_type,(case when inquiry_init_type = 5 then '销售询单' when inquiry_init_type = 4 then '销售预测' when inquiry_init_type = 3 then '供应链预估' else '错误的初始类型' end) as inquiry_init_type from (select fim_inquiry_table.inquiry_id,inquiry_code as inquiry_code,state as state,inquiry_init_type as inquiry_init_type,inquiry_type as inquiry_type,sale_num as sale_num,expected_time as expected_time,arranged_time as arranged_time,created_user as created_user,salesman_id as salesman_id,item_id as item_id,customer_id as customer_id,remark as remark,allow_inquiry as allow_inquiry,(case when arranged_time > expected_time then '是' else '否' end )as delay from fim_inquiry_table left join (select SUBSTRING_INDEX(GROUP_CONCAT(inquiry_id ORDER BY created_time desc),',',1) as inquiry_id,SUBSTRING_INDEX(GROUP_CONCAT(inquiry_type ORDER BY created_time asc),',',1) as inquiry_init_type from fim_inquiry_table group by inquiry_code) as bb on bb.inquiry_id = fim_inquiry_table.inquiry_id WHERE (bb.inquiry_id IS NOT NULL AND state >= ? AND arranged_time = ?)) as a left join (select customer_id,item_id,customer_type from fim_customer_type_table) as d on a.customer_id = d.customer_id and d.item_id = a.item_id left join (select item_id,item_code,item_name,item_type from fim_item_table WHERE (item_code IS NOT NULL)) as e on e.item_id = a.item_id left join(select inquiry_code,delivery_state as order_delivery_progress,delivery_code as delivery_code,receive_time as receive_time,delivery_latest_state as delivery_state from delivery_table) as j on j.inquiry_code = a.inquiry_code WHERE (item_code IS NOT NULL)) as a left join (select FIM_user_id,FIM_user_name as salesman_name from fim_users_table WHERE (FIM_user_name IS NOT NULL)) as b on a.salesman_id = b.FIM_user_id left join (select FIM_user_id,FIM_user_name as created_user_name from fim_users_table WHERE (FIM_user_name IS NOT NULL)) as c on a.created_user = c.FIM_user_id left join (select customer_id,customer_name from fim_customer_table WHERE (customer_name IS NOT NULL)) as f on a.customer_id = f.customer_id WHERE (customer_name IS NOT NULL AND created_user_name IS NOT NULL AND salesman_name IS NOT NULL) order by inquiry_code desc
### Cause: java.sql.SQLException: Incorrect DATETIME value: ''
; uncategorized SQLException; SQL state [HY000]; error code [1525]; Incorrect DATETIME value: ''; nested exception is java.sql.SQLException: Incorrect DATETIME value: '']
2023-09-26 09:36:43.813 [restartedMain] WARN  [,] c.b.mybatisplus.core.injector.DefaultSqlInjector - class com.benewake.saleordersystem.entity.InquiryCode ,Not found @TableId annotation, Cannot use Mybatis-Plus 'xxById' Method.
2023-09-26 09:36:43.862 [restartedMain] WARN  [,] c.b.mybatisplus.core.injector.DefaultSqlInjector - interface java.util.Map ,Not found @TableId annotation, Cannot use Mybatis-Plus 'xxById' Method.
2023-09-26 09:37:01.699 [restartedMain] WARN  [,] c.b.mybatisplus.core.injector.DefaultSqlInjector - class com.benewake.saleordersystem.entity.Past.PastPredictionCompany ,Not found @TableId annotation, Cannot use Mybatis-Plus 'xxById' Method.
2023-09-26 09:39:27.174 [restartedMain] WARN  [,] c.b.mybatisplus.core.injector.DefaultSqlInjector - class com.benewake.saleordersystem.entity.InquiryCode ,Not found @TableId annotation, Cannot use Mybatis-Plus 'xxById' Method.
2023-09-26 09:39:27.192 [restartedMain] WARN  [,] c.b.mybatisplus.core.injector.DefaultSqlInjector - interface java.util.Map ,Not found @TableId annotation, Cannot use Mybatis-Plus 'xxById' Method.
2023-09-26 09:39:28.456 [restartedMain] WARN  [,] c.b.mybatisplus.core.injector.DefaultSqlInjector - class com.benewake.saleordersystem.entity.Past.PastPredictionCompany ,Not found @TableId annotation, Cannot use Mybatis-Plus 'xxById' Method.
