2023-08-24 14:35:58.688 [restartedMain] WARN  [,] c.b.mybatisplus.core.metadata.TableInfoHelper - Can not find table primary key in Class: "com.benewake.saleordersystem.entity.InquiryCode".
2023-08-24 14:35:58.690 [restartedMain] WARN  [,] c.b.mybatisplus.core.injector.DefaultSqlInjector - class com.benewake.saleordersystem.entity.InquiryCode ,Not found @TableId annotation, Cannot use Mybatis-Plus 'xxById' Method.
2023-08-24 14:35:58.788 [restartedMain] WARN  [,] c.b.mybatisplus.core.metadata.TableInfoHelper - Can not find table primary key in Class: "java.util.Map".
2023-08-24 14:35:58.791 [restartedMain] WARN  [,] c.b.mybatisplus.core.injector.DefaultSqlInjector - interface java.util.Map ,Not found @TableId annotation, Cannot use Mybatis-Plus 'xxById' Method.
2023-08-24 14:36:02.994 [restartedMain] WARN  [,] c.b.mybatisplus.core.metadata.TableInfoHelper - Can not find table primary key in Class: "com.benewake.saleordersystem.entity.Past.PastPredictionCompany".
2023-08-24 14:36:02.994 [restartedMain] WARN  [,] c.b.mybatisplus.core.injector.DefaultSqlInjector - class com.benewake.saleordersystem.entity.Past.PastPredictionCompany ,Not found @TableId annotation, Cannot use Mybatis-Plus 'xxById' Method.
2023-08-24 14:39:49.219 [restartedMain] WARN  [,] org.mybatis.spring.mapper.ClassPathMapperScanner - No MyBatis mapper was found in '[com.benewake.saleordersystem.mapper]' package. Please check your configuration.
2023-08-24 14:40:10.614 [restartedMain] WARN  [,] c.b.mybatisplus.core.metadata.TableInfoHelper - Can not find table primary key in Class: "com.benewake.saleordersystem.entity.InquiryCode".
2023-08-24 14:40:10.615 [restartedMain] WARN  [,] c.b.mybatisplus.core.injector.DefaultSqlInjector - class com.benewake.saleordersystem.entity.InquiryCode ,Not found @TableId annotation, Cannot use Mybatis-Plus 'xxById' Method.
2023-08-24 14:40:10.653 [restartedMain] WARN  [,] c.b.mybatisplus.core.metadata.TableInfoHelper - Can not find table primary key in Class: "java.util.Map".
2023-08-24 14:40:10.654 [restartedMain] WARN  [,] c.b.mybatisplus.core.injector.DefaultSqlInjector - interface java.util.Map ,Not found @TableId annotation, Cannot use Mybatis-Plus 'xxById' Method.
2023-08-24 14:40:12.471 [restartedMain] WARN  [,] c.b.mybatisplus.core.metadata.TableInfoHelper - Can not find table primary key in Class: "com.benewake.saleordersystem.entity.Past.PastPredictionCompany".
2023-08-24 14:40:12.472 [restartedMain] WARN  [,] c.b.mybatisplus.core.injector.DefaultSqlInjector - class com.benewake.saleordersystem.entity.Past.PastPredictionCompany ,Not found @TableId annotation, Cannot use Mybatis-Plus 'xxById' Method.
2023-08-24 14:40:20.960 [main] WARN  [,] c.b.mybatisplus.core.metadata.TableInfoHelper - Can not find table primary key in Class: "com.benewake.saleordersystem.entity.InquiryCode".
2023-08-24 14:40:20.963 [main] WARN  [,] c.b.mybatisplus.core.injector.DefaultSqlInjector - class com.benewake.saleordersystem.entity.InquiryCode ,Not found @TableId annotation, Cannot use Mybatis-Plus 'xxById' Method.
2023-08-24 14:40:21.013 [main] WARN  [,] c.b.mybatisplus.core.metadata.TableInfoHelper - Can not find table primary key in Class: "java.util.Map".
2023-08-24 14:40:21.013 [main] WARN  [,] c.b.mybatisplus.core.injector.DefaultSqlInjector - interface java.util.Map ,Not found @TableId annotation, Cannot use Mybatis-Plus 'xxById' Method.
2023-08-24 14:40:25.291 [main] WARN  [,] c.b.mybatisplus.core.metadata.TableInfoHelper - Can not find table primary key in Class: "com.benewake.saleordersystem.entity.Past.PastPredictionCompany".
2023-08-24 14:40:25.292 [main] WARN  [,] c.b.mybatisplus.core.injector.DefaultSqlInjector - class com.benewake.saleordersystem.entity.Past.PastPredictionCompany ,Not found @TableId annotation, Cannot use Mybatis-Plus 'xxById' Method.
2023-08-24 14:41:16.985 [restartedMain] WARN  [,] c.b.mybatisplus.core.metadata.TableInfoHelper - Can not find table primary key in Class: "com.benewake.saleordersystem.entity.InquiryCode".
2023-08-24 14:41:16.986 [restartedMain] WARN  [,] c.b.mybatisplus.core.injector.DefaultSqlInjector - class com.benewake.saleordersystem.entity.InquiryCode ,Not found @TableId annotation, Cannot use Mybatis-Plus 'xxById' Method.
2023-08-24 14:41:17.012 [restartedMain] WARN  [,] c.b.mybatisplus.core.metadata.TableInfoHelper - Can not find table primary key in Class: "java.util.Map".
2023-08-24 14:41:17.013 [restartedMain] WARN  [,] c.b.mybatisplus.core.injector.DefaultSqlInjector - interface java.util.Map ,Not found @TableId annotation, Cannot use Mybatis-Plus 'xxById' Method.
2023-08-24 14:41:18.498 [restartedMain] WARN  [,] c.b.mybatisplus.core.metadata.TableInfoHelper - Can not find table primary key in Class: "com.benewake.saleordersystem.entity.Past.PastPredictionCompany".
2023-08-24 14:41:18.498 [restartedMain] WARN  [,] c.b.mybatisplus.core.injector.DefaultSqlInjector - class com.benewake.saleordersystem.entity.Past.PastPredictionCompany ,Not found @TableId annotation, Cannot use Mybatis-Plus 'xxById' Method.
