2023-09-25 10:42:36.125 [restartedMain] WARN  [,] c.b.mybatisplus.core.injector.DefaultSqlInjector - class com.benewake.saleordersystem.entity.InquiryCode ,Not found @TableId annotation, Cannot use Mybatis-Plus 'xxById' Method.
2023-09-25 10:42:36.147 [restartedMain] WARN  [,] c.b.mybatisplus.core.injector.DefaultSqlInjector - interface java.util.Map ,Not found @TableId annotation, Cannot use Mybatis-Plus 'xxById' Method.
2023-09-25 10:42:37.806 [restartedMain] WARN  [,] c.b.mybatisplus.core.injector.DefaultSqlInjector - class com.benewake.saleordersystem.entity.Past.PastPredictionCompany ,Not found @TableId annotation, Cannot use Mybatis-Plus 'xxById' Method.
2023-09-25 10:47:49.137 [http-nio-8080-exec-8] WARN  [,] o.s.w.s.m.m.a.ExceptionHandlerExceptionResolver - Resolved [java.lang.RuntimeException: 参数有误！]
2023-09-25 10:48:13.547 [http-nio-8080-exec-6] WARN  [,] o.s.w.s.m.m.a.ExceptionHandlerExceptionResolver - Resolved [java.lang.RuntimeException: 参数有误！]
2023-09-25 10:48:31.188 [http-nio-8080-exec-7] WARN  [,] o.s.w.s.m.m.a.ExceptionHandlerExceptionResolver - Resolved [java.lang.RuntimeException: 参数有误！]
2023-09-25 10:48:58.585 [restartedMain] WARN  [,] c.b.mybatisplus.core.injector.DefaultSqlInjector - class com.benewake.saleordersystem.entity.InquiryCode ,Not found @TableId annotation, Cannot use Mybatis-Plus 'xxById' Method.
2023-09-25 10:48:58.608 [restartedMain] WARN  [,] c.b.mybatisplus.core.injector.DefaultSqlInjector - interface java.util.Map ,Not found @TableId annotation, Cannot use Mybatis-Plus 'xxById' Method.
2023-09-25 10:49:00.362 [restartedMain] WARN  [,] c.b.mybatisplus.core.injector.DefaultSqlInjector - class com.benewake.saleordersystem.entity.Past.PastPredictionCompany ,Not found @TableId annotation, Cannot use Mybatis-Plus 'xxById' Method.
2023-09-25 10:50:44.856 [HikariPool-1 housekeeper] WARN  [,] com.zaxxer.hikari.pool.HikariPool - HikariPool-1 - Thread starvation or clock leap detected (housekeeper delta=1m6s477ms844µs200ns).
2023-09-25 10:54:51.645 [HikariPool-1 housekeeper] WARN  [,] com.zaxxer.hikari.pool.HikariPool - HikariPool-1 - Thread starvation or clock leap detected (housekeeper delta=2m22s167ms474µs700ns).
2023-09-25 10:54:53.193 [http-nio-8080-exec-1] WARN  [,] o.s.w.s.m.m.a.ExceptionHandlerExceptionResolver - Resolved [java.lang.RuntimeException: 参数有误！]
2023-09-25 10:55:28.355 [restartedMain] WARN  [,] c.b.mybatisplus.core.injector.DefaultSqlInjector - class com.benewake.saleordersystem.entity.InquiryCode ,Not found @TableId annotation, Cannot use Mybatis-Plus 'xxById' Method.
2023-09-25 10:55:28.376 [restartedMain] WARN  [,] c.b.mybatisplus.core.injector.DefaultSqlInjector - interface java.util.Map ,Not found @TableId annotation, Cannot use Mybatis-Plus 'xxById' Method.
2023-09-25 10:55:30.007 [restartedMain] WARN  [,] c.b.mybatisplus.core.injector.DefaultSqlInjector - class com.benewake.saleordersystem.entity.Past.PastPredictionCompany ,Not found @TableId annotation, Cannot use Mybatis-Plus 'xxById' Method.
2023-09-25 11:00:11.513 [HikariPool-1 housekeeper] WARN  [,] com.zaxxer.hikari.pool.HikariPool - HikariPool-1 - Thread starvation or clock leap detected (housekeeper delta=47s140ms250µs900ns).
2023-09-25 11:04:49.795 [HikariPool-1 housekeeper] WARN  [,] com.zaxxer.hikari.pool.HikariPool - HikariPool-1 - Thread starvation or clock leap detected (housekeeper delta=2m53s291ms922µs700ns).
2023-09-25 11:06:13.285 [restartedMain] WARN  [,] c.b.mybatisplus.core.injector.DefaultSqlInjector - class com.benewake.saleordersystem.entity.InquiryCode ,Not found @TableId annotation, Cannot use Mybatis-Plus 'xxById' Method.
2023-09-25 11:06:13.308 [restartedMain] WARN  [,] c.b.mybatisplus.core.injector.DefaultSqlInjector - interface java.util.Map ,Not found @TableId annotation, Cannot use Mybatis-Plus 'xxById' Method.
2023-09-25 11:06:14.940 [restartedMain] WARN  [,] c.b.mybatisplus.core.injector.DefaultSqlInjector - class com.benewake.saleordersystem.entity.Past.PastPredictionCompany ,Not found @TableId annotation, Cannot use Mybatis-Plus 'xxById' Method.
