2023-10-19 11:10:39.941 [restartedMain] WARN  [,] c.b.mybatisplus.core.injector.DefaultSqlInjector - class com.benewake.saleordersystem.entity.InquiryCode ,Not found @TableId annotation, Cannot use Mybatis-Plus 'xxById' Method.
2023-10-19 11:10:39.971 [restartedMain] WARN  [,] c.b.mybatisplus.core.injector.DefaultSqlInjector - interface java.util.Map ,Not found @TableId annotation, Cannot use Mybatis-Plus 'xxById' Method.
2023-10-19 11:10:41.903 [restartedMain] WARN  [,] c.b.mybatisplus.core.injector.DefaultSqlInjector - class com.benewake.saleordersystem.entity.Past.PastPredictionCompany ,Not found @TableId annotation, Cannot use Mybatis-Plus 'xxById' Method.
2023-10-19 11:16:08.717 [http-nio-8080-exec-8] WARN  [,] o.s.w.s.m.m.a.ExceptionHandlerExceptionResolver - Resolved [org.springframework.jdbc.UncategorizedSQLException: 
### Error updating database.  Cause: java.sql.SQLException: Incorrect integer value: '' for column 'id' at row 1
### The error may exist in com/benewake/saleordersystem/mapper/FimOperLogMapper.java (best guess)
### The error may involve com.benewake.saleordersystem.mapper.FimOperLogMapper.insert-Inline
### The error occurred while setting parameters
### SQL: INSERT INTO fim_oper_log  ( id, title, business_type, oper_name, oper_ip, status, error_msg,   is_deleted )  VALUES  ( ?, ?, ?, ?, ?, ?, ?,   ? )
### Cause: java.sql.SQLException: Incorrect integer value: '' for column 'id' at row 1
; uncategorized SQLException; SQL state [HY000]; error code [1366]; Incorrect integer value: '' for column 'id' at row 1; nested exception is java.sql.SQLException: Incorrect integer value: '' for column 'id' at row 1]
2023-10-19 11:30:33.089 [restartedMain] WARN  [,] c.b.mybatisplus.core.injector.DefaultSqlInjector - class com.benewake.saleordersystem.entity.InquiryCode ,Not found @TableId annotation, Cannot use Mybatis-Plus 'xxById' Method.
2023-10-19 11:30:33.143 [restartedMain] WARN  [,] c.b.mybatisplus.core.injector.DefaultSqlInjector - interface java.util.Map ,Not found @TableId annotation, Cannot use Mybatis-Plus 'xxById' Method.
2023-10-19 11:30:42.388 [restartedMain] WARN  [,] c.b.mybatisplus.core.injector.DefaultSqlInjector - class com.benewake.saleordersystem.entity.Past.PastPredictionCompany ,Not found @TableId annotation, Cannot use Mybatis-Plus 'xxById' Method.
2023-10-19 11:30:57.373 [http-nio-8080-exec-2] WARN  [,] o.s.w.s.m.m.a.ExceptionHandlerExceptionResolver - Resolved [org.springframework.http.converter.HttpMessageNotReadableException: JSON parse error: Cannot deserialize instance of `com.benewake.saleordersystem.entity.VO.StartInquiryVo` out of START_ARRAY token; nested exception is com.fasterxml.jackson.databind.exc.MismatchedInputException: Cannot deserialize instance of `com.benewake.saleordersystem.entity.VO.StartInquiryVo` out of START_ARRAY token
 at [Source: (PushbackInputStream); line: 1, column: 1]]
2023-10-19 11:31:10.769 [http-nio-8080-exec-3] WARN  [,] o.s.w.s.m.m.a.ExceptionHandlerExceptionResolver - Resolved [org.springframework.http.converter.HttpMessageNotReadableException: JSON parse error: Cannot deserialize instance of `com.benewake.saleordersystem.entity.VO.StartInquiryVo` out of START_ARRAY token; nested exception is com.fasterxml.jackson.databind.exc.MismatchedInputException: Cannot deserialize instance of `com.benewake.saleordersystem.entity.VO.StartInquiryVo` out of START_ARRAY token
 at [Source: (PushbackInputStream); line: 1, column: 1]]
2023-10-19 11:31:30.182 [http-nio-8080-exec-4] WARN  [,] o.s.w.s.m.m.a.ExceptionHandlerExceptionResolver - Resolved [org.springframework.http.converter.HttpMessageNotReadableException: JSON parse error: Cannot deserialize instance of `com.benewake.saleordersystem.entity.VO.StartInquiryVo` out of START_ARRAY token; nested exception is com.fasterxml.jackson.databind.exc.MismatchedInputException: Cannot deserialize instance of `com.benewake.saleordersystem.entity.VO.StartInquiryVo` out of START_ARRAY token
 at [Source: (PushbackInputStream); line: 1, column: 1]]
2023-10-19 11:33:14.562 [http-nio-8080-exec-9] WARN  [,] o.s.w.s.m.m.a.ExceptionHandlerExceptionResolver - Resolved [java.lang.NullPointerException]
2023-10-19 11:33:31.582 [http-nio-8080-exec-8] WARN  [,] o.s.w.s.m.m.a.ExceptionHandlerExceptionResolver - Resolved [java.lang.NullPointerException]
2023-10-19 11:34:50.810 [HikariPool-1 housekeeper] WARN  [,] com.zaxxer.hikari.pool.HikariPool - HikariPool-1 - Thread starvation or clock leap detected (housekeeper delta=53s821ms216µs1ns).
2023-10-19 11:34:51.026 [http-nio-8080-exec-10] WARN  [,] o.s.w.s.m.m.a.ExceptionHandlerExceptionResolver - Resolved [java.lang.NullPointerException]
2023-10-19 11:35:36.671 [HikariPool-1 housekeeper] WARN  [,] com.zaxxer.hikari.pool.HikariPool - HikariPool-1 - Thread starvation or clock leap detected (housekeeper delta=45s861ms769µs200ns).
2023-10-19 11:35:36.755 [http-nio-8080-exec-1] WARN  [,] o.s.w.s.m.m.a.ExceptionHandlerExceptionResolver - Resolved [java.lang.NullPointerException]
2023-10-19 11:35:39.827 [http-nio-8080-exec-2] WARN  [,] o.s.w.s.m.m.a.ExceptionHandlerExceptionResolver - Resolved [org.springframework.http.converter.HttpMessageNotReadableException: JSON parse error: Unexpected character (',' (code 44)): expected a value; nested exception is com.fasterxml.jackson.databind.JsonMappingException: Unexpected character (',' (code 44)): expected a value
 at [Source: (PushbackInputStream); line: 5, column: 19] (through reference chain: com.benewake.saleordersystem.entity.VO.StartInquiryVo["inquiryList"]->java.util.ArrayList[0])]
2023-10-19 11:35:49.414 [http-nio-8080-exec-3] WARN  [,] o.s.w.s.m.m.a.ExceptionHandlerExceptionResolver - Resolved [java.lang.NullPointerException]
2023-10-19 11:37:16.207 [http-nio-8080-exec-4] WARN  [,] o.s.w.s.m.m.a.ExceptionHandlerExceptionResolver - Resolved [java.lang.NullPointerException]
2023-10-19 14:59:11.096 [HikariPool-1 housekeeper] WARN  [,] com.zaxxer.hikari.pool.HikariPool - HikariPool-1 - Thread starvation or clock leap detected (housekeeper delta=4m44s508ms735µs300ns).
2023-10-19 15:00:51.326 [HikariPool-1 housekeeper] WARN  [,] com.zaxxer.hikari.pool.HikariPool - HikariPool-1 - Thread starvation or clock leap detected (housekeeper delta=1m9s69ms158µs500ns).
2023-10-19 15:04:54.816 [HikariPool-1 housekeeper] WARN  [,] com.zaxxer.hikari.pool.HikariPool - HikariPool-1 - Thread starvation or clock leap detected (housekeeper delta=2m13s29ms384µs700ns).
2023-10-19 15:06:52.166 [HikariPool-1 housekeeper] WARN  [,] com.zaxxer.hikari.pool.HikariPool - HikariPool-1 - Thread starvation or clock leap detected (housekeeper delta=47s810ms701µs600ns).
2023-10-19 15:11:25.262 [HikariPool-1 housekeeper] WARN  [,] com.zaxxer.hikari.pool.HikariPool - HikariPool-1 - Thread starvation or clock leap detected (housekeeper delta=1m18s737ms917µs).
2023-10-19 15:20:42.159 [HikariPool-1 housekeeper] WARN  [,] com.zaxxer.hikari.pool.HikariPool - HikariPool-1 - Thread starvation or clock leap detected (housekeeper delta=8m46s543ms918µs800ns).
2023-10-19 15:21:53.585 [restartedMain] WARN  [,] c.b.mybatisplus.core.injector.DefaultSqlInjector - class com.benewake.saleordersystem.entity.InquiryCode ,Not found @TableId annotation, Cannot use Mybatis-Plus 'xxById' Method.
2023-10-19 15:21:53.610 [restartedMain] WARN  [,] c.b.mybatisplus.core.injector.DefaultSqlInjector - interface java.util.Map ,Not found @TableId annotation, Cannot use Mybatis-Plus 'xxById' Method.
2023-10-19 15:21:56.840 [restartedMain] WARN  [,] c.b.mybatisplus.core.injector.DefaultSqlInjector - class com.benewake.saleordersystem.entity.Past.PastPredictionCompany ,Not found @TableId annotation, Cannot use Mybatis-Plus 'xxById' Method.
2023-10-19 15:30:25.119 [HikariPool-1 housekeeper] WARN  [,] com.zaxxer.hikari.pool.HikariPool - HikariPool-1 - Thread starvation or clock leap detected (housekeeper delta=2m4s815ms119µs500ns).
2023-10-19 15:32:59.206 [HikariPool-1 housekeeper] WARN  [,] com.zaxxer.hikari.pool.HikariPool - HikariPool-1 - Thread starvation or clock leap detected (housekeeper delta=2m3s606ms679µs100ns).
2023-10-19 15:39:37.115 [HikariPool-1 housekeeper] WARN  [,] com.zaxxer.hikari.pool.HikariPool - HikariPool-1 - Thread starvation or clock leap detected (housekeeper delta=3m14s242ms106µs).
2023-10-19 15:40:23.496 [restartedMain] WARN  [,] c.b.mybatisplus.core.injector.DefaultSqlInjector - class com.benewake.saleordersystem.entity.InquiryCode ,Not found @TableId annotation, Cannot use Mybatis-Plus 'xxById' Method.
2023-10-19 15:40:23.543 [restartedMain] WARN  [,] c.b.mybatisplus.core.injector.DefaultSqlInjector - interface java.util.Map ,Not found @TableId annotation, Cannot use Mybatis-Plus 'xxById' Method.
2023-10-19 15:40:28.951 [restartedMain] WARN  [,] c.b.mybatisplus.core.injector.DefaultSqlInjector - class com.benewake.saleordersystem.entity.Past.PastPredictionCompany ,Not found @TableId annotation, Cannot use Mybatis-Plus 'xxById' Method.
2023-10-19 15:50:50.620 [HikariPool-1 housekeeper] WARN  [,] com.zaxxer.hikari.pool.HikariPool - HikariPool-1 - Thread starvation or clock leap detected (housekeeper delta=8m3s530ms468µs500ns).
2023-10-19 15:51:48.400 [HikariPool-1 housekeeper] WARN  [,] com.zaxxer.hikari.pool.HikariPool - HikariPool-1 - Thread starvation or clock leap detected (housekeeper delta=57s784ms961µs200ns).
2023-10-19 16:00:43.338 [HikariPool-1 housekeeper] WARN  [,] com.zaxxer.hikari.pool.HikariPool - HikariPool-1 - Thread starvation or clock leap detected (housekeeper delta=6m53s107ms934µs400ns).
2023-10-19 16:35:28.393 [HikariPool-1 housekeeper] WARN  [,] com.zaxxer.hikari.pool.HikariPool - HikariPool-1 - Thread starvation or clock leap detected (housekeeper delta=18m55s733ms589µs900ns).
