2023-10-18 09:01:53.122 [restartedMain] WARN  [,] c.b.mybatisplus.core.injector.DefaultSqlInjector - class com.benewake.saleordersystem.entity.InquiryCode ,Not found @TableId annotation, Cannot use Mybatis-Plus 'xxById' Method.
2023-10-18 09:01:53.152 [restartedMain] WARN  [,] c.b.mybatisplus.core.injector.DefaultSqlInjector - interface java.util.Map ,Not found @TableId annotation, Cannot use Mybatis-Plus 'xxById' Method.
2023-10-18 09:01:55.425 [restartedMain] WARN  [,] c.b.mybatisplus.core.injector.DefaultSqlInjector - class com.benewake.saleordersystem.entity.Past.PastPredictionCompany ,Not found @TableId annotation, Cannot use Mybatis-Plus 'xxById' Method.
2023-10-18 09:07:51.890 [HikariPool-1 housekeeper] WARN  [,] com.zaxxer.hikari.pool.HikariPool - HikariPool-1 - Thread starvation or clock leap detected (housekeeper delta=3m25s4ms609µs300ns).
2023-10-18 09:09:22.516 [HikariPool-1 housekeeper] WARN  [,] com.zaxxer.hikari.pool.HikariPool - HikariPool-1 - Thread starvation or clock leap detected (housekeeper delta=47s36ms504µs900ns).
2023-10-18 12:03:21.230 [HikariPool-1 housekeeper] WARN  [,] com.zaxxer.hikari.pool.HikariPool - HikariPool-1 - Thread starvation or clock leap detected (housekeeper delta=1m41s475ms348µs700ns).
2023-10-18 12:04:40.693 [restartedMain] WARN  [,] c.b.mybatisplus.core.injector.DefaultSqlInjector - class com.benewake.saleordersystem.entity.InquiryCode ,Not found @TableId annotation, Cannot use Mybatis-Plus 'xxById' Method.
2023-10-18 12:04:40.716 [restartedMain] WARN  [,] c.b.mybatisplus.core.injector.DefaultSqlInjector - interface java.util.Map ,Not found @TableId annotation, Cannot use Mybatis-Plus 'xxById' Method.
2023-10-18 12:04:43.066 [restartedMain] WARN  [,] c.b.mybatisplus.core.injector.DefaultSqlInjector - class com.benewake.saleordersystem.entity.Past.PastPredictionCompany ,Not found @TableId annotation, Cannot use Mybatis-Plus 'xxById' Method.
2023-10-18 12:05:04.435 [http-nio-8080-exec-2] WARN  [,] o.s.w.s.m.m.a.ExceptionHandlerExceptionResolver - Resolved [org.mybatis.spring.MyBatisSystemException: nested exception is org.apache.ibatis.binding.BindingException: Parameter 'qw7' not found. Available parameters are [param7, param5, param6, qw1, qw3, param3, qw2, param4, param1, qw5, param2, qw4, qw6, ew]]
2023-10-18 12:07:17.531 [HikariPool-1 housekeeper] WARN  [,] com.zaxxer.hikari.pool.HikariPool - HikariPool-1 - Thread starvation or clock leap detected (housekeeper delta=1m53s253ms193µs400ns).
2023-10-18 12:08:17.439 [HikariPool-1 housekeeper] WARN  [,] com.zaxxer.hikari.pool.HikariPool - HikariPool-1 - Thread starvation or clock leap detected (housekeeper delta=59s909ms11µs500ns).
2023-10-18 12:09:39.446 [HikariPool-1 housekeeper] WARN  [,] com.zaxxer.hikari.pool.HikariPool - HikariPool-1 - Thread starvation or clock leap detected (housekeeper delta=47s324ms826µs700ns).
2023-10-18 12:09:44.384 [http-nio-8080-exec-3] WARN  [,] o.s.w.s.m.m.a.ExceptionHandlerExceptionResolver - Resolved [org.mybatis.spring.MyBatisSystemException: nested exception is org.apache.ibatis.binding.BindingException: Parameter 'qw7' not found. Available parameters are [param7, param5, param6, qw1, qw3, param3, qw2, param4, param1, qw5, param2, qw4, qw6, ew]]
2023-10-18 12:14:10.383 [HikariPool-1 housekeeper] WARN  [,] com.zaxxer.hikari.pool.HikariPool - HikariPool-1 - Thread starvation or clock leap detected (housekeeper delta=1m52s171ms186µs700ns).
2023-10-18 12:14:10.405 [http-nio-8080-exec-6] WARN  [,] o.s.w.s.m.m.a.ExceptionHandlerExceptionResolver - Resolved [org.mybatis.spring.MyBatisSystemException: nested exception is org.apache.ibatis.binding.BindingException: Parameter 'qw7' not found. Available parameters are [param7, param5, param6, qw1, qw3, param3, qw2, param4, param1, qw5, param2, qw4, qw6, ew]]
2023-10-18 12:14:37.306 [restartedMain] WARN  [,] c.b.mybatisplus.core.injector.DefaultSqlInjector - class com.benewake.saleordersystem.entity.InquiryCode ,Not found @TableId annotation, Cannot use Mybatis-Plus 'xxById' Method.
2023-10-18 12:14:37.335 [restartedMain] WARN  [,] c.b.mybatisplus.core.injector.DefaultSqlInjector - interface java.util.Map ,Not found @TableId annotation, Cannot use Mybatis-Plus 'xxById' Method.
2023-10-18 12:14:39.658 [restartedMain] WARN  [,] c.b.mybatisplus.core.injector.DefaultSqlInjector - class com.benewake.saleordersystem.entity.Past.PastPredictionCompany ,Not found @TableId annotation, Cannot use Mybatis-Plus 'xxById' Method.
2023-10-18 12:15:30.586 [http-nio-8080-exec-2] WARN  [,] o.s.w.s.m.m.a.ExceptionHandlerExceptionResolver - Resolved [org.mybatis.spring.MyBatisSystemException: nested exception is org.apache.ibatis.binding.BindingException: Parameter 'qw7' not found. Available parameters are [param7, param5, param6, qw1, qw3, param3, qw2, param4, param1, qw5, param2, qw4, qw6, ew]]
2023-10-18 12:17:16.629 [HikariPool-1 housekeeper] WARN  [,] com.zaxxer.hikari.pool.HikariPool - HikariPool-1 - Thread starvation or clock leap detected (housekeeper delta=53s454ms719µs).
2023-10-18 12:17:16.840 [http-nio-8080-exec-3] WARN  [,] o.s.w.s.m.m.a.ExceptionHandlerExceptionResolver - Resolved [org.mybatis.spring.MyBatisSystemException: nested exception is org.apache.ibatis.binding.BindingException: Parameter 'qw7' not found. Available parameters are [param7, param5, param6, qw1, qw3, param3, qw2, param4, param1, qw5, param2, qw4, qw6, ew]]
2023-10-18 12:35:35.969 [http-nio-8080-exec-6] WARN  [,] o.s.w.s.m.m.a.ExceptionHandlerExceptionResolver - Resolved [org.mybatis.spring.MyBatisSystemException: nested exception is org.apache.ibatis.binding.BindingException: Parameter 'qw7' not found. Available parameters are [param7, param5, param6, qw1, qw3, param3, qw2, param4, param1, qw5, param2, qw4, qw6, ew]]
2023-10-18 12:35:48.617 [http-nio-8080-exec-7] WARN  [,] o.s.w.s.m.m.a.ExceptionHandlerExceptionResolver - Resolved [org.mybatis.spring.MyBatisSystemException: nested exception is org.apache.ibatis.binding.BindingException: Parameter 'qw7' not found. Available parameters are [param7, param5, param6, qw1, qw3, param3, qw2, param4, param1, qw5, param2, qw4, qw6, ew]]
2023-10-18 12:41:33.666 [HikariPool-1 housekeeper] WARN  [,] com.zaxxer.hikari.pool.HikariPool - HikariPool-1 - Thread starvation or clock leap detected (housekeeper delta=45s526ms289µs400ns).
2023-10-18 12:42:24.742 [HikariPool-1 housekeeper] WARN  [,] com.zaxxer.hikari.pool.HikariPool - HikariPool-1 - Thread starvation or clock leap detected (housekeeper delta=51s76ms14µs800ns).
2023-10-18 12:42:32.052 [http-nio-8080-exec-10] WARN  [,] o.s.w.s.m.m.a.ExceptionHandlerExceptionResolver - Resolved [org.mybatis.spring.MyBatisSystemException: nested exception is org.apache.ibatis.binding.BindingException: Parameter 'qw7' not found. Available parameters are [param7, param5, param6, qw1, qw3, param3, qw2, param4, param1, qw5, param2, qw4, qw6, ew]]
2023-10-18 12:48:58.400 [http-nio-8080-exec-3] WARN  [,] o.s.w.s.m.m.a.ExceptionHandlerExceptionResolver - Resolved [org.mybatis.spring.MyBatisSystemException: nested exception is org.apache.ibatis.binding.BindingException: Parameter 'qw7' not found. Available parameters are [param7, param5, param6, qw1, qw3, param3, qw2, param4, param1, qw5, param2, qw4, qw6, ew]]
2023-10-18 13:39:36.458 [restartedMain] WARN  [,] c.b.mybatisplus.core.injector.DefaultSqlInjector - class com.benewake.saleordersystem.entity.InquiryCode ,Not found @TableId annotation, Cannot use Mybatis-Plus 'xxById' Method.
2023-10-18 13:39:36.480 [restartedMain] WARN  [,] c.b.mybatisplus.core.injector.DefaultSqlInjector - interface java.util.Map ,Not found @TableId annotation, Cannot use Mybatis-Plus 'xxById' Method.
2023-10-18 13:39:38.818 [restartedMain] WARN  [,] c.b.mybatisplus.core.injector.DefaultSqlInjector - class com.benewake.saleordersystem.entity.Past.PastPredictionCompany ,Not found @TableId annotation, Cannot use Mybatis-Plus 'xxById' Method.
2023-10-18 14:01:25.840 [HikariPool-1 housekeeper] WARN  [,] com.zaxxer.hikari.pool.HikariPool - HikariPool-1 - Thread starvation or clock leap detected (housekeeper delta=1m35s562ms164µs900ns).
2023-10-18 14:02:43.572 [restartedMain] WARN  [,] c.b.mybatisplus.core.injector.DefaultSqlInjector - class com.benewake.saleordersystem.entity.InquiryCode ,Not found @TableId annotation, Cannot use Mybatis-Plus 'xxById' Method.
2023-10-18 14:02:43.779 [restartedMain] WARN  [,] c.b.mybatisplus.core.injector.DefaultSqlInjector - interface java.util.Map ,Not found @TableId annotation, Cannot use Mybatis-Plus 'xxById' Method.
2023-10-18 14:02:46.438 [restartedMain] WARN  [,] c.b.mybatisplus.core.injector.DefaultSqlInjector - class com.benewake.saleordersystem.entity.Past.PastPredictionCompany ,Not found @TableId annotation, Cannot use Mybatis-Plus 'xxById' Method.
2023-10-18 14:04:45.419 [restartedMain] WARN  [,] c.b.mybatisplus.core.injector.DefaultSqlInjector - class com.benewake.saleordersystem.entity.InquiryCode ,Not found @TableId annotation, Cannot use Mybatis-Plus 'xxById' Method.
2023-10-18 14:04:45.719 [restartedMain] WARN  [,] c.b.mybatisplus.core.injector.DefaultSqlInjector - interface java.util.Map ,Not found @TableId annotation, Cannot use Mybatis-Plus 'xxById' Method.
2023-10-18 14:04:50.131 [restartedMain] WARN  [,] c.b.mybatisplus.core.injector.DefaultSqlInjector - class com.benewake.saleordersystem.entity.Past.PastPredictionCompany ,Not found @TableId annotation, Cannot use Mybatis-Plus 'xxById' Method.
2023-10-18 14:08:27.583 [HikariPool-1 housekeeper] WARN  [,] com.zaxxer.hikari.pool.HikariPool - HikariPool-1 - Thread starvation or clock leap detected (housekeeper delta=3m15s919ms255µs700ns).
2023-10-18 14:10:59.010 [HikariPool-1 housekeeper] WARN  [,] com.zaxxer.hikari.pool.HikariPool - HikariPool-1 - Thread starvation or clock leap detected (housekeeper delta=2m1s420ms619µs100ns).
2023-10-18 14:14:33.835 [HikariPool-1 housekeeper] WARN  [,] com.zaxxer.hikari.pool.HikariPool - HikariPool-1 - Thread starvation or clock leap detected (housekeeper delta=1m54s982ms97µs400ns).
2023-10-18 14:16:44.741 [HikariPool-1 housekeeper] WARN  [,] com.zaxxer.hikari.pool.HikariPool - HikariPool-1 - Thread starvation or clock leap detected (housekeeper delta=52s185ms855µs700ns).
2023-10-18 14:22:11.300 [HikariPool-1 housekeeper] WARN  [,] com.zaxxer.hikari.pool.HikariPool - HikariPool-1 - Thread starvation or clock leap detected (housekeeper delta=4m55s798ms927µs600ns).
2023-10-18 14:22:11.910 [http-nio-8080-exec-1] WARN  [,] o.s.w.s.m.m.a.ExceptionHandlerExceptionResolver - Failure in @ExceptionHandler com.benewake.saleordersystem.controller.advice.ExceptionAdvice#handleException(Exception, HttpServletRequest, HttpServletResponse)
org.apache.catalina.connector.ClientAbortException: java.io.IOException: 你的主机中的软件中止了一个已建立的连接。
	at org.apache.catalina.connector.OutputBuffer.doFlush(OutputBuffer.java:309)
	at org.apache.catalina.connector.OutputBuffer.flush(OutputBuffer.java:272)
	at org.apache.catalina.connector.CoyoteOutputStream.flush(CoyoteOutputStream.java:118)
	at java.io.FilterOutputStream.flush(FilterOutputStream.java:140)
	at com.fasterxml.jackson.core.json.UTF8JsonGenerator.flush(UTF8JsonGenerator.java:1176)
	at com.fasterxml.jackson.databind.ObjectWriter.writeValue(ObjectWriter.java:1008)
	at org.springframework.http.converter.json.AbstractJackson2HttpMessageConverter.writeInternal(AbstractJackson2HttpMessageConverter.java:346)
	at org.springframework.http.converter.AbstractGenericHttpMessageConverter.write(AbstractGenericHttpMessageConverter.java:104)
	at org.springframework.web.servlet.mvc.method.annotation.AbstractMessageConverterMethodProcessor.writeWithMessageConverters(AbstractMessageConverterMethodProcessor.java:277)
	at org.springframework.web.servlet.mvc.method.annotation.RequestResponseBodyMethodProcessor.handleReturnValue(RequestResponseBodyMethodProcessor.java:181)
	at org.springframework.web.method.support.HandlerMethodReturnValueHandlerComposite.handleReturnValue(HandlerMethodReturnValueHandlerComposite.java:82)
	at org.springframework.web.servlet.mvc.method.annotation.ServletInvocableHandlerMethod.invokeAndHandle(ServletInvocableHandlerMethod.java:123)
	at org.springframework.web.servlet.mvc.method.annotation.ExceptionHandlerExceptionResolver.doResolveHandlerMethodException(ExceptionHandlerExceptionResolver.java:403)
	at org.springframework.web.servlet.handler.AbstractHandlerMethodExceptionResolver.doResolveException(AbstractHandlerMethodExceptionResolver.java:61)
	at org.springframework.web.servlet.handler.AbstractHandlerExceptionResolver.resolveException(AbstractHandlerExceptionResolver.java:141)
	at org.springframework.web.servlet.handler.HandlerExceptionResolverComposite.resolveException(HandlerExceptionResolverComposite.java:80)
	at org.springframework.web.servlet.DispatcherServlet.processHandlerException(DispatcherServlet.java:1300)
	at org.springframework.web.servlet.DispatcherServlet.processDispatchResult(DispatcherServlet.java:1111)
	at org.springframework.web.servlet.DispatcherServlet.doDispatch(DispatcherServlet.java:1057)
	at org.springframework.web.servlet.DispatcherServlet.doService(DispatcherServlet.java:943)
	at org.springframework.web.servlet.FrameworkServlet.processRequest(FrameworkServlet.java:1006)
	at org.springframework.web.servlet.FrameworkServlet.doGet(FrameworkServlet.java:898)
	at javax.servlet.http.HttpServlet.service(HttpServlet.java:626)
	at org.springframework.web.servlet.FrameworkServlet.service(FrameworkServlet.java:883)
	at javax.servlet.http.HttpServlet.service(HttpServlet.java:733)
	at org.apache.catalina.core.ApplicationFilterChain.internalDoFilter(ApplicationFilterChain.java:231)
	at org.apache.catalina.core.ApplicationFilterChain.doFilter(ApplicationFilterChain.java:166)
	at org.apache.tomcat.websocket.server.WsFilter.doFilter(WsFilter.java:53)
	at org.apache.catalina.core.ApplicationFilterChain.internalDoFilter(ApplicationFilterChain.java:193)
	at org.apache.catalina.core.ApplicationFilterChain.doFilter(ApplicationFilterChain.java:166)
	at org.springframework.web.filter.CorsFilter.doFilterInternal(CorsFilter.java:92)
	at org.springframework.web.filter.OncePerRequestFilter.doFilter(OncePerRequestFilter.java:119)
	at org.apache.catalina.core.ApplicationFilterChain.internalDoFilter(ApplicationFilterChain.java:193)
	at org.apache.catalina.core.ApplicationFilterChain.doFilter(ApplicationFilterChain.java:166)
	at org.springframework.web.filter.RequestContextFilter.doFilterInternal(RequestContextFilter.java:100)
	at org.springframework.web.filter.OncePerRequestFilter.doFilter(OncePerRequestFilter.java:119)
	at org.apache.catalina.core.ApplicationFilterChain.internalDoFilter(ApplicationFilterChain.java:193)
	at org.apache.catalina.core.ApplicationFilterChain.doFilter(ApplicationFilterChain.java:166)
	at org.springframework.web.filter.FormContentFilter.doFilterInternal(FormContentFilter.java:93)
	at org.springframework.web.filter.OncePerRequestFilter.doFilter(OncePerRequestFilter.java:119)
	at org.apache.catalina.core.ApplicationFilterChain.internalDoFilter(ApplicationFilterChain.java:193)
	at org.apache.catalina.core.ApplicationFilterChain.doFilter(ApplicationFilterChain.java:166)
	at org.springframework.web.filter.CharacterEncodingFilter.doFilterInternal(CharacterEncodingFilter.java:201)
	at org.springframework.web.filter.OncePerRequestFilter.doFilter(OncePerRequestFilter.java:119)
	at org.apache.catalina.core.ApplicationFilterChain.internalDoFilter(ApplicationFilterChain.java:193)
	at org.apache.catalina.core.ApplicationFilterChain.doFilter(ApplicationFilterChain.java:166)
	at org.apache.catalina.core.StandardWrapperValve.invoke(StandardWrapperValve.java:202)
	at org.apache.catalina.core.StandardContextValve.invoke(StandardContextValve.java:97)
	at org.apache.catalina.authenticator.AuthenticatorBase.invoke(AuthenticatorBase.java:542)
	at org.apache.catalina.core.StandardHostValve.invoke(StandardHostValve.java:143)
	at org.apache.catalina.valves.ErrorReportValve.invoke(ErrorReportValve.java:92)
	at org.apache.catalina.core.StandardEngineValve.invoke(StandardEngineValve.java:78)
	at org.apache.catalina.connector.CoyoteAdapter.service(CoyoteAdapter.java:343)
	at org.apache.coyote.http11.Http11Processor.service(Http11Processor.java:374)
	at org.apache.coyote.AbstractProcessorLight.process(AbstractProcessorLight.java:65)
	at org.apache.coyote.AbstractProtocol$ConnectionHandler.process(AbstractProtocol.java:888)
	at org.apache.tomcat.util.net.NioEndpoint$SocketProcessor.doRun(NioEndpoint.java:1597)
	at org.apache.tomcat.util.net.SocketProcessorBase.run(SocketProcessorBase.java:49)
	at java.util.concurrent.ThreadPoolExecutor.runWorker(ThreadPoolExecutor.java:1149)
	at java.util.concurrent.ThreadPoolExecutor$Worker.run(ThreadPoolExecutor.java:624)
	at org.apache.tomcat.util.threads.TaskThread$WrappingRunnable.run(TaskThread.java:61)
	at java.lang.Thread.run(Thread.java:750)
Caused by: java.io.IOException: 你的主机中的软件中止了一个已建立的连接。
	at sun.nio.ch.SocketDispatcher.write0(Native Method)
	at sun.nio.ch.SocketDispatcher.write(SocketDispatcher.java:51)
	at sun.nio.ch.IOUtil.writeFromNativeBuffer(IOUtil.java:93)
	at sun.nio.ch.IOUtil.write(IOUtil.java:65)
	at sun.nio.ch.SocketChannelImpl.write(SocketChannelImpl.java:470)
	at org.apache.tomcat.util.net.NioChannel.write(NioChannel.java:138)
	at org.apache.tomcat.util.net.NioBlockingSelector.write(NioBlockingSelector.java:101)
	at org.apache.tomcat.util.net.NioSelectorPool.write(NioSelectorPool.java:152)
	at org.apache.tomcat.util.net.NioEndpoint$NioSocketWrapper.doWrite(NioEndpoint.java:1253)
	at org.apache.tomcat.util.net.SocketWrapperBase.doWrite(SocketWrapperBase.java:764)
	at org.apache.tomcat.util.net.SocketWrapperBase.flushBlocking(SocketWrapperBase.java:717)
	at org.apache.tomcat.util.net.SocketWrapperBase.flush(SocketWrapperBase.java:707)
	at org.apache.coyote.http11.Http11OutputBuffer$SocketOutputBuffer.flush(Http11OutputBuffer.java:572)
	at org.apache.coyote.http11.filters.ChunkedOutputFilter.flush(ChunkedOutputFilter.java:157)
	at org.apache.coyote.http11.Http11OutputBuffer.flush(Http11OutputBuffer.java:220)
	at org.apache.coyote.http11.Http11Processor.flush(Http11Processor.java:1195)
	at org.apache.coyote.AbstractProcessor.action(AbstractProcessor.java:402)
	at org.apache.coyote.Response.action(Response.java:209)
	at org.apache.catalina.connector.OutputBuffer.doFlush(OutputBuffer.java:305)
	... 61 common frames omitted
2023-10-18 14:24:49.202 [HikariPool-1 housekeeper] WARN  [,] com.zaxxer.hikari.pool.HikariPool - HikariPool-1 - Thread starvation or clock leap detected (housekeeper delta=2m37s903ms83µs).
2023-10-18 14:26:24.794 [HikariPool-1 housekeeper] WARN  [,] com.zaxxer.hikari.pool.HikariPool - HikariPool-1 - Thread starvation or clock leap detected (housekeeper delta=1m4s709ms134µs900ns).
2023-10-18 14:28:25.940 [HikariPool-1 housekeeper] WARN  [,] com.zaxxer.hikari.pool.HikariPool - HikariPool-1 - Thread starvation or clock leap detected (housekeeper delta=2m1s146ms146µs200ns).
2023-10-18 14:28:47.875 [restartedMain] WARN  [,] c.b.mybatisplus.core.injector.DefaultSqlInjector - class com.benewake.saleordersystem.entity.InquiryCode ,Not found @TableId annotation, Cannot use Mybatis-Plus 'xxById' Method.
2023-10-18 14:28:47.910 [restartedMain] WARN  [,] c.b.mybatisplus.core.injector.DefaultSqlInjector - interface java.util.Map ,Not found @TableId annotation, Cannot use Mybatis-Plus 'xxById' Method.
2023-10-18 14:28:50.529 [restartedMain] WARN  [,] c.b.mybatisplus.core.injector.DefaultSqlInjector - class com.benewake.saleordersystem.entity.Past.PastPredictionCompany ,Not found @TableId annotation, Cannot use Mybatis-Plus 'xxById' Method.
2023-10-18 14:31:17.560 [HikariPool-1 housekeeper] WARN  [,] com.zaxxer.hikari.pool.HikariPool - HikariPool-1 - Thread starvation or clock leap detected (housekeeper delta=2m16s581ms996µs600ns).
2023-10-18 14:35:06.316 [HikariPool-1 housekeeper] WARN  [,] com.zaxxer.hikari.pool.HikariPool - HikariPool-1 - Thread starvation or clock leap detected (housekeeper delta=3m48s756ms952µs300ns).
2023-10-18 14:40:49.968 [HikariPool-1 housekeeper] WARN  [,] com.zaxxer.hikari.pool.HikariPool - HikariPool-1 - Thread starvation or clock leap detected (housekeeper delta=5m43s652ms47µs).
2023-10-18 14:49:29.378 [HikariPool-1 housekeeper] WARN  [,] com.zaxxer.hikari.pool.HikariPool - HikariPool-1 - Thread starvation or clock leap detected (housekeeper delta=8m39s410ms557µs).
2023-10-18 14:51:39.208 [HikariPool-1 housekeeper] WARN  [,] com.zaxxer.hikari.pool.HikariPool - HikariPool-1 - Thread starvation or clock leap detected (housekeeper delta=2m9s829ms68µs300ns).
2023-10-18 15:01:52.739 [HikariPool-1 housekeeper] WARN  [,] com.zaxxer.hikari.pool.HikariPool - HikariPool-1 - Thread starvation or clock leap detected (housekeeper delta=8m42s732ms380µs300ns).
2023-10-18 15:05:05.691 [HikariPool-1 housekeeper] WARN  [,] com.zaxxer.hikari.pool.HikariPool - HikariPool-1 - Thread starvation or clock leap detected (housekeeper delta=3m12s953ms663µs300ns).
2023-10-18 15:06:08.694 [HikariPool-1 housekeeper] WARN  [,] com.zaxxer.hikari.pool.HikariPool - HikariPool-1 - Thread starvation or clock leap detected (housekeeper delta=1m3s2ms979µs900ns).
2023-10-18 15:09:38.559 [HikariPool-1 housekeeper] WARN  [,] com.zaxxer.hikari.pool.HikariPool - HikariPool-1 - Thread starvation or clock leap detected (housekeeper delta=3m29s864ms471µs600ns).
2023-10-18 15:16:32.653 [HikariPool-1 housekeeper] WARN  [,] com.zaxxer.hikari.pool.HikariPool - HikariPool-1 - Thread starvation or clock leap detected (housekeeper delta=6m54s94ms490µs500ns).
2023-10-18 15:18:14.465 [HikariPool-1 housekeeper] WARN  [,] com.zaxxer.hikari.pool.HikariPool - HikariPool-1 - Thread starvation or clock leap detected (housekeeper delta=57s357ms259µs500ns).
2023-10-18 15:20:30.077 [HikariPool-1 housekeeper] WARN  [,] com.zaxxer.hikari.pool.HikariPool - HikariPool-1 - Thread starvation or clock leap detected (housekeeper delta=1m45s6ms122µs700ns).
2023-10-18 15:22:45.785 [HikariPool-1 housekeeper] WARN  [,] com.zaxxer.hikari.pool.HikariPool - HikariPool-1 - Thread starvation or clock leap detected (housekeeper delta=1m7s167ms748µs600ns).
2023-10-18 15:24:05.297 [HikariPool-1 housekeeper] WARN  [,] com.zaxxer.hikari.pool.HikariPool - HikariPool-1 - Thread starvation or clock leap detected (housekeeper delta=1m19s511ms826µs800ns).
2023-10-18 15:25:04.573 [HikariPool-1 housekeeper] WARN  [,] com.zaxxer.hikari.pool.HikariPool - HikariPool-1 - Thread starvation or clock leap detected (housekeeper delta=59s276ms16µs100ns).
2023-10-18 15:26:58.621 [HikariPool-1 housekeeper] WARN  [,] com.zaxxer.hikari.pool.HikariPool - HikariPool-1 - Thread starvation or clock leap detected (housekeeper delta=1m12s987ms881µs800ns).
2023-10-18 15:30:27.912 [HikariPool-1 housekeeper] WARN  [,] com.zaxxer.hikari.pool.HikariPool - HikariPool-1 - Thread starvation or clock leap detected (housekeeper delta=1m23s104ms68µs800ns).
2023-10-18 18:03:49.217 [HikariPool-1 housekeeper] WARN  [,] com.zaxxer.hikari.pool.HikariPool - HikariPool-1 - Thread starvation or clock leap detected (housekeeper delta=1m32s979ms215µs).
2023-10-18 18:44:10.425 [HikariPool-1 housekeeper] WARN  [,] com.zaxxer.hikari.pool.HikariPool - HikariPool-1 - Thread starvation or clock leap detected (housekeeper delta=30m21s41ms373µs500ns).
2023-10-18 19:38:17.733 [restartedMain] WARN  [,] c.b.mybatisplus.core.injector.DefaultSqlInjector - class com.benewake.saleordersystem.entity.InquiryCode ,Not found @TableId annotation, Cannot use Mybatis-Plus 'xxById' Method.
2023-10-18 19:38:17.756 [restartedMain] WARN  [,] c.b.mybatisplus.core.injector.DefaultSqlInjector - interface java.util.Map ,Not found @TableId annotation, Cannot use Mybatis-Plus 'xxById' Method.
2023-10-18 19:38:21.813 [restartedMain] WARN  [,] c.b.mybatisplus.core.injector.DefaultSqlInjector - class com.benewake.saleordersystem.entity.Past.PastPredictionCompany ,Not found @TableId annotation, Cannot use Mybatis-Plus 'xxById' Method.
