2023-09-18 09:15:08.429 [restartedMain] WARN  [,] o.s.b.w.s.c.AnnotationConfigServletWebServerApplicationContext - Exception encountered during context initialization - cancelling refresh attempt: org.springframework.beans.factory.BeanDefinitionStoreException: Failed to parse configuration class [com.benewake.saleordersystem.SaleOrderSystemApplication]; nested exception is java.io.FileNotFoundException: class path resource [com/benewake/saleordersystem/controller/SaleOrderController.class] cannot be opened because it does not exist
2023-09-18 09:15:45.066 [restartedMain] WARN  [,] c.b.mybatisplus.core.injector.DefaultSqlInjector - class com.benewake.saleordersystem.entity.InquiryCode ,Not found @TableId annotation, Cannot use Mybatis-Plus 'xxById' Method.
2023-09-18 09:15:45.086 [restartedMain] WARN  [,] c.b.mybatisplus.core.injector.DefaultSqlInjector - interface java.util.Map ,Not found @TableId annotation, Cannot use Mybatis-Plus 'xxById' Method.
2023-09-18 09:15:46.860 [restartedMain] WARN  [,] c.b.mybatisplus.core.injector.DefaultSqlInjector - class com.benewake.saleordersystem.entity.Past.PastPredictionCompany ,Not found @TableId annotation, Cannot use Mybatis-Plus 'xxById' Method.
2023-09-18 09:18:13.022 [restartedMain] WARN  [,] c.b.mybatisplus.core.injector.DefaultSqlInjector - class com.benewake.saleordersystem.entity.InquiryCode ,Not found @TableId annotation, Cannot use Mybatis-Plus 'xxById' Method.
2023-09-18 09:18:13.046 [restartedMain] WARN  [,] c.b.mybatisplus.core.injector.DefaultSqlInjector - interface java.util.Map ,Not found @TableId annotation, Cannot use Mybatis-Plus 'xxById' Method.
2023-09-18 09:18:14.827 [restartedMain] WARN  [,] c.b.mybatisplus.core.injector.DefaultSqlInjector - class com.benewake.saleordersystem.entity.Past.PastPredictionCompany ,Not found @TableId annotation, Cannot use Mybatis-Plus 'xxById' Method.
2023-09-18 09:25:26.789 [HikariPool-1 housekeeper] WARN  [,] com.zaxxer.hikari.pool.HikariPool - HikariPool-1 - Thread starvation or clock leap detected (housekeeper delta=3m3s231ms169µs300ns).
2023-09-18 09:26:17.060 [restartedMain] WARN  [,] c.b.mybatisplus.core.injector.DefaultSqlInjector - class com.benewake.saleordersystem.entity.InquiryCode ,Not found @TableId annotation, Cannot use Mybatis-Plus 'xxById' Method.
2023-09-18 09:26:17.082 [restartedMain] WARN  [,] c.b.mybatisplus.core.injector.DefaultSqlInjector - interface java.util.Map ,Not found @TableId annotation, Cannot use Mybatis-Plus 'xxById' Method.
2023-09-18 09:26:18.555 [restartedMain] WARN  [,] c.b.mybatisplus.core.injector.DefaultSqlInjector - class com.benewake.saleordersystem.entity.Past.PastPredictionCompany ,Not found @TableId annotation, Cannot use Mybatis-Plus 'xxById' Method.
2023-09-18 09:28:34.260 [restartedMain] WARN  [,] c.b.mybatisplus.core.injector.DefaultSqlInjector - class com.benewake.saleordersystem.entity.InquiryCode ,Not found @TableId annotation, Cannot use Mybatis-Plus 'xxById' Method.
2023-09-18 09:28:34.281 [restartedMain] WARN  [,] c.b.mybatisplus.core.injector.DefaultSqlInjector - interface java.util.Map ,Not found @TableId annotation, Cannot use Mybatis-Plus 'xxById' Method.
2023-09-18 09:28:35.688 [restartedMain] WARN  [,] c.b.mybatisplus.core.injector.DefaultSqlInjector - class com.benewake.saleordersystem.entity.Past.PastPredictionCompany ,Not found @TableId annotation, Cannot use Mybatis-Plus 'xxById' Method.
2023-09-18 09:29:40.081 [restartedMain] WARN  [,] c.b.mybatisplus.core.injector.DefaultSqlInjector - class com.benewake.saleordersystem.entity.InquiryCode ,Not found @TableId annotation, Cannot use Mybatis-Plus 'xxById' Method.
2023-09-18 09:29:40.104 [restartedMain] WARN  [,] c.b.mybatisplus.core.injector.DefaultSqlInjector - interface java.util.Map ,Not found @TableId annotation, Cannot use Mybatis-Plus 'xxById' Method.
2023-09-18 09:29:41.564 [restartedMain] WARN  [,] c.b.mybatisplus.core.injector.DefaultSqlInjector - class com.benewake.saleordersystem.entity.Past.PastPredictionCompany ,Not found @TableId annotation, Cannot use Mybatis-Plus 'xxById' Method.
2023-09-18 09:44:38.566 [HikariPool-1 housekeeper] WARN  [,] com.zaxxer.hikari.pool.HikariPool - HikariPool-1 - Thread starvation or clock leap detected (housekeeper delta=1m2s467ms791µs300ns).
2023-09-18 09:50:07.981 [restartedMain] WARN  [,] c.b.mybatisplus.core.injector.DefaultSqlInjector - class com.benewake.saleordersystem.entity.InquiryCode ,Not found @TableId annotation, Cannot use Mybatis-Plus 'xxById' Method.
2023-09-18 09:50:08.006 [restartedMain] WARN  [,] c.b.mybatisplus.core.injector.DefaultSqlInjector - interface java.util.Map ,Not found @TableId annotation, Cannot use Mybatis-Plus 'xxById' Method.
2023-09-18 09:50:09.758 [restartedMain] WARN  [,] c.b.mybatisplus.core.injector.DefaultSqlInjector - class com.benewake.saleordersystem.entity.Past.PastPredictionCompany ,Not found @TableId annotation, Cannot use Mybatis-Plus 'xxById' Method.
2023-09-18 09:59:15.990 [HikariPool-1 housekeeper] WARN  [,] com.zaxxer.hikari.pool.HikariPool - HikariPool-1 - Thread starvation or clock leap detected (housekeeper delta=3m52s143ms95µs500ns).
2023-09-18 10:05:53.485 [restartedMain] WARN  [,] c.b.mybatisplus.core.injector.DefaultSqlInjector - class com.benewake.saleordersystem.entity.InquiryCode ,Not found @TableId annotation, Cannot use Mybatis-Plus 'xxById' Method.
2023-09-18 10:05:53.508 [restartedMain] WARN  [,] c.b.mybatisplus.core.injector.DefaultSqlInjector - interface java.util.Map ,Not found @TableId annotation, Cannot use Mybatis-Plus 'xxById' Method.
2023-09-18 10:05:55.319 [restartedMain] WARN  [,] c.b.mybatisplus.core.injector.DefaultSqlInjector - class com.benewake.saleordersystem.entity.Past.PastPredictionCompany ,Not found @TableId annotation, Cannot use Mybatis-Plus 'xxById' Method.
2023-09-18 10:08:17.400 [restartedMain] WARN  [,] c.b.mybatisplus.core.injector.DefaultSqlInjector - class com.benewake.saleordersystem.entity.InquiryCode ,Not found @TableId annotation, Cannot use Mybatis-Plus 'xxById' Method.
2023-09-18 10:08:17.421 [restartedMain] WARN  [,] c.b.mybatisplus.core.injector.DefaultSqlInjector - interface java.util.Map ,Not found @TableId annotation, Cannot use Mybatis-Plus 'xxById' Method.
2023-09-18 10:08:18.891 [restartedMain] WARN  [,] c.b.mybatisplus.core.injector.DefaultSqlInjector - class com.benewake.saleordersystem.entity.Past.PastPredictionCompany ,Not found @TableId annotation, Cannot use Mybatis-Plus 'xxById' Method.
2023-09-18 10:10:06.136 [restartedMain] WARN  [,] c.b.mybatisplus.core.injector.DefaultSqlInjector - class com.benewake.saleordersystem.entity.InquiryCode ,Not found @TableId annotation, Cannot use Mybatis-Plus 'xxById' Method.
2023-09-18 10:10:06.166 [restartedMain] WARN  [,] c.b.mybatisplus.core.injector.DefaultSqlInjector - interface java.util.Map ,Not found @TableId annotation, Cannot use Mybatis-Plus 'xxById' Method.
2023-09-18 10:10:07.952 [restartedMain] WARN  [,] c.b.mybatisplus.core.injector.DefaultSqlInjector - class com.benewake.saleordersystem.entity.Past.PastPredictionCompany ,Not found @TableId annotation, Cannot use Mybatis-Plus 'xxById' Method.
2023-09-18 10:11:05.654 [restartedMain] WARN  [,] c.b.mybatisplus.core.injector.DefaultSqlInjector - class com.benewake.saleordersystem.entity.InquiryCode ,Not found @TableId annotation, Cannot use Mybatis-Plus 'xxById' Method.
2023-09-18 10:11:05.677 [restartedMain] WARN  [,] c.b.mybatisplus.core.injector.DefaultSqlInjector - interface java.util.Map ,Not found @TableId annotation, Cannot use Mybatis-Plus 'xxById' Method.
2023-09-18 10:11:07.102 [restartedMain] WARN  [,] c.b.mybatisplus.core.injector.DefaultSqlInjector - class com.benewake.saleordersystem.entity.Past.PastPredictionCompany ,Not found @TableId annotation, Cannot use Mybatis-Plus 'xxById' Method.
2023-09-18 10:15:28.933 [HikariPool-1 housekeeper] WARN  [,] com.zaxxer.hikari.pool.HikariPool - HikariPool-1 - Thread starvation or clock leap detected (housekeeper delta=1m3s742ms170µs600ns).
2023-09-18 10:15:50.039 [restartedMain] WARN  [,] c.b.mybatisplus.core.injector.DefaultSqlInjector - class com.benewake.saleordersystem.entity.InquiryCode ,Not found @TableId annotation, Cannot use Mybatis-Plus 'xxById' Method.
2023-09-18 10:15:50.075 [restartedMain] WARN  [,] c.b.mybatisplus.core.injector.DefaultSqlInjector - interface java.util.Map ,Not found @TableId annotation, Cannot use Mybatis-Plus 'xxById' Method.
2023-09-18 10:15:52.094 [restartedMain] WARN  [,] c.b.mybatisplus.core.injector.DefaultSqlInjector - class com.benewake.saleordersystem.entity.Past.PastPredictionCompany ,Not found @TableId annotation, Cannot use Mybatis-Plus 'xxById' Method.
2023-09-18 10:18:02.400 [restartedMain] WARN  [,] c.b.mybatisplus.core.injector.DefaultSqlInjector - class com.benewake.saleordersystem.entity.InquiryCode ,Not found @TableId annotation, Cannot use Mybatis-Plus 'xxById' Method.
2023-09-18 10:18:02.428 [restartedMain] WARN  [,] c.b.mybatisplus.core.injector.DefaultSqlInjector - interface java.util.Map ,Not found @TableId annotation, Cannot use Mybatis-Plus 'xxById' Method.
2023-09-18 10:18:04.201 [restartedMain] WARN  [,] c.b.mybatisplus.core.injector.DefaultSqlInjector - class com.benewake.saleordersystem.entity.Past.PastPredictionCompany ,Not found @TableId annotation, Cannot use Mybatis-Plus 'xxById' Method.
2023-09-18 10:53:30.700 [restartedMain] WARN  [,] c.b.mybatisplus.core.injector.DefaultSqlInjector - class com.benewake.saleordersystem.entity.InquiryCode ,Not found @TableId annotation, Cannot use Mybatis-Plus 'xxById' Method.
2023-09-18 10:53:30.721 [restartedMain] WARN  [,] c.b.mybatisplus.core.injector.DefaultSqlInjector - interface java.util.Map ,Not found @TableId annotation, Cannot use Mybatis-Plus 'xxById' Method.
2023-09-18 10:53:32.157 [restartedMain] WARN  [,] c.b.mybatisplus.core.injector.DefaultSqlInjector - class com.benewake.saleordersystem.entity.Past.PastPredictionCompany ,Not found @TableId annotation, Cannot use Mybatis-Plus 'xxById' Method.
2023-09-18 10:55:31.993 [restartedMain] WARN  [,] c.b.mybatisplus.core.injector.DefaultSqlInjector - class com.benewake.saleordersystem.entity.InquiryCode ,Not found @TableId annotation, Cannot use Mybatis-Plus 'xxById' Method.
2023-09-18 10:55:32.017 [restartedMain] WARN  [,] c.b.mybatisplus.core.injector.DefaultSqlInjector - interface java.util.Map ,Not found @TableId annotation, Cannot use Mybatis-Plus 'xxById' Method.
2023-09-18 10:55:33.511 [restartedMain] WARN  [,] c.b.mybatisplus.core.injector.DefaultSqlInjector - class com.benewake.saleordersystem.entity.Past.PastPredictionCompany ,Not found @TableId annotation, Cannot use Mybatis-Plus 'xxById' Method.
2023-09-18 10:56:19.133 [restartedMain] WARN  [,] c.b.mybatisplus.core.injector.DefaultSqlInjector - class com.benewake.saleordersystem.entity.InquiryCode ,Not found @TableId annotation, Cannot use Mybatis-Plus 'xxById' Method.
2023-09-18 10:56:19.151 [restartedMain] WARN  [,] c.b.mybatisplus.core.injector.DefaultSqlInjector - interface java.util.Map ,Not found @TableId annotation, Cannot use Mybatis-Plus 'xxById' Method.
2023-09-18 10:56:20.719 [restartedMain] WARN  [,] c.b.mybatisplus.core.injector.DefaultSqlInjector - class com.benewake.saleordersystem.entity.Past.PastPredictionCompany ,Not found @TableId annotation, Cannot use Mybatis-Plus 'xxById' Method.
2023-09-18 11:21:57.313 [restartedMain] WARN  [,] c.b.mybatisplus.core.injector.DefaultSqlInjector - class com.benewake.saleordersystem.entity.InquiryCode ,Not found @TableId annotation, Cannot use Mybatis-Plus 'xxById' Method.
2023-09-18 11:21:57.334 [restartedMain] WARN  [,] c.b.mybatisplus.core.injector.DefaultSqlInjector - interface java.util.Map ,Not found @TableId annotation, Cannot use Mybatis-Plus 'xxById' Method.
2023-09-18 11:21:58.671 [restartedMain] WARN  [,] c.b.mybatisplus.core.injector.DefaultSqlInjector - class com.benewake.saleordersystem.entity.Past.PastPredictionCompany ,Not found @TableId annotation, Cannot use Mybatis-Plus 'xxById' Method.
2023-09-18 11:23:01.754 [restartedMain] WARN  [,] c.b.mybatisplus.core.injector.DefaultSqlInjector - class com.benewake.saleordersystem.entity.InquiryCode ,Not found @TableId annotation, Cannot use Mybatis-Plus 'xxById' Method.
2023-09-18 11:23:01.772 [restartedMain] WARN  [,] c.b.mybatisplus.core.injector.DefaultSqlInjector - interface java.util.Map ,Not found @TableId annotation, Cannot use Mybatis-Plus 'xxById' Method.
2023-09-18 11:23:03.005 [restartedMain] WARN  [,] c.b.mybatisplus.core.injector.DefaultSqlInjector - class com.benewake.saleordersystem.entity.Past.PastPredictionCompany ,Not found @TableId annotation, Cannot use Mybatis-Plus 'xxById' Method.
2023-09-18 11:28:15.002 [restartedMain] WARN  [,] c.b.mybatisplus.core.injector.DefaultSqlInjector - class com.benewake.saleordersystem.entity.InquiryCode ,Not found @TableId annotation, Cannot use Mybatis-Plus 'xxById' Method.
2023-09-18 11:28:15.034 [restartedMain] WARN  [,] c.b.mybatisplus.core.injector.DefaultSqlInjector - interface java.util.Map ,Not found @TableId annotation, Cannot use Mybatis-Plus 'xxById' Method.
2023-09-18 11:28:16.674 [restartedMain] WARN  [,] c.b.mybatisplus.core.injector.DefaultSqlInjector - class com.benewake.saleordersystem.entity.Past.PastPredictionCompany ,Not found @TableId annotation, Cannot use Mybatis-Plus 'xxById' Method.
2023-09-18 11:43:34.815 [restartedMain] WARN  [,] c.b.mybatisplus.core.injector.DefaultSqlInjector - class com.benewake.saleordersystem.entity.InquiryCode ,Not found @TableId annotation, Cannot use Mybatis-Plus 'xxById' Method.
2023-09-18 11:43:34.847 [restartedMain] WARN  [,] c.b.mybatisplus.core.injector.DefaultSqlInjector - interface java.util.Map ,Not found @TableId annotation, Cannot use Mybatis-Plus 'xxById' Method.
2023-09-18 11:43:36.218 [restartedMain] WARN  [,] c.b.mybatisplus.core.injector.DefaultSqlInjector - class com.benewake.saleordersystem.entity.Past.PastPredictionCompany ,Not found @TableId annotation, Cannot use Mybatis-Plus 'xxById' Method.
2023-09-18 11:46:01.983 [restartedMain] WARN  [,] c.b.mybatisplus.core.injector.DefaultSqlInjector - class com.benewake.saleordersystem.entity.InquiryCode ,Not found @TableId annotation, Cannot use Mybatis-Plus 'xxById' Method.
2023-09-18 11:46:02.056 [restartedMain] WARN  [,] c.b.mybatisplus.core.injector.DefaultSqlInjector - interface java.util.Map ,Not found @TableId annotation, Cannot use Mybatis-Plus 'xxById' Method.
2023-09-18 11:46:05.488 [restartedMain] WARN  [,] c.b.mybatisplus.core.injector.DefaultSqlInjector - class com.benewake.saleordersystem.entity.Past.PastPredictionCompany ,Not found @TableId annotation, Cannot use Mybatis-Plus 'xxById' Method.
2023-09-18 14:24:51.129 [restartedMain] WARN  [,] c.b.mybatisplus.core.injector.DefaultSqlInjector - class com.benewake.saleordersystem.entity.InquiryCode ,Not found @TableId annotation, Cannot use Mybatis-Plus 'xxById' Method.
2023-09-18 14:24:51.153 [restartedMain] WARN  [,] c.b.mybatisplus.core.injector.DefaultSqlInjector - interface java.util.Map ,Not found @TableId annotation, Cannot use Mybatis-Plus 'xxById' Method.
2023-09-18 14:24:52.531 [restartedMain] WARN  [,] c.b.mybatisplus.core.injector.DefaultSqlInjector - class com.benewake.saleordersystem.entity.Past.PastPredictionCompany ,Not found @TableId annotation, Cannot use Mybatis-Plus 'xxById' Method.
2023-09-18 14:27:12.221 [restartedMain] WARN  [,] c.b.mybatisplus.core.injector.DefaultSqlInjector - class com.benewake.saleordersystem.entity.InquiryCode ,Not found @TableId annotation, Cannot use Mybatis-Plus 'xxById' Method.
2023-09-18 14:27:12.244 [restartedMain] WARN  [,] c.b.mybatisplus.core.injector.DefaultSqlInjector - interface java.util.Map ,Not found @TableId annotation, Cannot use Mybatis-Plus 'xxById' Method.
2023-09-18 14:27:13.770 [restartedMain] WARN  [,] c.b.mybatisplus.core.injector.DefaultSqlInjector - class com.benewake.saleordersystem.entity.Past.PastPredictionCompany ,Not found @TableId annotation, Cannot use Mybatis-Plus 'xxById' Method.
2023-09-18 14:27:57.281 [restartedMain] WARN  [,] c.b.mybatisplus.core.injector.DefaultSqlInjector - class com.benewake.saleordersystem.entity.InquiryCode ,Not found @TableId annotation, Cannot use Mybatis-Plus 'xxById' Method.
2023-09-18 14:27:57.310 [restartedMain] WARN  [,] c.b.mybatisplus.core.injector.DefaultSqlInjector - interface java.util.Map ,Not found @TableId annotation, Cannot use Mybatis-Plus 'xxById' Method.
2023-09-18 14:27:58.710 [restartedMain] WARN  [,] c.b.mybatisplus.core.injector.DefaultSqlInjector - class com.benewake.saleordersystem.entity.Past.PastPredictionCompany ,Not found @TableId annotation, Cannot use Mybatis-Plus 'xxById' Method.
2023-09-18 14:29:17.949 [restartedMain] WARN  [,] c.b.mybatisplus.core.injector.DefaultSqlInjector - class com.benewake.saleordersystem.entity.InquiryCode ,Not found @TableId annotation, Cannot use Mybatis-Plus 'xxById' Method.
2023-09-18 14:29:17.981 [restartedMain] WARN  [,] c.b.mybatisplus.core.injector.DefaultSqlInjector - interface java.util.Map ,Not found @TableId annotation, Cannot use Mybatis-Plus 'xxById' Method.
2023-09-18 14:29:19.878 [restartedMain] WARN  [,] c.b.mybatisplus.core.injector.DefaultSqlInjector - class com.benewake.saleordersystem.entity.Past.PastPredictionCompany ,Not found @TableId annotation, Cannot use Mybatis-Plus 'xxById' Method.
2023-09-18 17:27:51.442 [restartedMain] WARN  [,] c.b.mybatisplus.core.injector.DefaultSqlInjector - class com.benewake.saleordersystem.entity.InquiryCode ,Not found @TableId annotation, Cannot use Mybatis-Plus 'xxById' Method.
2023-09-18 17:27:51.466 [restartedMain] WARN  [,] c.b.mybatisplus.core.injector.DefaultSqlInjector - interface java.util.Map ,Not found @TableId annotation, Cannot use Mybatis-Plus 'xxById' Method.
2023-09-18 17:27:53.135 [restartedMain] WARN  [,] c.b.mybatisplus.core.injector.DefaultSqlInjector - class com.benewake.saleordersystem.entity.Past.PastPredictionCompany ,Not found @TableId annotation, Cannot use Mybatis-Plus 'xxById' Method.
2023-09-18 17:30:12.515 [HikariPool-1 housekeeper] WARN  [,] com.zaxxer.hikari.pool.HikariPool - HikariPool-1 - Thread starvation or clock leap detected (housekeeper delta=2m14s884ms477µs900ns).
2023-09-18 17:30:33.842 [restartedMain] WARN  [,] c.b.mybatisplus.core.injector.DefaultSqlInjector - class com.benewake.saleordersystem.entity.InquiryCode ,Not found @TableId annotation, Cannot use Mybatis-Plus 'xxById' Method.
2023-09-18 17:30:33.862 [restartedMain] WARN  [,] c.b.mybatisplus.core.injector.DefaultSqlInjector - interface java.util.Map ,Not found @TableId annotation, Cannot use Mybatis-Plus 'xxById' Method.
2023-09-18 17:30:35.508 [restartedMain] WARN  [,] c.b.mybatisplus.core.injector.DefaultSqlInjector - class com.benewake.saleordersystem.entity.Past.PastPredictionCompany ,Not found @TableId annotation, Cannot use Mybatis-Plus 'xxById' Method.
2023-09-18 17:34:17.553 [restartedMain] WARN  [,] c.b.mybatisplus.core.injector.DefaultSqlInjector - class com.benewake.saleordersystem.entity.InquiryCode ,Not found @TableId annotation, Cannot use Mybatis-Plus 'xxById' Method.
2023-09-18 17:34:17.586 [restartedMain] WARN  [,] c.b.mybatisplus.core.injector.DefaultSqlInjector - interface java.util.Map ,Not found @TableId annotation, Cannot use Mybatis-Plus 'xxById' Method.
2023-09-18 17:34:19.456 [restartedMain] WARN  [,] c.b.mybatisplus.core.injector.DefaultSqlInjector - class com.benewake.saleordersystem.entity.Past.PastPredictionCompany ,Not found @TableId annotation, Cannot use Mybatis-Plus 'xxById' Method.
2023-09-18 17:37:14.703 [HikariPool-1 housekeeper] WARN  [,] com.zaxxer.hikari.pool.HikariPool - HikariPool-1 - Thread starvation or clock leap detected (housekeeper delta=50s893ms552µs500ns).
2023-09-18 17:38:01.997 [HikariPool-1 housekeeper] WARN  [,] com.zaxxer.hikari.pool.HikariPool - HikariPool-1 - Thread starvation or clock leap detected (housekeeper delta=1m6s527ms217µs100ns).
2023-09-18 17:45:14.869 [HikariPool-1 housekeeper] WARN  [,] com.zaxxer.hikari.pool.HikariPool - HikariPool-1 - Thread starvation or clock leap detected (housekeeper delta=1m42s761ms727µs300ns).
2023-09-18 17:48:21.398 [HikariPool-1 housekeeper] WARN  [,] com.zaxxer.hikari.pool.HikariPool - HikariPool-1 - Thread starvation or clock leap detected (housekeeper delta=3m6s528ms747µs600ns).
2023-09-18 17:59:29.320 [http-nio-8080-exec-1] WARN  [,] o.s.w.s.m.support.DefaultHandlerExceptionResolver - Resolved [org.springframework.web.HttpRequestMethodNotSupportedException: Request method 'POST' not supported]
2023-09-18 17:59:44.225 [http-nio-8080-exec-2] WARN  [,] o.s.w.s.m.support.DefaultHandlerExceptionResolver - Resolved [org.springframework.web.HttpRequestMethodNotSupportedException: Request method 'POST' not supported]
2023-09-18 18:00:17.622 [http-nio-8080-exec-3] WARN  [,] o.s.w.s.m.support.DefaultHandlerExceptionResolver - Resolved [org.springframework.web.HttpRequestMethodNotSupportedException: Request method 'POST' not supported]
2023-09-18 18:03:23.735 [restartedMain] WARN  [,] c.b.mybatisplus.core.injector.DefaultSqlInjector - class com.benewake.saleordersystem.entity.InquiryCode ,Not found @TableId annotation, Cannot use Mybatis-Plus 'xxById' Method.
2023-09-18 18:03:23.757 [restartedMain] WARN  [,] c.b.mybatisplus.core.injector.DefaultSqlInjector - interface java.util.Map ,Not found @TableId annotation, Cannot use Mybatis-Plus 'xxById' Method.
2023-09-18 18:03:25.452 [restartedMain] WARN  [,] c.b.mybatisplus.core.injector.DefaultSqlInjector - class com.benewake.saleordersystem.entity.Past.PastPredictionCompany ,Not found @TableId annotation, Cannot use Mybatis-Plus 'xxById' Method.
2023-09-18 18:06:24.502 [restartedMain] WARN  [,] c.b.mybatisplus.core.injector.DefaultSqlInjector - class com.benewake.saleordersystem.entity.InquiryCode ,Not found @TableId annotation, Cannot use Mybatis-Plus 'xxById' Method.
2023-09-18 18:06:24.531 [restartedMain] WARN  [,] c.b.mybatisplus.core.injector.DefaultSqlInjector - interface java.util.Map ,Not found @TableId annotation, Cannot use Mybatis-Plus 'xxById' Method.
2023-09-18 18:06:25.803 [restartedMain] WARN  [,] c.b.mybatisplus.core.injector.DefaultSqlInjector - class com.benewake.saleordersystem.entity.Past.PastPredictionCompany ,Not found @TableId annotation, Cannot use Mybatis-Plus 'xxById' Method.
2023-09-18 18:08:20.896 [http-nio-8080-exec-7] WARN  [,] o.s.w.s.m.m.a.ExceptionHandlerExceptionResolver - Resolved [org.mybatis.spring.MyBatisSystemException: nested exception is org.apache.ibatis.exceptions.TooManyResultsException: Expected one result (or null) to be returned by selectOne(), but found: 2]
2023-09-18 18:08:54.936 [http-nio-8080-exec-6] WARN  [,] o.s.w.s.m.m.a.ExceptionHandlerExceptionResolver - Resolved [org.mybatis.spring.MyBatisSystemException: nested exception is org.apache.ibatis.exceptions.TooManyResultsException: Expected one result (or null) to be returned by selectOne(), but found: 2]
2023-09-18 18:09:30.928 [http-nio-8080-exec-8] WARN  [,] o.s.w.s.m.m.a.ExceptionHandlerExceptionResolver - Resolved [org.mybatis.spring.MyBatisSystemException: nested exception is org.apache.ibatis.exceptions.TooManyResultsException: Expected one result (or null) to be returned by selectOne(), but found: 2]
2023-09-18 18:11:09.661 [restartedMain] WARN  [,] c.b.mybatisplus.core.injector.DefaultSqlInjector - class com.benewake.saleordersystem.entity.InquiryCode ,Not found @TableId annotation, Cannot use Mybatis-Plus 'xxById' Method.
2023-09-18 18:11:09.682 [restartedMain] WARN  [,] c.b.mybatisplus.core.injector.DefaultSqlInjector - interface java.util.Map ,Not found @TableId annotation, Cannot use Mybatis-Plus 'xxById' Method.
2023-09-18 18:11:11.021 [restartedMain] WARN  [,] c.b.mybatisplus.core.injector.DefaultSqlInjector - class com.benewake.saleordersystem.entity.Past.PastPredictionCompany ,Not found @TableId annotation, Cannot use Mybatis-Plus 'xxById' Method.
2023-09-18 18:11:17.832 [http-nio-8080-exec-1] WARN  [,] o.s.w.s.m.m.a.ExceptionHandlerExceptionResolver - Resolved [org.mybatis.spring.MyBatisSystemException: nested exception is org.apache.ibatis.exceptions.TooManyResultsException: Expected one result (or null) to be returned by selectOne(), but found: 2]
2023-09-18 18:16:09.918 [restartedMain] WARN  [,] c.b.mybatisplus.core.injector.DefaultSqlInjector - class com.benewake.saleordersystem.entity.InquiryCode ,Not found @TableId annotation, Cannot use Mybatis-Plus 'xxById' Method.
2023-09-18 18:16:09.938 [restartedMain] WARN  [,] c.b.mybatisplus.core.injector.DefaultSqlInjector - interface java.util.Map ,Not found @TableId annotation, Cannot use Mybatis-Plus 'xxById' Method.
2023-09-18 18:16:11.220 [restartedMain] WARN  [,] c.b.mybatisplus.core.injector.DefaultSqlInjector - class com.benewake.saleordersystem.entity.Past.PastPredictionCompany ,Not found @TableId annotation, Cannot use Mybatis-Plus 'xxById' Method.
