2023-10-30 14:30:50.181 [restartedMain] WARN  [,] c.b.mybatisplus.core.injector.DefaultSqlInjector - class com.benewake.saleordersystem.entity.InquiryCode ,Not found @TableId annotation, Cannot use Mybatis-Plus 'xxById' Method.
2023-10-30 14:30:50.234 [restartedMain] WARN  [,] c.b.mybatisplus.core.injector.DefaultSqlInjector - interface java.util.Map ,Not found @TableId annotation, Cannot use Mybatis-Plus 'xxById' Method.
2023-10-30 14:30:55.560 [restartedMain] WARN  [,] c.b.mybatisplus.core.injector.DefaultSqlInjector - class com.benewake.saleordersystem.entity.Past.PastPredictionCompany ,Not found @TableId annotation, Cannot use Mybatis-Plus 'xxById' Method.
2023-10-30 14:33:47.602 [HikariPool-1 housekeeper] WARN  [,] com.zaxxer.hikari.pool.HikariPool - HikariPool-1 - Thread starvation or clock leap detected (housekeeper delta=1m13s865ms639µs100ns).
2023-10-30 15:04:06.759 [HikariPool-1 housekeeper] WARN  [,] com.zaxxer.hikari.pool.HikariPool - HikariPool-1 - Thread starvation or clock leap detected (housekeeper delta=30m20s681ms655µs899ns).
2023-10-30 15:04:56.400 [restartedMain] WARN  [,] c.b.mybatisplus.core.injector.DefaultSqlInjector - class com.benewake.saleordersystem.entity.InquiryCode ,Not found @TableId annotation, Cannot use Mybatis-Plus 'xxById' Method.
2023-10-30 15:04:56.422 [restartedMain] WARN  [,] c.b.mybatisplus.core.injector.DefaultSqlInjector - interface java.util.Map ,Not found @TableId annotation, Cannot use Mybatis-Plus 'xxById' Method.
2023-10-30 15:04:59.709 [restartedMain] WARN  [,] c.b.mybatisplus.core.injector.DefaultSqlInjector - class com.benewake.saleordersystem.entity.Past.PastPredictionCompany ,Not found @TableId annotation, Cannot use Mybatis-Plus 'xxById' Method.
2023-10-30 15:08:31.051 [http-nio-8080-exec-5] WARN  [,] o.s.w.s.m.m.a.ExceptionHandlerExceptionResolver - Resolved [org.springframework.jdbc.BadSqlGrammarException: 
### Error querying database.  Cause: java.sql.SQLSyntaxErrorException: You have an error in your SQL syntax; check the manual that corresponds to your MySQL server version for the right syntax to use near 'left join fim_past_orders_clean_temp_table AS past_order' at line 1
### The error may exist in com/benewake/saleordersystem/mapper/Vo/SalesOrderVoMapper.java (best guess)
### The error may involve com.benewake.saleordersystem.mapper.Vo.SalesOrderVoMapper.selectListByFilter-Inline
### The error occurred while setting parameters
### SQL: select distinct (inquiry_id),inquiry_code,inquiry_init_type,state,created_user_name,item_type,allow_inquiry,inquiry_type,item_code,item_name,customer_name,salesman_name,sale_num,expected_time,arranged_time,delay,customer_type,order_delivery_progress,delivery_code,receive_time,delivery_state,customize,remark,past_order.past_inquiry_code AS past_inquiry_code,past_order.past_item_code AS past_item_code,past_order.past_customer_name AS past_customer_name,past_order.past_salesman_name AS past_salesman_name,past_order.past_sale_num AS past_sale_num,past_order.past_sale_time AS past_sale_time from (select inquiry_id as inquiry_id,(case when state=-1 then '无效' when state=0 then '保存' else concat('询单',state,'次') end) as state,a.inquiry_code as inquiry_code,sale_num as sale_num,expected_time as expected_time,arranged_time as arranged_time,allow_inquiry as allow_inquiry,created_user as created_user,salesman_id as salesman_id,a.item_id as item_id,a.customer_id as customer_id,remark as remark,(case when order_delivery_progress is null then '未发货' when order_delivery_progress = 80 then '已签收' when order_delivery_progress = 40 then '海外订单'else '已发货客户未签收' end) as order_delivery_progress,delivery_code,receive_time,delivery_state,delay as delay,(case when item_type = 1 then '已有标品' when item_type = 2 then '已有定制' when item_type = 3 then '新增软件定制' when item_type = 4 then '新增原材料定制'  when item_type = 5 then '新增原材料+软件定制' else '错误物料类型' end) as item_type,item_code as item_code,item_name as item_name,(case when inquiry_type = 1 then 'PO(客户付款)' when inquiry_type = 2 then 'PR(客户提出付款意向)' when inquiry_type = 3 then 'YG(供应链预估)' when inquiry_type = 4 then 'YC(销售预测)' when inquiry_type = 5 then 'XD(意向询单)' else 'ER(错误)' end) as inquiry_type,(case when item_type = 1 or item_type = 2 then '否' when item_type = 3 or item_type = 4 or item_type = 5 then '是' else '错误' end) as customize,(case when customer_type is null then '日常' else customer_type end) as customer_type,(case when inquiry_init_type = 5 then '销售询单' when inquiry_init_type = 4 then '销售预测' when inquiry_init_type = 3 then '供应链预估' else '错误的初始类型' end) as inquiry_init_type from (select fim_inquiry_table.inquiry_id,inquiry_code as inquiry_code,state as state,inquiry_init_type as inquiry_init_type,inquiry_type as inquiry_type,sale_num as sale_num,expected_time as expected_time,arranged_time as arranged_time,created_user as created_user,salesman_id as salesman_id,item_id as item_id,customer_id as customer_id,remark as remark,allow_inquiry as allow_inquiry,(case when arranged_time > expected_time then '是' else '否' end )as delay from fim_inquiry_table left join (select SUBSTRING_INDEX(GROUP_CONCAT(inquiry_id ORDER BY created_time desc),',',1) as inquiry_id,SUBSTRING_INDEX(GROUP_CONCAT(inquiry_type ORDER BY created_time asc),',',1) as inquiry_init_type from fim_inquiry_table group by inquiry_code) as bb on bb.inquiry_id = fim_inquiry_table.inquiry_id WHERE (bb.inquiry_id IS NOT NULL AND state >= ?)) as a left join (select customer_id,item_id,customer_type from fim_customer_type_table) as d on a.customer_id = d.customer_id and d.item_id = a.item_id left join (select item_id,item_code,item_name,item_type from fim_item_table WHERE (item_code IS NOT NULL)) as e on e.item_id = a.item_id left join(select inquiry_code,delivery_state as order_delivery_progress,delivery_code as delivery_code,receive_time as receive_time,delivery_latest_state as delivery_state from delivery_table) as j on j.inquiry_code = a.inquiry_code WHERE (item_code IS NOT NULL)) as a left join (select FIM_user_id,FIM_user_name as salesman_name from fim_users_table WHERE (FIM_user_name IS NOT NULL)) as b on a.salesman_id = b.FIM_user_id left join (select FIM_user_id,FIM_user_name as created_user_name from fim_users_table WHERE (FIM_user_name IS NOT NULL)) as c on a.created_user = c.FIM_user_id left join (select customer_id,customer_name from fim_customer_table WHERE (customer_name IS NOT NULL)) as f on a.customer_id = f.customer_id WHERE (customer_name IS NOT NULL AND created_user_name IS NOT NULL AND salesman_name IS NOT NULL AND (created_user_name = ? OR salesman_name = ?)) order by inquiry_code desc left join fim_past_orders_clean_temp_table AS past_order
### Cause: java.sql.SQLSyntaxErrorException: You have an error in your SQL syntax; check the manual that corresponds to your MySQL server version for the right syntax to use near 'left join fim_past_orders_clean_temp_table AS past_order' at line 1
; bad SQL grammar []; nested exception is java.sql.SQLSyntaxErrorException: You have an error in your SQL syntax; check the manual that corresponds to your MySQL server version for the right syntax to use near 'left join fim_past_orders_clean_temp_table AS past_order' at line 1]
2023-10-30 15:43:30.311 [HikariPool-1 housekeeper] WARN  [,] com.zaxxer.hikari.pool.HikariPool - HikariPool-1 - Thread starvation or clock leap detected (housekeeper delta=58s346ms809µs600ns).
2023-10-30 15:43:30.537 [http-nio-8080-exec-8] WARN  [,] o.s.w.s.m.m.a.ExceptionHandlerExceptionResolver - Resolved [org.springframework.jdbc.BadSqlGrammarException: 
### Error querying database.  Cause: java.sql.SQLSyntaxErrorException: You have an error in your SQL syntax; check the manual that corresponds to your MySQL server version for the right syntax to use near 'left join fim_past_orders_clean_temp_table AS past_order' at line 1
### The error may exist in com/benewake/saleordersystem/mapper/Vo/SalesOrderVoMapper.java (best guess)
### The error may involve com.benewake.saleordersystem.mapper.Vo.SalesOrderVoMapper.selectListByFilter-Inline
### The error occurred while setting parameters
### SQL: select distinct (inquiry_id),inquiry_code,inquiry_init_type,state,created_user_name,item_type,allow_inquiry,inquiry_type,item_code,item_name,customer_name,salesman_name,sale_num,expected_time,arranged_time,delay,customer_type,order_delivery_progress,delivery_code,receive_time,delivery_state,customize,remark,past_order.past_inquiry_code AS past_inquiry_code,past_order.past_item_code AS past_item_code,past_order.past_customer_name AS past_customer_name,past_order.past_salesman_name AS past_salesman_name,past_order.past_sale_num AS past_sale_num,past_order.past_sale_time AS past_sale_time from (select inquiry_id as inquiry_id,(case when state=-1 then '无效' when state=0 then '保存' else concat('询单',state,'次') end) as state,a.inquiry_code as inquiry_code,sale_num as sale_num,expected_time as expected_time,arranged_time as arranged_time,allow_inquiry as allow_inquiry,created_user as created_user,salesman_id as salesman_id,a.item_id as item_id,a.customer_id as customer_id,remark as remark,(case when order_delivery_progress is null then '未发货' when order_delivery_progress = 80 then '已签收' when order_delivery_progress = 40 then '海外订单'else '已发货客户未签收' end) as order_delivery_progress,delivery_code,receive_time,delivery_state,delay as delay,(case when item_type = 1 then '已有标品' when item_type = 2 then '已有定制' when item_type = 3 then '新增软件定制' when item_type = 4 then '新增原材料定制'  when item_type = 5 then '新增原材料+软件定制' else '错误物料类型' end) as item_type,item_code as item_code,item_name as item_name,(case when inquiry_type = 1 then 'PO(客户付款)' when inquiry_type = 2 then 'PR(客户提出付款意向)' when inquiry_type = 3 then 'YG(供应链预估)' when inquiry_type = 4 then 'YC(销售预测)' when inquiry_type = 5 then 'XD(意向询单)' else 'ER(错误)' end) as inquiry_type,(case when item_type = 1 or item_type = 2 then '否' when item_type = 3 or item_type = 4 or item_type = 5 then '是' else '错误' end) as customize,(case when customer_type is null then '日常' else customer_type end) as customer_type,(case when inquiry_init_type = 5 then '销售询单' when inquiry_init_type = 4 then '销售预测' when inquiry_init_type = 3 then '供应链预估' else '错误的初始类型' end) as inquiry_init_type from (select fim_inquiry_table.inquiry_id,inquiry_code as inquiry_code,state as state,inquiry_init_type as inquiry_init_type,inquiry_type as inquiry_type,sale_num as sale_num,expected_time as expected_time,arranged_time as arranged_time,created_user as created_user,salesman_id as salesman_id,item_id as item_id,customer_id as customer_id,remark as remark,allow_inquiry as allow_inquiry,(case when arranged_time > expected_time then '是' else '否' end )as delay from fim_inquiry_table left join (select SUBSTRING_INDEX(GROUP_CONCAT(inquiry_id ORDER BY created_time desc),',',1) as inquiry_id,SUBSTRING_INDEX(GROUP_CONCAT(inquiry_type ORDER BY created_time asc),',',1) as inquiry_init_type from fim_inquiry_table group by inquiry_code) as bb on bb.inquiry_id = fim_inquiry_table.inquiry_id WHERE (bb.inquiry_id IS NOT NULL AND state >= ?)) as a left join (select customer_id,item_id,customer_type from fim_customer_type_table) as d on a.customer_id = d.customer_id and d.item_id = a.item_id left join (select item_id,item_code,item_name,item_type from fim_item_table WHERE (item_code IS NOT NULL)) as e on e.item_id = a.item_id left join(select inquiry_code,delivery_state as order_delivery_progress,delivery_code as delivery_code,receive_time as receive_time,delivery_latest_state as delivery_state from delivery_table) as j on j.inquiry_code = a.inquiry_code WHERE (item_code IS NOT NULL)) as a left join (select FIM_user_id,FIM_user_name as salesman_name from fim_users_table WHERE (FIM_user_name IS NOT NULL)) as b on a.salesman_id = b.FIM_user_id left join (select FIM_user_id,FIM_user_name as created_user_name from fim_users_table WHERE (FIM_user_name IS NOT NULL)) as c on a.created_user = c.FIM_user_id left join (select customer_id,customer_name from fim_customer_table WHERE (customer_name IS NOT NULL)) as f on a.customer_id = f.customer_id WHERE (customer_name IS NOT NULL AND created_user_name IS NOT NULL AND salesman_name IS NOT NULL AND (created_user_name = ? OR salesman_name = ?)) order by inquiry_code desc left join fim_past_orders_clean_temp_table AS past_order
### Cause: java.sql.SQLSyntaxErrorException: You have an error in your SQL syntax; check the manual that corresponds to your MySQL server version for the right syntax to use near 'left join fim_past_orders_clean_temp_table AS past_order' at line 1
; bad SQL grammar []; nested exception is java.sql.SQLSyntaxErrorException: You have an error in your SQL syntax; check the manual that corresponds to your MySQL server version for the right syntax to use near 'left join fim_past_orders_clean_temp_table AS past_order' at line 1]
2023-10-30 15:44:32.293 [HikariPool-1 housekeeper] WARN  [,] com.zaxxer.hikari.pool.HikariPool - HikariPool-1 - Thread starvation or clock leap detected (housekeeper delta=1m1s983ms20µs299ns).
2023-10-30 15:51:56.032 [HikariPool-1 housekeeper] WARN  [,] com.zaxxer.hikari.pool.HikariPool - HikariPool-1 - Thread starvation or clock leap detected (housekeeper delta=7m23s738ms991µs900ns).
2023-10-30 15:51:56.159 [http-nio-8080-exec-9] WARN  [,] o.s.w.s.m.m.a.ExceptionHandlerExceptionResolver - Resolved [org.springframework.jdbc.BadSqlGrammarException: 
### Error querying database.  Cause: java.sql.SQLSyntaxErrorException: You have an error in your SQL syntax; check the manual that corresponds to your MySQL server version for the right syntax to use near 'left join fim_past_orders_clean_temp_table AS past_order' at line 1
### The error may exist in com/benewake/saleordersystem/mapper/Vo/SalesOrderVoMapper.java (best guess)
### The error may involve com.benewake.saleordersystem.mapper.Vo.SalesOrderVoMapper.selectListByFilter-Inline
### The error occurred while setting parameters
### SQL: select distinct (inquiry_id),inquiry_code,inquiry_init_type,state,created_user_name,item_type,allow_inquiry,inquiry_type,item_code,item_name,customer_name,salesman_name,sale_num,expected_time,arranged_time,delay,customer_type,order_delivery_progress,delivery_code,receive_time,delivery_state,customize,remark,past_order.past_inquiry_code AS past_inquiry_code,past_order.past_item_code AS past_item_code,past_order.past_customer_name AS past_customer_name,past_order.past_salesman_name AS past_salesman_name,past_order.past_sale_num AS past_sale_num,past_order.past_sale_time AS past_sale_time from (select inquiry_id as inquiry_id,(case when state=-1 then '无效' when state=0 then '保存' else concat('询单',state,'次') end) as state,a.inquiry_code as inquiry_code,sale_num as sale_num,expected_time as expected_time,arranged_time as arranged_time,allow_inquiry as allow_inquiry,created_user as created_user,salesman_id as salesman_id,a.item_id as item_id,a.customer_id as customer_id,remark as remark,(case when order_delivery_progress is null then '未发货' when order_delivery_progress = 80 then '已签收' when order_delivery_progress = 40 then '海外订单'else '已发货客户未签收' end) as order_delivery_progress,delivery_code,receive_time,delivery_state,delay as delay,(case when item_type = 1 then '已有标品' when item_type = 2 then '已有定制' when item_type = 3 then '新增软件定制' when item_type = 4 then '新增原材料定制'  when item_type = 5 then '新增原材料+软件定制' else '错误物料类型' end) as item_type,item_code as item_code,item_name as item_name,(case when inquiry_type = 1 then 'PO(客户付款)' when inquiry_type = 2 then 'PR(客户提出付款意向)' when inquiry_type = 3 then 'YG(供应链预估)' when inquiry_type = 4 then 'YC(销售预测)' when inquiry_type = 5 then 'XD(意向询单)' else 'ER(错误)' end) as inquiry_type,(case when item_type = 1 or item_type = 2 then '否' when item_type = 3 or item_type = 4 or item_type = 5 then '是' else '错误' end) as customize,(case when customer_type is null then '日常' else customer_type end) as customer_type,(case when inquiry_init_type = 5 then '销售询单' when inquiry_init_type = 4 then '销售预测' when inquiry_init_type = 3 then '供应链预估' else '错误的初始类型' end) as inquiry_init_type from (select fim_inquiry_table.inquiry_id,inquiry_code as inquiry_code,state as state,inquiry_init_type as inquiry_init_type,inquiry_type as inquiry_type,sale_num as sale_num,expected_time as expected_time,arranged_time as arranged_time,created_user as created_user,salesman_id as salesman_id,item_id as item_id,customer_id as customer_id,remark as remark,allow_inquiry as allow_inquiry,(case when arranged_time > expected_time then '是' else '否' end )as delay from fim_inquiry_table left join (select SUBSTRING_INDEX(GROUP_CONCAT(inquiry_id ORDER BY created_time desc),',',1) as inquiry_id,SUBSTRING_INDEX(GROUP_CONCAT(inquiry_type ORDER BY created_time asc),',',1) as inquiry_init_type from fim_inquiry_table group by inquiry_code) as bb on bb.inquiry_id = fim_inquiry_table.inquiry_id WHERE (bb.inquiry_id IS NOT NULL AND state >= ?)) as a left join (select customer_id,item_id,customer_type from fim_customer_type_table) as d on a.customer_id = d.customer_id and d.item_id = a.item_id left join (select item_id,item_code,item_name,item_type from fim_item_table WHERE (item_code IS NOT NULL)) as e on e.item_id = a.item_id left join(select inquiry_code,delivery_state as order_delivery_progress,delivery_code as delivery_code,receive_time as receive_time,delivery_latest_state as delivery_state from delivery_table) as j on j.inquiry_code = a.inquiry_code WHERE (item_code IS NOT NULL)) as a left join (select FIM_user_id,FIM_user_name as salesman_name from fim_users_table WHERE (FIM_user_name IS NOT NULL)) as b on a.salesman_id = b.FIM_user_id left join (select FIM_user_id,FIM_user_name as created_user_name from fim_users_table WHERE (FIM_user_name IS NOT NULL)) as c on a.created_user = c.FIM_user_id left join (select customer_id,customer_name from fim_customer_table WHERE (customer_name IS NOT NULL)) as f on a.customer_id = f.customer_id WHERE (customer_name IS NOT NULL AND created_user_name IS NOT NULL AND salesman_name IS NOT NULL AND (created_user_name = ? OR salesman_name = ?)) order by inquiry_code desc left join fim_past_orders_clean_temp_table AS past_order
### Cause: java.sql.SQLSyntaxErrorException: You have an error in your SQL syntax; check the manual that corresponds to your MySQL server version for the right syntax to use near 'left join fim_past_orders_clean_temp_table AS past_order' at line 1
; bad SQL grammar []; nested exception is java.sql.SQLSyntaxErrorException: You have an error in your SQL syntax; check the manual that corresponds to your MySQL server version for the right syntax to use near 'left join fim_past_orders_clean_temp_table AS past_order' at line 1]
2023-10-30 15:52:51.183 [restartedMain] WARN  [,] c.b.mybatisplus.core.injector.DefaultSqlInjector - class com.benewake.saleordersystem.entity.InquiryCode ,Not found @TableId annotation, Cannot use Mybatis-Plus 'xxById' Method.
2023-10-30 15:52:51.200 [restartedMain] WARN  [,] c.b.mybatisplus.core.injector.DefaultSqlInjector - interface java.util.Map ,Not found @TableId annotation, Cannot use Mybatis-Plus 'xxById' Method.
2023-10-30 15:52:54.430 [restartedMain] WARN  [,] c.b.mybatisplus.core.injector.DefaultSqlInjector - class com.benewake.saleordersystem.entity.Past.PastPredictionCompany ,Not found @TableId annotation, Cannot use Mybatis-Plus 'xxById' Method.
2023-10-30 15:54:26.240 [http-nio-8080-exec-2] WARN  [,] o.s.w.s.m.m.a.ExceptionHandlerExceptionResolver - Resolved [org.springframework.jdbc.BadSqlGrammarException: 
### Error querying database.  Cause: java.sql.SQLSyntaxErrorException: Unknown column 'past_inquiry_code' in 'field list'
### The error may exist in com/benewake/saleordersystem/mapper/Vo/SalesOrderVoMapper.java (best guess)
### The error may involve com.benewake.saleordersystem.mapper.Vo.SalesOrderVoMapper.selectPastOrders-Inline
### The error occurred while setting parameters
### SQL: SELECT past_inquiry_code, past_item_code, past_customer_name, past_salesmam_name, past_sale_num, past_sale_time FROM fim_past_orders_clean_temp_table
### Cause: java.sql.SQLSyntaxErrorException: Unknown column 'past_inquiry_code' in 'field list'
; bad SQL grammar []; nested exception is java.sql.SQLSyntaxErrorException: Unknown column 'past_inquiry_code' in 'field list']
2023-10-30 15:58:07.850 [restartedMain] WARN  [,] c.b.mybatisplus.core.injector.DefaultSqlInjector - class com.benewake.saleordersystem.entity.InquiryCode ,Not found @TableId annotation, Cannot use Mybatis-Plus 'xxById' Method.
2023-10-30 15:58:07.874 [restartedMain] WARN  [,] c.b.mybatisplus.core.injector.DefaultSqlInjector - interface java.util.Map ,Not found @TableId annotation, Cannot use Mybatis-Plus 'xxById' Method.
2023-10-30 15:58:10.973 [restartedMain] WARN  [,] c.b.mybatisplus.core.injector.DefaultSqlInjector - class com.benewake.saleordersystem.entity.Past.PastPredictionCompany ,Not found @TableId annotation, Cannot use Mybatis-Plus 'xxById' Method.
2023-10-30 16:03:39.949 [restartedMain] WARN  [,] c.b.mybatisplus.core.injector.DefaultSqlInjector - class com.benewake.saleordersystem.entity.InquiryCode ,Not found @TableId annotation, Cannot use Mybatis-Plus 'xxById' Method.
2023-10-30 16:03:39.969 [restartedMain] WARN  [,] c.b.mybatisplus.core.injector.DefaultSqlInjector - interface java.util.Map ,Not found @TableId annotation, Cannot use Mybatis-Plus 'xxById' Method.
2023-10-30 16:03:43.166 [restartedMain] WARN  [,] c.b.mybatisplus.core.injector.DefaultSqlInjector - class com.benewake.saleordersystem.entity.Past.PastPredictionCompany ,Not found @TableId annotation, Cannot use Mybatis-Plus 'xxById' Method.
2023-10-30 16:10:25.893 [HikariPool-1 housekeeper] WARN  [,] com.zaxxer.hikari.pool.HikariPool - HikariPool-1 - Thread starvation or clock leap detected (housekeeper delta=1m8s451ms379µs600ns).
2023-10-30 16:13:38.051 [HikariPool-1 housekeeper] WARN  [,] com.zaxxer.hikari.pool.HikariPool - HikariPool-1 - Thread starvation or clock leap detected (housekeeper delta=1m1s188ms907µs300ns).
2023-10-30 16:15:47.696 [HikariPool-1 housekeeper] WARN  [,] com.zaxxer.hikari.pool.HikariPool - HikariPool-1 - Thread starvation or clock leap detected (housekeeper delta=1m39s89ms363µs200ns).
2023-10-30 16:19:57.338 [HikariPool-1 housekeeper] WARN  [,] com.zaxxer.hikari.pool.HikariPool - HikariPool-1 - Thread starvation or clock leap detected (housekeeper delta=3m3s728ms263µs701ns).
2023-10-30 16:21:14.424 [HikariPool-1 housekeeper] WARN  [,] com.zaxxer.hikari.pool.HikariPool - HikariPool-1 - Thread starvation or clock leap detected (housekeeper delta=47s30ms370µs300ns).
2023-10-30 16:22:02.499 [HikariPool-1 housekeeper] WARN  [,] com.zaxxer.hikari.pool.HikariPool - HikariPool-1 - Thread starvation or clock leap detected (housekeeper delta=48s75ms941µs).
2023-10-30 16:23:23.101 [HikariPool-1 housekeeper] WARN  [,] com.zaxxer.hikari.pool.HikariPool - HikariPool-1 - Thread starvation or clock leap detected (housekeeper delta=49s769ms824µs1ns).
2023-10-30 16:27:15.702 [HikariPool-1 housekeeper] WARN  [,] com.zaxxer.hikari.pool.HikariPool - HikariPool-1 - Thread starvation or clock leap detected (housekeeper delta=47s306ms907µs1ns).
2023-10-30 16:28:28.556 [http-nio-8080-exec-5] WARN  [,] o.s.w.s.m.m.a.ExceptionHandlerExceptionResolver - Resolved [org.mybatis.spring.MyBatisSystemException: nested exception is org.apache.ibatis.binding.BindingException: Parameter 'ew' not found. Available parameters are [qw8, param1]]
2023-10-30 16:29:35.021 [http-nio-8080-exec-4] WARN  [,] o.s.w.s.m.m.a.ExceptionHandlerExceptionResolver - Resolved [org.mybatis.spring.MyBatisSystemException: nested exception is org.apache.ibatis.binding.BindingException: Parameter 'ew' not found. Available parameters are [qw8, param1]]
2023-10-30 16:35:16.802 [http-nio-8080-exec-9] WARN  [,] o.s.w.s.m.m.a.ExceptionHandlerExceptionResolver - Resolved [org.mybatis.spring.MyBatisSystemException: nested exception is org.apache.ibatis.binding.BindingException: Parameter 'ew' not found. Available parameters are [qw8, param1]]
2023-10-30 16:43:30.861 [restartedMain] WARN  [,] c.b.mybatisplus.core.injector.DefaultSqlInjector - class com.benewake.saleordersystem.entity.InquiryCode ,Not found @TableId annotation, Cannot use Mybatis-Plus 'xxById' Method.
2023-10-30 16:43:30.882 [restartedMain] WARN  [,] c.b.mybatisplus.core.injector.DefaultSqlInjector - interface java.util.Map ,Not found @TableId annotation, Cannot use Mybatis-Plus 'xxById' Method.
2023-10-30 16:43:34.053 [restartedMain] WARN  [,] c.b.mybatisplus.core.injector.DefaultSqlInjector - class com.benewake.saleordersystem.entity.Past.PastPredictionCompany ,Not found @TableId annotation, Cannot use Mybatis-Plus 'xxById' Method.
2023-10-30 16:45:00.702 [http-nio-8080-exec-2] WARN  [,] o.s.w.s.m.m.a.ExceptionHandlerExceptionResolver - Resolved [org.springframework.jdbc.BadSqlGrammarException: 
### Error querying database.  Cause: java.sql.SQLSyntaxErrorException: Unknown column 'past_order_code' in 'where clause'
### The error may exist in com/benewake/saleordersystem/mapper/Vo/SalesOrderVoMapper.java (best guess)
### The error may involve com.benewake.saleordersystem.mapper.Vo.SalesOrderVoMapper.selectPastOrders-Inline
### The error occurred while setting parameters
### SQL: SELECT past_order.order_code AS past_inquiry_code,    past_order.item_code AS past_item_code,    past_order.customer_name AS past_customer_name,    past_order.salesman_name AS past_salesman_name,    past_order.sale_num AS past_sale_num,    past_order.sale_time AS past_sale_time FROM fim_past_orders_clean_temp_table as past_order WHERE (past_order_code LIKE ?)
### Cause: java.sql.SQLSyntaxErrorException: Unknown column 'past_order_code' in 'where clause'
; bad SQL grammar []; nested exception is java.sql.SQLSyntaxErrorException: Unknown column 'past_order_code' in 'where clause']
2023-10-30 16:57:05.796 [restartedMain] WARN  [,] c.b.mybatisplus.core.injector.DefaultSqlInjector - class com.benewake.saleordersystem.entity.InquiryCode ,Not found @TableId annotation, Cannot use Mybatis-Plus 'xxById' Method.
2023-10-30 16:57:05.813 [restartedMain] WARN  [,] c.b.mybatisplus.core.injector.DefaultSqlInjector - interface java.util.Map ,Not found @TableId annotation, Cannot use Mybatis-Plus 'xxById' Method.
2023-10-30 16:57:09.157 [restartedMain] WARN  [,] c.b.mybatisplus.core.injector.DefaultSqlInjector - class com.benewake.saleordersystem.entity.Past.PastPredictionCompany ,Not found @TableId annotation, Cannot use Mybatis-Plus 'xxById' Method.
2023-10-30 16:59:06.638 [http-nio-8080-exec-3] WARN  [,] o.s.w.s.m.m.a.ExceptionHandlerExceptionResolver - Resolved [org.springframework.jdbc.BadSqlGrammarException: 
### Error querying database.  Cause: java.sql.SQLSyntaxErrorException: Unknown column 'past_inquiry_code' in 'where clause'
### The error may exist in com/benewake/saleordersystem/mapper/Vo/SalesOrderVoMapper.java (best guess)
### The error may involve com.benewake.saleordersystem.mapper.Vo.SalesOrderVoMapper.selectPastOrders-Inline
### The error occurred while setting parameters
### SQL: SELECT past_order.order_code AS past_inquiry_code,    past_order.item_code AS past_item_code,    past_order.customer_name AS past_customer_name,    past_order.salesman_name AS past_salesman_name,    past_order.sale_num AS past_sale_num,    past_order.sale_time AS past_sale_time FROM fim_past_orders_clean_temp_table as past_order WHERE (past_inquiry_code LIKE ?)
### Cause: java.sql.SQLSyntaxErrorException: Unknown column 'past_inquiry_code' in 'where clause'
; bad SQL grammar []; nested exception is java.sql.SQLSyntaxErrorException: Unknown column 'past_inquiry_code' in 'where clause']
2023-10-30 17:03:56.764 [HikariPool-1 housekeeper] WARN  [,] com.zaxxer.hikari.pool.HikariPool - HikariPool-1 - Thread starvation or clock leap detected (housekeeper delta=2m3s638ms516µs700ns).
2023-10-30 17:07:59.003 [http-nio-8080-exec-10] WARN  [,] o.s.w.s.m.m.a.ExceptionHandlerExceptionResolver - Resolved [org.springframework.jdbc.BadSqlGrammarException: 
### Error querying database.  Cause: java.sql.SQLSyntaxErrorException: Unknown column 'past_item_code' in 'where clause'
### The error may exist in com/benewake/saleordersystem/mapper/Vo/SalesOrderVoMapper.java (best guess)
### The error may involve com.benewake.saleordersystem.mapper.Vo.SalesOrderVoMapper.selectPastOrders-Inline
### The error occurred while setting parameters
### SQL: SELECT past_order.order_code AS past_inquiry_code,    past_order.item_code AS past_item_code,    past_order.customer_name AS past_customer_name,    past_order.salesman_name AS past_salesman_name,    past_order.sale_num AS past_sale_num,    past_order.sale_time AS past_sale_time FROM fim_past_orders_clean_temp_table as past_order WHERE (past_item_code LIKE ?)
### Cause: java.sql.SQLSyntaxErrorException: Unknown column 'past_item_code' in 'where clause'
; bad SQL grammar []; nested exception is java.sql.SQLSyntaxErrorException: Unknown column 'past_item_code' in 'where clause']
2023-10-30 17:13:32.977 [restartedMain] WARN  [,] c.b.mybatisplus.core.injector.DefaultSqlInjector - class com.benewake.saleordersystem.entity.InquiryCode ,Not found @TableId annotation, Cannot use Mybatis-Plus 'xxById' Method.
2023-10-30 17:13:32.997 [restartedMain] WARN  [,] c.b.mybatisplus.core.injector.DefaultSqlInjector - interface java.util.Map ,Not found @TableId annotation, Cannot use Mybatis-Plus 'xxById' Method.
2023-10-30 17:13:34.632 [restartedMain] WARN  [,] c.b.mybatisplus.core.injector.DefaultSqlInjector - class com.benewake.saleordersystem.entity.Past.PastPredictionCompany ,Not found @TableId annotation, Cannot use Mybatis-Plus 'xxById' Method.
2023-10-30 17:14:28.647 [restartedMain] WARN  [,] c.b.mybatisplus.core.injector.DefaultSqlInjector - class com.benewake.saleordersystem.entity.InquiryCode ,Not found @TableId annotation, Cannot use Mybatis-Plus 'xxById' Method.
2023-10-30 17:14:28.667 [restartedMain] WARN  [,] c.b.mybatisplus.core.injector.DefaultSqlInjector - interface java.util.Map ,Not found @TableId annotation, Cannot use Mybatis-Plus 'xxById' Method.
2023-10-30 17:14:32.595 [restartedMain] WARN  [,] c.b.mybatisplus.core.injector.DefaultSqlInjector - class com.benewake.saleordersystem.entity.Past.PastPredictionCompany ,Not found @TableId annotation, Cannot use Mybatis-Plus 'xxById' Method.
2023-10-30 17:15:47.533 [http-nio-8080-exec-2] WARN  [,] o.s.w.s.m.m.a.ExceptionHandlerExceptionResolver - Resolved [org.springframework.jdbc.BadSqlGrammarException: 
### Error querying database.  Cause: java.sql.SQLSyntaxErrorException: Unknown column 'past_item_code' in 'where clause'
### The error may exist in com/benewake/saleordersystem/mapper/Vo/SalesOrderVoMapper.java (best guess)
### The error may involve com.benewake.saleordersystem.mapper.Vo.SalesOrderVoMapper.selectPastOrders-Inline
### The error occurred while setting parameters
### SQL: SELECT past_order.order_code AS order_code,    past_order.item_code AS item_code,    past_order.customer_name AS customer_name,    past_order.salesman_name AS salesman_name,    past_order.sale_num AS sale_num,    past_order.sale_time AS sale_time FROM fim_past_orders_clean_temp_table as past_order WHERE (past_item_code LIKE ?)
### Cause: java.sql.SQLSyntaxErrorException: Unknown column 'past_item_code' in 'where clause'
; bad SQL grammar []; nested exception is java.sql.SQLSyntaxErrorException: Unknown column 'past_item_code' in 'where clause']
2023-10-30 17:24:13.632 [restartedMain] WARN  [,] c.b.mybatisplus.core.injector.DefaultSqlInjector - class com.benewake.saleordersystem.entity.InquiryCode ,Not found @TableId annotation, Cannot use Mybatis-Plus 'xxById' Method.
2023-10-30 17:24:13.694 [restartedMain] WARN  [,] c.b.mybatisplus.core.injector.DefaultSqlInjector - interface java.util.Map ,Not found @TableId annotation, Cannot use Mybatis-Plus 'xxById' Method.
2023-10-30 17:24:17.745 [restartedMain] WARN  [,] c.b.mybatisplus.core.injector.DefaultSqlInjector - class com.benewake.saleordersystem.entity.Past.PastPredictionCompany ,Not found @TableId annotation, Cannot use Mybatis-Plus 'xxById' Method.
2023-10-30 18:36:42.575 [http-nio-8080-exec-2] WARN  [,] o.s.w.s.m.m.a.ExceptionHandlerExceptionResolver - Failure in @ExceptionHandler com.benewake.saleordersystem.controller.advice.ExceptionAdvice#handleException(Exception, HttpServletRequest, HttpServletResponse)
java.lang.NullPointerException: null
	at org.springframework.web.util.UrlPathHelper.getSanitizedPath(UrlPathHelper.java:355)
	at org.springframework.web.util.UrlPathHelper.decodeAndCleanUriString(UrlPathHelper.java:495)
	at org.springframework.web.util.UrlPathHelper.getOriginatingRequestUri(UrlPathHelper.java:440)
	at org.springframework.web.servlet.mvc.method.annotation.AbstractMessageConverterMethodProcessor.addContentDispositionHeader(AbstractMessageConverterMethodProcessor.java:423)
	at org.springframework.web.servlet.mvc.method.annotation.AbstractMessageConverterMethodProcessor.writeWithMessageConverters(AbstractMessageConverterMethodProcessor.java:275)
	at org.springframework.web.servlet.mvc.method.annotation.RequestResponseBodyMethodProcessor.handleReturnValue(RequestResponseBodyMethodProcessor.java:181)
	at org.springframework.web.method.support.HandlerMethodReturnValueHandlerComposite.handleReturnValue(HandlerMethodReturnValueHandlerComposite.java:82)
	at org.springframework.web.servlet.mvc.method.annotation.ServletInvocableHandlerMethod.invokeAndHandle(ServletInvocableHandlerMethod.java:123)
	at org.springframework.web.servlet.mvc.method.annotation.ExceptionHandlerExceptionResolver.doResolveHandlerMethodException(ExceptionHandlerExceptionResolver.java:407)
	at org.springframework.web.servlet.handler.AbstractHandlerMethodExceptionResolver.doResolveException(AbstractHandlerMethodExceptionResolver.java:61)
	at org.springframework.web.servlet.handler.AbstractHandlerExceptionResolver.resolveException(AbstractHandlerExceptionResolver.java:141)
	at org.springframework.web.servlet.handler.HandlerExceptionResolverComposite.resolveException(HandlerExceptionResolverComposite.java:80)
	at org.springframework.web.servlet.DispatcherServlet.processHandlerException(DispatcherServlet.java:1300)
	at org.springframework.web.servlet.DispatcherServlet.processDispatchResult(DispatcherServlet.java:1111)
	at org.springframework.web.servlet.DispatcherServlet.doDispatch(DispatcherServlet.java:1057)
	at org.springframework.web.servlet.DispatcherServlet.doService(DispatcherServlet.java:943)
	at org.springframework.web.servlet.FrameworkServlet.processRequest(FrameworkServlet.java:1006)
	at org.springframework.web.servlet.FrameworkServlet.doGet(FrameworkServlet.java:898)
	at javax.servlet.http.HttpServlet.service(HttpServlet.java:626)
	at org.springframework.web.servlet.FrameworkServlet.service(FrameworkServlet.java:883)
	at javax.servlet.http.HttpServlet.service(HttpServlet.java:733)
	at org.apache.catalina.core.ApplicationFilterChain.internalDoFilter(ApplicationFilterChain.java:231)
	at org.apache.catalina.core.ApplicationFilterChain.doFilter(ApplicationFilterChain.java:166)
	at org.apache.tomcat.websocket.server.WsFilter.doFilter(WsFilter.java:53)
	at org.apache.catalina.core.ApplicationFilterChain.internalDoFilter(ApplicationFilterChain.java:193)
	at org.apache.catalina.core.ApplicationFilterChain.doFilter(ApplicationFilterChain.java:166)
	at org.springframework.web.filter.CorsFilter.doFilterInternal(CorsFilter.java:92)
	at org.springframework.web.filter.OncePerRequestFilter.doFilter(OncePerRequestFilter.java:119)
	at org.apache.catalina.core.ApplicationFilterChain.internalDoFilter(ApplicationFilterChain.java:193)
	at org.apache.catalina.core.ApplicationFilterChain.doFilter(ApplicationFilterChain.java:166)
	at org.springframework.web.filter.RequestContextFilter.doFilterInternal(RequestContextFilter.java:100)
	at org.springframework.web.filter.OncePerRequestFilter.doFilter(OncePerRequestFilter.java:119)
	at org.apache.catalina.core.ApplicationFilterChain.internalDoFilter(ApplicationFilterChain.java:193)
	at org.apache.catalina.core.ApplicationFilterChain.doFilter(ApplicationFilterChain.java:166)
	at org.springframework.web.filter.FormContentFilter.doFilterInternal(FormContentFilter.java:93)
	at org.springframework.web.filter.OncePerRequestFilter.doFilter(OncePerRequestFilter.java:119)
	at org.apache.catalina.core.ApplicationFilterChain.internalDoFilter(ApplicationFilterChain.java:193)
	at org.apache.catalina.core.ApplicationFilterChain.doFilter(ApplicationFilterChain.java:166)
	at org.springframework.web.filter.CharacterEncodingFilter.doFilterInternal(CharacterEncodingFilter.java:201)
	at org.springframework.web.filter.OncePerRequestFilter.doFilter(OncePerRequestFilter.java:119)
	at org.apache.catalina.core.ApplicationFilterChain.internalDoFilter(ApplicationFilterChain.java:193)
	at org.apache.catalina.core.ApplicationFilterChain.doFilter(ApplicationFilterChain.java:166)
	at org.apache.catalina.core.StandardWrapperValve.invoke(StandardWrapperValve.java:202)
	at org.apache.catalina.core.StandardContextValve.invoke(StandardContextValve.java:97)
	at org.apache.catalina.authenticator.AuthenticatorBase.invoke(AuthenticatorBase.java:542)
	at org.apache.catalina.core.StandardHostValve.invoke(StandardHostValve.java:143)
	at org.apache.catalina.valves.ErrorReportValve.invoke(ErrorReportValve.java:92)
	at org.apache.catalina.core.StandardEngineValve.invoke(StandardEngineValve.java:78)
	at org.apache.catalina.connector.CoyoteAdapter.service(CoyoteAdapter.java:343)
	at org.apache.coyote.http11.Http11Processor.service(Http11Processor.java:374)
	at org.apache.coyote.AbstractProcessorLight.process(AbstractProcessorLight.java:65)
	at org.apache.coyote.AbstractProtocol$ConnectionHandler.process(AbstractProtocol.java:888)
	at org.apache.tomcat.util.net.NioEndpoint$SocketProcessor.doRun(NioEndpoint.java:1597)
	at org.apache.tomcat.util.net.SocketProcessorBase.run(SocketProcessorBase.java:49)
	at java.util.concurrent.ThreadPoolExecutor.runWorker(ThreadPoolExecutor.java:1149)
	at java.util.concurrent.ThreadPoolExecutor$Worker.run(ThreadPoolExecutor.java:624)
	at org.apache.tomcat.util.threads.TaskThread$WrappingRunnable.run(TaskThread.java:61)
	at java.lang.Thread.run(Thread.java:750)
