2023-11-03 09:22:10.827 [restartedMain] WARN  [,] c.b.mybatisplus.core.injector.DefaultSqlInjector - class com.benewake.saleordersystem.entity.InquiryCode ,Not found @TableId annotation, Cannot use Mybatis-Plus 'xxById' Method.
2023-11-03 09:22:10.849 [restartedMain] WARN  [,] c.b.mybatisplus.core.injector.DefaultSqlInjector - interface java.util.Map ,Not found @TableId annotation, Cannot use Mybatis-Plus 'xxById' Method.
2023-11-03 09:22:12.807 [restartedMain] WARN  [,] c.b.mybatisplus.core.injector.DefaultSqlInjector - class com.benewake.saleordersystem.entity.Past.PastPredictionCompany ,Not found @TableId annotation, Cannot use Mybatis-Plus 'xxById' Method.
2023-11-03 09:25:06.118 [restartedMain] WARN  [,] c.b.mybatisplus.core.injector.DefaultSqlInjector - class com.benewake.saleordersystem.entity.InquiryCode ,Not found @TableId annotation, Cannot use Mybatis-Plus 'xxById' Method.
2023-11-03 09:25:06.138 [restartedMain] WARN  [,] c.b.mybatisplus.core.injector.DefaultSqlInjector - interface java.util.Map ,Not found @TableId annotation, Cannot use Mybatis-Plus 'xxById' Method.
2023-11-03 09:25:07.672 [restartedMain] WARN  [,] c.b.mybatisplus.core.injector.DefaultSqlInjector - class com.benewake.saleordersystem.entity.Past.PastPredictionCompany ,Not found @TableId annotation, Cannot use Mybatis-Plus 'xxById' Method.
2023-11-03 09:25:19.412 [http-nio-8080-exec-4] WARN  [,] o.s.w.s.m.m.a.ExceptionHandlerExceptionResolver - Resolved [org.springframework.jdbc.BadSqlGrammarException: 
### Error querying database.  Cause: java.sql.SQLSyntaxErrorException: Unknown column 'create_time' in 'field list'
### The error may exist in com/benewake/saleordersystem/mapper/Vo/SalesOrderVoMapper.java (best guess)
### The error may involve com.benewake.saleordersystem.mapper.Vo.SalesOrderVoMapper.selectListByFilter-Inline
### The error occurred while setting parameters
### SQL: select distinct (inquiry_id),inquiry_code,inquiry_init_type,state,created_user_name,item_type,allow_inquiry,inquiry_type,item_code,item_name,customer_name,salesman_name,sale_num,expected_time,arranged_time,delay,customer_type,order_delivery_progress,delivery_code,receive_time,delivery_state,customize,remark,create_time,update_time from (select inquiry_id as inquiry_id,(case when state=-1 then '无效' when state=0 then '保存' else concat('询单',state,'次') end) as state,a.inquiry_code as inquiry_code,sale_num as sale_num,expected_time as expected_time,arranged_time as arranged_time,allow_inquiry as allow_inquiry,created_user as created_user,salesman_id as salesman_id,a.item_id as item_id,a.customer_id as customer_id,remark as remark,(case when order_delivery_progress is null then '未发货' when order_delivery_progress = 80 then '已签收' when order_delivery_progress = 40 then '海外订单'else '已发货客户未签收' end) as order_delivery_progress,delivery_code,receive_time,delivery_state,delay as delay,(case when item_type = 1 then '已有标品' when item_type = 2 then '已有定制' when item_type = 3 then '新增软件定制' when item_type = 4 then '新增原材料定制'  when item_type = 5 then '新增原材料+软件定制' else '错误物料类型' end) as item_type,item_code as item_code,item_name as item_name,(case when inquiry_type = 1 then 'PO(客户付款)' when inquiry_type = 2 then 'PR(客户提出付款意向)' when inquiry_type = 3 then 'YG(供应链预估)' when inquiry_type = 4 then 'YC(销售预测)' when inquiry_type = 5 then 'XD(意向询单)' else 'ER(错误)' end) as inquiry_type,(case when item_type = 1 or item_type = 2 then '否' when item_type = 3 or item_type = 4 or item_type = 5 then '是' else '错误' end) as customize,(case when customer_type is null then '日常' else customer_type end) as customer_type,(case when inquiry_init_type = 5 then '销售询单' when inquiry_init_type = 4 then '销售预测' when inquiry_init_type = 3 then '供应链预估' else '错误的初始类型' end) as inquiry_init_type from (select fim_inquiry_table.inquiry_id,inquiry_code as inquiry_code,state as state,inquiry_init_type as inquiry_init_type,inquiry_type as inquiry_type,sale_num as sale_num,expected_time as expected_time,arranged_time as arranged_time,created_user as created_user,salesman_id as salesman_id,item_id as item_id,customer_id as customer_id,remark as remark,allow_inquiry as allow_inquiry,(case when arranged_time > expected_time then '是' else '否' end )as delay from fim_inquiry_table left join (select SUBSTRING_INDEX(GROUP_CONCAT(inquiry_id ORDER BY created_time desc),',',1) as inquiry_id,SUBSTRING_INDEX(GROUP_CONCAT(inquiry_type ORDER BY created_time asc),',',1) as inquiry_init_type from fim_inquiry_table group by inquiry_code) as bb on bb.inquiry_id = fim_inquiry_table.inquiry_id WHERE (bb.inquiry_id IS NOT NULL AND state >= ?)) as a left join (select customer_id,item_id,customer_type from fim_customer_type_table) as d on a.customer_id = d.customer_id and d.item_id = a.item_id left join (SELECT inquiry_code, MIN( created_time ) AS create_time, MAX( created_time ) AS update_time FROM fim_inquiry_table GROUP BY inquiry_code )as z on a.inquiry_code=z.inquiry_code  left join (select item_id,item_code,item_name,item_type from fim_item_table WHERE (item_code IS NOT NULL)) as e on e.item_id = a.item_id left join(select inquiry_code,delivery_state as order_delivery_progress,delivery_code as delivery_code,receive_time as receive_time,delivery_latest_state as delivery_state from delivery_table) as j on j.inquiry_code = a.inquiry_code WHERE (item_code IS NOT NULL)) as a left join (select FIM_user_id,FIM_user_name as salesman_name from fim_users_table WHERE (FIM_user_name IS NOT NULL)) as b on a.salesman_id = b.FIM_user_id left join (select FIM_user_id,FIM_user_name as created_user_name from fim_users_table WHERE (FIM_user_name IS NOT NULL)) as c on a.created_user = c.FIM_user_id left join (select customer_id,customer_name from fim_customer_table WHERE (customer_name IS NOT NULL)) as f on a.customer_id = f.customer_id WHERE (customer_name IS NOT NULL AND created_user_name IS NOT NULL AND salesman_name IS NOT NULL AND (created_user_name = ? OR salesman_name = ?)) order by inquiry_code desc
### Cause: java.sql.SQLSyntaxErrorException: Unknown column 'create_time' in 'field list'
; bad SQL grammar []; nested exception is java.sql.SQLSyntaxErrorException: Unknown column 'create_time' in 'field list']
2023-11-03 09:30:57.127 [restartedMain] WARN  [,] c.b.mybatisplus.core.injector.DefaultSqlInjector - class com.benewake.saleordersystem.entity.InquiryCode ,Not found @TableId annotation, Cannot use Mybatis-Plus 'xxById' Method.
2023-11-03 09:30:57.145 [restartedMain] WARN  [,] c.b.mybatisplus.core.injector.DefaultSqlInjector - interface java.util.Map ,Not found @TableId annotation, Cannot use Mybatis-Plus 'xxById' Method.
2023-11-03 09:30:58.595 [restartedMain] WARN  [,] c.b.mybatisplus.core.injector.DefaultSqlInjector - class com.benewake.saleordersystem.entity.Past.PastPredictionCompany ,Not found @TableId annotation, Cannot use Mybatis-Plus 'xxById' Method.
2023-11-03 09:39:26.478 [restartedMain] WARN  [,] c.b.mybatisplus.core.injector.DefaultSqlInjector - class com.benewake.saleordersystem.entity.InquiryCode ,Not found @TableId annotation, Cannot use Mybatis-Plus 'xxById' Method.
2023-11-03 09:39:26.495 [restartedMain] WARN  [,] c.b.mybatisplus.core.injector.DefaultSqlInjector - interface java.util.Map ,Not found @TableId annotation, Cannot use Mybatis-Plus 'xxById' Method.
2023-11-03 09:39:27.935 [restartedMain] WARN  [,] c.b.mybatisplus.core.injector.DefaultSqlInjector - class com.benewake.saleordersystem.entity.Past.PastPredictionCompany ,Not found @TableId annotation, Cannot use Mybatis-Plus 'xxById' Method.
2023-11-03 10:07:35.460 [restartedMain] WARN  [,] c.b.mybatisplus.core.injector.DefaultSqlInjector - class com.benewake.saleordersystem.entity.InquiryCode ,Not found @TableId annotation, Cannot use Mybatis-Plus 'xxById' Method.
2023-11-03 10:07:35.482 [restartedMain] WARN  [,] c.b.mybatisplus.core.injector.DefaultSqlInjector - interface java.util.Map ,Not found @TableId annotation, Cannot use Mybatis-Plus 'xxById' Method.
2023-11-03 10:07:37.004 [restartedMain] WARN  [,] c.b.mybatisplus.core.injector.DefaultSqlInjector - class com.benewake.saleordersystem.entity.Past.PastPredictionCompany ,Not found @TableId annotation, Cannot use Mybatis-Plus 'xxById' Method.
2023-11-03 10:18:56.755 [restartedMain] WARN  [,] c.b.mybatisplus.core.injector.DefaultSqlInjector - class com.benewake.saleordersystem.entity.InquiryCode ,Not found @TableId annotation, Cannot use Mybatis-Plus 'xxById' Method.
2023-11-03 10:18:56.779 [restartedMain] WARN  [,] c.b.mybatisplus.core.injector.DefaultSqlInjector - interface java.util.Map ,Not found @TableId annotation, Cannot use Mybatis-Plus 'xxById' Method.
2023-11-03 10:18:58.625 [restartedMain] WARN  [,] c.b.mybatisplus.core.injector.DefaultSqlInjector - class com.benewake.saleordersystem.entity.Past.PastPredictionCompany ,Not found @TableId annotation, Cannot use Mybatis-Plus 'xxById' Method.
2023-11-03 10:21:05.036 [restartedMain] WARN  [,] c.b.mybatisplus.core.injector.DefaultSqlInjector - class com.benewake.saleordersystem.entity.InquiryCode ,Not found @TableId annotation, Cannot use Mybatis-Plus 'xxById' Method.
2023-11-03 10:21:05.060 [restartedMain] WARN  [,] c.b.mybatisplus.core.injector.DefaultSqlInjector - interface java.util.Map ,Not found @TableId annotation, Cannot use Mybatis-Plus 'xxById' Method.
2023-11-03 10:21:07.082 [restartedMain] WARN  [,] c.b.mybatisplus.core.injector.DefaultSqlInjector - class com.benewake.saleordersystem.entity.Past.PastPredictionCompany ,Not found @TableId annotation, Cannot use Mybatis-Plus 'xxById' Method.
2023-11-03 10:21:09.441 [restartedMain] WARN  [,] c.b.mybatisplus.core.injector.DefaultSqlInjector - class com.benewake.saleordersystem.entity.InquiryCode ,Not found @TableId annotation, Cannot use Mybatis-Plus 'xxById' Method.
2023-11-03 10:21:09.476 [restartedMain] WARN  [,] c.b.mybatisplus.core.injector.DefaultSqlInjector - interface java.util.Map ,Not found @TableId annotation, Cannot use Mybatis-Plus 'xxById' Method.
2023-11-03 10:21:12.938 [restartedMain] WARN  [,] o.s.b.d.autoconfigure.OptionalLiveReloadServer - Unable to start LiveReload server
2023-11-03 10:21:13.824 [restartedMain] WARN  [,] c.b.mybatisplus.core.injector.DefaultSqlInjector - class com.benewake.saleordersystem.entity.Past.PastPredictionCompany ,Not found @TableId annotation, Cannot use Mybatis-Plus 'xxById' Method.
2023-11-03 10:21:13.980 [restartedMain] WARN  [,] o.s.b.w.s.c.AnnotationConfigServletWebServerApplicationContext - Exception encountered during context initialization - cancelling refresh attempt: org.springframework.context.ApplicationContextException: Failed to start bean 'webServerStartStop'; nested exception is org.springframework.boot.web.server.PortInUseException: Port 8080 is already in use
2023-11-03 10:21:46.575 [restartedMain] WARN  [,] c.b.mybatisplus.core.injector.DefaultSqlInjector - class com.benewake.saleordersystem.entity.InquiryCode ,Not found @TableId annotation, Cannot use Mybatis-Plus 'xxById' Method.
2023-11-03 10:21:46.593 [restartedMain] WARN  [,] c.b.mybatisplus.core.injector.DefaultSqlInjector - interface java.util.Map ,Not found @TableId annotation, Cannot use Mybatis-Plus 'xxById' Method.
2023-11-03 10:21:48.238 [restartedMain] WARN  [,] c.b.mybatisplus.core.injector.DefaultSqlInjector - class com.benewake.saleordersystem.entity.Past.PastPredictionCompany ,Not found @TableId annotation, Cannot use Mybatis-Plus 'xxById' Method.
2023-11-03 10:26:07.930 [restartedMain] WARN  [,] c.b.mybatisplus.core.injector.DefaultSqlInjector - class com.benewake.saleordersystem.entity.InquiryCode ,Not found @TableId annotation, Cannot use Mybatis-Plus 'xxById' Method.
2023-11-03 10:26:07.953 [restartedMain] WARN  [,] c.b.mybatisplus.core.injector.DefaultSqlInjector - interface java.util.Map ,Not found @TableId annotation, Cannot use Mybatis-Plus 'xxById' Method.
2023-11-03 10:26:09.436 [restartedMain] WARN  [,] c.b.mybatisplus.core.injector.DefaultSqlInjector - class com.benewake.saleordersystem.entity.Past.PastPredictionCompany ,Not found @TableId annotation, Cannot use Mybatis-Plus 'xxById' Method.
2023-11-03 10:27:16.079 [restartedMain] WARN  [,] c.b.mybatisplus.core.injector.DefaultSqlInjector - class com.benewake.saleordersystem.entity.InquiryCode ,Not found @TableId annotation, Cannot use Mybatis-Plus 'xxById' Method.
2023-11-03 10:27:16.098 [restartedMain] WARN  [,] c.b.mybatisplus.core.injector.DefaultSqlInjector - interface java.util.Map ,Not found @TableId annotation, Cannot use Mybatis-Plus 'xxById' Method.
2023-11-03 10:27:17.490 [restartedMain] WARN  [,] c.b.mybatisplus.core.injector.DefaultSqlInjector - class com.benewake.saleordersystem.entity.Past.PastPredictionCompany ,Not found @TableId annotation, Cannot use Mybatis-Plus 'xxById' Method.
2023-11-03 10:28:21.502 [restartedMain] WARN  [,] c.b.mybatisplus.core.injector.DefaultSqlInjector - class com.benewake.saleordersystem.entity.InquiryCode ,Not found @TableId annotation, Cannot use Mybatis-Plus 'xxById' Method.
2023-11-03 10:28:21.521 [restartedMain] WARN  [,] c.b.mybatisplus.core.injector.DefaultSqlInjector - interface java.util.Map ,Not found @TableId annotation, Cannot use Mybatis-Plus 'xxById' Method.
2023-11-03 10:28:22.980 [restartedMain] WARN  [,] c.b.mybatisplus.core.injector.DefaultSqlInjector - class com.benewake.saleordersystem.entity.Past.PastPredictionCompany ,Not found @TableId annotation, Cannot use Mybatis-Plus 'xxById' Method.
