2023-10-13 14:03:08.587 [http-nio-8080-exec-4] ERROR [,] c.b.s.controller.advice.ExceptionAdvice - 服务器发生异常：JSON parse error: Cannot deserialize instance of `java.lang.Integer` out of START_ARRAY token; nested exception is com.fasterxml.jackson.databind.exc.MismatchedInputException: Cannot deserialize instance of `java.lang.Integer` out of START_ARRAY token
 at [Source: (PushbackInputStream); line: 4, column: 24] (through reference chain: java.util.LinkedHashMap["filterCriterias"])
2023-10-13 14:03:08.716 [http-nio-8080-exec-4] ERROR [,] c.b.s.controller.advice.ExceptionAdvice - org.springframework.http.converter.json.AbstractJackson2HttpMessageConverter.readJavaType(AbstractJackson2HttpMessageConverter.java:285)
2023-10-13 14:03:08.767 [http-nio-8080-exec-4] ERROR [,] c.b.s.controller.advice.ExceptionAdvice - org.springframework.http.converter.json.AbstractJackson2HttpMessageConverter.read(AbstractJackson2HttpMessageConverter.java:243)
2023-10-13 14:03:08.767 [http-nio-8080-exec-4] ERROR [,] c.b.s.controller.advice.ExceptionAdvice - org.springframework.web.servlet.mvc.method.annotation.AbstractMessageConverterMethodArgumentResolver.readWithMessageConverters(AbstractMessageConverterMethodArgumentResolver.java:205)
2023-10-13 14:03:08.767 [http-nio-8080-exec-4] ERROR [,] c.b.s.controller.advice.ExceptionAdvice - org.springframework.web.servlet.mvc.method.annotation.RequestResponseBodyMethodProcessor.readWithMessageConverters(RequestResponseBodyMethodProcessor.java:158)
2023-10-13 14:03:08.767 [http-nio-8080-exec-4] ERROR [,] c.b.s.controller.advice.ExceptionAdvice - org.springframework.web.servlet.mvc.method.annotation.RequestResponseBodyMethodProcessor.resolveArgument(RequestResponseBodyMethodProcessor.java:131)
2023-10-13 14:03:08.767 [http-nio-8080-exec-4] ERROR [,] c.b.s.controller.advice.ExceptionAdvice - org.springframework.web.method.support.HandlerMethodArgumentResolverComposite.resolveArgument(HandlerMethodArgumentResolverComposite.java:121)
2023-10-13 14:03:08.767 [http-nio-8080-exec-4] ERROR [,] c.b.s.controller.advice.ExceptionAdvice - org.springframework.web.method.support.InvocableHandlerMethod.getMethodArgumentValues(InvocableHandlerMethod.java:167)
2023-10-13 14:03:08.767 [http-nio-8080-exec-4] ERROR [,] c.b.s.controller.advice.ExceptionAdvice - org.springframework.web.method.support.InvocableHandlerMethod.invokeForRequest(InvocableHandlerMethod.java:134)
2023-10-13 14:03:08.767 [http-nio-8080-exec-4] ERROR [,] c.b.s.controller.advice.ExceptionAdvice - org.springframework.web.servlet.mvc.method.annotation.ServletInvocableHandlerMethod.invokeAndHandle(ServletInvocableHandlerMethod.java:105)
2023-10-13 14:03:08.767 [http-nio-8080-exec-4] ERROR [,] c.b.s.controller.advice.ExceptionAdvice - org.springframework.web.servlet.mvc.method.annotation.RequestMappingHandlerAdapter.invokeHandlerMethod(RequestMappingHandlerAdapter.java:878)
2023-10-13 14:03:08.767 [http-nio-8080-exec-4] ERROR [,] c.b.s.controller.advice.ExceptionAdvice - org.springframework.web.servlet.mvc.method.annotation.RequestMappingHandlerAdapter.handleInternal(RequestMappingHandlerAdapter.java:792)
2023-10-13 14:03:08.767 [http-nio-8080-exec-4] ERROR [,] c.b.s.controller.advice.ExceptionAdvice - org.springframework.web.servlet.mvc.method.AbstractHandlerMethodAdapter.handle(AbstractHandlerMethodAdapter.java:87)
2023-10-13 14:03:08.767 [http-nio-8080-exec-4] ERROR [,] c.b.s.controller.advice.ExceptionAdvice - org.springframework.web.servlet.DispatcherServlet.doDispatch(DispatcherServlet.java:1040)
2023-10-13 14:03:08.767 [http-nio-8080-exec-4] ERROR [,] c.b.s.controller.advice.ExceptionAdvice - org.springframework.web.servlet.DispatcherServlet.doService(DispatcherServlet.java:943)
2023-10-13 14:03:08.767 [http-nio-8080-exec-4] ERROR [,] c.b.s.controller.advice.ExceptionAdvice - org.springframework.web.servlet.FrameworkServlet.processRequest(FrameworkServlet.java:1006)
2023-10-13 14:03:08.767 [http-nio-8080-exec-4] ERROR [,] c.b.s.controller.advice.ExceptionAdvice - org.springframework.web.servlet.FrameworkServlet.doPost(FrameworkServlet.java:909)
2023-10-13 14:03:08.767 [http-nio-8080-exec-4] ERROR [,] c.b.s.controller.advice.ExceptionAdvice - javax.servlet.http.HttpServlet.service(HttpServlet.java:652)
2023-10-13 14:03:08.767 [http-nio-8080-exec-4] ERROR [,] c.b.s.controller.advice.ExceptionAdvice - org.springframework.web.servlet.FrameworkServlet.service(FrameworkServlet.java:883)
2023-10-13 14:03:08.768 [http-nio-8080-exec-4] ERROR [,] c.b.s.controller.advice.ExceptionAdvice - javax.servlet.http.HttpServlet.service(HttpServlet.java:733)
2023-10-13 14:03:08.768 [http-nio-8080-exec-4] ERROR [,] c.b.s.controller.advice.ExceptionAdvice - org.apache.catalina.core.ApplicationFilterChain.internalDoFilter(ApplicationFilterChain.java:231)
2023-10-13 14:03:08.768 [http-nio-8080-exec-4] ERROR [,] c.b.s.controller.advice.ExceptionAdvice - org.apache.catalina.core.ApplicationFilterChain.doFilter(ApplicationFilterChain.java:166)
2023-10-13 14:03:08.768 [http-nio-8080-exec-4] ERROR [,] c.b.s.controller.advice.ExceptionAdvice - org.apache.tomcat.websocket.server.WsFilter.doFilter(WsFilter.java:53)
2023-10-13 14:03:08.768 [http-nio-8080-exec-4] ERROR [,] c.b.s.controller.advice.ExceptionAdvice - org.apache.catalina.core.ApplicationFilterChain.internalDoFilter(ApplicationFilterChain.java:193)
2023-10-13 14:03:08.768 [http-nio-8080-exec-4] ERROR [,] c.b.s.controller.advice.ExceptionAdvice - org.apache.catalina.core.ApplicationFilterChain.doFilter(ApplicationFilterChain.java:166)
2023-10-13 14:03:08.768 [http-nio-8080-exec-4] ERROR [,] c.b.s.controller.advice.ExceptionAdvice - org.springframework.web.filter.CorsFilter.doFilterInternal(CorsFilter.java:92)
2023-10-13 14:03:08.768 [http-nio-8080-exec-4] ERROR [,] c.b.s.controller.advice.ExceptionAdvice - org.springframework.web.filter.OncePerRequestFilter.doFilter(OncePerRequestFilter.java:119)
2023-10-13 14:03:08.768 [http-nio-8080-exec-4] ERROR [,] c.b.s.controller.advice.ExceptionAdvice - org.apache.catalina.core.ApplicationFilterChain.internalDoFilter(ApplicationFilterChain.java:193)
2023-10-13 14:03:08.768 [http-nio-8080-exec-4] ERROR [,] c.b.s.controller.advice.ExceptionAdvice - org.apache.catalina.core.ApplicationFilterChain.doFilter(ApplicationFilterChain.java:166)
2023-10-13 14:03:08.768 [http-nio-8080-exec-4] ERROR [,] c.b.s.controller.advice.ExceptionAdvice - org.springframework.web.filter.RequestContextFilter.doFilterInternal(RequestContextFilter.java:100)
2023-10-13 14:03:08.768 [http-nio-8080-exec-4] ERROR [,] c.b.s.controller.advice.ExceptionAdvice - org.springframework.web.filter.OncePerRequestFilter.doFilter(OncePerRequestFilter.java:119)
2023-10-13 14:03:08.768 [http-nio-8080-exec-4] ERROR [,] c.b.s.controller.advice.ExceptionAdvice - org.apache.catalina.core.ApplicationFilterChain.internalDoFilter(ApplicationFilterChain.java:193)
2023-10-13 14:03:08.768 [http-nio-8080-exec-4] ERROR [,] c.b.s.controller.advice.ExceptionAdvice - org.apache.catalina.core.ApplicationFilterChain.doFilter(ApplicationFilterChain.java:166)
2023-10-13 14:03:08.768 [http-nio-8080-exec-4] ERROR [,] c.b.s.controller.advice.ExceptionAdvice - org.springframework.web.filter.FormContentFilter.doFilterInternal(FormContentFilter.java:93)
2023-10-13 14:03:08.768 [http-nio-8080-exec-4] ERROR [,] c.b.s.controller.advice.ExceptionAdvice - org.springframework.web.filter.OncePerRequestFilter.doFilter(OncePerRequestFilter.java:119)
2023-10-13 14:03:08.768 [http-nio-8080-exec-4] ERROR [,] c.b.s.controller.advice.ExceptionAdvice - org.apache.catalina.core.ApplicationFilterChain.internalDoFilter(ApplicationFilterChain.java:193)
2023-10-13 14:03:08.768 [http-nio-8080-exec-4] ERROR [,] c.b.s.controller.advice.ExceptionAdvice - org.apache.catalina.core.ApplicationFilterChain.doFilter(ApplicationFilterChain.java:166)
2023-10-13 14:03:08.768 [http-nio-8080-exec-4] ERROR [,] c.b.s.controller.advice.ExceptionAdvice - org.springframework.web.filter.CharacterEncodingFilter.doFilterInternal(CharacterEncodingFilter.java:201)
2023-10-13 14:03:08.768 [http-nio-8080-exec-4] ERROR [,] c.b.s.controller.advice.ExceptionAdvice - org.springframework.web.filter.OncePerRequestFilter.doFilter(OncePerRequestFilter.java:119)
2023-10-13 14:03:08.769 [http-nio-8080-exec-4] ERROR [,] c.b.s.controller.advice.ExceptionAdvice - org.apache.catalina.core.ApplicationFilterChain.internalDoFilter(ApplicationFilterChain.java:193)
2023-10-13 14:03:08.769 [http-nio-8080-exec-4] ERROR [,] c.b.s.controller.advice.ExceptionAdvice - org.apache.catalina.core.ApplicationFilterChain.doFilter(ApplicationFilterChain.java:166)
2023-10-13 14:03:08.769 [http-nio-8080-exec-4] ERROR [,] c.b.s.controller.advice.ExceptionAdvice - org.apache.catalina.core.StandardWrapperValve.invoke(StandardWrapperValve.java:202)
2023-10-13 14:03:08.769 [http-nio-8080-exec-4] ERROR [,] c.b.s.controller.advice.ExceptionAdvice - org.apache.catalina.core.StandardContextValve.invoke(StandardContextValve.java:97)
2023-10-13 14:03:08.769 [http-nio-8080-exec-4] ERROR [,] c.b.s.controller.advice.ExceptionAdvice - org.apache.catalina.authenticator.AuthenticatorBase.invoke(AuthenticatorBase.java:542)
2023-10-13 14:03:08.769 [http-nio-8080-exec-4] ERROR [,] c.b.s.controller.advice.ExceptionAdvice - org.apache.catalina.core.StandardHostValve.invoke(StandardHostValve.java:143)
2023-10-13 14:03:08.769 [http-nio-8080-exec-4] ERROR [,] c.b.s.controller.advice.ExceptionAdvice - org.apache.catalina.valves.ErrorReportValve.invoke(ErrorReportValve.java:92)
2023-10-13 14:03:08.769 [http-nio-8080-exec-4] ERROR [,] c.b.s.controller.advice.ExceptionAdvice - org.apache.catalina.core.StandardEngineValve.invoke(StandardEngineValve.java:78)
2023-10-13 14:03:08.769 [http-nio-8080-exec-4] ERROR [,] c.b.s.controller.advice.ExceptionAdvice - org.apache.catalina.connector.CoyoteAdapter.service(CoyoteAdapter.java:343)
2023-10-13 14:03:08.769 [http-nio-8080-exec-4] ERROR [,] c.b.s.controller.advice.ExceptionAdvice - org.apache.coyote.http11.Http11Processor.service(Http11Processor.java:374)
2023-10-13 14:03:08.770 [http-nio-8080-exec-4] ERROR [,] c.b.s.controller.advice.ExceptionAdvice - org.apache.coyote.AbstractProcessorLight.process(AbstractProcessorLight.java:65)
2023-10-13 14:03:08.770 [http-nio-8080-exec-4] ERROR [,] c.b.s.controller.advice.ExceptionAdvice - org.apache.coyote.AbstractProtocol$ConnectionHandler.process(AbstractProtocol.java:888)
2023-10-13 14:03:08.770 [http-nio-8080-exec-4] ERROR [,] c.b.s.controller.advice.ExceptionAdvice - org.apache.tomcat.util.net.NioEndpoint$SocketProcessor.doRun(NioEndpoint.java:1597)
2023-10-13 14:03:08.770 [http-nio-8080-exec-4] ERROR [,] c.b.s.controller.advice.ExceptionAdvice - org.apache.tomcat.util.net.SocketProcessorBase.run(SocketProcessorBase.java:49)
2023-10-13 14:03:08.770 [http-nio-8080-exec-4] ERROR [,] c.b.s.controller.advice.ExceptionAdvice - java.util.concurrent.ThreadPoolExecutor.runWorker(ThreadPoolExecutor.java:1149)
2023-10-13 14:03:08.770 [http-nio-8080-exec-4] ERROR [,] c.b.s.controller.advice.ExceptionAdvice - java.util.concurrent.ThreadPoolExecutor$Worker.run(ThreadPoolExecutor.java:624)
2023-10-13 14:03:08.770 [http-nio-8080-exec-4] ERROR [,] c.b.s.controller.advice.ExceptionAdvice - org.apache.tomcat.util.threads.TaskThread$WrappingRunnable.run(TaskThread.java:61)
2023-10-13 14:03:08.770 [http-nio-8080-exec-4] ERROR [,] c.b.s.controller.advice.ExceptionAdvice - java.lang.Thread.run(Thread.java:750)
2023-10-13 14:03:23.696 [http-nio-8080-exec-10] ERROR [,] c.b.s.controller.advice.ExceptionAdvice - 服务器发生异常：JSON parse error: Cannot deserialize instance of `java.lang.Integer` out of START_ARRAY token; nested exception is com.fasterxml.jackson.databind.exc.MismatchedInputException: Cannot deserialize instance of `java.lang.Integer` out of START_ARRAY token
 at [Source: (PushbackInputStream); line: 4, column: 24] (through reference chain: java.util.LinkedHashMap["filterCriterias"])
2023-10-13 14:03:23.696 [http-nio-8080-exec-10] ERROR [,] c.b.s.controller.advice.ExceptionAdvice - org.springframework.http.converter.json.AbstractJackson2HttpMessageConverter.readJavaType(AbstractJackson2HttpMessageConverter.java:285)
2023-10-13 14:03:23.696 [http-nio-8080-exec-10] ERROR [,] c.b.s.controller.advice.ExceptionAdvice - org.springframework.http.converter.json.AbstractJackson2HttpMessageConverter.read(AbstractJackson2HttpMessageConverter.java:243)
2023-10-13 14:03:23.696 [http-nio-8080-exec-10] ERROR [,] c.b.s.controller.advice.ExceptionAdvice - org.springframework.web.servlet.mvc.method.annotation.AbstractMessageConverterMethodArgumentResolver.readWithMessageConverters(AbstractMessageConverterMethodArgumentResolver.java:205)
2023-10-13 14:03:23.697 [http-nio-8080-exec-10] ERROR [,] c.b.s.controller.advice.ExceptionAdvice - org.springframework.web.servlet.mvc.method.annotation.RequestResponseBodyMethodProcessor.readWithMessageConverters(RequestResponseBodyMethodProcessor.java:158)
2023-10-13 14:03:23.697 [http-nio-8080-exec-10] ERROR [,] c.b.s.controller.advice.ExceptionAdvice - org.springframework.web.servlet.mvc.method.annotation.RequestResponseBodyMethodProcessor.resolveArgument(RequestResponseBodyMethodProcessor.java:131)
2023-10-13 14:03:23.697 [http-nio-8080-exec-10] ERROR [,] c.b.s.controller.advice.ExceptionAdvice - org.springframework.web.method.support.HandlerMethodArgumentResolverComposite.resolveArgument(HandlerMethodArgumentResolverComposite.java:121)
2023-10-13 14:03:23.697 [http-nio-8080-exec-10] ERROR [,] c.b.s.controller.advice.ExceptionAdvice - org.springframework.web.method.support.InvocableHandlerMethod.getMethodArgumentValues(InvocableHandlerMethod.java:167)
2023-10-13 14:03:23.697 [http-nio-8080-exec-10] ERROR [,] c.b.s.controller.advice.ExceptionAdvice - org.springframework.web.method.support.InvocableHandlerMethod.invokeForRequest(InvocableHandlerMethod.java:134)
2023-10-13 14:03:23.697 [http-nio-8080-exec-10] ERROR [,] c.b.s.controller.advice.ExceptionAdvice - org.springframework.web.servlet.mvc.method.annotation.ServletInvocableHandlerMethod.invokeAndHandle(ServletInvocableHandlerMethod.java:105)
2023-10-13 14:03:23.697 [http-nio-8080-exec-10] ERROR [,] c.b.s.controller.advice.ExceptionAdvice - org.springframework.web.servlet.mvc.method.annotation.RequestMappingHandlerAdapter.invokeHandlerMethod(RequestMappingHandlerAdapter.java:878)
2023-10-13 14:03:23.697 [http-nio-8080-exec-10] ERROR [,] c.b.s.controller.advice.ExceptionAdvice - org.springframework.web.servlet.mvc.method.annotation.RequestMappingHandlerAdapter.handleInternal(RequestMappingHandlerAdapter.java:792)
2023-10-13 14:03:23.697 [http-nio-8080-exec-10] ERROR [,] c.b.s.controller.advice.ExceptionAdvice - org.springframework.web.servlet.mvc.method.AbstractHandlerMethodAdapter.handle(AbstractHandlerMethodAdapter.java:87)
2023-10-13 14:03:23.697 [http-nio-8080-exec-10] ERROR [,] c.b.s.controller.advice.ExceptionAdvice - org.springframework.web.servlet.DispatcherServlet.doDispatch(DispatcherServlet.java:1040)
2023-10-13 14:03:23.697 [http-nio-8080-exec-10] ERROR [,] c.b.s.controller.advice.ExceptionAdvice - org.springframework.web.servlet.DispatcherServlet.doService(DispatcherServlet.java:943)
2023-10-13 14:03:23.697 [http-nio-8080-exec-10] ERROR [,] c.b.s.controller.advice.ExceptionAdvice - org.springframework.web.servlet.FrameworkServlet.processRequest(FrameworkServlet.java:1006)
2023-10-13 14:03:23.697 [http-nio-8080-exec-10] ERROR [,] c.b.s.controller.advice.ExceptionAdvice - org.springframework.web.servlet.FrameworkServlet.doPost(FrameworkServlet.java:909)
2023-10-13 14:03:23.697 [http-nio-8080-exec-10] ERROR [,] c.b.s.controller.advice.ExceptionAdvice - javax.servlet.http.HttpServlet.service(HttpServlet.java:652)
2023-10-13 14:03:23.697 [http-nio-8080-exec-10] ERROR [,] c.b.s.controller.advice.ExceptionAdvice - org.springframework.web.servlet.FrameworkServlet.service(FrameworkServlet.java:883)
2023-10-13 14:03:23.697 [http-nio-8080-exec-10] ERROR [,] c.b.s.controller.advice.ExceptionAdvice - javax.servlet.http.HttpServlet.service(HttpServlet.java:733)
2023-10-13 14:03:23.697 [http-nio-8080-exec-10] ERROR [,] c.b.s.controller.advice.ExceptionAdvice - org.apache.catalina.core.ApplicationFilterChain.internalDoFilter(ApplicationFilterChain.java:231)
2023-10-13 14:03:23.697 [http-nio-8080-exec-10] ERROR [,] c.b.s.controller.advice.ExceptionAdvice - org.apache.catalina.core.ApplicationFilterChain.doFilter(ApplicationFilterChain.java:166)
2023-10-13 14:03:23.697 [http-nio-8080-exec-10] ERROR [,] c.b.s.controller.advice.ExceptionAdvice - org.apache.tomcat.websocket.server.WsFilter.doFilter(WsFilter.java:53)
2023-10-13 14:03:23.697 [http-nio-8080-exec-10] ERROR [,] c.b.s.controller.advice.ExceptionAdvice - org.apache.catalina.core.ApplicationFilterChain.internalDoFilter(ApplicationFilterChain.java:193)
2023-10-13 14:03:23.697 [http-nio-8080-exec-10] ERROR [,] c.b.s.controller.advice.ExceptionAdvice - org.apache.catalina.core.ApplicationFilterChain.doFilter(ApplicationFilterChain.java:166)
2023-10-13 14:03:23.698 [http-nio-8080-exec-10] ERROR [,] c.b.s.controller.advice.ExceptionAdvice - org.springframework.web.filter.CorsFilter.doFilterInternal(CorsFilter.java:92)
2023-10-13 14:03:23.698 [http-nio-8080-exec-10] ERROR [,] c.b.s.controller.advice.ExceptionAdvice - org.springframework.web.filter.OncePerRequestFilter.doFilter(OncePerRequestFilter.java:119)
2023-10-13 14:03:23.698 [http-nio-8080-exec-10] ERROR [,] c.b.s.controller.advice.ExceptionAdvice - org.apache.catalina.core.ApplicationFilterChain.internalDoFilter(ApplicationFilterChain.java:193)
2023-10-13 14:03:23.698 [http-nio-8080-exec-10] ERROR [,] c.b.s.controller.advice.ExceptionAdvice - org.apache.catalina.core.ApplicationFilterChain.doFilter(ApplicationFilterChain.java:166)
2023-10-13 14:03:23.698 [http-nio-8080-exec-10] ERROR [,] c.b.s.controller.advice.ExceptionAdvice - org.springframework.web.filter.RequestContextFilter.doFilterInternal(RequestContextFilter.java:100)
2023-10-13 14:03:23.698 [http-nio-8080-exec-10] ERROR [,] c.b.s.controller.advice.ExceptionAdvice - org.springframework.web.filter.OncePerRequestFilter.doFilter(OncePerRequestFilter.java:119)
2023-10-13 14:03:23.698 [http-nio-8080-exec-10] ERROR [,] c.b.s.controller.advice.ExceptionAdvice - org.apache.catalina.core.ApplicationFilterChain.internalDoFilter(ApplicationFilterChain.java:193)
2023-10-13 14:03:23.698 [http-nio-8080-exec-10] ERROR [,] c.b.s.controller.advice.ExceptionAdvice - org.apache.catalina.core.ApplicationFilterChain.doFilter(ApplicationFilterChain.java:166)
2023-10-13 14:03:23.698 [http-nio-8080-exec-10] ERROR [,] c.b.s.controller.advice.ExceptionAdvice - org.springframework.web.filter.FormContentFilter.doFilterInternal(FormContentFilter.java:93)
2023-10-13 14:03:23.698 [http-nio-8080-exec-10] ERROR [,] c.b.s.controller.advice.ExceptionAdvice - org.springframework.web.filter.OncePerRequestFilter.doFilter(OncePerRequestFilter.java:119)
2023-10-13 14:03:23.698 [http-nio-8080-exec-10] ERROR [,] c.b.s.controller.advice.ExceptionAdvice - org.apache.catalina.core.ApplicationFilterChain.internalDoFilter(ApplicationFilterChain.java:193)
2023-10-13 14:03:23.698 [http-nio-8080-exec-10] ERROR [,] c.b.s.controller.advice.ExceptionAdvice - org.apache.catalina.core.ApplicationFilterChain.doFilter(ApplicationFilterChain.java:166)
2023-10-13 14:03:23.698 [http-nio-8080-exec-10] ERROR [,] c.b.s.controller.advice.ExceptionAdvice - org.springframework.web.filter.CharacterEncodingFilter.doFilterInternal(CharacterEncodingFilter.java:201)
2023-10-13 14:03:23.698 [http-nio-8080-exec-10] ERROR [,] c.b.s.controller.advice.ExceptionAdvice - org.springframework.web.filter.OncePerRequestFilter.doFilter(OncePerRequestFilter.java:119)
2023-10-13 14:03:23.698 [http-nio-8080-exec-10] ERROR [,] c.b.s.controller.advice.ExceptionAdvice - org.apache.catalina.core.ApplicationFilterChain.internalDoFilter(ApplicationFilterChain.java:193)
2023-10-13 14:03:23.698 [http-nio-8080-exec-10] ERROR [,] c.b.s.controller.advice.ExceptionAdvice - org.apache.catalina.core.ApplicationFilterChain.doFilter(ApplicationFilterChain.java:166)
2023-10-13 14:03:23.698 [http-nio-8080-exec-10] ERROR [,] c.b.s.controller.advice.ExceptionAdvice - org.apache.catalina.core.StandardWrapperValve.invoke(StandardWrapperValve.java:202)
2023-10-13 14:03:23.698 [http-nio-8080-exec-10] ERROR [,] c.b.s.controller.advice.ExceptionAdvice - org.apache.catalina.core.StandardContextValve.invoke(StandardContextValve.java:97)
2023-10-13 14:03:23.698 [http-nio-8080-exec-10] ERROR [,] c.b.s.controller.advice.ExceptionAdvice - org.apache.catalina.authenticator.AuthenticatorBase.invoke(AuthenticatorBase.java:542)
2023-10-13 14:03:23.699 [http-nio-8080-exec-10] ERROR [,] c.b.s.controller.advice.ExceptionAdvice - org.apache.catalina.core.StandardHostValve.invoke(StandardHostValve.java:143)
2023-10-13 14:03:23.699 [http-nio-8080-exec-10] ERROR [,] c.b.s.controller.advice.ExceptionAdvice - org.apache.catalina.valves.ErrorReportValve.invoke(ErrorReportValve.java:92)
2023-10-13 14:03:23.699 [http-nio-8080-exec-10] ERROR [,] c.b.s.controller.advice.ExceptionAdvice - org.apache.catalina.core.StandardEngineValve.invoke(StandardEngineValve.java:78)
2023-10-13 14:03:23.699 [http-nio-8080-exec-10] ERROR [,] c.b.s.controller.advice.ExceptionAdvice - org.apache.catalina.connector.CoyoteAdapter.service(CoyoteAdapter.java:343)
2023-10-13 14:03:23.699 [http-nio-8080-exec-10] ERROR [,] c.b.s.controller.advice.ExceptionAdvice - org.apache.coyote.http11.Http11Processor.service(Http11Processor.java:374)
2023-10-13 14:03:23.699 [http-nio-8080-exec-10] ERROR [,] c.b.s.controller.advice.ExceptionAdvice - org.apache.coyote.AbstractProcessorLight.process(AbstractProcessorLight.java:65)
2023-10-13 14:03:23.699 [http-nio-8080-exec-10] ERROR [,] c.b.s.controller.advice.ExceptionAdvice - org.apache.coyote.AbstractProtocol$ConnectionHandler.process(AbstractProtocol.java:888)
2023-10-13 14:03:23.699 [http-nio-8080-exec-10] ERROR [,] c.b.s.controller.advice.ExceptionAdvice - org.apache.tomcat.util.net.NioEndpoint$SocketProcessor.doRun(NioEndpoint.java:1597)
2023-10-13 14:03:23.699 [http-nio-8080-exec-10] ERROR [,] c.b.s.controller.advice.ExceptionAdvice - org.apache.tomcat.util.net.SocketProcessorBase.run(SocketProcessorBase.java:49)
2023-10-13 14:03:23.699 [http-nio-8080-exec-10] ERROR [,] c.b.s.controller.advice.ExceptionAdvice - java.util.concurrent.ThreadPoolExecutor.runWorker(ThreadPoolExecutor.java:1149)
2023-10-13 14:03:23.699 [http-nio-8080-exec-10] ERROR [,] c.b.s.controller.advice.ExceptionAdvice - java.util.concurrent.ThreadPoolExecutor$Worker.run(ThreadPoolExecutor.java:624)
2023-10-13 14:03:23.699 [http-nio-8080-exec-10] ERROR [,] c.b.s.controller.advice.ExceptionAdvice - org.apache.tomcat.util.threads.TaskThread$WrappingRunnable.run(TaskThread.java:61)
2023-10-13 14:03:23.699 [http-nio-8080-exec-10] ERROR [,] c.b.s.controller.advice.ExceptionAdvice - java.lang.Thread.run(Thread.java:750)
2023-10-13 14:07:00.807 [http-nio-8080-exec-4] ERROR [,] c.b.s.controller.advice.ExceptionAdvice - 服务器发生异常：JSON parse error: Cannot deserialize instance of `java.lang.Integer` out of START_ARRAY token; nested exception is com.fasterxml.jackson.databind.exc.MismatchedInputException: Cannot deserialize instance of `java.lang.Integer` out of START_ARRAY token
 at [Source: (PushbackInputStream); line: 4, column: 24] (through reference chain: java.util.LinkedHashMap["filterCriterias"])
2023-10-13 14:07:00.808 [http-nio-8080-exec-4] ERROR [,] c.b.s.controller.advice.ExceptionAdvice - org.springframework.http.converter.json.AbstractJackson2HttpMessageConverter.readJavaType(AbstractJackson2HttpMessageConverter.java:285)
2023-10-13 14:07:00.808 [http-nio-8080-exec-4] ERROR [,] c.b.s.controller.advice.ExceptionAdvice - org.springframework.http.converter.json.AbstractJackson2HttpMessageConverter.read(AbstractJackson2HttpMessageConverter.java:243)
2023-10-13 14:07:00.808 [http-nio-8080-exec-4] ERROR [,] c.b.s.controller.advice.ExceptionAdvice - org.springframework.web.servlet.mvc.method.annotation.AbstractMessageConverterMethodArgumentResolver.readWithMessageConverters(AbstractMessageConverterMethodArgumentResolver.java:205)
2023-10-13 14:07:00.809 [http-nio-8080-exec-4] ERROR [,] c.b.s.controller.advice.ExceptionAdvice - org.springframework.web.servlet.mvc.method.annotation.RequestResponseBodyMethodProcessor.readWithMessageConverters(RequestResponseBodyMethodProcessor.java:158)
2023-10-13 14:07:00.809 [http-nio-8080-exec-4] ERROR [,] c.b.s.controller.advice.ExceptionAdvice - org.springframework.web.servlet.mvc.method.annotation.RequestResponseBodyMethodProcessor.resolveArgument(RequestResponseBodyMethodProcessor.java:131)
2023-10-13 14:07:00.809 [http-nio-8080-exec-4] ERROR [,] c.b.s.controller.advice.ExceptionAdvice - org.springframework.web.method.support.HandlerMethodArgumentResolverComposite.resolveArgument(HandlerMethodArgumentResolverComposite.java:121)
2023-10-13 14:07:00.809 [http-nio-8080-exec-4] ERROR [,] c.b.s.controller.advice.ExceptionAdvice - org.springframework.web.method.support.InvocableHandlerMethod.getMethodArgumentValues(InvocableHandlerMethod.java:167)
2023-10-13 14:07:00.809 [http-nio-8080-exec-4] ERROR [,] c.b.s.controller.advice.ExceptionAdvice - org.springframework.web.method.support.InvocableHandlerMethod.invokeForRequest(InvocableHandlerMethod.java:134)
2023-10-13 14:07:00.809 [http-nio-8080-exec-4] ERROR [,] c.b.s.controller.advice.ExceptionAdvice - org.springframework.web.servlet.mvc.method.annotation.ServletInvocableHandlerMethod.invokeAndHandle(ServletInvocableHandlerMethod.java:105)
2023-10-13 14:07:00.809 [http-nio-8080-exec-4] ERROR [,] c.b.s.controller.advice.ExceptionAdvice - org.springframework.web.servlet.mvc.method.annotation.RequestMappingHandlerAdapter.invokeHandlerMethod(RequestMappingHandlerAdapter.java:878)
2023-10-13 14:07:00.809 [http-nio-8080-exec-4] ERROR [,] c.b.s.controller.advice.ExceptionAdvice - org.springframework.web.servlet.mvc.method.annotation.RequestMappingHandlerAdapter.handleInternal(RequestMappingHandlerAdapter.java:792)
2023-10-13 14:07:00.809 [http-nio-8080-exec-4] ERROR [,] c.b.s.controller.advice.ExceptionAdvice - org.springframework.web.servlet.mvc.method.AbstractHandlerMethodAdapter.handle(AbstractHandlerMethodAdapter.java:87)
2023-10-13 14:07:00.809 [http-nio-8080-exec-4] ERROR [,] c.b.s.controller.advice.ExceptionAdvice - org.springframework.web.servlet.DispatcherServlet.doDispatch(DispatcherServlet.java:1040)
2023-10-13 14:07:00.809 [http-nio-8080-exec-4] ERROR [,] c.b.s.controller.advice.ExceptionAdvice - org.springframework.web.servlet.DispatcherServlet.doService(DispatcherServlet.java:943)
2023-10-13 14:07:00.809 [http-nio-8080-exec-4] ERROR [,] c.b.s.controller.advice.ExceptionAdvice - org.springframework.web.servlet.FrameworkServlet.processRequest(FrameworkServlet.java:1006)
2023-10-13 14:07:00.810 [http-nio-8080-exec-4] ERROR [,] c.b.s.controller.advice.ExceptionAdvice - org.springframework.web.servlet.FrameworkServlet.doPost(FrameworkServlet.java:909)
2023-10-13 14:07:00.810 [http-nio-8080-exec-4] ERROR [,] c.b.s.controller.advice.ExceptionAdvice - javax.servlet.http.HttpServlet.service(HttpServlet.java:652)
2023-10-13 14:07:00.810 [http-nio-8080-exec-4] ERROR [,] c.b.s.controller.advice.ExceptionAdvice - org.springframework.web.servlet.FrameworkServlet.service(FrameworkServlet.java:883)
2023-10-13 14:07:00.810 [http-nio-8080-exec-4] ERROR [,] c.b.s.controller.advice.ExceptionAdvice - javax.servlet.http.HttpServlet.service(HttpServlet.java:733)
2023-10-13 14:07:00.810 [http-nio-8080-exec-4] ERROR [,] c.b.s.controller.advice.ExceptionAdvice - org.apache.catalina.core.ApplicationFilterChain.internalDoFilter(ApplicationFilterChain.java:231)
2023-10-13 14:07:00.810 [http-nio-8080-exec-4] ERROR [,] c.b.s.controller.advice.ExceptionAdvice - org.apache.catalina.core.ApplicationFilterChain.doFilter(ApplicationFilterChain.java:166)
2023-10-13 14:07:00.810 [http-nio-8080-exec-4] ERROR [,] c.b.s.controller.advice.ExceptionAdvice - org.apache.tomcat.websocket.server.WsFilter.doFilter(WsFilter.java:53)
2023-10-13 14:07:00.810 [http-nio-8080-exec-4] ERROR [,] c.b.s.controller.advice.ExceptionAdvice - org.apache.catalina.core.ApplicationFilterChain.internalDoFilter(ApplicationFilterChain.java:193)
2023-10-13 14:07:00.810 [http-nio-8080-exec-4] ERROR [,] c.b.s.controller.advice.ExceptionAdvice - org.apache.catalina.core.ApplicationFilterChain.doFilter(ApplicationFilterChain.java:166)
2023-10-13 14:07:00.810 [http-nio-8080-exec-4] ERROR [,] c.b.s.controller.advice.ExceptionAdvice - org.springframework.web.filter.CorsFilter.doFilterInternal(CorsFilter.java:92)
2023-10-13 14:07:00.810 [http-nio-8080-exec-4] ERROR [,] c.b.s.controller.advice.ExceptionAdvice - org.springframework.web.filter.OncePerRequestFilter.doFilter(OncePerRequestFilter.java:119)
2023-10-13 14:07:00.810 [http-nio-8080-exec-4] ERROR [,] c.b.s.controller.advice.ExceptionAdvice - org.apache.catalina.core.ApplicationFilterChain.internalDoFilter(ApplicationFilterChain.java:193)
2023-10-13 14:07:00.810 [http-nio-8080-exec-4] ERROR [,] c.b.s.controller.advice.ExceptionAdvice - org.apache.catalina.core.ApplicationFilterChain.doFilter(ApplicationFilterChain.java:166)
2023-10-13 14:07:00.810 [http-nio-8080-exec-4] ERROR [,] c.b.s.controller.advice.ExceptionAdvice - org.springframework.web.filter.RequestContextFilter.doFilterInternal(RequestContextFilter.java:100)
2023-10-13 14:07:00.811 [http-nio-8080-exec-4] ERROR [,] c.b.s.controller.advice.ExceptionAdvice - org.springframework.web.filter.OncePerRequestFilter.doFilter(OncePerRequestFilter.java:119)
2023-10-13 14:07:00.811 [http-nio-8080-exec-4] ERROR [,] c.b.s.controller.advice.ExceptionAdvice - org.apache.catalina.core.ApplicationFilterChain.internalDoFilter(ApplicationFilterChain.java:193)
2023-10-13 14:07:00.811 [http-nio-8080-exec-4] ERROR [,] c.b.s.controller.advice.ExceptionAdvice - org.apache.catalina.core.ApplicationFilterChain.doFilter(ApplicationFilterChain.java:166)
2023-10-13 14:07:00.811 [http-nio-8080-exec-4] ERROR [,] c.b.s.controller.advice.ExceptionAdvice - org.springframework.web.filter.FormContentFilter.doFilterInternal(FormContentFilter.java:93)
2023-10-13 14:07:00.811 [http-nio-8080-exec-4] ERROR [,] c.b.s.controller.advice.ExceptionAdvice - org.springframework.web.filter.OncePerRequestFilter.doFilter(OncePerRequestFilter.java:119)
2023-10-13 14:07:00.811 [http-nio-8080-exec-4] ERROR [,] c.b.s.controller.advice.ExceptionAdvice - org.apache.catalina.core.ApplicationFilterChain.internalDoFilter(ApplicationFilterChain.java:193)
2023-10-13 14:07:00.811 [http-nio-8080-exec-4] ERROR [,] c.b.s.controller.advice.ExceptionAdvice - org.apache.catalina.core.ApplicationFilterChain.doFilter(ApplicationFilterChain.java:166)
2023-10-13 14:07:00.811 [http-nio-8080-exec-4] ERROR [,] c.b.s.controller.advice.ExceptionAdvice - org.springframework.web.filter.CharacterEncodingFilter.doFilterInternal(CharacterEncodingFilter.java:201)
2023-10-13 14:07:00.811 [http-nio-8080-exec-4] ERROR [,] c.b.s.controller.advice.ExceptionAdvice - org.springframework.web.filter.OncePerRequestFilter.doFilter(OncePerRequestFilter.java:119)
2023-10-13 14:07:00.811 [http-nio-8080-exec-4] ERROR [,] c.b.s.controller.advice.ExceptionAdvice - org.apache.catalina.core.ApplicationFilterChain.internalDoFilter(ApplicationFilterChain.java:193)
2023-10-13 14:07:00.811 [http-nio-8080-exec-4] ERROR [,] c.b.s.controller.advice.ExceptionAdvice - org.apache.catalina.core.ApplicationFilterChain.doFilter(ApplicationFilterChain.java:166)
2023-10-13 14:07:00.811 [http-nio-8080-exec-4] ERROR [,] c.b.s.controller.advice.ExceptionAdvice - org.apache.catalina.core.StandardWrapperValve.invoke(StandardWrapperValve.java:202)
2023-10-13 14:07:00.811 [http-nio-8080-exec-4] ERROR [,] c.b.s.controller.advice.ExceptionAdvice - org.apache.catalina.core.StandardContextValve.invoke(StandardContextValve.java:97)
2023-10-13 14:07:00.811 [http-nio-8080-exec-4] ERROR [,] c.b.s.controller.advice.ExceptionAdvice - org.apache.catalina.authenticator.AuthenticatorBase.invoke(AuthenticatorBase.java:542)
2023-10-13 14:07:00.811 [http-nio-8080-exec-4] ERROR [,] c.b.s.controller.advice.ExceptionAdvice - org.apache.catalina.core.StandardHostValve.invoke(StandardHostValve.java:143)
2023-10-13 14:07:00.812 [http-nio-8080-exec-4] ERROR [,] c.b.s.controller.advice.ExceptionAdvice - org.apache.catalina.valves.ErrorReportValve.invoke(ErrorReportValve.java:92)
2023-10-13 14:07:00.812 [http-nio-8080-exec-4] ERROR [,] c.b.s.controller.advice.ExceptionAdvice - org.apache.catalina.core.StandardEngineValve.invoke(StandardEngineValve.java:78)
2023-10-13 14:07:00.812 [http-nio-8080-exec-4] ERROR [,] c.b.s.controller.advice.ExceptionAdvice - org.apache.catalina.connector.CoyoteAdapter.service(CoyoteAdapter.java:343)
2023-10-13 14:07:00.812 [http-nio-8080-exec-4] ERROR [,] c.b.s.controller.advice.ExceptionAdvice - org.apache.coyote.http11.Http11Processor.service(Http11Processor.java:374)
2023-10-13 14:07:00.812 [http-nio-8080-exec-4] ERROR [,] c.b.s.controller.advice.ExceptionAdvice - org.apache.coyote.AbstractProcessorLight.process(AbstractProcessorLight.java:65)
2023-10-13 14:07:00.812 [http-nio-8080-exec-4] ERROR [,] c.b.s.controller.advice.ExceptionAdvice - org.apache.coyote.AbstractProtocol$ConnectionHandler.process(AbstractProtocol.java:888)
2023-10-13 14:07:00.812 [http-nio-8080-exec-4] ERROR [,] c.b.s.controller.advice.ExceptionAdvice - org.apache.tomcat.util.net.NioEndpoint$SocketProcessor.doRun(NioEndpoint.java:1597)
2023-10-13 14:07:00.812 [http-nio-8080-exec-4] ERROR [,] c.b.s.controller.advice.ExceptionAdvice - org.apache.tomcat.util.net.SocketProcessorBase.run(SocketProcessorBase.java:49)
2023-10-13 14:07:00.812 [http-nio-8080-exec-4] ERROR [,] c.b.s.controller.advice.ExceptionAdvice - java.util.concurrent.ThreadPoolExecutor.runWorker(ThreadPoolExecutor.java:1149)
2023-10-13 14:07:00.812 [http-nio-8080-exec-4] ERROR [,] c.b.s.controller.advice.ExceptionAdvice - java.util.concurrent.ThreadPoolExecutor$Worker.run(ThreadPoolExecutor.java:624)
2023-10-13 14:07:00.812 [http-nio-8080-exec-4] ERROR [,] c.b.s.controller.advice.ExceptionAdvice - org.apache.tomcat.util.threads.TaskThread$WrappingRunnable.run(TaskThread.java:61)
2023-10-13 14:07:00.812 [http-nio-8080-exec-4] ERROR [,] c.b.s.controller.advice.ExceptionAdvice - java.lang.Thread.run(Thread.java:750)
2023-10-13 14:07:18.739 [http-nio-8080-exec-3] ERROR [,] c.b.s.controller.advice.ExceptionAdvice - 服务器发生异常：Required request body is missing: public com.benewake.saleordersystem.utils.Result<java.lang.String> com.benewake.saleordersystem.controller.InstrumentPanelsController.getTest(java.util.Map<java.lang.String, java.lang.Integer>)
2023-10-13 14:07:18.740 [http-nio-8080-exec-3] ERROR [,] c.b.s.controller.advice.ExceptionAdvice - org.springframework.web.servlet.mvc.method.annotation.RequestResponseBodyMethodProcessor.readWithMessageConverters(RequestResponseBodyMethodProcessor.java:161)
2023-10-13 14:07:18.740 [http-nio-8080-exec-3] ERROR [,] c.b.s.controller.advice.ExceptionAdvice - org.springframework.web.servlet.mvc.method.annotation.RequestResponseBodyMethodProcessor.resolveArgument(RequestResponseBodyMethodProcessor.java:131)
2023-10-13 14:07:18.740 [http-nio-8080-exec-3] ERROR [,] c.b.s.controller.advice.ExceptionAdvice - org.springframework.web.method.support.HandlerMethodArgumentResolverComposite.resolveArgument(HandlerMethodArgumentResolverComposite.java:121)
2023-10-13 14:07:18.740 [http-nio-8080-exec-3] ERROR [,] c.b.s.controller.advice.ExceptionAdvice - org.springframework.web.method.support.InvocableHandlerMethod.getMethodArgumentValues(InvocableHandlerMethod.java:167)
2023-10-13 14:07:18.740 [http-nio-8080-exec-3] ERROR [,] c.b.s.controller.advice.ExceptionAdvice - org.springframework.web.method.support.InvocableHandlerMethod.invokeForRequest(InvocableHandlerMethod.java:134)
2023-10-13 14:07:18.740 [http-nio-8080-exec-3] ERROR [,] c.b.s.controller.advice.ExceptionAdvice - org.springframework.web.servlet.mvc.method.annotation.ServletInvocableHandlerMethod.invokeAndHandle(ServletInvocableHandlerMethod.java:105)
2023-10-13 14:07:18.740 [http-nio-8080-exec-3] ERROR [,] c.b.s.controller.advice.ExceptionAdvice - org.springframework.web.servlet.mvc.method.annotation.RequestMappingHandlerAdapter.invokeHandlerMethod(RequestMappingHandlerAdapter.java:878)
2023-10-13 14:07:18.740 [http-nio-8080-exec-3] ERROR [,] c.b.s.controller.advice.ExceptionAdvice - org.springframework.web.servlet.mvc.method.annotation.RequestMappingHandlerAdapter.handleInternal(RequestMappingHandlerAdapter.java:792)
2023-10-13 14:07:18.740 [http-nio-8080-exec-3] ERROR [,] c.b.s.controller.advice.ExceptionAdvice - org.springframework.web.servlet.mvc.method.AbstractHandlerMethodAdapter.handle(AbstractHandlerMethodAdapter.java:87)
2023-10-13 14:07:18.740 [http-nio-8080-exec-3] ERROR [,] c.b.s.controller.advice.ExceptionAdvice - org.springframework.web.servlet.DispatcherServlet.doDispatch(DispatcherServlet.java:1040)
2023-10-13 14:07:18.740 [http-nio-8080-exec-3] ERROR [,] c.b.s.controller.advice.ExceptionAdvice - org.springframework.web.servlet.DispatcherServlet.doService(DispatcherServlet.java:943)
2023-10-13 14:07:18.740 [http-nio-8080-exec-3] ERROR [,] c.b.s.controller.advice.ExceptionAdvice - org.springframework.web.servlet.FrameworkServlet.processRequest(FrameworkServlet.java:1006)
2023-10-13 14:07:18.740 [http-nio-8080-exec-3] ERROR [,] c.b.s.controller.advice.ExceptionAdvice - org.springframework.web.servlet.FrameworkServlet.doPost(FrameworkServlet.java:909)
2023-10-13 14:07:18.740 [http-nio-8080-exec-3] ERROR [,] c.b.s.controller.advice.ExceptionAdvice - javax.servlet.http.HttpServlet.service(HttpServlet.java:652)
2023-10-13 14:07:18.740 [http-nio-8080-exec-3] ERROR [,] c.b.s.controller.advice.ExceptionAdvice - org.springframework.web.servlet.FrameworkServlet.service(FrameworkServlet.java:883)
2023-10-13 14:07:18.740 [http-nio-8080-exec-3] ERROR [,] c.b.s.controller.advice.ExceptionAdvice - javax.servlet.http.HttpServlet.service(HttpServlet.java:733)
2023-10-13 14:07:18.740 [http-nio-8080-exec-3] ERROR [,] c.b.s.controller.advice.ExceptionAdvice - org.apache.catalina.core.ApplicationFilterChain.internalDoFilter(ApplicationFilterChain.java:231)
2023-10-13 14:07:18.740 [http-nio-8080-exec-3] ERROR [,] c.b.s.controller.advice.ExceptionAdvice - org.apache.catalina.core.ApplicationFilterChain.doFilter(ApplicationFilterChain.java:166)
2023-10-13 14:07:18.740 [http-nio-8080-exec-3] ERROR [,] c.b.s.controller.advice.ExceptionAdvice - org.apache.tomcat.websocket.server.WsFilter.doFilter(WsFilter.java:53)
2023-10-13 14:07:18.740 [http-nio-8080-exec-3] ERROR [,] c.b.s.controller.advice.ExceptionAdvice - org.apache.catalina.core.ApplicationFilterChain.internalDoFilter(ApplicationFilterChain.java:193)
2023-10-13 14:07:18.740 [http-nio-8080-exec-3] ERROR [,] c.b.s.controller.advice.ExceptionAdvice - org.apache.catalina.core.ApplicationFilterChain.doFilter(ApplicationFilterChain.java:166)
2023-10-13 14:07:18.741 [http-nio-8080-exec-3] ERROR [,] c.b.s.controller.advice.ExceptionAdvice - org.springframework.web.filter.CorsFilter.doFilterInternal(CorsFilter.java:92)
2023-10-13 14:07:18.741 [http-nio-8080-exec-3] ERROR [,] c.b.s.controller.advice.ExceptionAdvice - org.springframework.web.filter.OncePerRequestFilter.doFilter(OncePerRequestFilter.java:119)
2023-10-13 14:07:18.741 [http-nio-8080-exec-3] ERROR [,] c.b.s.controller.advice.ExceptionAdvice - org.apache.catalina.core.ApplicationFilterChain.internalDoFilter(ApplicationFilterChain.java:193)
2023-10-13 14:07:18.741 [http-nio-8080-exec-3] ERROR [,] c.b.s.controller.advice.ExceptionAdvice - org.apache.catalina.core.ApplicationFilterChain.doFilter(ApplicationFilterChain.java:166)
2023-10-13 14:07:18.741 [http-nio-8080-exec-3] ERROR [,] c.b.s.controller.advice.ExceptionAdvice - org.springframework.web.filter.RequestContextFilter.doFilterInternal(RequestContextFilter.java:100)
2023-10-13 14:07:18.741 [http-nio-8080-exec-3] ERROR [,] c.b.s.controller.advice.ExceptionAdvice - org.springframework.web.filter.OncePerRequestFilter.doFilter(OncePerRequestFilter.java:119)
2023-10-13 14:07:18.741 [http-nio-8080-exec-3] ERROR [,] c.b.s.controller.advice.ExceptionAdvice - org.apache.catalina.core.ApplicationFilterChain.internalDoFilter(ApplicationFilterChain.java:193)
2023-10-13 14:07:18.741 [http-nio-8080-exec-3] ERROR [,] c.b.s.controller.advice.ExceptionAdvice - org.apache.catalina.core.ApplicationFilterChain.doFilter(ApplicationFilterChain.java:166)
2023-10-13 14:07:18.741 [http-nio-8080-exec-3] ERROR [,] c.b.s.controller.advice.ExceptionAdvice - org.springframework.web.filter.FormContentFilter.doFilterInternal(FormContentFilter.java:93)
2023-10-13 14:07:18.741 [http-nio-8080-exec-3] ERROR [,] c.b.s.controller.advice.ExceptionAdvice - org.springframework.web.filter.OncePerRequestFilter.doFilter(OncePerRequestFilter.java:119)
2023-10-13 14:07:18.741 [http-nio-8080-exec-3] ERROR [,] c.b.s.controller.advice.ExceptionAdvice - org.apache.catalina.core.ApplicationFilterChain.internalDoFilter(ApplicationFilterChain.java:193)
2023-10-13 14:07:18.741 [http-nio-8080-exec-3] ERROR [,] c.b.s.controller.advice.ExceptionAdvice - org.apache.catalina.core.ApplicationFilterChain.doFilter(ApplicationFilterChain.java:166)
2023-10-13 14:07:18.741 [http-nio-8080-exec-3] ERROR [,] c.b.s.controller.advice.ExceptionAdvice - org.springframework.web.filter.CharacterEncodingFilter.doFilterInternal(CharacterEncodingFilter.java:201)
2023-10-13 14:07:18.741 [http-nio-8080-exec-3] ERROR [,] c.b.s.controller.advice.ExceptionAdvice - org.springframework.web.filter.OncePerRequestFilter.doFilter(OncePerRequestFilter.java:119)
2023-10-13 14:07:18.741 [http-nio-8080-exec-3] ERROR [,] c.b.s.controller.advice.ExceptionAdvice - org.apache.catalina.core.ApplicationFilterChain.internalDoFilter(ApplicationFilterChain.java:193)
2023-10-13 14:07:18.741 [http-nio-8080-exec-3] ERROR [,] c.b.s.controller.advice.ExceptionAdvice - org.apache.catalina.core.ApplicationFilterChain.doFilter(ApplicationFilterChain.java:166)
2023-10-13 14:07:18.741 [http-nio-8080-exec-3] ERROR [,] c.b.s.controller.advice.ExceptionAdvice - org.apache.catalina.core.StandardWrapperValve.invoke(StandardWrapperValve.java:202)
2023-10-13 14:07:18.741 [http-nio-8080-exec-3] ERROR [,] c.b.s.controller.advice.ExceptionAdvice - org.apache.catalina.core.StandardContextValve.invoke(StandardContextValve.java:97)
2023-10-13 14:07:18.741 [http-nio-8080-exec-3] ERROR [,] c.b.s.controller.advice.ExceptionAdvice - org.apache.catalina.authenticator.AuthenticatorBase.invoke(AuthenticatorBase.java:542)
2023-10-13 14:07:18.742 [http-nio-8080-exec-3] ERROR [,] c.b.s.controller.advice.ExceptionAdvice - org.apache.catalina.core.StandardHostValve.invoke(StandardHostValve.java:143)
2023-10-13 14:07:18.742 [http-nio-8080-exec-3] ERROR [,] c.b.s.controller.advice.ExceptionAdvice - org.apache.catalina.valves.ErrorReportValve.invoke(ErrorReportValve.java:92)
2023-10-13 14:07:18.742 [http-nio-8080-exec-3] ERROR [,] c.b.s.controller.advice.ExceptionAdvice - org.apache.catalina.core.StandardEngineValve.invoke(StandardEngineValve.java:78)
2023-10-13 14:07:18.742 [http-nio-8080-exec-3] ERROR [,] c.b.s.controller.advice.ExceptionAdvice - org.apache.catalina.connector.CoyoteAdapter.service(CoyoteAdapter.java:343)
2023-10-13 14:07:18.742 [http-nio-8080-exec-3] ERROR [,] c.b.s.controller.advice.ExceptionAdvice - org.apache.coyote.http11.Http11Processor.service(Http11Processor.java:374)
2023-10-13 14:07:18.742 [http-nio-8080-exec-3] ERROR [,] c.b.s.controller.advice.ExceptionAdvice - org.apache.coyote.AbstractProcessorLight.process(AbstractProcessorLight.java:65)
2023-10-13 14:07:18.742 [http-nio-8080-exec-3] ERROR [,] c.b.s.controller.advice.ExceptionAdvice - org.apache.coyote.AbstractProtocol$ConnectionHandler.process(AbstractProtocol.java:888)
2023-10-13 14:07:18.742 [http-nio-8080-exec-3] ERROR [,] c.b.s.controller.advice.ExceptionAdvice - org.apache.tomcat.util.net.NioEndpoint$SocketProcessor.doRun(NioEndpoint.java:1597)
2023-10-13 14:07:18.742 [http-nio-8080-exec-3] ERROR [,] c.b.s.controller.advice.ExceptionAdvice - org.apache.tomcat.util.net.SocketProcessorBase.run(SocketProcessorBase.java:49)
2023-10-13 14:07:18.742 [http-nio-8080-exec-3] ERROR [,] c.b.s.controller.advice.ExceptionAdvice - java.util.concurrent.ThreadPoolExecutor.runWorker(ThreadPoolExecutor.java:1149)
2023-10-13 14:07:18.742 [http-nio-8080-exec-3] ERROR [,] c.b.s.controller.advice.ExceptionAdvice - java.util.concurrent.ThreadPoolExecutor$Worker.run(ThreadPoolExecutor.java:624)
2023-10-13 14:07:18.742 [http-nio-8080-exec-3] ERROR [,] c.b.s.controller.advice.ExceptionAdvice - org.apache.tomcat.util.threads.TaskThread$WrappingRunnable.run(TaskThread.java:61)
2023-10-13 14:07:18.742 [http-nio-8080-exec-3] ERROR [,] c.b.s.controller.advice.ExceptionAdvice - java.lang.Thread.run(Thread.java:750)
2023-10-13 14:07:53.006 [http-nio-8080-exec-2] ERROR [,] c.b.s.controller.advice.ExceptionAdvice - 服务器发生异常：Content type 'multipart/form-data;boundary=--------------------------382009988434467920726806;charset=UTF-8' not supported
2023-10-13 14:07:53.006 [http-nio-8080-exec-2] ERROR [,] c.b.s.controller.advice.ExceptionAdvice - org.springframework.web.servlet.mvc.method.annotation.AbstractMessageConverterMethodArgumentResolver.readWithMessageConverters(AbstractMessageConverterMethodArgumentResolver.java:225)
2023-10-13 14:07:53.006 [http-nio-8080-exec-2] ERROR [,] c.b.s.controller.advice.ExceptionAdvice - org.springframework.web.servlet.mvc.method.annotation.RequestResponseBodyMethodProcessor.readWithMessageConverters(RequestResponseBodyMethodProcessor.java:158)
2023-10-13 14:07:53.006 [http-nio-8080-exec-2] ERROR [,] c.b.s.controller.advice.ExceptionAdvice - org.springframework.web.servlet.mvc.method.annotation.RequestResponseBodyMethodProcessor.resolveArgument(RequestResponseBodyMethodProcessor.java:131)
2023-10-13 14:07:53.007 [http-nio-8080-exec-2] ERROR [,] c.b.s.controller.advice.ExceptionAdvice - org.springframework.web.method.support.HandlerMethodArgumentResolverComposite.resolveArgument(HandlerMethodArgumentResolverComposite.java:121)
2023-10-13 14:07:53.007 [http-nio-8080-exec-2] ERROR [,] c.b.s.controller.advice.ExceptionAdvice - org.springframework.web.method.support.InvocableHandlerMethod.getMethodArgumentValues(InvocableHandlerMethod.java:167)
2023-10-13 14:07:53.007 [http-nio-8080-exec-2] ERROR [,] c.b.s.controller.advice.ExceptionAdvice - org.springframework.web.method.support.InvocableHandlerMethod.invokeForRequest(InvocableHandlerMethod.java:134)
2023-10-13 14:07:53.007 [http-nio-8080-exec-2] ERROR [,] c.b.s.controller.advice.ExceptionAdvice - org.springframework.web.servlet.mvc.method.annotation.ServletInvocableHandlerMethod.invokeAndHandle(ServletInvocableHandlerMethod.java:105)
2023-10-13 14:07:53.007 [http-nio-8080-exec-2] ERROR [,] c.b.s.controller.advice.ExceptionAdvice - org.springframework.web.servlet.mvc.method.annotation.RequestMappingHandlerAdapter.invokeHandlerMethod(RequestMappingHandlerAdapter.java:878)
2023-10-13 14:07:53.007 [http-nio-8080-exec-2] ERROR [,] c.b.s.controller.advice.ExceptionAdvice - org.springframework.web.servlet.mvc.method.annotation.RequestMappingHandlerAdapter.handleInternal(RequestMappingHandlerAdapter.java:792)
2023-10-13 14:07:53.007 [http-nio-8080-exec-2] ERROR [,] c.b.s.controller.advice.ExceptionAdvice - org.springframework.web.servlet.mvc.method.AbstractHandlerMethodAdapter.handle(AbstractHandlerMethodAdapter.java:87)
2023-10-13 14:07:53.007 [http-nio-8080-exec-2] ERROR [,] c.b.s.controller.advice.ExceptionAdvice - org.springframework.web.servlet.DispatcherServlet.doDispatch(DispatcherServlet.java:1040)
2023-10-13 14:07:53.007 [http-nio-8080-exec-2] ERROR [,] c.b.s.controller.advice.ExceptionAdvice - org.springframework.web.servlet.DispatcherServlet.doService(DispatcherServlet.java:943)
2023-10-13 14:07:53.007 [http-nio-8080-exec-2] ERROR [,] c.b.s.controller.advice.ExceptionAdvice - org.springframework.web.servlet.FrameworkServlet.processRequest(FrameworkServlet.java:1006)
2023-10-13 14:07:53.007 [http-nio-8080-exec-2] ERROR [,] c.b.s.controller.advice.ExceptionAdvice - org.springframework.web.servlet.FrameworkServlet.doPost(FrameworkServlet.java:909)
2023-10-13 14:07:53.007 [http-nio-8080-exec-2] ERROR [,] c.b.s.controller.advice.ExceptionAdvice - javax.servlet.http.HttpServlet.service(HttpServlet.java:652)
2023-10-13 14:07:53.007 [http-nio-8080-exec-2] ERROR [,] c.b.s.controller.advice.ExceptionAdvice - org.springframework.web.servlet.FrameworkServlet.service(FrameworkServlet.java:883)
2023-10-13 14:07:53.007 [http-nio-8080-exec-2] ERROR [,] c.b.s.controller.advice.ExceptionAdvice - javax.servlet.http.HttpServlet.service(HttpServlet.java:733)
2023-10-13 14:07:53.008 [http-nio-8080-exec-2] ERROR [,] c.b.s.controller.advice.ExceptionAdvice - org.apache.catalina.core.ApplicationFilterChain.internalDoFilter(ApplicationFilterChain.java:231)
2023-10-13 14:07:53.008 [http-nio-8080-exec-2] ERROR [,] c.b.s.controller.advice.ExceptionAdvice - org.apache.catalina.core.ApplicationFilterChain.doFilter(ApplicationFilterChain.java:166)
2023-10-13 14:07:53.008 [http-nio-8080-exec-2] ERROR [,] c.b.s.controller.advice.ExceptionAdvice - org.apache.tomcat.websocket.server.WsFilter.doFilter(WsFilter.java:53)
2023-10-13 14:07:53.008 [http-nio-8080-exec-2] ERROR [,] c.b.s.controller.advice.ExceptionAdvice - org.apache.catalina.core.ApplicationFilterChain.internalDoFilter(ApplicationFilterChain.java:193)
2023-10-13 14:07:53.008 [http-nio-8080-exec-2] ERROR [,] c.b.s.controller.advice.ExceptionAdvice - org.apache.catalina.core.ApplicationFilterChain.doFilter(ApplicationFilterChain.java:166)
2023-10-13 14:07:53.008 [http-nio-8080-exec-2] ERROR [,] c.b.s.controller.advice.ExceptionAdvice - org.springframework.web.filter.CorsFilter.doFilterInternal(CorsFilter.java:92)
2023-10-13 14:07:53.008 [http-nio-8080-exec-2] ERROR [,] c.b.s.controller.advice.ExceptionAdvice - org.springframework.web.filter.OncePerRequestFilter.doFilter(OncePerRequestFilter.java:119)
2023-10-13 14:07:53.008 [http-nio-8080-exec-2] ERROR [,] c.b.s.controller.advice.ExceptionAdvice - org.apache.catalina.core.ApplicationFilterChain.internalDoFilter(ApplicationFilterChain.java:193)
2023-10-13 14:07:53.008 [http-nio-8080-exec-2] ERROR [,] c.b.s.controller.advice.ExceptionAdvice - org.apache.catalina.core.ApplicationFilterChain.doFilter(ApplicationFilterChain.java:166)
2023-10-13 14:07:53.008 [http-nio-8080-exec-2] ERROR [,] c.b.s.controller.advice.ExceptionAdvice - org.springframework.web.filter.RequestContextFilter.doFilterInternal(RequestContextFilter.java:100)
2023-10-13 14:07:53.008 [http-nio-8080-exec-2] ERROR [,] c.b.s.controller.advice.ExceptionAdvice - org.springframework.web.filter.OncePerRequestFilter.doFilter(OncePerRequestFilter.java:119)
2023-10-13 14:07:53.008 [http-nio-8080-exec-2] ERROR [,] c.b.s.controller.advice.ExceptionAdvice - org.apache.catalina.core.ApplicationFilterChain.internalDoFilter(ApplicationFilterChain.java:193)
2023-10-13 14:07:53.008 [http-nio-8080-exec-2] ERROR [,] c.b.s.controller.advice.ExceptionAdvice - org.apache.catalina.core.ApplicationFilterChain.doFilter(ApplicationFilterChain.java:166)
2023-10-13 14:07:53.008 [http-nio-8080-exec-2] ERROR [,] c.b.s.controller.advice.ExceptionAdvice - org.springframework.web.filter.FormContentFilter.doFilterInternal(FormContentFilter.java:93)
2023-10-13 14:07:53.008 [http-nio-8080-exec-2] ERROR [,] c.b.s.controller.advice.ExceptionAdvice - org.springframework.web.filter.OncePerRequestFilter.doFilter(OncePerRequestFilter.java:119)
2023-10-13 14:07:53.008 [http-nio-8080-exec-2] ERROR [,] c.b.s.controller.advice.ExceptionAdvice - org.apache.catalina.core.ApplicationFilterChain.internalDoFilter(ApplicationFilterChain.java:193)
2023-10-13 14:07:53.008 [http-nio-8080-exec-2] ERROR [,] c.b.s.controller.advice.ExceptionAdvice - org.apache.catalina.core.ApplicationFilterChain.doFilter(ApplicationFilterChain.java:166)
2023-10-13 14:07:53.008 [http-nio-8080-exec-2] ERROR [,] c.b.s.controller.advice.ExceptionAdvice - org.springframework.web.filter.CharacterEncodingFilter.doFilterInternal(CharacterEncodingFilter.java:201)
2023-10-13 14:07:53.008 [http-nio-8080-exec-2] ERROR [,] c.b.s.controller.advice.ExceptionAdvice - org.springframework.web.filter.OncePerRequestFilter.doFilter(OncePerRequestFilter.java:119)
2023-10-13 14:07:53.008 [http-nio-8080-exec-2] ERROR [,] c.b.s.controller.advice.ExceptionAdvice - org.apache.catalina.core.ApplicationFilterChain.internalDoFilter(ApplicationFilterChain.java:193)
2023-10-13 14:07:53.008 [http-nio-8080-exec-2] ERROR [,] c.b.s.controller.advice.ExceptionAdvice - org.apache.catalina.core.ApplicationFilterChain.doFilter(ApplicationFilterChain.java:166)
2023-10-13 14:07:53.008 [http-nio-8080-exec-2] ERROR [,] c.b.s.controller.advice.ExceptionAdvice - org.apache.catalina.core.StandardWrapperValve.invoke(StandardWrapperValve.java:202)
2023-10-13 14:07:53.008 [http-nio-8080-exec-2] ERROR [,] c.b.s.controller.advice.ExceptionAdvice - org.apache.catalina.core.StandardContextValve.invoke(StandardContextValve.java:97)
2023-10-13 14:07:53.008 [http-nio-8080-exec-2] ERROR [,] c.b.s.controller.advice.ExceptionAdvice - org.apache.catalina.authenticator.AuthenticatorBase.invoke(AuthenticatorBase.java:542)
2023-10-13 14:07:53.008 [http-nio-8080-exec-2] ERROR [,] c.b.s.controller.advice.ExceptionAdvice - org.apache.catalina.core.StandardHostValve.invoke(StandardHostValve.java:143)
2023-10-13 14:07:53.008 [http-nio-8080-exec-2] ERROR [,] c.b.s.controller.advice.ExceptionAdvice - org.apache.catalina.valves.ErrorReportValve.invoke(ErrorReportValve.java:92)
2023-10-13 14:07:53.008 [http-nio-8080-exec-2] ERROR [,] c.b.s.controller.advice.ExceptionAdvice - org.apache.catalina.core.StandardEngineValve.invoke(StandardEngineValve.java:78)
2023-10-13 14:07:53.008 [http-nio-8080-exec-2] ERROR [,] c.b.s.controller.advice.ExceptionAdvice - org.apache.catalina.connector.CoyoteAdapter.service(CoyoteAdapter.java:343)
2023-10-13 14:07:53.008 [http-nio-8080-exec-2] ERROR [,] c.b.s.controller.advice.ExceptionAdvice - org.apache.coyote.http11.Http11Processor.service(Http11Processor.java:374)
2023-10-13 14:07:53.008 [http-nio-8080-exec-2] ERROR [,] c.b.s.controller.advice.ExceptionAdvice - org.apache.coyote.AbstractProcessorLight.process(AbstractProcessorLight.java:65)
2023-10-13 14:07:53.008 [http-nio-8080-exec-2] ERROR [,] c.b.s.controller.advice.ExceptionAdvice - org.apache.coyote.AbstractProtocol$ConnectionHandler.process(AbstractProtocol.java:888)
2023-10-13 14:07:53.009 [http-nio-8080-exec-2] ERROR [,] c.b.s.controller.advice.ExceptionAdvice - org.apache.tomcat.util.net.NioEndpoint$SocketProcessor.doRun(NioEndpoint.java:1597)
2023-10-13 14:07:53.009 [http-nio-8080-exec-2] ERROR [,] c.b.s.controller.advice.ExceptionAdvice - org.apache.tomcat.util.net.SocketProcessorBase.run(SocketProcessorBase.java:49)
2023-10-13 14:07:53.009 [http-nio-8080-exec-2] ERROR [,] c.b.s.controller.advice.ExceptionAdvice - java.util.concurrent.ThreadPoolExecutor.runWorker(ThreadPoolExecutor.java:1149)
2023-10-13 14:07:53.009 [http-nio-8080-exec-2] ERROR [,] c.b.s.controller.advice.ExceptionAdvice - java.util.concurrent.ThreadPoolExecutor$Worker.run(ThreadPoolExecutor.java:624)
2023-10-13 14:07:53.009 [http-nio-8080-exec-2] ERROR [,] c.b.s.controller.advice.ExceptionAdvice - org.apache.tomcat.util.threads.TaskThread$WrappingRunnable.run(TaskThread.java:61)
2023-10-13 14:07:53.009 [http-nio-8080-exec-2] ERROR [,] c.b.s.controller.advice.ExceptionAdvice - java.lang.Thread.run(Thread.java:750)
2023-10-13 14:08:43.758 [http-nio-8080-exec-5] ERROR [,] c.b.s.controller.advice.ExceptionAdvice - 服务器发生异常：Content type 'application/x-www-form-urlencoded;charset=UTF-8' not supported
2023-10-13 14:08:43.759 [http-nio-8080-exec-5] ERROR [,] c.b.s.controller.advice.ExceptionAdvice - org.springframework.web.servlet.mvc.method.annotation.AbstractMessageConverterMethodArgumentResolver.readWithMessageConverters(AbstractMessageConverterMethodArgumentResolver.java:225)
2023-10-13 14:08:43.759 [http-nio-8080-exec-5] ERROR [,] c.b.s.controller.advice.ExceptionAdvice - org.springframework.web.servlet.mvc.method.annotation.RequestResponseBodyMethodProcessor.readWithMessageConverters(RequestResponseBodyMethodProcessor.java:158)
2023-10-13 14:08:43.759 [http-nio-8080-exec-5] ERROR [,] c.b.s.controller.advice.ExceptionAdvice - org.springframework.web.servlet.mvc.method.annotation.RequestResponseBodyMethodProcessor.resolveArgument(RequestResponseBodyMethodProcessor.java:131)
2023-10-13 14:08:43.759 [http-nio-8080-exec-5] ERROR [,] c.b.s.controller.advice.ExceptionAdvice - org.springframework.web.method.support.HandlerMethodArgumentResolverComposite.resolveArgument(HandlerMethodArgumentResolverComposite.java:121)
2023-10-13 14:08:43.759 [http-nio-8080-exec-5] ERROR [,] c.b.s.controller.advice.ExceptionAdvice - org.springframework.web.method.support.InvocableHandlerMethod.getMethodArgumentValues(InvocableHandlerMethod.java:167)
2023-10-13 14:08:43.759 [http-nio-8080-exec-5] ERROR [,] c.b.s.controller.advice.ExceptionAdvice - org.springframework.web.method.support.InvocableHandlerMethod.invokeForRequest(InvocableHandlerMethod.java:134)
2023-10-13 14:08:43.759 [http-nio-8080-exec-5] ERROR [,] c.b.s.controller.advice.ExceptionAdvice - org.springframework.web.servlet.mvc.method.annotation.ServletInvocableHandlerMethod.invokeAndHandle(ServletInvocableHandlerMethod.java:105)
2023-10-13 14:08:43.759 [http-nio-8080-exec-5] ERROR [,] c.b.s.controller.advice.ExceptionAdvice - org.springframework.web.servlet.mvc.method.annotation.RequestMappingHandlerAdapter.invokeHandlerMethod(RequestMappingHandlerAdapter.java:878)
2023-10-13 14:08:43.759 [http-nio-8080-exec-5] ERROR [,] c.b.s.controller.advice.ExceptionAdvice - org.springframework.web.servlet.mvc.method.annotation.RequestMappingHandlerAdapter.handleInternal(RequestMappingHandlerAdapter.java:792)
2023-10-13 14:08:43.759 [http-nio-8080-exec-5] ERROR [,] c.b.s.controller.advice.ExceptionAdvice - org.springframework.web.servlet.mvc.method.AbstractHandlerMethodAdapter.handle(AbstractHandlerMethodAdapter.java:87)
2023-10-13 14:08:43.759 [http-nio-8080-exec-5] ERROR [,] c.b.s.controller.advice.ExceptionAdvice - org.springframework.web.servlet.DispatcherServlet.doDispatch(DispatcherServlet.java:1040)
2023-10-13 14:08:43.759 [http-nio-8080-exec-5] ERROR [,] c.b.s.controller.advice.ExceptionAdvice - org.springframework.web.servlet.DispatcherServlet.doService(DispatcherServlet.java:943)
2023-10-13 14:08:43.759 [http-nio-8080-exec-5] ERROR [,] c.b.s.controller.advice.ExceptionAdvice - org.springframework.web.servlet.FrameworkServlet.processRequest(FrameworkServlet.java:1006)
2023-10-13 14:08:43.759 [http-nio-8080-exec-5] ERROR [,] c.b.s.controller.advice.ExceptionAdvice - org.springframework.web.servlet.FrameworkServlet.doPost(FrameworkServlet.java:909)
2023-10-13 14:08:43.759 [http-nio-8080-exec-5] ERROR [,] c.b.s.controller.advice.ExceptionAdvice - javax.servlet.http.HttpServlet.service(HttpServlet.java:652)
2023-10-13 14:08:43.759 [http-nio-8080-exec-5] ERROR [,] c.b.s.controller.advice.ExceptionAdvice - org.springframework.web.servlet.FrameworkServlet.service(FrameworkServlet.java:883)
2023-10-13 14:08:43.759 [http-nio-8080-exec-5] ERROR [,] c.b.s.controller.advice.ExceptionAdvice - javax.servlet.http.HttpServlet.service(HttpServlet.java:733)
2023-10-13 14:08:43.759 [http-nio-8080-exec-5] ERROR [,] c.b.s.controller.advice.ExceptionAdvice - org.apache.catalina.core.ApplicationFilterChain.internalDoFilter(ApplicationFilterChain.java:231)
2023-10-13 14:08:43.759 [http-nio-8080-exec-5] ERROR [,] c.b.s.controller.advice.ExceptionAdvice - org.apache.catalina.core.ApplicationFilterChain.doFilter(ApplicationFilterChain.java:166)
2023-10-13 14:08:43.759 [http-nio-8080-exec-5] ERROR [,] c.b.s.controller.advice.ExceptionAdvice - org.apache.tomcat.websocket.server.WsFilter.doFilter(WsFilter.java:53)
2023-10-13 14:08:43.759 [http-nio-8080-exec-5] ERROR [,] c.b.s.controller.advice.ExceptionAdvice - org.apache.catalina.core.ApplicationFilterChain.internalDoFilter(ApplicationFilterChain.java:193)
2023-10-13 14:08:43.759 [http-nio-8080-exec-5] ERROR [,] c.b.s.controller.advice.ExceptionAdvice - org.apache.catalina.core.ApplicationFilterChain.doFilter(ApplicationFilterChain.java:166)
2023-10-13 14:08:43.759 [http-nio-8080-exec-5] ERROR [,] c.b.s.controller.advice.ExceptionAdvice - org.springframework.web.filter.CorsFilter.doFilterInternal(CorsFilter.java:92)
2023-10-13 14:08:43.759 [http-nio-8080-exec-5] ERROR [,] c.b.s.controller.advice.ExceptionAdvice - org.springframework.web.filter.OncePerRequestFilter.doFilter(OncePerRequestFilter.java:119)
2023-10-13 14:08:43.759 [http-nio-8080-exec-5] ERROR [,] c.b.s.controller.advice.ExceptionAdvice - org.apache.catalina.core.ApplicationFilterChain.internalDoFilter(ApplicationFilterChain.java:193)
2023-10-13 14:08:43.759 [http-nio-8080-exec-5] ERROR [,] c.b.s.controller.advice.ExceptionAdvice - org.apache.catalina.core.ApplicationFilterChain.doFilter(ApplicationFilterChain.java:166)
2023-10-13 14:08:43.759 [http-nio-8080-exec-5] ERROR [,] c.b.s.controller.advice.ExceptionAdvice - org.springframework.web.filter.RequestContextFilter.doFilterInternal(RequestContextFilter.java:100)
2023-10-13 14:08:43.759 [http-nio-8080-exec-5] ERROR [,] c.b.s.controller.advice.ExceptionAdvice - org.springframework.web.filter.OncePerRequestFilter.doFilter(OncePerRequestFilter.java:119)
2023-10-13 14:08:43.759 [http-nio-8080-exec-5] ERROR [,] c.b.s.controller.advice.ExceptionAdvice - org.apache.catalina.core.ApplicationFilterChain.internalDoFilter(ApplicationFilterChain.java:193)
2023-10-13 14:08:43.759 [http-nio-8080-exec-5] ERROR [,] c.b.s.controller.advice.ExceptionAdvice - org.apache.catalina.core.ApplicationFilterChain.doFilter(ApplicationFilterChain.java:166)
2023-10-13 14:08:43.759 [http-nio-8080-exec-5] ERROR [,] c.b.s.controller.advice.ExceptionAdvice - org.springframework.web.filter.FormContentFilter.doFilterInternal(FormContentFilter.java:93)
2023-10-13 14:08:43.759 [http-nio-8080-exec-5] ERROR [,] c.b.s.controller.advice.ExceptionAdvice - org.springframework.web.filter.OncePerRequestFilter.doFilter(OncePerRequestFilter.java:119)
2023-10-13 14:08:43.759 [http-nio-8080-exec-5] ERROR [,] c.b.s.controller.advice.ExceptionAdvice - org.apache.catalina.core.ApplicationFilterChain.internalDoFilter(ApplicationFilterChain.java:193)
2023-10-13 14:08:43.759 [http-nio-8080-exec-5] ERROR [,] c.b.s.controller.advice.ExceptionAdvice - org.apache.catalina.core.ApplicationFilterChain.doFilter(ApplicationFilterChain.java:166)
2023-10-13 14:08:43.759 [http-nio-8080-exec-5] ERROR [,] c.b.s.controller.advice.ExceptionAdvice - org.springframework.web.filter.CharacterEncodingFilter.doFilterInternal(CharacterEncodingFilter.java:201)
2023-10-13 14:08:43.759 [http-nio-8080-exec-5] ERROR [,] c.b.s.controller.advice.ExceptionAdvice - org.springframework.web.filter.OncePerRequestFilter.doFilter(OncePerRequestFilter.java:119)
2023-10-13 14:08:43.759 [http-nio-8080-exec-5] ERROR [,] c.b.s.controller.advice.ExceptionAdvice - org.apache.catalina.core.ApplicationFilterChain.internalDoFilter(ApplicationFilterChain.java:193)
2023-10-13 14:08:43.760 [http-nio-8080-exec-5] ERROR [,] c.b.s.controller.advice.ExceptionAdvice - org.apache.catalina.core.ApplicationFilterChain.doFilter(ApplicationFilterChain.java:166)
2023-10-13 14:08:43.760 [http-nio-8080-exec-5] ERROR [,] c.b.s.controller.advice.ExceptionAdvice - org.apache.catalina.core.StandardWrapperValve.invoke(StandardWrapperValve.java:202)
2023-10-13 14:08:43.760 [http-nio-8080-exec-5] ERROR [,] c.b.s.controller.advice.ExceptionAdvice - org.apache.catalina.core.StandardContextValve.invoke(StandardContextValve.java:97)
2023-10-13 14:08:43.760 [http-nio-8080-exec-5] ERROR [,] c.b.s.controller.advice.ExceptionAdvice - org.apache.catalina.authenticator.AuthenticatorBase.invoke(AuthenticatorBase.java:542)
2023-10-13 14:08:43.760 [http-nio-8080-exec-5] ERROR [,] c.b.s.controller.advice.ExceptionAdvice - org.apache.catalina.core.StandardHostValve.invoke(StandardHostValve.java:143)
2023-10-13 14:08:43.760 [http-nio-8080-exec-5] ERROR [,] c.b.s.controller.advice.ExceptionAdvice - org.apache.catalina.valves.ErrorReportValve.invoke(ErrorReportValve.java:92)
2023-10-13 14:08:43.760 [http-nio-8080-exec-5] ERROR [,] c.b.s.controller.advice.ExceptionAdvice - org.apache.catalina.core.StandardEngineValve.invoke(StandardEngineValve.java:78)
2023-10-13 14:08:43.760 [http-nio-8080-exec-5] ERROR [,] c.b.s.controller.advice.ExceptionAdvice - org.apache.catalina.connector.CoyoteAdapter.service(CoyoteAdapter.java:343)
2023-10-13 14:08:43.760 [http-nio-8080-exec-5] ERROR [,] c.b.s.controller.advice.ExceptionAdvice - org.apache.coyote.http11.Http11Processor.service(Http11Processor.java:374)
2023-10-13 14:08:43.760 [http-nio-8080-exec-5] ERROR [,] c.b.s.controller.advice.ExceptionAdvice - org.apache.coyote.AbstractProcessorLight.process(AbstractProcessorLight.java:65)
2023-10-13 14:08:43.760 [http-nio-8080-exec-5] ERROR [,] c.b.s.controller.advice.ExceptionAdvice - org.apache.coyote.AbstractProtocol$ConnectionHandler.process(AbstractProtocol.java:888)
2023-10-13 14:08:43.760 [http-nio-8080-exec-5] ERROR [,] c.b.s.controller.advice.ExceptionAdvice - org.apache.tomcat.util.net.NioEndpoint$SocketProcessor.doRun(NioEndpoint.java:1597)
2023-10-13 14:08:43.760 [http-nio-8080-exec-5] ERROR [,] c.b.s.controller.advice.ExceptionAdvice - org.apache.tomcat.util.net.SocketProcessorBase.run(SocketProcessorBase.java:49)
2023-10-13 14:08:43.760 [http-nio-8080-exec-5] ERROR [,] c.b.s.controller.advice.ExceptionAdvice - java.util.concurrent.ThreadPoolExecutor.runWorker(ThreadPoolExecutor.java:1149)
2023-10-13 14:08:43.760 [http-nio-8080-exec-5] ERROR [,] c.b.s.controller.advice.ExceptionAdvice - java.util.concurrent.ThreadPoolExecutor$Worker.run(ThreadPoolExecutor.java:624)
2023-10-13 14:08:43.760 [http-nio-8080-exec-5] ERROR [,] c.b.s.controller.advice.ExceptionAdvice - org.apache.tomcat.util.threads.TaskThread$WrappingRunnable.run(TaskThread.java:61)
2023-10-13 14:08:43.760 [http-nio-8080-exec-5] ERROR [,] c.b.s.controller.advice.ExceptionAdvice - java.lang.Thread.run(Thread.java:750)
2023-10-13 14:08:58.281 [http-nio-8080-exec-6] ERROR [,] c.b.s.controller.advice.ExceptionAdvice - 服务器发生异常：Required request body is missing: public com.benewake.saleordersystem.utils.Result<java.lang.String> com.benewake.saleordersystem.controller.InstrumentPanelsController.getTest(java.util.Map<java.lang.String, java.lang.Integer>)
2023-10-13 14:08:58.281 [http-nio-8080-exec-6] ERROR [,] c.b.s.controller.advice.ExceptionAdvice - org.springframework.web.servlet.mvc.method.annotation.RequestResponseBodyMethodProcessor.readWithMessageConverters(RequestResponseBodyMethodProcessor.java:161)
2023-10-13 14:08:58.281 [http-nio-8080-exec-6] ERROR [,] c.b.s.controller.advice.ExceptionAdvice - org.springframework.web.servlet.mvc.method.annotation.RequestResponseBodyMethodProcessor.resolveArgument(RequestResponseBodyMethodProcessor.java:131)
2023-10-13 14:08:58.281 [http-nio-8080-exec-6] ERROR [,] c.b.s.controller.advice.ExceptionAdvice - org.springframework.web.method.support.HandlerMethodArgumentResolverComposite.resolveArgument(HandlerMethodArgumentResolverComposite.java:121)
2023-10-13 14:08:58.282 [http-nio-8080-exec-6] ERROR [,] c.b.s.controller.advice.ExceptionAdvice - org.springframework.web.method.support.InvocableHandlerMethod.getMethodArgumentValues(InvocableHandlerMethod.java:167)
2023-10-13 14:08:58.282 [http-nio-8080-exec-6] ERROR [,] c.b.s.controller.advice.ExceptionAdvice - org.springframework.web.method.support.InvocableHandlerMethod.invokeForRequest(InvocableHandlerMethod.java:134)
2023-10-13 14:08:58.282 [http-nio-8080-exec-6] ERROR [,] c.b.s.controller.advice.ExceptionAdvice - org.springframework.web.servlet.mvc.method.annotation.ServletInvocableHandlerMethod.invokeAndHandle(ServletInvocableHandlerMethod.java:105)
2023-10-13 14:08:58.282 [http-nio-8080-exec-6] ERROR [,] c.b.s.controller.advice.ExceptionAdvice - org.springframework.web.servlet.mvc.method.annotation.RequestMappingHandlerAdapter.invokeHandlerMethod(RequestMappingHandlerAdapter.java:878)
2023-10-13 14:08:58.282 [http-nio-8080-exec-6] ERROR [,] c.b.s.controller.advice.ExceptionAdvice - org.springframework.web.servlet.mvc.method.annotation.RequestMappingHandlerAdapter.handleInternal(RequestMappingHandlerAdapter.java:792)
2023-10-13 14:08:58.282 [http-nio-8080-exec-6] ERROR [,] c.b.s.controller.advice.ExceptionAdvice - org.springframework.web.servlet.mvc.method.AbstractHandlerMethodAdapter.handle(AbstractHandlerMethodAdapter.java:87)
2023-10-13 14:08:58.282 [http-nio-8080-exec-6] ERROR [,] c.b.s.controller.advice.ExceptionAdvice - org.springframework.web.servlet.DispatcherServlet.doDispatch(DispatcherServlet.java:1040)
2023-10-13 14:08:58.282 [http-nio-8080-exec-6] ERROR [,] c.b.s.controller.advice.ExceptionAdvice - org.springframework.web.servlet.DispatcherServlet.doService(DispatcherServlet.java:943)
2023-10-13 14:08:58.282 [http-nio-8080-exec-6] ERROR [,] c.b.s.controller.advice.ExceptionAdvice - org.springframework.web.servlet.FrameworkServlet.processRequest(FrameworkServlet.java:1006)
2023-10-13 14:08:58.282 [http-nio-8080-exec-6] ERROR [,] c.b.s.controller.advice.ExceptionAdvice - org.springframework.web.servlet.FrameworkServlet.doPost(FrameworkServlet.java:909)
2023-10-13 14:08:58.282 [http-nio-8080-exec-6] ERROR [,] c.b.s.controller.advice.ExceptionAdvice - javax.servlet.http.HttpServlet.service(HttpServlet.java:652)
2023-10-13 14:08:58.282 [http-nio-8080-exec-6] ERROR [,] c.b.s.controller.advice.ExceptionAdvice - org.springframework.web.servlet.FrameworkServlet.service(FrameworkServlet.java:883)
2023-10-13 14:08:58.282 [http-nio-8080-exec-6] ERROR [,] c.b.s.controller.advice.ExceptionAdvice - javax.servlet.http.HttpServlet.service(HttpServlet.java:733)
2023-10-13 14:08:58.282 [http-nio-8080-exec-6] ERROR [,] c.b.s.controller.advice.ExceptionAdvice - org.apache.catalina.core.ApplicationFilterChain.internalDoFilter(ApplicationFilterChain.java:231)
2023-10-13 14:08:58.282 [http-nio-8080-exec-6] ERROR [,] c.b.s.controller.advice.ExceptionAdvice - org.apache.catalina.core.ApplicationFilterChain.doFilter(ApplicationFilterChain.java:166)
2023-10-13 14:08:58.282 [http-nio-8080-exec-6] ERROR [,] c.b.s.controller.advice.ExceptionAdvice - org.apache.tomcat.websocket.server.WsFilter.doFilter(WsFilter.java:53)
2023-10-13 14:08:58.282 [http-nio-8080-exec-6] ERROR [,] c.b.s.controller.advice.ExceptionAdvice - org.apache.catalina.core.ApplicationFilterChain.internalDoFilter(ApplicationFilterChain.java:193)
2023-10-13 14:08:58.282 [http-nio-8080-exec-6] ERROR [,] c.b.s.controller.advice.ExceptionAdvice - org.apache.catalina.core.ApplicationFilterChain.doFilter(ApplicationFilterChain.java:166)
2023-10-13 14:08:58.282 [http-nio-8080-exec-6] ERROR [,] c.b.s.controller.advice.ExceptionAdvice - org.springframework.web.filter.CorsFilter.doFilterInternal(CorsFilter.java:92)
2023-10-13 14:08:58.282 [http-nio-8080-exec-6] ERROR [,] c.b.s.controller.advice.ExceptionAdvice - org.springframework.web.filter.OncePerRequestFilter.doFilter(OncePerRequestFilter.java:119)
2023-10-13 14:08:58.282 [http-nio-8080-exec-6] ERROR [,] c.b.s.controller.advice.ExceptionAdvice - org.apache.catalina.core.ApplicationFilterChain.internalDoFilter(ApplicationFilterChain.java:193)
2023-10-13 14:08:58.282 [http-nio-8080-exec-6] ERROR [,] c.b.s.controller.advice.ExceptionAdvice - org.apache.catalina.core.ApplicationFilterChain.doFilter(ApplicationFilterChain.java:166)
2023-10-13 14:08:58.282 [http-nio-8080-exec-6] ERROR [,] c.b.s.controller.advice.ExceptionAdvice - org.springframework.web.filter.RequestContextFilter.doFilterInternal(RequestContextFilter.java:100)
2023-10-13 14:08:58.282 [http-nio-8080-exec-6] ERROR [,] c.b.s.controller.advice.ExceptionAdvice - org.springframework.web.filter.OncePerRequestFilter.doFilter(OncePerRequestFilter.java:119)
2023-10-13 14:08:58.282 [http-nio-8080-exec-6] ERROR [,] c.b.s.controller.advice.ExceptionAdvice - org.apache.catalina.core.ApplicationFilterChain.internalDoFilter(ApplicationFilterChain.java:193)
2023-10-13 14:08:58.282 [http-nio-8080-exec-6] ERROR [,] c.b.s.controller.advice.ExceptionAdvice - org.apache.catalina.core.ApplicationFilterChain.doFilter(ApplicationFilterChain.java:166)
2023-10-13 14:08:58.282 [http-nio-8080-exec-6] ERROR [,] c.b.s.controller.advice.ExceptionAdvice - org.springframework.web.filter.FormContentFilter.doFilterInternal(FormContentFilter.java:93)
2023-10-13 14:08:58.282 [http-nio-8080-exec-6] ERROR [,] c.b.s.controller.advice.ExceptionAdvice - org.springframework.web.filter.OncePerRequestFilter.doFilter(OncePerRequestFilter.java:119)
2023-10-13 14:08:58.282 [http-nio-8080-exec-6] ERROR [,] c.b.s.controller.advice.ExceptionAdvice - org.apache.catalina.core.ApplicationFilterChain.internalDoFilter(ApplicationFilterChain.java:193)
2023-10-13 14:08:58.282 [http-nio-8080-exec-6] ERROR [,] c.b.s.controller.advice.ExceptionAdvice - org.apache.catalina.core.ApplicationFilterChain.doFilter(ApplicationFilterChain.java:166)
2023-10-13 14:08:58.282 [http-nio-8080-exec-6] ERROR [,] c.b.s.controller.advice.ExceptionAdvice - org.springframework.web.filter.CharacterEncodingFilter.doFilterInternal(CharacterEncodingFilter.java:201)
2023-10-13 14:08:58.282 [http-nio-8080-exec-6] ERROR [,] c.b.s.controller.advice.ExceptionAdvice - org.springframework.web.filter.OncePerRequestFilter.doFilter(OncePerRequestFilter.java:119)
2023-10-13 14:08:58.282 [http-nio-8080-exec-6] ERROR [,] c.b.s.controller.advice.ExceptionAdvice - org.apache.catalina.core.ApplicationFilterChain.internalDoFilter(ApplicationFilterChain.java:193)
2023-10-13 14:08:58.282 [http-nio-8080-exec-6] ERROR [,] c.b.s.controller.advice.ExceptionAdvice - org.apache.catalina.core.ApplicationFilterChain.doFilter(ApplicationFilterChain.java:166)
2023-10-13 14:08:58.283 [http-nio-8080-exec-6] ERROR [,] c.b.s.controller.advice.ExceptionAdvice - org.apache.catalina.core.StandardWrapperValve.invoke(StandardWrapperValve.java:202)
2023-10-13 14:08:58.283 [http-nio-8080-exec-6] ERROR [,] c.b.s.controller.advice.ExceptionAdvice - org.apache.catalina.core.StandardContextValve.invoke(StandardContextValve.java:97)
2023-10-13 14:08:58.283 [http-nio-8080-exec-6] ERROR [,] c.b.s.controller.advice.ExceptionAdvice - org.apache.catalina.authenticator.AuthenticatorBase.invoke(AuthenticatorBase.java:542)
2023-10-13 14:08:58.283 [http-nio-8080-exec-6] ERROR [,] c.b.s.controller.advice.ExceptionAdvice - org.apache.catalina.core.StandardHostValve.invoke(StandardHostValve.java:143)
2023-10-13 14:08:58.283 [http-nio-8080-exec-6] ERROR [,] c.b.s.controller.advice.ExceptionAdvice - org.apache.catalina.valves.ErrorReportValve.invoke(ErrorReportValve.java:92)
2023-10-13 14:08:58.283 [http-nio-8080-exec-6] ERROR [,] c.b.s.controller.advice.ExceptionAdvice - org.apache.catalina.core.StandardEngineValve.invoke(StandardEngineValve.java:78)
2023-10-13 14:08:58.283 [http-nio-8080-exec-6] ERROR [,] c.b.s.controller.advice.ExceptionAdvice - org.apache.catalina.connector.CoyoteAdapter.service(CoyoteAdapter.java:343)
2023-10-13 14:08:58.283 [http-nio-8080-exec-6] ERROR [,] c.b.s.controller.advice.ExceptionAdvice - org.apache.coyote.http11.Http11Processor.service(Http11Processor.java:374)
2023-10-13 14:08:58.283 [http-nio-8080-exec-6] ERROR [,] c.b.s.controller.advice.ExceptionAdvice - org.apache.coyote.AbstractProcessorLight.process(AbstractProcessorLight.java:65)
2023-10-13 14:08:58.283 [http-nio-8080-exec-6] ERROR [,] c.b.s.controller.advice.ExceptionAdvice - org.apache.coyote.AbstractProtocol$ConnectionHandler.process(AbstractProtocol.java:888)
2023-10-13 14:08:58.283 [http-nio-8080-exec-6] ERROR [,] c.b.s.controller.advice.ExceptionAdvice - org.apache.tomcat.util.net.NioEndpoint$SocketProcessor.doRun(NioEndpoint.java:1597)
2023-10-13 14:08:58.283 [http-nio-8080-exec-6] ERROR [,] c.b.s.controller.advice.ExceptionAdvice - org.apache.tomcat.util.net.SocketProcessorBase.run(SocketProcessorBase.java:49)
2023-10-13 14:08:58.284 [http-nio-8080-exec-6] ERROR [,] c.b.s.controller.advice.ExceptionAdvice - java.util.concurrent.ThreadPoolExecutor.runWorker(ThreadPoolExecutor.java:1149)
2023-10-13 14:08:58.284 [http-nio-8080-exec-6] ERROR [,] c.b.s.controller.advice.ExceptionAdvice - java.util.concurrent.ThreadPoolExecutor$Worker.run(ThreadPoolExecutor.java:624)
2023-10-13 14:08:58.284 [http-nio-8080-exec-6] ERROR [,] c.b.s.controller.advice.ExceptionAdvice - org.apache.tomcat.util.threads.TaskThread$WrappingRunnable.run(TaskThread.java:61)
2023-10-13 14:08:58.284 [http-nio-8080-exec-6] ERROR [,] c.b.s.controller.advice.ExceptionAdvice - java.lang.Thread.run(Thread.java:750)
