2023-09-26 08:55:54.477 [http-nio-8080-exec-2] ERROR [,] com.zaxxer.hikari.pool.HikariPool - HikariPool-1 - Error thrown while acquiring connection from data source
java.sql.SQLNonTransientConnectionException: No operations allowed after connection closed.
	at com.mysql.cj.jdbc.exceptions.SQLError.createSQLException(SQLError.java:110)
	at com.mysql.cj.jdbc.exceptions.SQLError.createSQLException(SQLError.java:97)
	at com.mysql.cj.jdbc.exceptions.SQLError.createSQLException(SQLError.java:89)
	at com.mysql.cj.jdbc.exceptions.SQLError.createSQLException(SQLError.java:63)
	at com.mysql.cj.jdbc.exceptions.SQLError.createSQLException(SQLError.java:73)
	at com.mysql.cj.jdbc.exceptions.SQLExceptionsMapping.translateException(SQLExceptionsMapping.java:73)
	at com.mysql.cj.jdbc.ConnectionImpl.setTransactionIsolation(ConnectionImpl.java:2269)
	at com.zaxxer.hikari.pool.PoolBase.setupConnection(PoolBase.java:413)
	at com.zaxxer.hikari.pool.PoolBase.newConnection(PoolBase.java:363)
	at com.zaxxer.hikari.pool.PoolBase.newPoolEntry(PoolBase.java:206)
	at com.zaxxer.hikari.pool.HikariPool.createPoolEntry(HikariPool.java:477)
	at com.zaxxer.hikari.pool.HikariPool.checkFailFast(HikariPool.java:560)
	at com.zaxxer.hikari.pool.HikariPool.<init>(HikariPool.java:115)
	at com.zaxxer.hikari.HikariDataSource.getConnection(HikariDataSource.java:112)
	at org.springframework.jdbc.datasource.DataSourceUtils.fetchConnection(DataSourceUtils.java:158)
	at org.springframework.jdbc.datasource.DataSourceUtils.doGetConnection(DataSourceUtils.java:116)
	at org.springframework.jdbc.datasource.DataSourceUtils.getConnection(DataSourceUtils.java:79)
	at org.mybatis.spring.transaction.SpringManagedTransaction.openConnection(SpringManagedTransaction.java:80)
	at org.mybatis.spring.transaction.SpringManagedTransaction.getConnection(SpringManagedTransaction.java:67)
	at org.apache.ibatis.executor.BaseExecutor.getConnection(BaseExecutor.java:337)
	at org.apache.ibatis.executor.SimpleExecutor.prepareStatement(SimpleExecutor.java:86)
	at org.apache.ibatis.executor.SimpleExecutor.doQuery(SimpleExecutor.java:62)
	at org.apache.ibatis.executor.BaseExecutor.queryFromDatabase(BaseExecutor.java:325)
	at org.apache.ibatis.executor.BaseExecutor.query(BaseExecutor.java:156)
	at org.apache.ibatis.executor.CachingExecutor.query(CachingExecutor.java:109)
	at com.baomidou.mybatisplus.extension.plugins.MybatisPlusInterceptor.intercept(MybatisPlusInterceptor.java:81)
	at org.apache.ibatis.plugin.Plugin.invoke(Plugin.java:62)
	at com.sun.proxy.$Proxy158.query(Unknown Source)
	at com.github.pagehelper.PageInterceptor.intercept(PageInterceptor.java:132)
	at org.apache.ibatis.plugin.Plugin.invoke(Plugin.java:62)
	at com.sun.proxy.$Proxy158.query(Unknown Source)
	at org.apache.ibatis.session.defaults.DefaultSqlSession.selectList(DefaultSqlSession.java:151)
	at org.apache.ibatis.session.defaults.DefaultSqlSession.selectList(DefaultSqlSession.java:145)
	at org.apache.ibatis.session.defaults.DefaultSqlSession.selectList(DefaultSqlSession.java:140)
	at sun.reflect.NativeMethodAccessorImpl.invoke0(Native Method)
	at sun.reflect.NativeMethodAccessorImpl.invoke(NativeMethodAccessorImpl.java:62)
	at sun.reflect.DelegatingMethodAccessorImpl.invoke(DelegatingMethodAccessorImpl.java:43)
	at java.lang.reflect.Method.invoke(Method.java:498)
	at org.mybatis.spring.SqlSessionTemplate$SqlSessionInterceptor.invoke(SqlSessionTemplate.java:427)
	at com.sun.proxy.$Proxy85.selectList(Unknown Source)
	at org.mybatis.spring.SqlSessionTemplate.selectList(SqlSessionTemplate.java:224)
	at com.baomidou.mybatisplus.core.override.MybatisMapperMethod.executeForMany(MybatisMapperMethod.java:166)
	at com.baomidou.mybatisplus.core.override.MybatisMapperMethod.execute(MybatisMapperMethod.java:77)
	at com.baomidou.mybatisplus.core.override.MybatisMapperProxy$PlainMethodInvoker.invoke(MybatisMapperProxy.java:148)
	at com.baomidou.mybatisplus.core.override.MybatisMapperProxy.invoke(MybatisMapperProxy.java:89)
	at com.sun.proxy.$Proxy94.selectList(Unknown Source)
	at com.baomidou.mybatisplus.core.mapper.BaseMapper.selectOne(BaseMapper.java:172)
	at java.lang.invoke.MethodHandle.invokeWithArguments(MethodHandle.java:627)
	at com.baomidou.mybatisplus.core.override.MybatisMapperProxy$DefaultMethodInvoker.invoke(MybatisMapperProxy.java:162)
	at com.baomidou.mybatisplus.core.override.MybatisMapperProxy.invoke(MybatisMapperProxy.java:89)
	at com.sun.proxy.$Proxy94.selectOne(Unknown Source)
	at com.benewake.saleordersystem.service.impl.UserServiceImpl.findLoginTicket(UserServiceImpl.java:152)
	at com.benewake.saleordersystem.controller.intercepter.LoginTicketInterceptor.preHandle(LoginTicketInterceptor.java:38)
	at org.springframework.web.servlet.HandlerExecutionChain.applyPreHandle(HandlerExecutionChain.java:151)
	at org.springframework.web.servlet.DispatcherServlet.doDispatch(DispatcherServlet.java:1035)
	at org.springframework.web.servlet.DispatcherServlet.doService(DispatcherServlet.java:943)
	at org.springframework.web.servlet.FrameworkServlet.processRequest(FrameworkServlet.java:1006)
	at org.springframework.web.servlet.FrameworkServlet.doPost(FrameworkServlet.java:909)
	at javax.servlet.http.HttpServlet.service(HttpServlet.java:652)
	at org.springframework.web.servlet.FrameworkServlet.service(FrameworkServlet.java:883)
	at javax.servlet.http.HttpServlet.service(HttpServlet.java:733)
	at org.apache.catalina.core.ApplicationFilterChain.internalDoFilter(ApplicationFilterChain.java:231)
	at org.apache.catalina.core.ApplicationFilterChain.doFilter(ApplicationFilterChain.java:166)
	at org.apache.tomcat.websocket.server.WsFilter.doFilter(WsFilter.java:53)
	at org.apache.catalina.core.ApplicationFilterChain.internalDoFilter(ApplicationFilterChain.java:193)
	at org.apache.catalina.core.ApplicationFilterChain.doFilter(ApplicationFilterChain.java:166)
	at org.springframework.web.filter.CorsFilter.doFilterInternal(CorsFilter.java:92)
	at org.springframework.web.filter.OncePerRequestFilter.doFilter(OncePerRequestFilter.java:119)
	at org.apache.catalina.core.ApplicationFilterChain.internalDoFilter(ApplicationFilterChain.java:193)
	at org.apache.catalina.core.ApplicationFilterChain.doFilter(ApplicationFilterChain.java:166)
	at org.springframework.web.filter.RequestContextFilter.doFilterInternal(RequestContextFilter.java:100)
	at org.springframework.web.filter.OncePerRequestFilter.doFilter(OncePerRequestFilter.java:119)
	at org.apache.catalina.core.ApplicationFilterChain.internalDoFilter(ApplicationFilterChain.java:193)
	at org.apache.catalina.core.ApplicationFilterChain.doFilter(ApplicationFilterChain.java:166)
	at org.springframework.web.filter.FormContentFilter.doFilterInternal(FormContentFilter.java:93)
	at org.springframework.web.filter.OncePerRequestFilter.doFilter(OncePerRequestFilter.java:119)
	at org.apache.catalina.core.ApplicationFilterChain.internalDoFilter(ApplicationFilterChain.java:193)
	at org.apache.catalina.core.ApplicationFilterChain.doFilter(ApplicationFilterChain.java:166)
	at org.springframework.web.filter.CharacterEncodingFilter.doFilterInternal(CharacterEncodingFilter.java:201)
	at org.springframework.web.filter.OncePerRequestFilter.doFilter(OncePerRequestFilter.java:119)
	at org.apache.catalina.core.ApplicationFilterChain.internalDoFilter(ApplicationFilterChain.java:193)
	at org.apache.catalina.core.ApplicationFilterChain.doFilter(ApplicationFilterChain.java:166)
	at org.apache.catalina.core.StandardWrapperValve.invoke(StandardWrapperValve.java:202)
	at org.apache.catalina.core.StandardContextValve.invoke(StandardContextValve.java:97)
	at org.apache.catalina.authenticator.AuthenticatorBase.invoke(AuthenticatorBase.java:542)
	at org.apache.catalina.core.StandardHostValve.invoke(StandardHostValve.java:143)
	at org.apache.catalina.valves.ErrorReportValve.invoke(ErrorReportValve.java:92)
	at org.apache.catalina.core.StandardEngineValve.invoke(StandardEngineValve.java:78)
	at org.apache.catalina.connector.CoyoteAdapter.service(CoyoteAdapter.java:343)
	at org.apache.coyote.http11.Http11Processor.service(Http11Processor.java:374)
	at org.apache.coyote.AbstractProcessorLight.process(AbstractProcessorLight.java:65)
	at org.apache.coyote.AbstractProtocol$ConnectionHandler.process(AbstractProtocol.java:888)
	at org.apache.tomcat.util.net.NioEndpoint$SocketProcessor.doRun(NioEndpoint.java:1597)
	at org.apache.tomcat.util.net.SocketProcessorBase.run(SocketProcessorBase.java:49)
	at java.util.concurrent.ThreadPoolExecutor.runWorker(ThreadPoolExecutor.java:1149)
	at java.util.concurrent.ThreadPoolExecutor$Worker.run(ThreadPoolExecutor.java:624)
	at org.apache.tomcat.util.threads.TaskThread$WrappingRunnable.run(TaskThread.java:61)
	at java.lang.Thread.run(Thread.java:750)
Caused by: com.mysql.cj.exceptions.ConnectionIsClosedException: No operations allowed after connection closed.
	at sun.reflect.NativeConstructorAccessorImpl.newInstance0(Native Method)
	at sun.reflect.NativeConstructorAccessorImpl.newInstance(NativeConstructorAccessorImpl.java:62)
	at sun.reflect.DelegatingConstructorAccessorImpl.newInstance(DelegatingConstructorAccessorImpl.java:45)
	at java.lang.reflect.Constructor.newInstance(Constructor.java:423)
	at com.mysql.cj.exceptions.ExceptionFactory.createException(ExceptionFactory.java:61)
	at com.mysql.cj.exceptions.ExceptionFactory.createException(ExceptionFactory.java:105)
	at com.mysql.cj.exceptions.ExceptionFactory.createException(ExceptionFactory.java:151)
	at com.mysql.cj.NativeSession.checkClosed(NativeSession.java:1171)
	at com.mysql.cj.jdbc.ConnectionImpl.checkClosed(ConnectionImpl.java:576)
	at com.mysql.cj.jdbc.ConnectionImpl.setTransactionIsolation(ConnectionImpl.java:2216)
	... 91 common frames omitted
2023-09-26 08:55:54.554 [http-nio-8080-exec-2] ERROR [,] com.zaxxer.hikari.pool.HikariPool - HikariPool-1 - Exception during pool initialization.
java.sql.SQLNonTransientConnectionException: No operations allowed after connection closed.
	at com.mysql.cj.jdbc.exceptions.SQLError.createSQLException(SQLError.java:110)
	at com.mysql.cj.jdbc.exceptions.SQLError.createSQLException(SQLError.java:97)
	at com.mysql.cj.jdbc.exceptions.SQLError.createSQLException(SQLError.java:89)
	at com.mysql.cj.jdbc.exceptions.SQLError.createSQLException(SQLError.java:63)
	at com.mysql.cj.jdbc.exceptions.SQLError.createSQLException(SQLError.java:73)
	at com.mysql.cj.jdbc.exceptions.SQLExceptionsMapping.translateException(SQLExceptionsMapping.java:73)
	at com.mysql.cj.jdbc.ConnectionImpl.setTransactionIsolation(ConnectionImpl.java:2269)
	at com.zaxxer.hikari.pool.PoolBase.setupConnection(PoolBase.java:413)
	at com.zaxxer.hikari.pool.PoolBase.newConnection(PoolBase.java:363)
	at com.zaxxer.hikari.pool.PoolBase.newPoolEntry(PoolBase.java:206)
	at com.zaxxer.hikari.pool.HikariPool.createPoolEntry(HikariPool.java:477)
	at com.zaxxer.hikari.pool.HikariPool.checkFailFast(HikariPool.java:560)
	at com.zaxxer.hikari.pool.HikariPool.<init>(HikariPool.java:115)
	at com.zaxxer.hikari.HikariDataSource.getConnection(HikariDataSource.java:112)
	at org.springframework.jdbc.datasource.DataSourceUtils.fetchConnection(DataSourceUtils.java:158)
	at org.springframework.jdbc.datasource.DataSourceUtils.doGetConnection(DataSourceUtils.java:116)
	at org.springframework.jdbc.datasource.DataSourceUtils.getConnection(DataSourceUtils.java:79)
	at org.mybatis.spring.transaction.SpringManagedTransaction.openConnection(SpringManagedTransaction.java:80)
	at org.mybatis.spring.transaction.SpringManagedTransaction.getConnection(SpringManagedTransaction.java:67)
	at org.apache.ibatis.executor.BaseExecutor.getConnection(BaseExecutor.java:337)
	at org.apache.ibatis.executor.SimpleExecutor.prepareStatement(SimpleExecutor.java:86)
	at org.apache.ibatis.executor.SimpleExecutor.doQuery(SimpleExecutor.java:62)
	at org.apache.ibatis.executor.BaseExecutor.queryFromDatabase(BaseExecutor.java:325)
	at org.apache.ibatis.executor.BaseExecutor.query(BaseExecutor.java:156)
	at org.apache.ibatis.executor.CachingExecutor.query(CachingExecutor.java:109)
	at com.baomidou.mybatisplus.extension.plugins.MybatisPlusInterceptor.intercept(MybatisPlusInterceptor.java:81)
	at org.apache.ibatis.plugin.Plugin.invoke(Plugin.java:62)
	at com.sun.proxy.$Proxy158.query(Unknown Source)
	at com.github.pagehelper.PageInterceptor.intercept(PageInterceptor.java:132)
	at org.apache.ibatis.plugin.Plugin.invoke(Plugin.java:62)
	at com.sun.proxy.$Proxy158.query(Unknown Source)
	at org.apache.ibatis.session.defaults.DefaultSqlSession.selectList(DefaultSqlSession.java:151)
	at org.apache.ibatis.session.defaults.DefaultSqlSession.selectList(DefaultSqlSession.java:145)
	at org.apache.ibatis.session.defaults.DefaultSqlSession.selectList(DefaultSqlSession.java:140)
	at sun.reflect.NativeMethodAccessorImpl.invoke0(Native Method)
	at sun.reflect.NativeMethodAccessorImpl.invoke(NativeMethodAccessorImpl.java:62)
	at sun.reflect.DelegatingMethodAccessorImpl.invoke(DelegatingMethodAccessorImpl.java:43)
	at java.lang.reflect.Method.invoke(Method.java:498)
	at org.mybatis.spring.SqlSessionTemplate$SqlSessionInterceptor.invoke(SqlSessionTemplate.java:427)
	at com.sun.proxy.$Proxy85.selectList(Unknown Source)
	at org.mybatis.spring.SqlSessionTemplate.selectList(SqlSessionTemplate.java:224)
	at com.baomidou.mybatisplus.core.override.MybatisMapperMethod.executeForMany(MybatisMapperMethod.java:166)
	at com.baomidou.mybatisplus.core.override.MybatisMapperMethod.execute(MybatisMapperMethod.java:77)
	at com.baomidou.mybatisplus.core.override.MybatisMapperProxy$PlainMethodInvoker.invoke(MybatisMapperProxy.java:148)
	at com.baomidou.mybatisplus.core.override.MybatisMapperProxy.invoke(MybatisMapperProxy.java:89)
	at com.sun.proxy.$Proxy94.selectList(Unknown Source)
	at com.baomidou.mybatisplus.core.mapper.BaseMapper.selectOne(BaseMapper.java:172)
	at java.lang.invoke.MethodHandle.invokeWithArguments(MethodHandle.java:627)
	at com.baomidou.mybatisplus.core.override.MybatisMapperProxy$DefaultMethodInvoker.invoke(MybatisMapperProxy.java:162)
	at com.baomidou.mybatisplus.core.override.MybatisMapperProxy.invoke(MybatisMapperProxy.java:89)
	at com.sun.proxy.$Proxy94.selectOne(Unknown Source)
	at com.benewake.saleordersystem.service.impl.UserServiceImpl.findLoginTicket(UserServiceImpl.java:152)
	at com.benewake.saleordersystem.controller.intercepter.LoginTicketInterceptor.preHandle(LoginTicketInterceptor.java:38)
	at org.springframework.web.servlet.HandlerExecutionChain.applyPreHandle(HandlerExecutionChain.java:151)
	at org.springframework.web.servlet.DispatcherServlet.doDispatch(DispatcherServlet.java:1035)
	at org.springframework.web.servlet.DispatcherServlet.doService(DispatcherServlet.java:943)
	at org.springframework.web.servlet.FrameworkServlet.processRequest(FrameworkServlet.java:1006)
	at org.springframework.web.servlet.FrameworkServlet.doPost(FrameworkServlet.java:909)
	at javax.servlet.http.HttpServlet.service(HttpServlet.java:652)
	at org.springframework.web.servlet.FrameworkServlet.service(FrameworkServlet.java:883)
	at javax.servlet.http.HttpServlet.service(HttpServlet.java:733)
	at org.apache.catalina.core.ApplicationFilterChain.internalDoFilter(ApplicationFilterChain.java:231)
	at org.apache.catalina.core.ApplicationFilterChain.doFilter(ApplicationFilterChain.java:166)
	at org.apache.tomcat.websocket.server.WsFilter.doFilter(WsFilter.java:53)
	at org.apache.catalina.core.ApplicationFilterChain.internalDoFilter(ApplicationFilterChain.java:193)
	at org.apache.catalina.core.ApplicationFilterChain.doFilter(ApplicationFilterChain.java:166)
	at org.springframework.web.filter.CorsFilter.doFilterInternal(CorsFilter.java:92)
	at org.springframework.web.filter.OncePerRequestFilter.doFilter(OncePerRequestFilter.java:119)
	at org.apache.catalina.core.ApplicationFilterChain.internalDoFilter(ApplicationFilterChain.java:193)
	at org.apache.catalina.core.ApplicationFilterChain.doFilter(ApplicationFilterChain.java:166)
	at org.springframework.web.filter.RequestContextFilter.doFilterInternal(RequestContextFilter.java:100)
	at org.springframework.web.filter.OncePerRequestFilter.doFilter(OncePerRequestFilter.java:119)
	at org.apache.catalina.core.ApplicationFilterChain.internalDoFilter(ApplicationFilterChain.java:193)
	at org.apache.catalina.core.ApplicationFilterChain.doFilter(ApplicationFilterChain.java:166)
	at org.springframework.web.filter.FormContentFilter.doFilterInternal(FormContentFilter.java:93)
	at org.springframework.web.filter.OncePerRequestFilter.doFilter(OncePerRequestFilter.java:119)
	at org.apache.catalina.core.ApplicationFilterChain.internalDoFilter(ApplicationFilterChain.java:193)
	at org.apache.catalina.core.ApplicationFilterChain.doFilter(ApplicationFilterChain.java:166)
	at org.springframework.web.filter.CharacterEncodingFilter.doFilterInternal(CharacterEncodingFilter.java:201)
	at org.springframework.web.filter.OncePerRequestFilter.doFilter(OncePerRequestFilter.java:119)
	at org.apache.catalina.core.ApplicationFilterChain.internalDoFilter(ApplicationFilterChain.java:193)
	at org.apache.catalina.core.ApplicationFilterChain.doFilter(ApplicationFilterChain.java:166)
	at org.apache.catalina.core.StandardWrapperValve.invoke(StandardWrapperValve.java:202)
	at org.apache.catalina.core.StandardContextValve.invoke(StandardContextValve.java:97)
	at org.apache.catalina.authenticator.AuthenticatorBase.invoke(AuthenticatorBase.java:542)
	at org.apache.catalina.core.StandardHostValve.invoke(StandardHostValve.java:143)
	at org.apache.catalina.valves.ErrorReportValve.invoke(ErrorReportValve.java:92)
	at org.apache.catalina.core.StandardEngineValve.invoke(StandardEngineValve.java:78)
	at org.apache.catalina.connector.CoyoteAdapter.service(CoyoteAdapter.java:343)
	at org.apache.coyote.http11.Http11Processor.service(Http11Processor.java:374)
	at org.apache.coyote.AbstractProcessorLight.process(AbstractProcessorLight.java:65)
	at org.apache.coyote.AbstractProtocol$ConnectionHandler.process(AbstractProtocol.java:888)
	at org.apache.tomcat.util.net.NioEndpoint$SocketProcessor.doRun(NioEndpoint.java:1597)
	at org.apache.tomcat.util.net.SocketProcessorBase.run(SocketProcessorBase.java:49)
	at java.util.concurrent.ThreadPoolExecutor.runWorker(ThreadPoolExecutor.java:1149)
	at java.util.concurrent.ThreadPoolExecutor$Worker.run(ThreadPoolExecutor.java:624)
	at org.apache.tomcat.util.threads.TaskThread$WrappingRunnable.run(TaskThread.java:61)
	at java.lang.Thread.run(Thread.java:750)
Caused by: com.mysql.cj.exceptions.ConnectionIsClosedException: No operations allowed after connection closed.
	at sun.reflect.NativeConstructorAccessorImpl.newInstance0(Native Method)
	at sun.reflect.NativeConstructorAccessorImpl.newInstance(NativeConstructorAccessorImpl.java:62)
	at sun.reflect.DelegatingConstructorAccessorImpl.newInstance(DelegatingConstructorAccessorImpl.java:45)
	at java.lang.reflect.Constructor.newInstance(Constructor.java:423)
	at com.mysql.cj.exceptions.ExceptionFactory.createException(ExceptionFactory.java:61)
	at com.mysql.cj.exceptions.ExceptionFactory.createException(ExceptionFactory.java:105)
	at com.mysql.cj.exceptions.ExceptionFactory.createException(ExceptionFactory.java:151)
	at com.mysql.cj.NativeSession.checkClosed(NativeSession.java:1171)
	at com.mysql.cj.jdbc.ConnectionImpl.checkClosed(ConnectionImpl.java:576)
	at com.mysql.cj.jdbc.ConnectionImpl.setTransactionIsolation(ConnectionImpl.java:2216)
	... 91 common frames omitted
2023-09-26 08:55:54.648 [http-nio-8080-exec-2] ERROR [,] c.b.s.controller.advice.ExceptionAdvice - 服务器发生异常：nested exception is org.apache.ibatis.exceptions.PersistenceException: 
### Error querying database.  Cause: org.springframework.jdbc.CannotGetJdbcConnectionException: Failed to obtain JDBC Connection; nested exception is java.sql.SQLNonTransientConnectionException: No operations allowed after connection closed.
### The error may exist in com/benewake/saleordersystem/mapper/LoginTicketMapper.java (best guess)
### The error may involve com.benewake.saleordersystem.mapper.LoginTicketMapper.selectList
### The error occurred while executing a query
### Cause: org.springframework.jdbc.CannotGetJdbcConnectionException: Failed to obtain JDBC Connection; nested exception is java.sql.SQLNonTransientConnectionException: No operations allowed after connection closed.
2023-09-26 08:55:54.655 [http-nio-8080-exec-2] ERROR [,] c.b.s.controller.advice.ExceptionAdvice - org.mybatis.spring.MyBatisExceptionTranslator.translateExceptionIfPossible(MyBatisExceptionTranslator.java:96)
2023-09-26 08:55:54.662 [http-nio-8080-exec-2] ERROR [,] c.b.s.controller.advice.ExceptionAdvice - org.mybatis.spring.SqlSessionTemplate$SqlSessionInterceptor.invoke(SqlSessionTemplate.java:441)
2023-09-26 08:55:54.663 [http-nio-8080-exec-2] ERROR [,] c.b.s.controller.advice.ExceptionAdvice - com.sun.proxy.$Proxy85.selectList(Unknown Source)
2023-09-26 08:55:54.665 [http-nio-8080-exec-2] ERROR [,] c.b.s.controller.advice.ExceptionAdvice - org.mybatis.spring.SqlSessionTemplate.selectList(SqlSessionTemplate.java:224)
2023-09-26 08:55:54.665 [http-nio-8080-exec-2] ERROR [,] c.b.s.controller.advice.ExceptionAdvice - com.baomidou.mybatisplus.core.override.MybatisMapperMethod.executeForMany(MybatisMapperMethod.java:166)
2023-09-26 08:55:54.665 [http-nio-8080-exec-2] ERROR [,] c.b.s.controller.advice.ExceptionAdvice - com.baomidou.mybatisplus.core.override.MybatisMapperMethod.execute(MybatisMapperMethod.java:77)
2023-09-26 08:55:54.666 [http-nio-8080-exec-2] ERROR [,] c.b.s.controller.advice.ExceptionAdvice - com.baomidou.mybatisplus.core.override.MybatisMapperProxy$PlainMethodInvoker.invoke(MybatisMapperProxy.java:148)
2023-09-26 08:55:54.666 [http-nio-8080-exec-2] ERROR [,] c.b.s.controller.advice.ExceptionAdvice - com.baomidou.mybatisplus.core.override.MybatisMapperProxy.invoke(MybatisMapperProxy.java:89)
2023-09-26 08:55:54.667 [http-nio-8080-exec-2] ERROR [,] c.b.s.controller.advice.ExceptionAdvice - com.sun.proxy.$Proxy94.selectList(Unknown Source)
2023-09-26 08:55:54.667 [http-nio-8080-exec-2] ERROR [,] c.b.s.controller.advice.ExceptionAdvice - com.baomidou.mybatisplus.core.mapper.BaseMapper.selectOne(BaseMapper.java:172)
2023-09-26 08:55:54.667 [http-nio-8080-exec-2] ERROR [,] c.b.s.controller.advice.ExceptionAdvice - java.lang.invoke.MethodHandle.invokeWithArguments(MethodHandle.java:627)
2023-09-26 08:55:54.667 [http-nio-8080-exec-2] ERROR [,] c.b.s.controller.advice.ExceptionAdvice - com.baomidou.mybatisplus.core.override.MybatisMapperProxy$DefaultMethodInvoker.invoke(MybatisMapperProxy.java:162)
2023-09-26 08:55:54.668 [http-nio-8080-exec-2] ERROR [,] c.b.s.controller.advice.ExceptionAdvice - com.baomidou.mybatisplus.core.override.MybatisMapperProxy.invoke(MybatisMapperProxy.java:89)
2023-09-26 08:55:54.668 [http-nio-8080-exec-2] ERROR [,] c.b.s.controller.advice.ExceptionAdvice - com.sun.proxy.$Proxy94.selectOne(Unknown Source)
2023-09-26 08:55:54.668 [http-nio-8080-exec-2] ERROR [,] c.b.s.controller.advice.ExceptionAdvice - com.benewake.saleordersystem.service.impl.UserServiceImpl.findLoginTicket(UserServiceImpl.java:152)
2023-09-26 08:55:54.668 [http-nio-8080-exec-2] ERROR [,] c.b.s.controller.advice.ExceptionAdvice - com.benewake.saleordersystem.controller.intercepter.LoginTicketInterceptor.preHandle(LoginTicketInterceptor.java:38)
2023-09-26 08:55:54.668 [http-nio-8080-exec-2] ERROR [,] c.b.s.controller.advice.ExceptionAdvice - org.springframework.web.servlet.HandlerExecutionChain.applyPreHandle(HandlerExecutionChain.java:151)
2023-09-26 08:55:54.668 [http-nio-8080-exec-2] ERROR [,] c.b.s.controller.advice.ExceptionAdvice - org.springframework.web.servlet.DispatcherServlet.doDispatch(DispatcherServlet.java:1035)
2023-09-26 08:55:54.668 [http-nio-8080-exec-2] ERROR [,] c.b.s.controller.advice.ExceptionAdvice - org.springframework.web.servlet.DispatcherServlet.doService(DispatcherServlet.java:943)
2023-09-26 08:55:54.669 [http-nio-8080-exec-2] ERROR [,] c.b.s.controller.advice.ExceptionAdvice - org.springframework.web.servlet.FrameworkServlet.processRequest(FrameworkServlet.java:1006)
2023-09-26 08:55:54.669 [http-nio-8080-exec-2] ERROR [,] c.b.s.controller.advice.ExceptionAdvice - org.springframework.web.servlet.FrameworkServlet.doPost(FrameworkServlet.java:909)
2023-09-26 08:55:54.669 [http-nio-8080-exec-2] ERROR [,] c.b.s.controller.advice.ExceptionAdvice - javax.servlet.http.HttpServlet.service(HttpServlet.java:652)
2023-09-26 08:55:54.669 [http-nio-8080-exec-2] ERROR [,] c.b.s.controller.advice.ExceptionAdvice - org.springframework.web.servlet.FrameworkServlet.service(FrameworkServlet.java:883)
2023-09-26 08:55:54.669 [http-nio-8080-exec-2] ERROR [,] c.b.s.controller.advice.ExceptionAdvice - javax.servlet.http.HttpServlet.service(HttpServlet.java:733)
2023-09-26 08:55:54.669 [http-nio-8080-exec-2] ERROR [,] c.b.s.controller.advice.ExceptionAdvice - org.apache.catalina.core.ApplicationFilterChain.internalDoFilter(ApplicationFilterChain.java:231)
2023-09-26 08:55:54.669 [http-nio-8080-exec-2] ERROR [,] c.b.s.controller.advice.ExceptionAdvice - org.apache.catalina.core.ApplicationFilterChain.doFilter(ApplicationFilterChain.java:166)
2023-09-26 08:55:54.670 [http-nio-8080-exec-2] ERROR [,] c.b.s.controller.advice.ExceptionAdvice - org.apache.tomcat.websocket.server.WsFilter.doFilter(WsFilter.java:53)
2023-09-26 08:55:54.670 [http-nio-8080-exec-2] ERROR [,] c.b.s.controller.advice.ExceptionAdvice - org.apache.catalina.core.ApplicationFilterChain.internalDoFilter(ApplicationFilterChain.java:193)
2023-09-26 08:55:54.670 [http-nio-8080-exec-2] ERROR [,] c.b.s.controller.advice.ExceptionAdvice - org.apache.catalina.core.ApplicationFilterChain.doFilter(ApplicationFilterChain.java:166)
2023-09-26 08:55:54.670 [http-nio-8080-exec-2] ERROR [,] c.b.s.controller.advice.ExceptionAdvice - org.springframework.web.filter.CorsFilter.doFilterInternal(CorsFilter.java:92)
2023-09-26 08:55:54.670 [http-nio-8080-exec-2] ERROR [,] c.b.s.controller.advice.ExceptionAdvice - org.springframework.web.filter.OncePerRequestFilter.doFilter(OncePerRequestFilter.java:119)
2023-09-26 08:55:54.670 [http-nio-8080-exec-2] ERROR [,] c.b.s.controller.advice.ExceptionAdvice - org.apache.catalina.core.ApplicationFilterChain.internalDoFilter(ApplicationFilterChain.java:193)
2023-09-26 08:55:54.670 [http-nio-8080-exec-2] ERROR [,] c.b.s.controller.advice.ExceptionAdvice - org.apache.catalina.core.ApplicationFilterChain.doFilter(ApplicationFilterChain.java:166)
2023-09-26 08:55:54.671 [http-nio-8080-exec-2] ERROR [,] c.b.s.controller.advice.ExceptionAdvice - org.springframework.web.filter.RequestContextFilter.doFilterInternal(RequestContextFilter.java:100)
2023-09-26 08:55:54.671 [http-nio-8080-exec-2] ERROR [,] c.b.s.controller.advice.ExceptionAdvice - org.springframework.web.filter.OncePerRequestFilter.doFilter(OncePerRequestFilter.java:119)
2023-09-26 08:55:54.671 [http-nio-8080-exec-2] ERROR [,] c.b.s.controller.advice.ExceptionAdvice - org.apache.catalina.core.ApplicationFilterChain.internalDoFilter(ApplicationFilterChain.java:193)
2023-09-26 08:55:54.671 [http-nio-8080-exec-2] ERROR [,] c.b.s.controller.advice.ExceptionAdvice - org.apache.catalina.core.ApplicationFilterChain.doFilter(ApplicationFilterChain.java:166)
2023-09-26 08:55:54.672 [http-nio-8080-exec-2] ERROR [,] c.b.s.controller.advice.ExceptionAdvice - org.springframework.web.filter.FormContentFilter.doFilterInternal(FormContentFilter.java:93)
2023-09-26 08:55:54.672 [http-nio-8080-exec-2] ERROR [,] c.b.s.controller.advice.ExceptionAdvice - org.springframework.web.filter.OncePerRequestFilter.doFilter(OncePerRequestFilter.java:119)
2023-09-26 08:55:54.672 [http-nio-8080-exec-2] ERROR [,] c.b.s.controller.advice.ExceptionAdvice - org.apache.catalina.core.ApplicationFilterChain.internalDoFilter(ApplicationFilterChain.java:193)
2023-09-26 08:55:54.672 [http-nio-8080-exec-2] ERROR [,] c.b.s.controller.advice.ExceptionAdvice - org.apache.catalina.core.ApplicationFilterChain.doFilter(ApplicationFilterChain.java:166)
2023-09-26 08:55:54.672 [http-nio-8080-exec-2] ERROR [,] c.b.s.controller.advice.ExceptionAdvice - org.springframework.web.filter.CharacterEncodingFilter.doFilterInternal(CharacterEncodingFilter.java:201)
2023-09-26 08:55:54.673 [http-nio-8080-exec-2] ERROR [,] c.b.s.controller.advice.ExceptionAdvice - org.springframework.web.filter.OncePerRequestFilter.doFilter(OncePerRequestFilter.java:119)
2023-09-26 08:55:54.673 [http-nio-8080-exec-2] ERROR [,] c.b.s.controller.advice.ExceptionAdvice - org.apache.catalina.core.ApplicationFilterChain.internalDoFilter(ApplicationFilterChain.java:193)
2023-09-26 08:55:54.674 [http-nio-8080-exec-2] ERROR [,] c.b.s.controller.advice.ExceptionAdvice - org.apache.catalina.core.ApplicationFilterChain.doFilter(ApplicationFilterChain.java:166)
2023-09-26 08:55:54.674 [http-nio-8080-exec-2] ERROR [,] c.b.s.controller.advice.ExceptionAdvice - org.apache.catalina.core.StandardWrapperValve.invoke(StandardWrapperValve.java:202)
2023-09-26 08:55:54.675 [http-nio-8080-exec-2] ERROR [,] c.b.s.controller.advice.ExceptionAdvice - org.apache.catalina.core.StandardContextValve.invoke(StandardContextValve.java:97)
2023-09-26 08:55:54.676 [http-nio-8080-exec-2] ERROR [,] c.b.s.controller.advice.ExceptionAdvice - org.apache.catalina.authenticator.AuthenticatorBase.invoke(AuthenticatorBase.java:542)
2023-09-26 08:55:54.676 [http-nio-8080-exec-2] ERROR [,] c.b.s.controller.advice.ExceptionAdvice - org.apache.catalina.core.StandardHostValve.invoke(StandardHostValve.java:143)
2023-09-26 08:55:54.677 [http-nio-8080-exec-2] ERROR [,] c.b.s.controller.advice.ExceptionAdvice - org.apache.catalina.valves.ErrorReportValve.invoke(ErrorReportValve.java:92)
2023-09-26 08:55:54.677 [http-nio-8080-exec-2] ERROR [,] c.b.s.controller.advice.ExceptionAdvice - org.apache.catalina.core.StandardEngineValve.invoke(StandardEngineValve.java:78)
2023-09-26 08:55:54.677 [http-nio-8080-exec-2] ERROR [,] c.b.s.controller.advice.ExceptionAdvice - org.apache.catalina.connector.CoyoteAdapter.service(CoyoteAdapter.java:343)
2023-09-26 08:55:54.677 [http-nio-8080-exec-2] ERROR [,] c.b.s.controller.advice.ExceptionAdvice - org.apache.coyote.http11.Http11Processor.service(Http11Processor.java:374)
2023-09-26 08:55:54.677 [http-nio-8080-exec-2] ERROR [,] c.b.s.controller.advice.ExceptionAdvice - org.apache.coyote.AbstractProcessorLight.process(AbstractProcessorLight.java:65)
2023-09-26 08:55:54.677 [http-nio-8080-exec-2] ERROR [,] c.b.s.controller.advice.ExceptionAdvice - org.apache.coyote.AbstractProtocol$ConnectionHandler.process(AbstractProtocol.java:888)
2023-09-26 08:55:54.677 [http-nio-8080-exec-2] ERROR [,] c.b.s.controller.advice.ExceptionAdvice - org.apache.tomcat.util.net.NioEndpoint$SocketProcessor.doRun(NioEndpoint.java:1597)
2023-09-26 08:55:54.677 [http-nio-8080-exec-2] ERROR [,] c.b.s.controller.advice.ExceptionAdvice - org.apache.tomcat.util.net.SocketProcessorBase.run(SocketProcessorBase.java:49)
2023-09-26 08:55:54.677 [http-nio-8080-exec-2] ERROR [,] c.b.s.controller.advice.ExceptionAdvice - java.util.concurrent.ThreadPoolExecutor.runWorker(ThreadPoolExecutor.java:1149)
2023-09-26 08:55:54.677 [http-nio-8080-exec-2] ERROR [,] c.b.s.controller.advice.ExceptionAdvice - java.util.concurrent.ThreadPoolExecutor$Worker.run(ThreadPoolExecutor.java:624)
2023-09-26 08:55:54.677 [http-nio-8080-exec-2] ERROR [,] c.b.s.controller.advice.ExceptionAdvice - org.apache.tomcat.util.threads.TaskThread$WrappingRunnable.run(TaskThread.java:61)
2023-09-26 08:55:54.677 [http-nio-8080-exec-2] ERROR [,] c.b.s.controller.advice.ExceptionAdvice - java.lang.Thread.run(Thread.java:750)
2023-09-26 08:56:55.735 [http-nio-8080-exec-3] ERROR [,] com.zaxxer.hikari.pool.HikariPool - HikariPool-1 - Exception during pool initialization.
com.mysql.cj.jdbc.exceptions.CommunicationsException: Communications link failure

The last packet sent successfully to the server was 0 milliseconds ago. The driver has not received any packets from the server.
	at com.mysql.cj.jdbc.exceptions.SQLError.createCommunicationsException(SQLError.java:174)
	at com.mysql.cj.jdbc.exceptions.SQLExceptionsMapping.translateException(SQLExceptionsMapping.java:64)
	at com.mysql.cj.jdbc.ConnectionImpl.createNewIO(ConnectionImpl.java:836)
	at com.mysql.cj.jdbc.ConnectionImpl.<init>(ConnectionImpl.java:456)
	at com.mysql.cj.jdbc.ConnectionImpl.getInstance(ConnectionImpl.java:246)
	at com.mysql.cj.jdbc.NonRegisteringDriver.connect(NonRegisteringDriver.java:198)
	at com.zaxxer.hikari.util.DriverDataSource.getConnection(DriverDataSource.java:138)
	at com.zaxxer.hikari.pool.PoolBase.newConnection(PoolBase.java:358)
	at com.zaxxer.hikari.pool.PoolBase.newPoolEntry(PoolBase.java:206)
	at com.zaxxer.hikari.pool.HikariPool.createPoolEntry(HikariPool.java:477)
	at com.zaxxer.hikari.pool.HikariPool.checkFailFast(HikariPool.java:560)
	at com.zaxxer.hikari.pool.HikariPool.<init>(HikariPool.java:115)
	at com.zaxxer.hikari.HikariDataSource.getConnection(HikariDataSource.java:112)
	at org.springframework.jdbc.datasource.DataSourceUtils.fetchConnection(DataSourceUtils.java:158)
	at org.springframework.jdbc.datasource.DataSourceUtils.doGetConnection(DataSourceUtils.java:116)
	at org.springframework.jdbc.datasource.DataSourceUtils.getConnection(DataSourceUtils.java:79)
	at org.mybatis.spring.transaction.SpringManagedTransaction.openConnection(SpringManagedTransaction.java:80)
	at org.mybatis.spring.transaction.SpringManagedTransaction.getConnection(SpringManagedTransaction.java:67)
	at org.apache.ibatis.executor.BaseExecutor.getConnection(BaseExecutor.java:337)
	at org.apache.ibatis.executor.SimpleExecutor.prepareStatement(SimpleExecutor.java:86)
	at org.apache.ibatis.executor.SimpleExecutor.doQuery(SimpleExecutor.java:62)
	at org.apache.ibatis.executor.BaseExecutor.queryFromDatabase(BaseExecutor.java:325)
	at org.apache.ibatis.executor.BaseExecutor.query(BaseExecutor.java:156)
	at org.apache.ibatis.executor.CachingExecutor.query(CachingExecutor.java:109)
	at com.baomidou.mybatisplus.extension.plugins.MybatisPlusInterceptor.intercept(MybatisPlusInterceptor.java:81)
	at org.apache.ibatis.plugin.Plugin.invoke(Plugin.java:62)
	at com.sun.proxy.$Proxy158.query(Unknown Source)
	at com.github.pagehelper.PageInterceptor.intercept(PageInterceptor.java:132)
	at org.apache.ibatis.plugin.Plugin.invoke(Plugin.java:62)
	at com.sun.proxy.$Proxy158.query(Unknown Source)
	at org.apache.ibatis.session.defaults.DefaultSqlSession.selectList(DefaultSqlSession.java:151)
	at org.apache.ibatis.session.defaults.DefaultSqlSession.selectList(DefaultSqlSession.java:145)
	at org.apache.ibatis.session.defaults.DefaultSqlSession.selectList(DefaultSqlSession.java:140)
	at sun.reflect.NativeMethodAccessorImpl.invoke0(Native Method)
	at sun.reflect.NativeMethodAccessorImpl.invoke(NativeMethodAccessorImpl.java:62)
	at sun.reflect.DelegatingMethodAccessorImpl.invoke(DelegatingMethodAccessorImpl.java:43)
	at java.lang.reflect.Method.invoke(Method.java:498)
	at org.mybatis.spring.SqlSessionTemplate$SqlSessionInterceptor.invoke(SqlSessionTemplate.java:427)
	at com.sun.proxy.$Proxy85.selectList(Unknown Source)
	at org.mybatis.spring.SqlSessionTemplate.selectList(SqlSessionTemplate.java:224)
	at com.baomidou.mybatisplus.core.override.MybatisMapperMethod.executeForMany(MybatisMapperMethod.java:166)
	at com.baomidou.mybatisplus.core.override.MybatisMapperMethod.execute(MybatisMapperMethod.java:77)
	at com.baomidou.mybatisplus.core.override.MybatisMapperProxy$PlainMethodInvoker.invoke(MybatisMapperProxy.java:148)
	at com.baomidou.mybatisplus.core.override.MybatisMapperProxy.invoke(MybatisMapperProxy.java:89)
	at com.sun.proxy.$Proxy94.selectList(Unknown Source)
	at com.baomidou.mybatisplus.core.mapper.BaseMapper.selectOne(BaseMapper.java:172)
	at java.lang.invoke.MethodHandle.invokeWithArguments(MethodHandle.java:627)
	at com.baomidou.mybatisplus.core.override.MybatisMapperProxy$DefaultMethodInvoker.invoke(MybatisMapperProxy.java:162)
	at com.baomidou.mybatisplus.core.override.MybatisMapperProxy.invoke(MybatisMapperProxy.java:89)
	at com.sun.proxy.$Proxy94.selectOne(Unknown Source)
	at com.benewake.saleordersystem.service.impl.UserServiceImpl.findLoginTicket(UserServiceImpl.java:152)
	at com.benewake.saleordersystem.controller.intercepter.LoginTicketInterceptor.preHandle(LoginTicketInterceptor.java:38)
	at org.springframework.web.servlet.HandlerExecutionChain.applyPreHandle(HandlerExecutionChain.java:151)
	at org.springframework.web.servlet.DispatcherServlet.doDispatch(DispatcherServlet.java:1035)
	at org.springframework.web.servlet.DispatcherServlet.doService(DispatcherServlet.java:943)
	at org.springframework.web.servlet.FrameworkServlet.processRequest(FrameworkServlet.java:1006)
	at org.springframework.web.servlet.FrameworkServlet.doPost(FrameworkServlet.java:909)
	at javax.servlet.http.HttpServlet.service(HttpServlet.java:652)
	at org.springframework.web.servlet.FrameworkServlet.service(FrameworkServlet.java:883)
	at javax.servlet.http.HttpServlet.service(HttpServlet.java:733)
	at org.apache.catalina.core.ApplicationFilterChain.internalDoFilter(ApplicationFilterChain.java:231)
	at org.apache.catalina.core.ApplicationFilterChain.doFilter(ApplicationFilterChain.java:166)
	at org.apache.tomcat.websocket.server.WsFilter.doFilter(WsFilter.java:53)
	at org.apache.catalina.core.ApplicationFilterChain.internalDoFilter(ApplicationFilterChain.java:193)
	at org.apache.catalina.core.ApplicationFilterChain.doFilter(ApplicationFilterChain.java:166)
	at org.springframework.web.filter.CorsFilter.doFilterInternal(CorsFilter.java:92)
	at org.springframework.web.filter.OncePerRequestFilter.doFilter(OncePerRequestFilter.java:119)
	at org.apache.catalina.core.ApplicationFilterChain.internalDoFilter(ApplicationFilterChain.java:193)
	at org.apache.catalina.core.ApplicationFilterChain.doFilter(ApplicationFilterChain.java:166)
	at org.springframework.web.filter.RequestContextFilter.doFilterInternal(RequestContextFilter.java:100)
	at org.springframework.web.filter.OncePerRequestFilter.doFilter(OncePerRequestFilter.java:119)
	at org.apache.catalina.core.ApplicationFilterChain.internalDoFilter(ApplicationFilterChain.java:193)
	at org.apache.catalina.core.ApplicationFilterChain.doFilter(ApplicationFilterChain.java:166)
	at org.springframework.web.filter.FormContentFilter.doFilterInternal(FormContentFilter.java:93)
	at org.springframework.web.filter.OncePerRequestFilter.doFilter(OncePerRequestFilter.java:119)
	at org.apache.catalina.core.ApplicationFilterChain.internalDoFilter(ApplicationFilterChain.java:193)
	at org.apache.catalina.core.ApplicationFilterChain.doFilter(ApplicationFilterChain.java:166)
	at org.springframework.web.filter.CharacterEncodingFilter.doFilterInternal(CharacterEncodingFilter.java:201)
	at org.springframework.web.filter.OncePerRequestFilter.doFilter(OncePerRequestFilter.java:119)
	at org.apache.catalina.core.ApplicationFilterChain.internalDoFilter(ApplicationFilterChain.java:193)
	at org.apache.catalina.core.ApplicationFilterChain.doFilter(ApplicationFilterChain.java:166)
	at org.apache.catalina.core.StandardWrapperValve.invoke(StandardWrapperValve.java:202)
	at org.apache.catalina.core.StandardContextValve.invoke(StandardContextValve.java:97)
	at org.apache.catalina.authenticator.AuthenticatorBase.invoke(AuthenticatorBase.java:542)
	at org.apache.catalina.core.StandardHostValve.invoke(StandardHostValve.java:143)
	at org.apache.catalina.valves.ErrorReportValve.invoke(ErrorReportValve.java:92)
	at org.apache.catalina.core.StandardEngineValve.invoke(StandardEngineValve.java:78)
	at org.apache.catalina.connector.CoyoteAdapter.service(CoyoteAdapter.java:343)
	at org.apache.coyote.http11.Http11Processor.service(Http11Processor.java:374)
	at org.apache.coyote.AbstractProcessorLight.process(AbstractProcessorLight.java:65)
	at org.apache.coyote.AbstractProtocol$ConnectionHandler.process(AbstractProtocol.java:888)
	at org.apache.tomcat.util.net.NioEndpoint$SocketProcessor.doRun(NioEndpoint.java:1597)
	at org.apache.tomcat.util.net.SocketProcessorBase.run(SocketProcessorBase.java:49)
	at java.util.concurrent.ThreadPoolExecutor.runWorker(ThreadPoolExecutor.java:1149)
	at java.util.concurrent.ThreadPoolExecutor$Worker.run(ThreadPoolExecutor.java:624)
	at org.apache.tomcat.util.threads.TaskThread$WrappingRunnable.run(TaskThread.java:61)
	at java.lang.Thread.run(Thread.java:750)
Caused by: com.mysql.cj.exceptions.CJCommunicationsException: Communications link failure

The last packet sent successfully to the server was 0 milliseconds ago. The driver has not received any packets from the server.
	at sun.reflect.NativeConstructorAccessorImpl.newInstance0(Native Method)
	at sun.reflect.NativeConstructorAccessorImpl.newInstance(NativeConstructorAccessorImpl.java:62)
	at sun.reflect.DelegatingConstructorAccessorImpl.newInstance(DelegatingConstructorAccessorImpl.java:45)
	at java.lang.reflect.Constructor.newInstance(Constructor.java:423)
	at com.mysql.cj.exceptions.ExceptionFactory.createException(ExceptionFactory.java:61)
	at com.mysql.cj.exceptions.ExceptionFactory.createException(ExceptionFactory.java:105)
	at com.mysql.cj.exceptions.ExceptionFactory.createException(ExceptionFactory.java:151)
	at com.mysql.cj.exceptions.ExceptionFactory.createCommunicationsException(ExceptionFactory.java:167)
	at com.mysql.cj.protocol.a.NativeProtocol.afterHandshake(NativeProtocol.java:410)
	at com.mysql.cj.protocol.a.NativeAuthenticationProvider.proceedHandshakeWithPluggableAuthentication(NativeAuthenticationProvider.java:517)
	at com.mysql.cj.protocol.a.NativeAuthenticationProvider.connect(NativeAuthenticationProvider.java:174)
	at com.mysql.cj.protocol.a.NativeProtocol.connect(NativeProtocol.java:1348)
	at com.mysql.cj.NativeSession.connect(NativeSession.java:157)
	at com.mysql.cj.jdbc.ConnectionImpl.connectOneTryOnly(ConnectionImpl.java:956)
	at com.mysql.cj.jdbc.ConnectionImpl.createNewIO(ConnectionImpl.java:826)
	... 94 common frames omitted
Caused by: java.net.SocketException: Connection attempt exceeded defined timeout.
	at com.mysql.cj.protocol.StandardSocketFactory.resetLoginTimeCountdown(StandardSocketFactory.java:209)
	at com.mysql.cj.protocol.StandardSocketFactory.afterHandshake(StandardSocketFactory.java:194)
	at com.mysql.cj.protocol.a.NativeProtocol.afterHandshake(NativeProtocol.java:408)
	... 100 common frames omitted
2023-09-26 08:56:55.738 [http-nio-8080-exec-3] ERROR [,] c.b.s.controller.advice.ExceptionAdvice - 服务器发生异常：nested exception is org.apache.ibatis.exceptions.PersistenceException: 
### Error querying database.  Cause: org.springframework.jdbc.CannotGetJdbcConnectionException: Failed to obtain JDBC Connection; nested exception is com.mysql.cj.jdbc.exceptions.CommunicationsException: Communications link failure

The last packet sent successfully to the server was 0 milliseconds ago. The driver has not received any packets from the server.
### The error may exist in com/benewake/saleordersystem/mapper/LoginTicketMapper.java (best guess)
### The error may involve com.benewake.saleordersystem.mapper.LoginTicketMapper.selectList
### The error occurred while executing a query
### Cause: org.springframework.jdbc.CannotGetJdbcConnectionException: Failed to obtain JDBC Connection; nested exception is com.mysql.cj.jdbc.exceptions.CommunicationsException: Communications link failure

The last packet sent successfully to the server was 0 milliseconds ago. The driver has not received any packets from the server.
2023-09-26 08:56:55.739 [http-nio-8080-exec-3] ERROR [,] c.b.s.controller.advice.ExceptionAdvice - org.mybatis.spring.MyBatisExceptionTranslator.translateExceptionIfPossible(MyBatisExceptionTranslator.java:96)
2023-09-26 08:56:55.739 [http-nio-8080-exec-3] ERROR [,] c.b.s.controller.advice.ExceptionAdvice - org.mybatis.spring.SqlSessionTemplate$SqlSessionInterceptor.invoke(SqlSessionTemplate.java:441)
2023-09-26 08:56:55.739 [http-nio-8080-exec-3] ERROR [,] c.b.s.controller.advice.ExceptionAdvice - com.sun.proxy.$Proxy85.selectList(Unknown Source)
2023-09-26 08:56:55.739 [http-nio-8080-exec-3] ERROR [,] c.b.s.controller.advice.ExceptionAdvice - org.mybatis.spring.SqlSessionTemplate.selectList(SqlSessionTemplate.java:224)
2023-09-26 08:56:55.739 [http-nio-8080-exec-3] ERROR [,] c.b.s.controller.advice.ExceptionAdvice - com.baomidou.mybatisplus.core.override.MybatisMapperMethod.executeForMany(MybatisMapperMethod.java:166)
2023-09-26 08:56:55.739 [http-nio-8080-exec-3] ERROR [,] c.b.s.controller.advice.ExceptionAdvice - com.baomidou.mybatisplus.core.override.MybatisMapperMethod.execute(MybatisMapperMethod.java:77)
2023-09-26 08:56:55.739 [http-nio-8080-exec-3] ERROR [,] c.b.s.controller.advice.ExceptionAdvice - com.baomidou.mybatisplus.core.override.MybatisMapperProxy$PlainMethodInvoker.invoke(MybatisMapperProxy.java:148)
2023-09-26 08:56:55.739 [http-nio-8080-exec-3] ERROR [,] c.b.s.controller.advice.ExceptionAdvice - com.baomidou.mybatisplus.core.override.MybatisMapperProxy.invoke(MybatisMapperProxy.java:89)
2023-09-26 08:56:55.739 [http-nio-8080-exec-3] ERROR [,] c.b.s.controller.advice.ExceptionAdvice - com.sun.proxy.$Proxy94.selectList(Unknown Source)
2023-09-26 08:56:55.739 [http-nio-8080-exec-3] ERROR [,] c.b.s.controller.advice.ExceptionAdvice - com.baomidou.mybatisplus.core.mapper.BaseMapper.selectOne(BaseMapper.java:172)
2023-09-26 08:56:55.739 [http-nio-8080-exec-3] ERROR [,] c.b.s.controller.advice.ExceptionAdvice - java.lang.invoke.MethodHandle.invokeWithArguments(MethodHandle.java:627)
2023-09-26 08:56:55.739 [http-nio-8080-exec-3] ERROR [,] c.b.s.controller.advice.ExceptionAdvice - com.baomidou.mybatisplus.core.override.MybatisMapperProxy$DefaultMethodInvoker.invoke(MybatisMapperProxy.java:162)
2023-09-26 08:56:55.740 [http-nio-8080-exec-3] ERROR [,] c.b.s.controller.advice.ExceptionAdvice - com.baomidou.mybatisplus.core.override.MybatisMapperProxy.invoke(MybatisMapperProxy.java:89)
2023-09-26 08:56:55.740 [http-nio-8080-exec-3] ERROR [,] c.b.s.controller.advice.ExceptionAdvice - com.sun.proxy.$Proxy94.selectOne(Unknown Source)
2023-09-26 08:56:55.740 [http-nio-8080-exec-3] ERROR [,] c.b.s.controller.advice.ExceptionAdvice - com.benewake.saleordersystem.service.impl.UserServiceImpl.findLoginTicket(UserServiceImpl.java:152)
2023-09-26 08:56:55.740 [http-nio-8080-exec-3] ERROR [,] c.b.s.controller.advice.ExceptionAdvice - com.benewake.saleordersystem.controller.intercepter.LoginTicketInterceptor.preHandle(LoginTicketInterceptor.java:38)
2023-09-26 08:56:55.740 [http-nio-8080-exec-3] ERROR [,] c.b.s.controller.advice.ExceptionAdvice - org.springframework.web.servlet.HandlerExecutionChain.applyPreHandle(HandlerExecutionChain.java:151)
2023-09-26 08:56:55.740 [http-nio-8080-exec-3] ERROR [,] c.b.s.controller.advice.ExceptionAdvice - org.springframework.web.servlet.DispatcherServlet.doDispatch(DispatcherServlet.java:1035)
2023-09-26 08:56:55.740 [http-nio-8080-exec-3] ERROR [,] c.b.s.controller.advice.ExceptionAdvice - org.springframework.web.servlet.DispatcherServlet.doService(DispatcherServlet.java:943)
2023-09-26 08:56:55.740 [http-nio-8080-exec-3] ERROR [,] c.b.s.controller.advice.ExceptionAdvice - org.springframework.web.servlet.FrameworkServlet.processRequest(FrameworkServlet.java:1006)
2023-09-26 08:56:55.740 [http-nio-8080-exec-3] ERROR [,] c.b.s.controller.advice.ExceptionAdvice - org.springframework.web.servlet.FrameworkServlet.doPost(FrameworkServlet.java:909)
2023-09-26 08:56:55.740 [http-nio-8080-exec-3] ERROR [,] c.b.s.controller.advice.ExceptionAdvice - javax.servlet.http.HttpServlet.service(HttpServlet.java:652)
2023-09-26 08:56:55.740 [http-nio-8080-exec-3] ERROR [,] c.b.s.controller.advice.ExceptionAdvice - org.springframework.web.servlet.FrameworkServlet.service(FrameworkServlet.java:883)
2023-09-26 08:56:55.741 [http-nio-8080-exec-3] ERROR [,] c.b.s.controller.advice.ExceptionAdvice - javax.servlet.http.HttpServlet.service(HttpServlet.java:733)
2023-09-26 08:56:55.741 [http-nio-8080-exec-3] ERROR [,] c.b.s.controller.advice.ExceptionAdvice - org.apache.catalina.core.ApplicationFilterChain.internalDoFilter(ApplicationFilterChain.java:231)
2023-09-26 08:56:55.741 [http-nio-8080-exec-3] ERROR [,] c.b.s.controller.advice.ExceptionAdvice - org.apache.catalina.core.ApplicationFilterChain.doFilter(ApplicationFilterChain.java:166)
2023-09-26 08:56:55.741 [http-nio-8080-exec-3] ERROR [,] c.b.s.controller.advice.ExceptionAdvice - org.apache.tomcat.websocket.server.WsFilter.doFilter(WsFilter.java:53)
2023-09-26 08:56:55.741 [http-nio-8080-exec-3] ERROR [,] c.b.s.controller.advice.ExceptionAdvice - org.apache.catalina.core.ApplicationFilterChain.internalDoFilter(ApplicationFilterChain.java:193)
2023-09-26 08:56:55.741 [http-nio-8080-exec-3] ERROR [,] c.b.s.controller.advice.ExceptionAdvice - org.apache.catalina.core.ApplicationFilterChain.doFilter(ApplicationFilterChain.java:166)
2023-09-26 08:56:55.741 [http-nio-8080-exec-3] ERROR [,] c.b.s.controller.advice.ExceptionAdvice - org.springframework.web.filter.CorsFilter.doFilterInternal(CorsFilter.java:92)
2023-09-26 08:56:55.741 [http-nio-8080-exec-3] ERROR [,] c.b.s.controller.advice.ExceptionAdvice - org.springframework.web.filter.OncePerRequestFilter.doFilter(OncePerRequestFilter.java:119)
2023-09-26 08:56:55.741 [http-nio-8080-exec-3] ERROR [,] c.b.s.controller.advice.ExceptionAdvice - org.apache.catalina.core.ApplicationFilterChain.internalDoFilter(ApplicationFilterChain.java:193)
2023-09-26 08:56:55.742 [http-nio-8080-exec-3] ERROR [,] c.b.s.controller.advice.ExceptionAdvice - org.apache.catalina.core.ApplicationFilterChain.doFilter(ApplicationFilterChain.java:166)
2023-09-26 08:56:55.742 [http-nio-8080-exec-3] ERROR [,] c.b.s.controller.advice.ExceptionAdvice - org.springframework.web.filter.RequestContextFilter.doFilterInternal(RequestContextFilter.java:100)
2023-09-26 08:56:55.742 [http-nio-8080-exec-3] ERROR [,] c.b.s.controller.advice.ExceptionAdvice - org.springframework.web.filter.OncePerRequestFilter.doFilter(OncePerRequestFilter.java:119)
2023-09-26 08:56:55.742 [http-nio-8080-exec-3] ERROR [,] c.b.s.controller.advice.ExceptionAdvice - org.apache.catalina.core.ApplicationFilterChain.internalDoFilter(ApplicationFilterChain.java:193)
2023-09-26 08:56:55.742 [http-nio-8080-exec-3] ERROR [,] c.b.s.controller.advice.ExceptionAdvice - org.apache.catalina.core.ApplicationFilterChain.doFilter(ApplicationFilterChain.java:166)
2023-09-26 08:56:55.742 [http-nio-8080-exec-3] ERROR [,] c.b.s.controller.advice.ExceptionAdvice - org.springframework.web.filter.FormContentFilter.doFilterInternal(FormContentFilter.java:93)
2023-09-26 08:56:55.742 [http-nio-8080-exec-3] ERROR [,] c.b.s.controller.advice.ExceptionAdvice - org.springframework.web.filter.OncePerRequestFilter.doFilter(OncePerRequestFilter.java:119)
2023-09-26 08:56:55.742 [http-nio-8080-exec-3] ERROR [,] c.b.s.controller.advice.ExceptionAdvice - org.apache.catalina.core.ApplicationFilterChain.internalDoFilter(ApplicationFilterChain.java:193)
2023-09-26 08:56:55.742 [http-nio-8080-exec-3] ERROR [,] c.b.s.controller.advice.ExceptionAdvice - org.apache.catalina.core.ApplicationFilterChain.doFilter(ApplicationFilterChain.java:166)
2023-09-26 08:56:55.743 [http-nio-8080-exec-3] ERROR [,] c.b.s.controller.advice.ExceptionAdvice - org.springframework.web.filter.CharacterEncodingFilter.doFilterInternal(CharacterEncodingFilter.java:201)
2023-09-26 08:56:55.743 [http-nio-8080-exec-3] ERROR [,] c.b.s.controller.advice.ExceptionAdvice - org.springframework.web.filter.OncePerRequestFilter.doFilter(OncePerRequestFilter.java:119)
2023-09-26 08:56:55.743 [http-nio-8080-exec-3] ERROR [,] c.b.s.controller.advice.ExceptionAdvice - org.apache.catalina.core.ApplicationFilterChain.internalDoFilter(ApplicationFilterChain.java:193)
2023-09-26 08:56:55.743 [http-nio-8080-exec-3] ERROR [,] c.b.s.controller.advice.ExceptionAdvice - org.apache.catalina.core.ApplicationFilterChain.doFilter(ApplicationFilterChain.java:166)
2023-09-26 08:56:55.743 [http-nio-8080-exec-3] ERROR [,] c.b.s.controller.advice.ExceptionAdvice - org.apache.catalina.core.StandardWrapperValve.invoke(StandardWrapperValve.java:202)
2023-09-26 08:56:55.743 [http-nio-8080-exec-3] ERROR [,] c.b.s.controller.advice.ExceptionAdvice - org.apache.catalina.core.StandardContextValve.invoke(StandardContextValve.java:97)
2023-09-26 08:56:55.743 [http-nio-8080-exec-3] ERROR [,] c.b.s.controller.advice.ExceptionAdvice - org.apache.catalina.authenticator.AuthenticatorBase.invoke(AuthenticatorBase.java:542)
2023-09-26 08:56:55.743 [http-nio-8080-exec-3] ERROR [,] c.b.s.controller.advice.ExceptionAdvice - org.apache.catalina.core.StandardHostValve.invoke(StandardHostValve.java:143)
2023-09-26 08:56:55.743 [http-nio-8080-exec-3] ERROR [,] c.b.s.controller.advice.ExceptionAdvice - org.apache.catalina.valves.ErrorReportValve.invoke(ErrorReportValve.java:92)
2023-09-26 08:56:55.744 [http-nio-8080-exec-3] ERROR [,] c.b.s.controller.advice.ExceptionAdvice - org.apache.catalina.core.StandardEngineValve.invoke(StandardEngineValve.java:78)
2023-09-26 08:56:55.744 [http-nio-8080-exec-3] ERROR [,] c.b.s.controller.advice.ExceptionAdvice - org.apache.catalina.connector.CoyoteAdapter.service(CoyoteAdapter.java:343)
2023-09-26 08:56:55.745 [http-nio-8080-exec-3] ERROR [,] c.b.s.controller.advice.ExceptionAdvice - org.apache.coyote.http11.Http11Processor.service(Http11Processor.java:374)
2023-09-26 08:56:55.746 [http-nio-8080-exec-3] ERROR [,] c.b.s.controller.advice.ExceptionAdvice - org.apache.coyote.AbstractProcessorLight.process(AbstractProcessorLight.java:65)
2023-09-26 08:56:55.746 [http-nio-8080-exec-3] ERROR [,] c.b.s.controller.advice.ExceptionAdvice - org.apache.coyote.AbstractProtocol$ConnectionHandler.process(AbstractProtocol.java:888)
2023-09-26 08:56:55.746 [http-nio-8080-exec-3] ERROR [,] c.b.s.controller.advice.ExceptionAdvice - org.apache.tomcat.util.net.NioEndpoint$SocketProcessor.doRun(NioEndpoint.java:1597)
2023-09-26 08:56:55.746 [http-nio-8080-exec-3] ERROR [,] c.b.s.controller.advice.ExceptionAdvice - org.apache.tomcat.util.net.SocketProcessorBase.run(SocketProcessorBase.java:49)
2023-09-26 08:56:55.746 [http-nio-8080-exec-3] ERROR [,] c.b.s.controller.advice.ExceptionAdvice - java.util.concurrent.ThreadPoolExecutor.runWorker(ThreadPoolExecutor.java:1149)
2023-09-26 08:56:55.746 [http-nio-8080-exec-3] ERROR [,] c.b.s.controller.advice.ExceptionAdvice - java.util.concurrent.ThreadPoolExecutor$Worker.run(ThreadPoolExecutor.java:624)
2023-09-26 08:56:55.746 [http-nio-8080-exec-3] ERROR [,] c.b.s.controller.advice.ExceptionAdvice - org.apache.tomcat.util.threads.TaskThread$WrappingRunnable.run(TaskThread.java:61)
2023-09-26 08:56:55.746 [http-nio-8080-exec-3] ERROR [,] c.b.s.controller.advice.ExceptionAdvice - java.lang.Thread.run(Thread.java:750)
2023-09-26 09:35:18.974 [http-nio-8080-exec-1] ERROR [,] c.b.s.controller.advice.ExceptionAdvice - 服务器发生异常：
### Error querying database.  Cause: java.sql.SQLException: Incorrect DATETIME value: ''
### The error may exist in com/benewake/saleordersystem/mapper/Vo/SalesOrderVoMapper.java (best guess)
### The error may involve com.benewake.saleordersystem.mapper.Vo.SalesOrderVoMapper.selectListByFilter-Inline
### The error occurred while setting parameters
### SQL: select distinct (inquiry_id),inquiry_code,inquiry_init_type,state,created_user_name,item_type,allow_inquiry,inquiry_type,item_code,item_name,customer_name,salesman_name,sale_num,expected_time,arranged_time,delay,customer_type,order_delivery_progress,delivery_code,receive_time,delivery_state,customize,remark from (select inquiry_id as inquiry_id,(case when state=-1 then '无效' when state=0 then '保存' else concat('询单',state,'次') end) as state,a.inquiry_code as inquiry_code,sale_num as sale_num,expected_time as expected_time,arranged_time as arranged_time,allow_inquiry as allow_inquiry,created_user as created_user,salesman_id as salesman_id,a.item_id as item_id,a.customer_id as customer_id,remark as remark,(case when order_delivery_progress is null then '未发货' when order_delivery_progress = 80 then '已签收' else '已发货客户未签收' end) as order_delivery_progress,delivery_code,receive_time,delivery_state,delay as delay,(case when item_type = 1 then '已有标品' when item_type = 2 then '已有定制' when item_type = 3 then '新增软件定制' when item_type = 4 then '新增原材料定制'  when item_type = 5 then '新增原材料+软件定制' else '错误物料类型' end) as item_type,item_code as item_code,item_name as item_name,(case when inquiry_type = 1 then 'PO(客户付款)' when inquiry_type = 2 then 'PR(客户提出付款意向)' when inquiry_type = 3 then 'YG(供应链预估)' when inquiry_type = 4 then 'YC(销售预测)' when inquiry_type = 5 then 'XD(意向询单)' else 'ER(错误)' end) as inquiry_type,(case when item_type = 1 or item_type = 2 then '否' when item_type = 3 or item_type = 4 or item_type = 5 then '是' else '错误' end) as customize,(case when customer_type is null then '日常' else customer_type end) as customer_type,(case when inquiry_init_type = 5 then '销售询单' when inquiry_init_type = 4 then '销售预测' when inquiry_init_type = 3 then '供应链预估' else '错误的初始类型' end) as inquiry_init_type from (select fim_inquiry_table.inquiry_id,inquiry_code as inquiry_code,state as state,inquiry_init_type as inquiry_init_type,inquiry_type as inquiry_type,sale_num as sale_num,expected_time as expected_time,arranged_time as arranged_time,created_user as created_user,salesman_id as salesman_id,item_id as item_id,customer_id as customer_id,remark as remark,allow_inquiry as allow_inquiry,(case when arranged_time > expected_time then '是' else '否' end )as delay from fim_inquiry_table left join (select SUBSTRING_INDEX(GROUP_CONCAT(inquiry_id ORDER BY created_time desc),',',1) as inquiry_id,SUBSTRING_INDEX(GROUP_CONCAT(inquiry_type ORDER BY created_time asc),',',1) as inquiry_init_type from fim_inquiry_table group by inquiry_code) as bb on bb.inquiry_id = fim_inquiry_table.inquiry_id WHERE (bb.inquiry_id IS NOT NULL AND state >= ? AND arranged_time = ?)) as a left join (select customer_id,item_id,customer_type from fim_customer_type_table) as d on a.customer_id = d.customer_id and d.item_id = a.item_id left join (select item_id,item_code,item_name,item_type from fim_item_table WHERE (item_code IS NOT NULL)) as e on e.item_id = a.item_id left join(select inquiry_code,delivery_state as order_delivery_progress,delivery_code as delivery_code,receive_time as receive_time,delivery_latest_state as delivery_state from delivery_table) as j on j.inquiry_code = a.inquiry_code WHERE (item_code IS NOT NULL)) as a left join (select FIM_user_id,FIM_user_name as salesman_name from fim_users_table WHERE (FIM_user_name IS NOT NULL)) as b on a.salesman_id = b.FIM_user_id left join (select FIM_user_id,FIM_user_name as created_user_name from fim_users_table WHERE (FIM_user_name IS NOT NULL)) as c on a.created_user = c.FIM_user_id left join (select customer_id,customer_name from fim_customer_table WHERE (customer_name IS NOT NULL)) as f on a.customer_id = f.customer_id WHERE (customer_name IS NOT NULL AND created_user_name IS NOT NULL AND salesman_name IS NOT NULL) order by inquiry_code desc
### Cause: java.sql.SQLException: Incorrect DATETIME value: ''
; uncategorized SQLException; SQL state [HY000]; error code [1525]; Incorrect DATETIME value: ''; nested exception is java.sql.SQLException: Incorrect DATETIME value: ''
2023-09-26 09:35:18.975 [http-nio-8080-exec-1] ERROR [,] c.b.s.controller.advice.ExceptionAdvice - org.springframework.jdbc.support.AbstractFallbackSQLExceptionTranslator.translate(AbstractFallbackSQLExceptionTranslator.java:89)
2023-09-26 09:35:18.975 [http-nio-8080-exec-1] ERROR [,] c.b.s.controller.advice.ExceptionAdvice - org.springframework.jdbc.support.AbstractFallbackSQLExceptionTranslator.translate(AbstractFallbackSQLExceptionTranslator.java:81)
2023-09-26 09:35:18.975 [http-nio-8080-exec-1] ERROR [,] c.b.s.controller.advice.ExceptionAdvice - org.springframework.jdbc.support.AbstractFallbackSQLExceptionTranslator.translate(AbstractFallbackSQLExceptionTranslator.java:81)
2023-09-26 09:35:18.975 [http-nio-8080-exec-1] ERROR [,] c.b.s.controller.advice.ExceptionAdvice - org.mybatis.spring.MyBatisExceptionTranslator.translateExceptionIfPossible(MyBatisExceptionTranslator.java:91)
2023-09-26 09:35:18.975 [http-nio-8080-exec-1] ERROR [,] c.b.s.controller.advice.ExceptionAdvice - org.mybatis.spring.SqlSessionTemplate$SqlSessionInterceptor.invoke(SqlSessionTemplate.java:441)
2023-09-26 09:35:18.975 [http-nio-8080-exec-1] ERROR [,] c.b.s.controller.advice.ExceptionAdvice - com.sun.proxy.$Proxy85.selectList(Unknown Source)
2023-09-26 09:35:18.975 [http-nio-8080-exec-1] ERROR [,] c.b.s.controller.advice.ExceptionAdvice - org.mybatis.spring.SqlSessionTemplate.selectList(SqlSessionTemplate.java:224)
2023-09-26 09:35:18.975 [http-nio-8080-exec-1] ERROR [,] c.b.s.controller.advice.ExceptionAdvice - com.baomidou.mybatisplus.core.override.MybatisMapperMethod.executeForMany(MybatisMapperMethod.java:166)
2023-09-26 09:35:18.975 [http-nio-8080-exec-1] ERROR [,] c.b.s.controller.advice.ExceptionAdvice - com.baomidou.mybatisplus.core.override.MybatisMapperMethod.execute(MybatisMapperMethod.java:77)
2023-09-26 09:35:18.975 [http-nio-8080-exec-1] ERROR [,] c.b.s.controller.advice.ExceptionAdvice - com.baomidou.mybatisplus.core.override.MybatisMapperProxy$PlainMethodInvoker.invoke(MybatisMapperProxy.java:148)
2023-09-26 09:35:18.975 [http-nio-8080-exec-1] ERROR [,] c.b.s.controller.advice.ExceptionAdvice - com.baomidou.mybatisplus.core.override.MybatisMapperProxy.invoke(MybatisMapperProxy.java:89)
2023-09-26 09:35:18.975 [http-nio-8080-exec-1] ERROR [,] c.b.s.controller.advice.ExceptionAdvice - com.sun.proxy.$Proxy125.selectListByFilter(Unknown Source)
2023-09-26 09:35:18.975 [http-nio-8080-exec-1] ERROR [,] c.b.s.controller.advice.ExceptionAdvice - com.benewake.saleordersystem.service.impl.InquiryServiceImpl.selectSalesOrderVoList(InquiryServiceImpl.java:228)
2023-09-26 09:35:18.975 [http-nio-8080-exec-1] ERROR [,] c.b.s.controller.advice.ExceptionAdvice - com.benewake.saleordersystem.service.impl.InquiryServiceImpl$$FastClassBySpringCGLIB$$3ad626c8.invoke(<generated>)
2023-09-26 09:35:18.975 [http-nio-8080-exec-1] ERROR [,] c.b.s.controller.advice.ExceptionAdvice - org.springframework.cglib.proxy.MethodProxy.invoke(MethodProxy.java:218)
2023-09-26 09:35:18.975 [http-nio-8080-exec-1] ERROR [,] c.b.s.controller.advice.ExceptionAdvice - org.springframework.aop.framework.CglibAopProxy$CglibMethodInvocation.invokeJoinpoint(CglibAopProxy.java:771)
2023-09-26 09:35:18.976 [http-nio-8080-exec-1] ERROR [,] c.b.s.controller.advice.ExceptionAdvice - org.springframework.aop.framework.ReflectiveMethodInvocation.proceed(ReflectiveMethodInvocation.java:163)
2023-09-26 09:35:18.976 [http-nio-8080-exec-1] ERROR [,] c.b.s.controller.advice.ExceptionAdvice - org.springframework.aop.framework.CglibAopProxy$CglibMethodInvocation.proceed(CglibAopProxy.java:749)
2023-09-26 09:35:18.976 [http-nio-8080-exec-1] ERROR [,] c.b.s.controller.advice.ExceptionAdvice - org.springframework.aop.interceptor.ExposeInvocationInterceptor.invoke(ExposeInvocationInterceptor.java:95)
2023-09-26 09:35:18.976 [http-nio-8080-exec-1] ERROR [,] c.b.s.controller.advice.ExceptionAdvice - org.springframework.aop.framework.ReflectiveMethodInvocation.proceed(ReflectiveMethodInvocation.java:186)
2023-09-26 09:35:18.976 [http-nio-8080-exec-1] ERROR [,] c.b.s.controller.advice.ExceptionAdvice - org.springframework.aop.framework.CglibAopProxy$CglibMethodInvocation.proceed(CglibAopProxy.java:749)
2023-09-26 09:35:18.976 [http-nio-8080-exec-1] ERROR [,] c.b.s.controller.advice.ExceptionAdvice - org.springframework.aop.framework.CglibAopProxy$DynamicAdvisedInterceptor.intercept(CglibAopProxy.java:691)
2023-09-26 09:35:18.976 [http-nio-8080-exec-1] ERROR [,] c.b.s.controller.advice.ExceptionAdvice - com.benewake.saleordersystem.service.impl.InquiryServiceImpl$$EnhancerBySpringCGLIB$$5578f28d.selectSalesOrderVoList(<generated>)
2023-09-26 09:35:18.976 [http-nio-8080-exec-1] ERROR [,] c.b.s.controller.advice.ExceptionAdvice - com.benewake.saleordersystem.controller.SaleOrderController.selectList(SaleOrderController.java:175)
2023-09-26 09:35:18.976 [http-nio-8080-exec-1] ERROR [,] c.b.s.controller.advice.ExceptionAdvice - com.benewake.saleordersystem.controller.SaleOrderController$$FastClassBySpringCGLIB$$cf2c6a0c.invoke(<generated>)
2023-09-26 09:35:18.976 [http-nio-8080-exec-1] ERROR [,] c.b.s.controller.advice.ExceptionAdvice - org.springframework.cglib.proxy.MethodProxy.invoke(MethodProxy.java:218)
2023-09-26 09:35:18.976 [http-nio-8080-exec-1] ERROR [,] c.b.s.controller.advice.ExceptionAdvice - org.springframework.aop.framework.CglibAopProxy$CglibMethodInvocation.invokeJoinpoint(CglibAopProxy.java:771)
2023-09-26 09:35:18.976 [http-nio-8080-exec-1] ERROR [,] c.b.s.controller.advice.ExceptionAdvice - org.springframework.aop.framework.ReflectiveMethodInvocation.proceed(ReflectiveMethodInvocation.java:163)
2023-09-26 09:35:18.976 [http-nio-8080-exec-1] ERROR [,] c.b.s.controller.advice.ExceptionAdvice - org.springframework.aop.framework.CglibAopProxy$CglibMethodInvocation.proceed(CglibAopProxy.java:749)
2023-09-26 09:35:18.976 [http-nio-8080-exec-1] ERROR [,] c.b.s.controller.advice.ExceptionAdvice - org.springframework.aop.aspectj.MethodInvocationProceedingJoinPoint.proceed(MethodInvocationProceedingJoinPoint.java:88)
2023-09-26 09:35:18.976 [http-nio-8080-exec-1] ERROR [,] c.b.s.controller.advice.ExceptionAdvice - com.benewake.saleordersystem.aspect.TrackingTimeAspectj.trackingTimeAdvice(TrackingTimeAspectj.java:28)
2023-09-26 09:35:18.976 [http-nio-8080-exec-1] ERROR [,] c.b.s.controller.advice.ExceptionAdvice - sun.reflect.NativeMethodAccessorImpl.invoke0(Native Method)
2023-09-26 09:35:18.976 [http-nio-8080-exec-1] ERROR [,] c.b.s.controller.advice.ExceptionAdvice - sun.reflect.NativeMethodAccessorImpl.invoke(NativeMethodAccessorImpl.java:62)
2023-09-26 09:35:18.976 [http-nio-8080-exec-1] ERROR [,] c.b.s.controller.advice.ExceptionAdvice - sun.reflect.DelegatingMethodAccessorImpl.invoke(DelegatingMethodAccessorImpl.java:43)
2023-09-26 09:35:18.976 [http-nio-8080-exec-1] ERROR [,] c.b.s.controller.advice.ExceptionAdvice - java.lang.reflect.Method.invoke(Method.java:498)
2023-09-26 09:35:18.976 [http-nio-8080-exec-1] ERROR [,] c.b.s.controller.advice.ExceptionAdvice - org.springframework.aop.aspectj.AbstractAspectJAdvice.invokeAdviceMethodWithGivenArgs(AbstractAspectJAdvice.java:644)
2023-09-26 09:35:18.976 [http-nio-8080-exec-1] ERROR [,] c.b.s.controller.advice.ExceptionAdvice - org.springframework.aop.aspectj.AbstractAspectJAdvice.invokeAdviceMethod(AbstractAspectJAdvice.java:633)
2023-09-26 09:35:18.976 [http-nio-8080-exec-1] ERROR [,] c.b.s.controller.advice.ExceptionAdvice - org.springframework.aop.aspectj.AspectJAroundAdvice.invoke(AspectJAroundAdvice.java:70)
2023-09-26 09:35:18.976 [http-nio-8080-exec-1] ERROR [,] c.b.s.controller.advice.ExceptionAdvice - org.springframework.aop.framework.ReflectiveMethodInvocation.proceed(ReflectiveMethodInvocation.java:175)
2023-09-26 09:35:18.976 [http-nio-8080-exec-1] ERROR [,] c.b.s.controller.advice.ExceptionAdvice - org.springframework.aop.framework.CglibAopProxy$CglibMethodInvocation.proceed(CglibAopProxy.java:749)
2023-09-26 09:35:18.977 [http-nio-8080-exec-1] ERROR [,] c.b.s.controller.advice.ExceptionAdvice - org.springframework.aop.aspectj.MethodInvocationProceedingJoinPoint.proceed(MethodInvocationProceedingJoinPoint.java:88)
2023-09-26 09:35:18.977 [http-nio-8080-exec-1] ERROR [,] c.b.s.controller.advice.ExceptionAdvice - com.benewake.saleordersystem.aspect.LogAspect.before(LogAspect.java:83)
2023-09-26 09:35:18.977 [http-nio-8080-exec-1] ERROR [,] c.b.s.controller.advice.ExceptionAdvice - sun.reflect.NativeMethodAccessorImpl.invoke0(Native Method)
2023-09-26 09:35:18.977 [http-nio-8080-exec-1] ERROR [,] c.b.s.controller.advice.ExceptionAdvice - sun.reflect.NativeMethodAccessorImpl.invoke(NativeMethodAccessorImpl.java:62)
2023-09-26 09:35:18.977 [http-nio-8080-exec-1] ERROR [,] c.b.s.controller.advice.ExceptionAdvice - sun.reflect.DelegatingMethodAccessorImpl.invoke(DelegatingMethodAccessorImpl.java:43)
2023-09-26 09:35:18.977 [http-nio-8080-exec-1] ERROR [,] c.b.s.controller.advice.ExceptionAdvice - java.lang.reflect.Method.invoke(Method.java:498)
2023-09-26 09:35:18.977 [http-nio-8080-exec-1] ERROR [,] c.b.s.controller.advice.ExceptionAdvice - org.springframework.aop.aspectj.AbstractAspectJAdvice.invokeAdviceMethodWithGivenArgs(AbstractAspectJAdvice.java:644)
2023-09-26 09:35:18.977 [http-nio-8080-exec-1] ERROR [,] c.b.s.controller.advice.ExceptionAdvice - org.springframework.aop.aspectj.AbstractAspectJAdvice.invokeAdviceMethod(AbstractAspectJAdvice.java:633)
2023-09-26 09:35:18.977 [http-nio-8080-exec-1] ERROR [,] c.b.s.controller.advice.ExceptionAdvice - org.springframework.aop.aspectj.AspectJAroundAdvice.invoke(AspectJAroundAdvice.java:70)
2023-09-26 09:35:18.977 [http-nio-8080-exec-1] ERROR [,] c.b.s.controller.advice.ExceptionAdvice - org.springframework.aop.framework.ReflectiveMethodInvocation.proceed(ReflectiveMethodInvocation.java:186)
2023-09-26 09:35:18.977 [http-nio-8080-exec-1] ERROR [,] c.b.s.controller.advice.ExceptionAdvice - org.springframework.aop.framework.CglibAopProxy$CglibMethodInvocation.proceed(CglibAopProxy.java:749)
2023-09-26 09:35:18.977 [http-nio-8080-exec-1] ERROR [,] c.b.s.controller.advice.ExceptionAdvice - org.springframework.aop.interceptor.ExposeInvocationInterceptor.invoke(ExposeInvocationInterceptor.java:95)
2023-09-26 09:35:18.977 [http-nio-8080-exec-1] ERROR [,] c.b.s.controller.advice.ExceptionAdvice - org.springframework.aop.framework.ReflectiveMethodInvocation.proceed(ReflectiveMethodInvocation.java:186)
2023-09-26 09:35:18.977 [http-nio-8080-exec-1] ERROR [,] c.b.s.controller.advice.ExceptionAdvice - org.springframework.aop.framework.CglibAopProxy$CglibMethodInvocation.proceed(CglibAopProxy.java:749)
2023-09-26 09:35:18.977 [http-nio-8080-exec-1] ERROR [,] c.b.s.controller.advice.ExceptionAdvice - org.springframework.aop.framework.CglibAopProxy$DynamicAdvisedInterceptor.intercept(CglibAopProxy.java:691)
2023-09-26 09:35:18.977 [http-nio-8080-exec-1] ERROR [,] c.b.s.controller.advice.ExceptionAdvice - com.benewake.saleordersystem.controller.SaleOrderController$$EnhancerBySpringCGLIB$$8a2a0ca9.selectList(<generated>)
2023-09-26 09:35:18.977 [http-nio-8080-exec-1] ERROR [,] c.b.s.controller.advice.ExceptionAdvice - sun.reflect.NativeMethodAccessorImpl.invoke0(Native Method)
2023-09-26 09:35:18.977 [http-nio-8080-exec-1] ERROR [,] c.b.s.controller.advice.ExceptionAdvice - sun.reflect.NativeMethodAccessorImpl.invoke(NativeMethodAccessorImpl.java:62)
2023-09-26 09:35:18.977 [http-nio-8080-exec-1] ERROR [,] c.b.s.controller.advice.ExceptionAdvice - sun.reflect.DelegatingMethodAccessorImpl.invoke(DelegatingMethodAccessorImpl.java:43)
2023-09-26 09:35:18.977 [http-nio-8080-exec-1] ERROR [,] c.b.s.controller.advice.ExceptionAdvice - java.lang.reflect.Method.invoke(Method.java:498)
2023-09-26 09:35:18.977 [http-nio-8080-exec-1] ERROR [,] c.b.s.controller.advice.ExceptionAdvice - org.springframework.web.method.support.InvocableHandlerMethod.doInvoke(InvocableHandlerMethod.java:190)
2023-09-26 09:35:18.978 [http-nio-8080-exec-1] ERROR [,] c.b.s.controller.advice.ExceptionAdvice - org.springframework.web.method.support.InvocableHandlerMethod.invokeForRequest(InvocableHandlerMethod.java:138)
2023-09-26 09:35:18.978 [http-nio-8080-exec-1] ERROR [,] c.b.s.controller.advice.ExceptionAdvice - org.springframework.web.servlet.mvc.method.annotation.ServletInvocableHandlerMethod.invokeAndHandle(ServletInvocableHandlerMethod.java:105)
2023-09-26 09:35:18.978 [http-nio-8080-exec-1] ERROR [,] c.b.s.controller.advice.ExceptionAdvice - org.springframework.web.servlet.mvc.method.annotation.RequestMappingHandlerAdapter.invokeHandlerMethod(RequestMappingHandlerAdapter.java:878)
2023-09-26 09:35:18.978 [http-nio-8080-exec-1] ERROR [,] c.b.s.controller.advice.ExceptionAdvice - org.springframework.web.servlet.mvc.method.annotation.RequestMappingHandlerAdapter.handleInternal(RequestMappingHandlerAdapter.java:792)
2023-09-26 09:35:18.978 [http-nio-8080-exec-1] ERROR [,] c.b.s.controller.advice.ExceptionAdvice - org.springframework.web.servlet.mvc.method.AbstractHandlerMethodAdapter.handle(AbstractHandlerMethodAdapter.java:87)
2023-09-26 09:35:18.978 [http-nio-8080-exec-1] ERROR [,] c.b.s.controller.advice.ExceptionAdvice - org.springframework.web.servlet.DispatcherServlet.doDispatch(DispatcherServlet.java:1040)
2023-09-26 09:35:18.979 [http-nio-8080-exec-1] ERROR [,] c.b.s.controller.advice.ExceptionAdvice - org.springframework.web.servlet.DispatcherServlet.doService(DispatcherServlet.java:943)
2023-09-26 09:35:18.979 [http-nio-8080-exec-1] ERROR [,] c.b.s.controller.advice.ExceptionAdvice - org.springframework.web.servlet.FrameworkServlet.processRequest(FrameworkServlet.java:1006)
2023-09-26 09:35:18.979 [http-nio-8080-exec-1] ERROR [,] c.b.s.controller.advice.ExceptionAdvice - org.springframework.web.servlet.FrameworkServlet.doPost(FrameworkServlet.java:909)
2023-09-26 09:35:18.979 [http-nio-8080-exec-1] ERROR [,] c.b.s.controller.advice.ExceptionAdvice - javax.servlet.http.HttpServlet.service(HttpServlet.java:652)
2023-09-26 09:35:18.979 [http-nio-8080-exec-1] ERROR [,] c.b.s.controller.advice.ExceptionAdvice - org.springframework.web.servlet.FrameworkServlet.service(FrameworkServlet.java:883)
2023-09-26 09:35:18.979 [http-nio-8080-exec-1] ERROR [,] c.b.s.controller.advice.ExceptionAdvice - javax.servlet.http.HttpServlet.service(HttpServlet.java:733)
2023-09-26 09:35:18.979 [http-nio-8080-exec-1] ERROR [,] c.b.s.controller.advice.ExceptionAdvice - org.apache.catalina.core.ApplicationFilterChain.internalDoFilter(ApplicationFilterChain.java:231)
2023-09-26 09:35:18.979 [http-nio-8080-exec-1] ERROR [,] c.b.s.controller.advice.ExceptionAdvice - org.apache.catalina.core.ApplicationFilterChain.doFilter(ApplicationFilterChain.java:166)
2023-09-26 09:35:18.979 [http-nio-8080-exec-1] ERROR [,] c.b.s.controller.advice.ExceptionAdvice - org.apache.tomcat.websocket.server.WsFilter.doFilter(WsFilter.java:53)
2023-09-26 09:35:18.979 [http-nio-8080-exec-1] ERROR [,] c.b.s.controller.advice.ExceptionAdvice - org.apache.catalina.core.ApplicationFilterChain.internalDoFilter(ApplicationFilterChain.java:193)
2023-09-26 09:35:18.979 [http-nio-8080-exec-1] ERROR [,] c.b.s.controller.advice.ExceptionAdvice - org.apache.catalina.core.ApplicationFilterChain.doFilter(ApplicationFilterChain.java:166)
2023-09-26 09:35:18.980 [http-nio-8080-exec-1] ERROR [,] c.b.s.controller.advice.ExceptionAdvice - org.springframework.web.filter.CorsFilter.doFilterInternal(CorsFilter.java:92)
2023-09-26 09:35:18.980 [http-nio-8080-exec-1] ERROR [,] c.b.s.controller.advice.ExceptionAdvice - org.springframework.web.filter.OncePerRequestFilter.doFilter(OncePerRequestFilter.java:119)
2023-09-26 09:35:18.980 [http-nio-8080-exec-1] ERROR [,] c.b.s.controller.advice.ExceptionAdvice - org.apache.catalina.core.ApplicationFilterChain.internalDoFilter(ApplicationFilterChain.java:193)
2023-09-26 09:35:18.980 [http-nio-8080-exec-1] ERROR [,] c.b.s.controller.advice.ExceptionAdvice - org.apache.catalina.core.ApplicationFilterChain.doFilter(ApplicationFilterChain.java:166)
2023-09-26 09:35:18.980 [http-nio-8080-exec-1] ERROR [,] c.b.s.controller.advice.ExceptionAdvice - org.springframework.web.filter.RequestContextFilter.doFilterInternal(RequestContextFilter.java:100)
2023-09-26 09:35:18.980 [http-nio-8080-exec-1] ERROR [,] c.b.s.controller.advice.ExceptionAdvice - org.springframework.web.filter.OncePerRequestFilter.doFilter(OncePerRequestFilter.java:119)
2023-09-26 09:35:18.980 [http-nio-8080-exec-1] ERROR [,] c.b.s.controller.advice.ExceptionAdvice - org.apache.catalina.core.ApplicationFilterChain.internalDoFilter(ApplicationFilterChain.java:193)
2023-09-26 09:35:18.980 [http-nio-8080-exec-1] ERROR [,] c.b.s.controller.advice.ExceptionAdvice - org.apache.catalina.core.ApplicationFilterChain.doFilter(ApplicationFilterChain.java:166)
2023-09-26 09:35:18.980 [http-nio-8080-exec-1] ERROR [,] c.b.s.controller.advice.ExceptionAdvice - org.springframework.web.filter.FormContentFilter.doFilterInternal(FormContentFilter.java:93)
2023-09-26 09:35:18.980 [http-nio-8080-exec-1] ERROR [,] c.b.s.controller.advice.ExceptionAdvice - org.springframework.web.filter.OncePerRequestFilter.doFilter(OncePerRequestFilter.java:119)
2023-09-26 09:35:18.980 [http-nio-8080-exec-1] ERROR [,] c.b.s.controller.advice.ExceptionAdvice - org.apache.catalina.core.ApplicationFilterChain.internalDoFilter(ApplicationFilterChain.java:193)
2023-09-26 09:35:18.980 [http-nio-8080-exec-1] ERROR [,] c.b.s.controller.advice.ExceptionAdvice - org.apache.catalina.core.ApplicationFilterChain.doFilter(ApplicationFilterChain.java:166)
2023-09-26 09:35:18.980 [http-nio-8080-exec-1] ERROR [,] c.b.s.controller.advice.ExceptionAdvice - org.springframework.web.filter.CharacterEncodingFilter.doFilterInternal(CharacterEncodingFilter.java:201)
2023-09-26 09:35:18.980 [http-nio-8080-exec-1] ERROR [,] c.b.s.controller.advice.ExceptionAdvice - org.springframework.web.filter.OncePerRequestFilter.doFilter(OncePerRequestFilter.java:119)
2023-09-26 09:35:18.980 [http-nio-8080-exec-1] ERROR [,] c.b.s.controller.advice.ExceptionAdvice - org.apache.catalina.core.ApplicationFilterChain.internalDoFilter(ApplicationFilterChain.java:193)
2023-09-26 09:35:18.981 [http-nio-8080-exec-1] ERROR [,] c.b.s.controller.advice.ExceptionAdvice - org.apache.catalina.core.ApplicationFilterChain.doFilter(ApplicationFilterChain.java:166)
2023-09-26 09:35:18.981 [http-nio-8080-exec-1] ERROR [,] c.b.s.controller.advice.ExceptionAdvice - org.apache.catalina.core.StandardWrapperValve.invoke(StandardWrapperValve.java:202)
2023-09-26 09:35:18.981 [http-nio-8080-exec-1] ERROR [,] c.b.s.controller.advice.ExceptionAdvice - org.apache.catalina.core.StandardContextValve.invoke(StandardContextValve.java:97)
2023-09-26 09:35:18.981 [http-nio-8080-exec-1] ERROR [,] c.b.s.controller.advice.ExceptionAdvice - org.apache.catalina.authenticator.AuthenticatorBase.invoke(AuthenticatorBase.java:542)
2023-09-26 09:35:18.981 [http-nio-8080-exec-1] ERROR [,] c.b.s.controller.advice.ExceptionAdvice - org.apache.catalina.core.StandardHostValve.invoke(StandardHostValve.java:143)
2023-09-26 09:35:18.981 [http-nio-8080-exec-1] ERROR [,] c.b.s.controller.advice.ExceptionAdvice - org.apache.catalina.valves.ErrorReportValve.invoke(ErrorReportValve.java:92)
2023-09-26 09:35:18.981 [http-nio-8080-exec-1] ERROR [,] c.b.s.controller.advice.ExceptionAdvice - org.apache.catalina.core.StandardEngineValve.invoke(StandardEngineValve.java:78)
2023-09-26 09:35:18.981 [http-nio-8080-exec-1] ERROR [,] c.b.s.controller.advice.ExceptionAdvice - org.apache.catalina.connector.CoyoteAdapter.service(CoyoteAdapter.java:343)
2023-09-26 09:35:18.981 [http-nio-8080-exec-1] ERROR [,] c.b.s.controller.advice.ExceptionAdvice - org.apache.coyote.http11.Http11Processor.service(Http11Processor.java:374)
2023-09-26 09:35:18.981 [http-nio-8080-exec-1] ERROR [,] c.b.s.controller.advice.ExceptionAdvice - org.apache.coyote.AbstractProcessorLight.process(AbstractProcessorLight.java:65)
2023-09-26 09:35:18.981 [http-nio-8080-exec-1] ERROR [,] c.b.s.controller.advice.ExceptionAdvice - org.apache.coyote.AbstractProtocol$ConnectionHandler.process(AbstractProtocol.java:888)
2023-09-26 09:35:18.981 [http-nio-8080-exec-1] ERROR [,] c.b.s.controller.advice.ExceptionAdvice - org.apache.tomcat.util.net.NioEndpoint$SocketProcessor.doRun(NioEndpoint.java:1597)
2023-09-26 09:35:18.981 [http-nio-8080-exec-1] ERROR [,] c.b.s.controller.advice.ExceptionAdvice - org.apache.tomcat.util.net.SocketProcessorBase.run(SocketProcessorBase.java:49)
2023-09-26 09:35:18.981 [http-nio-8080-exec-1] ERROR [,] c.b.s.controller.advice.ExceptionAdvice - java.util.concurrent.ThreadPoolExecutor.runWorker(ThreadPoolExecutor.java:1149)
2023-09-26 09:35:18.981 [http-nio-8080-exec-1] ERROR [,] c.b.s.controller.advice.ExceptionAdvice - java.util.concurrent.ThreadPoolExecutor$Worker.run(ThreadPoolExecutor.java:624)
2023-09-26 09:35:18.981 [http-nio-8080-exec-1] ERROR [,] c.b.s.controller.advice.ExceptionAdvice - org.apache.tomcat.util.threads.TaskThread$WrappingRunnable.run(TaskThread.java:61)
2023-09-26 09:35:18.981 [http-nio-8080-exec-1] ERROR [,] c.b.s.controller.advice.ExceptionAdvice - java.lang.Thread.run(Thread.java:750)
