2023-09-25 10:47:49.076 [http-nio-8080-exec-8] ERROR [,] c.b.saleordersystem.controller.SaleOrderController - null
2023-09-25 10:47:49.111 [http-nio-8080-exec-8] ERROR [,] c.b.s.controller.advice.ExceptionAdvice - 服务器发生异常：参数有误！
2023-09-25 10:47:49.111 [http-nio-8080-exec-8] ERROR [,] c.b.s.controller.advice.ExceptionAdvice - com.benewake.saleordersystem.controller.SaleOrderController.addInquiries(SaleOrderController.java:535)
2023-09-25 10:47:49.111 [http-nio-8080-exec-8] ERROR [,] c.b.s.controller.advice.ExceptionAdvice - com.benewake.saleordersystem.controller.SaleOrderController$$FastClassBySpringCGLIB$$cf2c6a0c.invoke(<generated>)
2023-09-25 10:47:49.111 [http-nio-8080-exec-8] ERROR [,] c.b.s.controller.advice.ExceptionAdvice - org.springframework.cglib.proxy.MethodProxy.invoke(MethodProxy.java:218)
2023-09-25 10:47:49.115 [http-nio-8080-exec-8] ERROR [,] c.b.s.controller.advice.ExceptionAdvice - org.springframework.aop.framework.CglibAopProxy$CglibMethodInvocation.invokeJoinpoint(CglibAopProxy.java:771)
2023-09-25 10:47:49.115 [http-nio-8080-exec-8] ERROR [,] c.b.s.controller.advice.ExceptionAdvice - org.springframework.aop.framework.ReflectiveMethodInvocation.proceed(ReflectiveMethodInvocation.java:163)
2023-09-25 10:47:49.115 [http-nio-8080-exec-8] ERROR [,] c.b.s.controller.advice.ExceptionAdvice - org.springframework.aop.framework.CglibAopProxy$CglibMethodInvocation.proceed(CglibAopProxy.java:749)
2023-09-25 10:47:49.115 [http-nio-8080-exec-8] ERROR [,] c.b.s.controller.advice.ExceptionAdvice - org.springframework.aop.aspectj.MethodInvocationProceedingJoinPoint.proceed(MethodInvocationProceedingJoinPoint.java:88)
2023-09-25 10:47:49.115 [http-nio-8080-exec-8] ERROR [,] c.b.s.controller.advice.ExceptionAdvice - com.benewake.saleordersystem.aspect.LogAspect.before(LogAspect.java:83)
2023-09-25 10:47:49.115 [http-nio-8080-exec-8] ERROR [,] c.b.s.controller.advice.ExceptionAdvice - sun.reflect.NativeMethodAccessorImpl.invoke0(Native Method)
2023-09-25 10:47:49.115 [http-nio-8080-exec-8] ERROR [,] c.b.s.controller.advice.ExceptionAdvice - sun.reflect.NativeMethodAccessorImpl.invoke(NativeMethodAccessorImpl.java:62)
2023-09-25 10:47:49.115 [http-nio-8080-exec-8] ERROR [,] c.b.s.controller.advice.ExceptionAdvice - sun.reflect.DelegatingMethodAccessorImpl.invoke(DelegatingMethodAccessorImpl.java:43)
2023-09-25 10:47:49.115 [http-nio-8080-exec-8] ERROR [,] c.b.s.controller.advice.ExceptionAdvice - java.lang.reflect.Method.invoke(Method.java:498)
2023-09-25 10:47:49.115 [http-nio-8080-exec-8] ERROR [,] c.b.s.controller.advice.ExceptionAdvice - org.springframework.aop.aspectj.AbstractAspectJAdvice.invokeAdviceMethodWithGivenArgs(AbstractAspectJAdvice.java:644)
2023-09-25 10:47:49.115 [http-nio-8080-exec-8] ERROR [,] c.b.s.controller.advice.ExceptionAdvice - org.springframework.aop.aspectj.AbstractAspectJAdvice.invokeAdviceMethod(AbstractAspectJAdvice.java:633)
2023-09-25 10:47:49.115 [http-nio-8080-exec-8] ERROR [,] c.b.s.controller.advice.ExceptionAdvice - org.springframework.aop.aspectj.AspectJAroundAdvice.invoke(AspectJAroundAdvice.java:70)
2023-09-25 10:47:49.115 [http-nio-8080-exec-8] ERROR [,] c.b.s.controller.advice.ExceptionAdvice - org.springframework.aop.framework.ReflectiveMethodInvocation.proceed(ReflectiveMethodInvocation.java:186)
2023-09-25 10:47:49.116 [http-nio-8080-exec-8] ERROR [,] c.b.s.controller.advice.ExceptionAdvice - org.springframework.aop.framework.CglibAopProxy$CglibMethodInvocation.proceed(CglibAopProxy.java:749)
2023-09-25 10:47:49.116 [http-nio-8080-exec-8] ERROR [,] c.b.s.controller.advice.ExceptionAdvice - org.springframework.transaction.interceptor.TransactionAspectSupport.invokeWithinTransaction(TransactionAspectSupport.java:367)
2023-09-25 10:47:49.116 [http-nio-8080-exec-8] ERROR [,] c.b.s.controller.advice.ExceptionAdvice - org.springframework.transaction.interceptor.TransactionInterceptor.invoke(TransactionInterceptor.java:118)
2023-09-25 10:47:49.116 [http-nio-8080-exec-8] ERROR [,] c.b.s.controller.advice.ExceptionAdvice - org.springframework.aop.framework.ReflectiveMethodInvocation.proceed(ReflectiveMethodInvocation.java:186)
2023-09-25 10:47:49.116 [http-nio-8080-exec-8] ERROR [,] c.b.s.controller.advice.ExceptionAdvice - org.springframework.aop.framework.CglibAopProxy$CglibMethodInvocation.proceed(CglibAopProxy.java:749)
2023-09-25 10:47:49.117 [http-nio-8080-exec-8] ERROR [,] c.b.s.controller.advice.ExceptionAdvice - org.springframework.aop.interceptor.ExposeInvocationInterceptor.invoke(ExposeInvocationInterceptor.java:95)
2023-09-25 10:47:49.117 [http-nio-8080-exec-8] ERROR [,] c.b.s.controller.advice.ExceptionAdvice - org.springframework.aop.framework.ReflectiveMethodInvocation.proceed(ReflectiveMethodInvocation.java:186)
2023-09-25 10:47:49.117 [http-nio-8080-exec-8] ERROR [,] c.b.s.controller.advice.ExceptionAdvice - org.springframework.aop.framework.CglibAopProxy$CglibMethodInvocation.proceed(CglibAopProxy.java:749)
2023-09-25 10:47:49.118 [http-nio-8080-exec-8] ERROR [,] c.b.s.controller.advice.ExceptionAdvice - org.springframework.aop.framework.CglibAopProxy$DynamicAdvisedInterceptor.intercept(CglibAopProxy.java:691)
2023-09-25 10:47:49.118 [http-nio-8080-exec-8] ERROR [,] c.b.s.controller.advice.ExceptionAdvice - com.benewake.saleordersystem.controller.SaleOrderController$$EnhancerBySpringCGLIB$$c069cfdf.addInquiries(<generated>)
2023-09-25 10:47:49.118 [http-nio-8080-exec-8] ERROR [,] c.b.s.controller.advice.ExceptionAdvice - sun.reflect.NativeMethodAccessorImpl.invoke0(Native Method)
2023-09-25 10:47:49.118 [http-nio-8080-exec-8] ERROR [,] c.b.s.controller.advice.ExceptionAdvice - sun.reflect.NativeMethodAccessorImpl.invoke(NativeMethodAccessorImpl.java:62)
2023-09-25 10:47:49.118 [http-nio-8080-exec-8] ERROR [,] c.b.s.controller.advice.ExceptionAdvice - sun.reflect.DelegatingMethodAccessorImpl.invoke(DelegatingMethodAccessorImpl.java:43)
2023-09-25 10:47:49.118 [http-nio-8080-exec-8] ERROR [,] c.b.s.controller.advice.ExceptionAdvice - java.lang.reflect.Method.invoke(Method.java:498)
2023-09-25 10:47:49.118 [http-nio-8080-exec-8] ERROR [,] c.b.s.controller.advice.ExceptionAdvice - org.springframework.web.method.support.InvocableHandlerMethod.doInvoke(InvocableHandlerMethod.java:190)
2023-09-25 10:47:49.118 [http-nio-8080-exec-8] ERROR [,] c.b.s.controller.advice.ExceptionAdvice - org.springframework.web.method.support.InvocableHandlerMethod.invokeForRequest(InvocableHandlerMethod.java:138)
2023-09-25 10:47:49.118 [http-nio-8080-exec-8] ERROR [,] c.b.s.controller.advice.ExceptionAdvice - org.springframework.web.servlet.mvc.method.annotation.ServletInvocableHandlerMethod.invokeAndHandle(ServletInvocableHandlerMethod.java:105)
2023-09-25 10:47:49.118 [http-nio-8080-exec-8] ERROR [,] c.b.s.controller.advice.ExceptionAdvice - org.springframework.web.servlet.mvc.method.annotation.RequestMappingHandlerAdapter.invokeHandlerMethod(RequestMappingHandlerAdapter.java:878)
2023-09-25 10:47:49.118 [http-nio-8080-exec-8] ERROR [,] c.b.s.controller.advice.ExceptionAdvice - org.springframework.web.servlet.mvc.method.annotation.RequestMappingHandlerAdapter.handleInternal(RequestMappingHandlerAdapter.java:792)
2023-09-25 10:47:49.118 [http-nio-8080-exec-8] ERROR [,] c.b.s.controller.advice.ExceptionAdvice - org.springframework.web.servlet.mvc.method.AbstractHandlerMethodAdapter.handle(AbstractHandlerMethodAdapter.java:87)
2023-09-25 10:47:49.118 [http-nio-8080-exec-8] ERROR [,] c.b.s.controller.advice.ExceptionAdvice - org.springframework.web.servlet.DispatcherServlet.doDispatch(DispatcherServlet.java:1040)
2023-09-25 10:47:49.118 [http-nio-8080-exec-8] ERROR [,] c.b.s.controller.advice.ExceptionAdvice - org.springframework.web.servlet.DispatcherServlet.doService(DispatcherServlet.java:943)
2023-09-25 10:47:49.118 [http-nio-8080-exec-8] ERROR [,] c.b.s.controller.advice.ExceptionAdvice - org.springframework.web.servlet.FrameworkServlet.processRequest(FrameworkServlet.java:1006)
2023-09-25 10:47:49.118 [http-nio-8080-exec-8] ERROR [,] c.b.s.controller.advice.ExceptionAdvice - org.springframework.web.servlet.FrameworkServlet.doPost(FrameworkServlet.java:909)
2023-09-25 10:47:49.119 [http-nio-8080-exec-8] ERROR [,] c.b.s.controller.advice.ExceptionAdvice - javax.servlet.http.HttpServlet.service(HttpServlet.java:652)
2023-09-25 10:47:49.119 [http-nio-8080-exec-8] ERROR [,] c.b.s.controller.advice.ExceptionAdvice - org.springframework.web.servlet.FrameworkServlet.service(FrameworkServlet.java:883)
2023-09-25 10:47:49.119 [http-nio-8080-exec-8] ERROR [,] c.b.s.controller.advice.ExceptionAdvice - javax.servlet.http.HttpServlet.service(HttpServlet.java:733)
2023-09-25 10:47:49.119 [http-nio-8080-exec-8] ERROR [,] c.b.s.controller.advice.ExceptionAdvice - org.apache.catalina.core.ApplicationFilterChain.internalDoFilter(ApplicationFilterChain.java:231)
2023-09-25 10:47:49.119 [http-nio-8080-exec-8] ERROR [,] c.b.s.controller.advice.ExceptionAdvice - org.apache.catalina.core.ApplicationFilterChain.doFilter(ApplicationFilterChain.java:166)
2023-09-25 10:47:49.119 [http-nio-8080-exec-8] ERROR [,] c.b.s.controller.advice.ExceptionAdvice - org.apache.tomcat.websocket.server.WsFilter.doFilter(WsFilter.java:53)
2023-09-25 10:47:49.119 [http-nio-8080-exec-8] ERROR [,] c.b.s.controller.advice.ExceptionAdvice - org.apache.catalina.core.ApplicationFilterChain.internalDoFilter(ApplicationFilterChain.java:193)
2023-09-25 10:47:49.119 [http-nio-8080-exec-8] ERROR [,] c.b.s.controller.advice.ExceptionAdvice - org.apache.catalina.core.ApplicationFilterChain.doFilter(ApplicationFilterChain.java:166)
2023-09-25 10:47:49.119 [http-nio-8080-exec-8] ERROR [,] c.b.s.controller.advice.ExceptionAdvice - org.springframework.web.filter.CorsFilter.doFilterInternal(CorsFilter.java:92)
2023-09-25 10:47:49.119 [http-nio-8080-exec-8] ERROR [,] c.b.s.controller.advice.ExceptionAdvice - org.springframework.web.filter.OncePerRequestFilter.doFilter(OncePerRequestFilter.java:119)
2023-09-25 10:47:49.119 [http-nio-8080-exec-8] ERROR [,] c.b.s.controller.advice.ExceptionAdvice - org.apache.catalina.core.ApplicationFilterChain.internalDoFilter(ApplicationFilterChain.java:193)
2023-09-25 10:47:49.119 [http-nio-8080-exec-8] ERROR [,] c.b.s.controller.advice.ExceptionAdvice - org.apache.catalina.core.ApplicationFilterChain.doFilter(ApplicationFilterChain.java:166)
2023-09-25 10:47:49.119 [http-nio-8080-exec-8] ERROR [,] c.b.s.controller.advice.ExceptionAdvice - org.springframework.web.filter.RequestContextFilter.doFilterInternal(RequestContextFilter.java:100)
2023-09-25 10:47:49.119 [http-nio-8080-exec-8] ERROR [,] c.b.s.controller.advice.ExceptionAdvice - org.springframework.web.filter.OncePerRequestFilter.doFilter(OncePerRequestFilter.java:119)
2023-09-25 10:47:49.119 [http-nio-8080-exec-8] ERROR [,] c.b.s.controller.advice.ExceptionAdvice - org.apache.catalina.core.ApplicationFilterChain.internalDoFilter(ApplicationFilterChain.java:193)
2023-09-25 10:47:49.119 [http-nio-8080-exec-8] ERROR [,] c.b.s.controller.advice.ExceptionAdvice - org.apache.catalina.core.ApplicationFilterChain.doFilter(ApplicationFilterChain.java:166)
2023-09-25 10:47:49.119 [http-nio-8080-exec-8] ERROR [,] c.b.s.controller.advice.ExceptionAdvice - org.springframework.web.filter.FormContentFilter.doFilterInternal(FormContentFilter.java:93)
2023-09-25 10:47:49.119 [http-nio-8080-exec-8] ERROR [,] c.b.s.controller.advice.ExceptionAdvice - org.springframework.web.filter.OncePerRequestFilter.doFilter(OncePerRequestFilter.java:119)
2023-09-25 10:47:49.119 [http-nio-8080-exec-8] ERROR [,] c.b.s.controller.advice.ExceptionAdvice - org.apache.catalina.core.ApplicationFilterChain.internalDoFilter(ApplicationFilterChain.java:193)
2023-09-25 10:47:49.119 [http-nio-8080-exec-8] ERROR [,] c.b.s.controller.advice.ExceptionAdvice - org.apache.catalina.core.ApplicationFilterChain.doFilter(ApplicationFilterChain.java:166)
2023-09-25 10:47:49.119 [http-nio-8080-exec-8] ERROR [,] c.b.s.controller.advice.ExceptionAdvice - org.springframework.web.filter.CharacterEncodingFilter.doFilterInternal(CharacterEncodingFilter.java:201)
2023-09-25 10:47:49.119 [http-nio-8080-exec-8] ERROR [,] c.b.s.controller.advice.ExceptionAdvice - org.springframework.web.filter.OncePerRequestFilter.doFilter(OncePerRequestFilter.java:119)
2023-09-25 10:47:49.119 [http-nio-8080-exec-8] ERROR [,] c.b.s.controller.advice.ExceptionAdvice - org.apache.catalina.core.ApplicationFilterChain.internalDoFilter(ApplicationFilterChain.java:193)
2023-09-25 10:47:49.119 [http-nio-8080-exec-8] ERROR [,] c.b.s.controller.advice.ExceptionAdvice - org.apache.catalina.core.ApplicationFilterChain.doFilter(ApplicationFilterChain.java:166)
2023-09-25 10:47:49.119 [http-nio-8080-exec-8] ERROR [,] c.b.s.controller.advice.ExceptionAdvice - org.apache.catalina.core.StandardWrapperValve.invoke(StandardWrapperValve.java:202)
2023-09-25 10:47:49.119 [http-nio-8080-exec-8] ERROR [,] c.b.s.controller.advice.ExceptionAdvice - org.apache.catalina.core.StandardContextValve.invoke(StandardContextValve.java:97)
2023-09-25 10:47:49.119 [http-nio-8080-exec-8] ERROR [,] c.b.s.controller.advice.ExceptionAdvice - org.apache.catalina.authenticator.AuthenticatorBase.invoke(AuthenticatorBase.java:542)
2023-09-25 10:47:49.119 [http-nio-8080-exec-8] ERROR [,] c.b.s.controller.advice.ExceptionAdvice - org.apache.catalina.core.StandardHostValve.invoke(StandardHostValve.java:143)
2023-09-25 10:47:49.119 [http-nio-8080-exec-8] ERROR [,] c.b.s.controller.advice.ExceptionAdvice - org.apache.catalina.valves.ErrorReportValve.invoke(ErrorReportValve.java:92)
2023-09-25 10:47:49.120 [http-nio-8080-exec-8] ERROR [,] c.b.s.controller.advice.ExceptionAdvice - org.apache.catalina.core.StandardEngineValve.invoke(StandardEngineValve.java:78)
2023-09-25 10:47:49.120 [http-nio-8080-exec-8] ERROR [,] c.b.s.controller.advice.ExceptionAdvice - org.apache.catalina.connector.CoyoteAdapter.service(CoyoteAdapter.java:343)
2023-09-25 10:47:49.120 [http-nio-8080-exec-8] ERROR [,] c.b.s.controller.advice.ExceptionAdvice - org.apache.coyote.http11.Http11Processor.service(Http11Processor.java:374)
2023-09-25 10:47:49.120 [http-nio-8080-exec-8] ERROR [,] c.b.s.controller.advice.ExceptionAdvice - org.apache.coyote.AbstractProcessorLight.process(AbstractProcessorLight.java:65)
2023-09-25 10:47:49.120 [http-nio-8080-exec-8] ERROR [,] c.b.s.controller.advice.ExceptionAdvice - org.apache.coyote.AbstractProtocol$ConnectionHandler.process(AbstractProtocol.java:888)
2023-09-25 10:47:49.120 [http-nio-8080-exec-8] ERROR [,] c.b.s.controller.advice.ExceptionAdvice - org.apache.tomcat.util.net.NioEndpoint$SocketProcessor.doRun(NioEndpoint.java:1597)
2023-09-25 10:47:49.120 [http-nio-8080-exec-8] ERROR [,] c.b.s.controller.advice.ExceptionAdvice - org.apache.tomcat.util.net.SocketProcessorBase.run(SocketProcessorBase.java:49)
2023-09-25 10:47:49.120 [http-nio-8080-exec-8] ERROR [,] c.b.s.controller.advice.ExceptionAdvice - java.util.concurrent.ThreadPoolExecutor.runWorker(ThreadPoolExecutor.java:1149)
2023-09-25 10:47:49.120 [http-nio-8080-exec-8] ERROR [,] c.b.s.controller.advice.ExceptionAdvice - java.util.concurrent.ThreadPoolExecutor$Worker.run(ThreadPoolExecutor.java:624)
2023-09-25 10:47:49.120 [http-nio-8080-exec-8] ERROR [,] c.b.s.controller.advice.ExceptionAdvice - org.apache.tomcat.util.threads.TaskThread$WrappingRunnable.run(TaskThread.java:61)
2023-09-25 10:47:49.120 [http-nio-8080-exec-8] ERROR [,] c.b.s.controller.advice.ExceptionAdvice - java.lang.Thread.run(Thread.java:750)
2023-09-25 10:48:13.492 [http-nio-8080-exec-6] ERROR [,] c.b.saleordersystem.controller.SaleOrderController - null
2023-09-25 10:48:13.514 [http-nio-8080-exec-6] ERROR [,] c.b.s.controller.advice.ExceptionAdvice - 服务器发生异常：参数有误！
2023-09-25 10:48:13.515 [http-nio-8080-exec-6] ERROR [,] c.b.s.controller.advice.ExceptionAdvice - com.benewake.saleordersystem.controller.SaleOrderController.addInquiries(SaleOrderController.java:535)
2023-09-25 10:48:13.515 [http-nio-8080-exec-6] ERROR [,] c.b.s.controller.advice.ExceptionAdvice - com.benewake.saleordersystem.controller.SaleOrderController$$FastClassBySpringCGLIB$$cf2c6a0c.invoke(<generated>)
2023-09-25 10:48:13.515 [http-nio-8080-exec-6] ERROR [,] c.b.s.controller.advice.ExceptionAdvice - org.springframework.cglib.proxy.MethodProxy.invoke(MethodProxy.java:218)
2023-09-25 10:48:13.515 [http-nio-8080-exec-6] ERROR [,] c.b.s.controller.advice.ExceptionAdvice - org.springframework.aop.framework.CglibAopProxy$CglibMethodInvocation.invokeJoinpoint(CglibAopProxy.java:771)
2023-09-25 10:48:13.516 [http-nio-8080-exec-6] ERROR [,] c.b.s.controller.advice.ExceptionAdvice - org.springframework.aop.framework.ReflectiveMethodInvocation.proceed(ReflectiveMethodInvocation.java:163)
2023-09-25 10:48:13.516 [http-nio-8080-exec-6] ERROR [,] c.b.s.controller.advice.ExceptionAdvice - org.springframework.aop.framework.CglibAopProxy$CglibMethodInvocation.proceed(CglibAopProxy.java:749)
2023-09-25 10:48:13.516 [http-nio-8080-exec-6] ERROR [,] c.b.s.controller.advice.ExceptionAdvice - org.springframework.aop.aspectj.MethodInvocationProceedingJoinPoint.proceed(MethodInvocationProceedingJoinPoint.java:88)
2023-09-25 10:48:13.516 [http-nio-8080-exec-6] ERROR [,] c.b.s.controller.advice.ExceptionAdvice - com.benewake.saleordersystem.aspect.LogAspect.before(LogAspect.java:83)
2023-09-25 10:48:13.516 [http-nio-8080-exec-6] ERROR [,] c.b.s.controller.advice.ExceptionAdvice - sun.reflect.NativeMethodAccessorImpl.invoke0(Native Method)
2023-09-25 10:48:13.516 [http-nio-8080-exec-6] ERROR [,] c.b.s.controller.advice.ExceptionAdvice - sun.reflect.NativeMethodAccessorImpl.invoke(NativeMethodAccessorImpl.java:62)
2023-09-25 10:48:13.516 [http-nio-8080-exec-6] ERROR [,] c.b.s.controller.advice.ExceptionAdvice - sun.reflect.DelegatingMethodAccessorImpl.invoke(DelegatingMethodAccessorImpl.java:43)
2023-09-25 10:48:13.516 [http-nio-8080-exec-6] ERROR [,] c.b.s.controller.advice.ExceptionAdvice - java.lang.reflect.Method.invoke(Method.java:498)
2023-09-25 10:48:13.516 [http-nio-8080-exec-6] ERROR [,] c.b.s.controller.advice.ExceptionAdvice - org.springframework.aop.aspectj.AbstractAspectJAdvice.invokeAdviceMethodWithGivenArgs(AbstractAspectJAdvice.java:644)
2023-09-25 10:48:13.516 [http-nio-8080-exec-6] ERROR [,] c.b.s.controller.advice.ExceptionAdvice - org.springframework.aop.aspectj.AbstractAspectJAdvice.invokeAdviceMethod(AbstractAspectJAdvice.java:633)
2023-09-25 10:48:13.516 [http-nio-8080-exec-6] ERROR [,] c.b.s.controller.advice.ExceptionAdvice - org.springframework.aop.aspectj.AspectJAroundAdvice.invoke(AspectJAroundAdvice.java:70)
2023-09-25 10:48:13.516 [http-nio-8080-exec-6] ERROR [,] c.b.s.controller.advice.ExceptionAdvice - org.springframework.aop.framework.ReflectiveMethodInvocation.proceed(ReflectiveMethodInvocation.java:186)
2023-09-25 10:48:13.516 [http-nio-8080-exec-6] ERROR [,] c.b.s.controller.advice.ExceptionAdvice - org.springframework.aop.framework.CglibAopProxy$CglibMethodInvocation.proceed(CglibAopProxy.java:749)
2023-09-25 10:48:13.516 [http-nio-8080-exec-6] ERROR [,] c.b.s.controller.advice.ExceptionAdvice - org.springframework.transaction.interceptor.TransactionAspectSupport.invokeWithinTransaction(TransactionAspectSupport.java:367)
2023-09-25 10:48:13.516 [http-nio-8080-exec-6] ERROR [,] c.b.s.controller.advice.ExceptionAdvice - org.springframework.transaction.interceptor.TransactionInterceptor.invoke(TransactionInterceptor.java:118)
2023-09-25 10:48:13.517 [http-nio-8080-exec-6] ERROR [,] c.b.s.controller.advice.ExceptionAdvice - org.springframework.aop.framework.ReflectiveMethodInvocation.proceed(ReflectiveMethodInvocation.java:186)
2023-09-25 10:48:13.517 [http-nio-8080-exec-6] ERROR [,] c.b.s.controller.advice.ExceptionAdvice - org.springframework.aop.framework.CglibAopProxy$CglibMethodInvocation.proceed(CglibAopProxy.java:749)
2023-09-25 10:48:13.517 [http-nio-8080-exec-6] ERROR [,] c.b.s.controller.advice.ExceptionAdvice - org.springframework.aop.interceptor.ExposeInvocationInterceptor.invoke(ExposeInvocationInterceptor.java:95)
2023-09-25 10:48:13.517 [http-nio-8080-exec-6] ERROR [,] c.b.s.controller.advice.ExceptionAdvice - org.springframework.aop.framework.ReflectiveMethodInvocation.proceed(ReflectiveMethodInvocation.java:186)
2023-09-25 10:48:13.517 [http-nio-8080-exec-6] ERROR [,] c.b.s.controller.advice.ExceptionAdvice - org.springframework.aop.framework.CglibAopProxy$CglibMethodInvocation.proceed(CglibAopProxy.java:749)
2023-09-25 10:48:13.517 [http-nio-8080-exec-6] ERROR [,] c.b.s.controller.advice.ExceptionAdvice - org.springframework.aop.framework.CglibAopProxy$DynamicAdvisedInterceptor.intercept(CglibAopProxy.java:691)
2023-09-25 10:48:13.517 [http-nio-8080-exec-6] ERROR [,] c.b.s.controller.advice.ExceptionAdvice - com.benewake.saleordersystem.controller.SaleOrderController$$EnhancerBySpringCGLIB$$c069cfdf.addInquiries(<generated>)
2023-09-25 10:48:13.517 [http-nio-8080-exec-6] ERROR [,] c.b.s.controller.advice.ExceptionAdvice - sun.reflect.NativeMethodAccessorImpl.invoke0(Native Method)
2023-09-25 10:48:13.517 [http-nio-8080-exec-6] ERROR [,] c.b.s.controller.advice.ExceptionAdvice - sun.reflect.NativeMethodAccessorImpl.invoke(NativeMethodAccessorImpl.java:62)
2023-09-25 10:48:13.517 [http-nio-8080-exec-6] ERROR [,] c.b.s.controller.advice.ExceptionAdvice - sun.reflect.DelegatingMethodAccessorImpl.invoke(DelegatingMethodAccessorImpl.java:43)
2023-09-25 10:48:13.517 [http-nio-8080-exec-6] ERROR [,] c.b.s.controller.advice.ExceptionAdvice - java.lang.reflect.Method.invoke(Method.java:498)
2023-09-25 10:48:13.517 [http-nio-8080-exec-6] ERROR [,] c.b.s.controller.advice.ExceptionAdvice - org.springframework.web.method.support.InvocableHandlerMethod.doInvoke(InvocableHandlerMethod.java:190)
2023-09-25 10:48:13.517 [http-nio-8080-exec-6] ERROR [,] c.b.s.controller.advice.ExceptionAdvice - org.springframework.web.method.support.InvocableHandlerMethod.invokeForRequest(InvocableHandlerMethod.java:138)
2023-09-25 10:48:13.517 [http-nio-8080-exec-6] ERROR [,] c.b.s.controller.advice.ExceptionAdvice - org.springframework.web.servlet.mvc.method.annotation.ServletInvocableHandlerMethod.invokeAndHandle(ServletInvocableHandlerMethod.java:105)
2023-09-25 10:48:13.517 [http-nio-8080-exec-6] ERROR [,] c.b.s.controller.advice.ExceptionAdvice - org.springframework.web.servlet.mvc.method.annotation.RequestMappingHandlerAdapter.invokeHandlerMethod(RequestMappingHandlerAdapter.java:878)
2023-09-25 10:48:13.517 [http-nio-8080-exec-6] ERROR [,] c.b.s.controller.advice.ExceptionAdvice - org.springframework.web.servlet.mvc.method.annotation.RequestMappingHandlerAdapter.handleInternal(RequestMappingHandlerAdapter.java:792)
2023-09-25 10:48:13.517 [http-nio-8080-exec-6] ERROR [,] c.b.s.controller.advice.ExceptionAdvice - org.springframework.web.servlet.mvc.method.AbstractHandlerMethodAdapter.handle(AbstractHandlerMethodAdapter.java:87)
2023-09-25 10:48:13.518 [http-nio-8080-exec-6] ERROR [,] c.b.s.controller.advice.ExceptionAdvice - org.springframework.web.servlet.DispatcherServlet.doDispatch(DispatcherServlet.java:1040)
2023-09-25 10:48:13.518 [http-nio-8080-exec-6] ERROR [,] c.b.s.controller.advice.ExceptionAdvice - org.springframework.web.servlet.DispatcherServlet.doService(DispatcherServlet.java:943)
2023-09-25 10:48:13.518 [http-nio-8080-exec-6] ERROR [,] c.b.s.controller.advice.ExceptionAdvice - org.springframework.web.servlet.FrameworkServlet.processRequest(FrameworkServlet.java:1006)
2023-09-25 10:48:13.518 [http-nio-8080-exec-6] ERROR [,] c.b.s.controller.advice.ExceptionAdvice - org.springframework.web.servlet.FrameworkServlet.doPost(FrameworkServlet.java:909)
2023-09-25 10:48:13.518 [http-nio-8080-exec-6] ERROR [,] c.b.s.controller.advice.ExceptionAdvice - javax.servlet.http.HttpServlet.service(HttpServlet.java:652)
2023-09-25 10:48:13.518 [http-nio-8080-exec-6] ERROR [,] c.b.s.controller.advice.ExceptionAdvice - org.springframework.web.servlet.FrameworkServlet.service(FrameworkServlet.java:883)
2023-09-25 10:48:13.518 [http-nio-8080-exec-6] ERROR [,] c.b.s.controller.advice.ExceptionAdvice - javax.servlet.http.HttpServlet.service(HttpServlet.java:733)
2023-09-25 10:48:13.518 [http-nio-8080-exec-6] ERROR [,] c.b.s.controller.advice.ExceptionAdvice - org.apache.catalina.core.ApplicationFilterChain.internalDoFilter(ApplicationFilterChain.java:231)
2023-09-25 10:48:13.518 [http-nio-8080-exec-6] ERROR [,] c.b.s.controller.advice.ExceptionAdvice - org.apache.catalina.core.ApplicationFilterChain.doFilter(ApplicationFilterChain.java:166)
2023-09-25 10:48:13.518 [http-nio-8080-exec-6] ERROR [,] c.b.s.controller.advice.ExceptionAdvice - org.apache.tomcat.websocket.server.WsFilter.doFilter(WsFilter.java:53)
2023-09-25 10:48:13.518 [http-nio-8080-exec-6] ERROR [,] c.b.s.controller.advice.ExceptionAdvice - org.apache.catalina.core.ApplicationFilterChain.internalDoFilter(ApplicationFilterChain.java:193)
2023-09-25 10:48:13.518 [http-nio-8080-exec-6] ERROR [,] c.b.s.controller.advice.ExceptionAdvice - org.apache.catalina.core.ApplicationFilterChain.doFilter(ApplicationFilterChain.java:166)
2023-09-25 10:48:13.518 [http-nio-8080-exec-6] ERROR [,] c.b.s.controller.advice.ExceptionAdvice - org.springframework.web.filter.CorsFilter.doFilterInternal(CorsFilter.java:92)
2023-09-25 10:48:13.518 [http-nio-8080-exec-6] ERROR [,] c.b.s.controller.advice.ExceptionAdvice - org.springframework.web.filter.OncePerRequestFilter.doFilter(OncePerRequestFilter.java:119)
2023-09-25 10:48:13.518 [http-nio-8080-exec-6] ERROR [,] c.b.s.controller.advice.ExceptionAdvice - org.apache.catalina.core.ApplicationFilterChain.internalDoFilter(ApplicationFilterChain.java:193)
2023-09-25 10:48:13.519 [http-nio-8080-exec-6] ERROR [,] c.b.s.controller.advice.ExceptionAdvice - org.apache.catalina.core.ApplicationFilterChain.doFilter(ApplicationFilterChain.java:166)
2023-09-25 10:48:13.519 [http-nio-8080-exec-6] ERROR [,] c.b.s.controller.advice.ExceptionAdvice - org.springframework.web.filter.RequestContextFilter.doFilterInternal(RequestContextFilter.java:100)
2023-09-25 10:48:13.519 [http-nio-8080-exec-6] ERROR [,] c.b.s.controller.advice.ExceptionAdvice - org.springframework.web.filter.OncePerRequestFilter.doFilter(OncePerRequestFilter.java:119)
2023-09-25 10:48:13.519 [http-nio-8080-exec-6] ERROR [,] c.b.s.controller.advice.ExceptionAdvice - org.apache.catalina.core.ApplicationFilterChain.internalDoFilter(ApplicationFilterChain.java:193)
2023-09-25 10:48:13.519 [http-nio-8080-exec-6] ERROR [,] c.b.s.controller.advice.ExceptionAdvice - org.apache.catalina.core.ApplicationFilterChain.doFilter(ApplicationFilterChain.java:166)
2023-09-25 10:48:13.519 [http-nio-8080-exec-6] ERROR [,] c.b.s.controller.advice.ExceptionAdvice - org.springframework.web.filter.FormContentFilter.doFilterInternal(FormContentFilter.java:93)
2023-09-25 10:48:13.519 [http-nio-8080-exec-6] ERROR [,] c.b.s.controller.advice.ExceptionAdvice - org.springframework.web.filter.OncePerRequestFilter.doFilter(OncePerRequestFilter.java:119)
2023-09-25 10:48:13.519 [http-nio-8080-exec-6] ERROR [,] c.b.s.controller.advice.ExceptionAdvice - org.apache.catalina.core.ApplicationFilterChain.internalDoFilter(ApplicationFilterChain.java:193)
2023-09-25 10:48:13.519 [http-nio-8080-exec-6] ERROR [,] c.b.s.controller.advice.ExceptionAdvice - org.apache.catalina.core.ApplicationFilterChain.doFilter(ApplicationFilterChain.java:166)
2023-09-25 10:48:13.519 [http-nio-8080-exec-6] ERROR [,] c.b.s.controller.advice.ExceptionAdvice - org.springframework.web.filter.CharacterEncodingFilter.doFilterInternal(CharacterEncodingFilter.java:201)
2023-09-25 10:48:13.519 [http-nio-8080-exec-6] ERROR [,] c.b.s.controller.advice.ExceptionAdvice - org.springframework.web.filter.OncePerRequestFilter.doFilter(OncePerRequestFilter.java:119)
2023-09-25 10:48:13.519 [http-nio-8080-exec-6] ERROR [,] c.b.s.controller.advice.ExceptionAdvice - org.apache.catalina.core.ApplicationFilterChain.internalDoFilter(ApplicationFilterChain.java:193)
2023-09-25 10:48:13.519 [http-nio-8080-exec-6] ERROR [,] c.b.s.controller.advice.ExceptionAdvice - org.apache.catalina.core.ApplicationFilterChain.doFilter(ApplicationFilterChain.java:166)
2023-09-25 10:48:13.519 [http-nio-8080-exec-6] ERROR [,] c.b.s.controller.advice.ExceptionAdvice - org.apache.catalina.core.StandardWrapperValve.invoke(StandardWrapperValve.java:202)
2023-09-25 10:48:13.519 [http-nio-8080-exec-6] ERROR [,] c.b.s.controller.advice.ExceptionAdvice - org.apache.catalina.core.StandardContextValve.invoke(StandardContextValve.java:97)
2023-09-25 10:48:13.519 [http-nio-8080-exec-6] ERROR [,] c.b.s.controller.advice.ExceptionAdvice - org.apache.catalina.authenticator.AuthenticatorBase.invoke(AuthenticatorBase.java:542)
2023-09-25 10:48:13.519 [http-nio-8080-exec-6] ERROR [,] c.b.s.controller.advice.ExceptionAdvice - org.apache.catalina.core.StandardHostValve.invoke(StandardHostValve.java:143)
2023-09-25 10:48:13.520 [http-nio-8080-exec-6] ERROR [,] c.b.s.controller.advice.ExceptionAdvice - org.apache.catalina.valves.ErrorReportValve.invoke(ErrorReportValve.java:92)
2023-09-25 10:48:13.520 [http-nio-8080-exec-6] ERROR [,] c.b.s.controller.advice.ExceptionAdvice - org.apache.catalina.core.StandardEngineValve.invoke(StandardEngineValve.java:78)
2023-09-25 10:48:13.520 [http-nio-8080-exec-6] ERROR [,] c.b.s.controller.advice.ExceptionAdvice - org.apache.catalina.connector.CoyoteAdapter.service(CoyoteAdapter.java:343)
2023-09-25 10:48:13.520 [http-nio-8080-exec-6] ERROR [,] c.b.s.controller.advice.ExceptionAdvice - org.apache.coyote.http11.Http11Processor.service(Http11Processor.java:374)
2023-09-25 10:48:13.520 [http-nio-8080-exec-6] ERROR [,] c.b.s.controller.advice.ExceptionAdvice - org.apache.coyote.AbstractProcessorLight.process(AbstractProcessorLight.java:65)
2023-09-25 10:48:13.520 [http-nio-8080-exec-6] ERROR [,] c.b.s.controller.advice.ExceptionAdvice - org.apache.coyote.AbstractProtocol$ConnectionHandler.process(AbstractProtocol.java:888)
2023-09-25 10:48:13.520 [http-nio-8080-exec-6] ERROR [,] c.b.s.controller.advice.ExceptionAdvice - org.apache.tomcat.util.net.NioEndpoint$SocketProcessor.doRun(NioEndpoint.java:1597)
2023-09-25 10:48:13.520 [http-nio-8080-exec-6] ERROR [,] c.b.s.controller.advice.ExceptionAdvice - org.apache.tomcat.util.net.SocketProcessorBase.run(SocketProcessorBase.java:49)
2023-09-25 10:48:13.520 [http-nio-8080-exec-6] ERROR [,] c.b.s.controller.advice.ExceptionAdvice - java.util.concurrent.ThreadPoolExecutor.runWorker(ThreadPoolExecutor.java:1149)
2023-09-25 10:48:13.520 [http-nio-8080-exec-6] ERROR [,] c.b.s.controller.advice.ExceptionAdvice - java.util.concurrent.ThreadPoolExecutor$Worker.run(ThreadPoolExecutor.java:624)
2023-09-25 10:48:13.520 [http-nio-8080-exec-6] ERROR [,] c.b.s.controller.advice.ExceptionAdvice - org.apache.tomcat.util.threads.TaskThread$WrappingRunnable.run(TaskThread.java:61)
2023-09-25 10:48:13.520 [http-nio-8080-exec-6] ERROR [,] c.b.s.controller.advice.ExceptionAdvice - java.lang.Thread.run(Thread.java:750)
2023-09-25 10:48:31.108 [http-nio-8080-exec-7] ERROR [,] c.b.saleordersystem.controller.SaleOrderController - null
2023-09-25 10:48:31.153 [http-nio-8080-exec-7] ERROR [,] c.b.s.controller.advice.ExceptionAdvice - 服务器发生异常：参数有误！
2023-09-25 10:48:31.153 [http-nio-8080-exec-7] ERROR [,] c.b.s.controller.advice.ExceptionAdvice - com.benewake.saleordersystem.controller.SaleOrderController.addInquiries(SaleOrderController.java:535)
2023-09-25 10:48:31.154 [http-nio-8080-exec-7] ERROR [,] c.b.s.controller.advice.ExceptionAdvice - com.benewake.saleordersystem.controller.SaleOrderController$$FastClassBySpringCGLIB$$cf2c6a0c.invoke(<generated>)
2023-09-25 10:48:31.154 [http-nio-8080-exec-7] ERROR [,] c.b.s.controller.advice.ExceptionAdvice - org.springframework.cglib.proxy.MethodProxy.invoke(MethodProxy.java:218)
2023-09-25 10:48:31.154 [http-nio-8080-exec-7] ERROR [,] c.b.s.controller.advice.ExceptionAdvice - org.springframework.aop.framework.CglibAopProxy$CglibMethodInvocation.invokeJoinpoint(CglibAopProxy.java:771)
2023-09-25 10:48:31.154 [http-nio-8080-exec-7] ERROR [,] c.b.s.controller.advice.ExceptionAdvice - org.springframework.aop.framework.ReflectiveMethodInvocation.proceed(ReflectiveMethodInvocation.java:163)
2023-09-25 10:48:31.154 [http-nio-8080-exec-7] ERROR [,] c.b.s.controller.advice.ExceptionAdvice - org.springframework.aop.framework.CglibAopProxy$CglibMethodInvocation.proceed(CglibAopProxy.java:749)
2023-09-25 10:48:31.154 [http-nio-8080-exec-7] ERROR [,] c.b.s.controller.advice.ExceptionAdvice - org.springframework.aop.aspectj.MethodInvocationProceedingJoinPoint.proceed(MethodInvocationProceedingJoinPoint.java:88)
2023-09-25 10:48:31.154 [http-nio-8080-exec-7] ERROR [,] c.b.s.controller.advice.ExceptionAdvice - com.benewake.saleordersystem.aspect.LogAspect.before(LogAspect.java:83)
2023-09-25 10:48:31.154 [http-nio-8080-exec-7] ERROR [,] c.b.s.controller.advice.ExceptionAdvice - sun.reflect.NativeMethodAccessorImpl.invoke0(Native Method)
2023-09-25 10:48:31.154 [http-nio-8080-exec-7] ERROR [,] c.b.s.controller.advice.ExceptionAdvice - sun.reflect.NativeMethodAccessorImpl.invoke(NativeMethodAccessorImpl.java:62)
2023-09-25 10:48:31.155 [http-nio-8080-exec-7] ERROR [,] c.b.s.controller.advice.ExceptionAdvice - sun.reflect.DelegatingMethodAccessorImpl.invoke(DelegatingMethodAccessorImpl.java:43)
2023-09-25 10:48:31.155 [http-nio-8080-exec-7] ERROR [,] c.b.s.controller.advice.ExceptionAdvice - java.lang.reflect.Method.invoke(Method.java:498)
2023-09-25 10:48:31.155 [http-nio-8080-exec-7] ERROR [,] c.b.s.controller.advice.ExceptionAdvice - org.springframework.aop.aspectj.AbstractAspectJAdvice.invokeAdviceMethodWithGivenArgs(AbstractAspectJAdvice.java:644)
2023-09-25 10:48:31.155 [http-nio-8080-exec-7] ERROR [,] c.b.s.controller.advice.ExceptionAdvice - org.springframework.aop.aspectj.AbstractAspectJAdvice.invokeAdviceMethod(AbstractAspectJAdvice.java:633)
2023-09-25 10:48:31.155 [http-nio-8080-exec-7] ERROR [,] c.b.s.controller.advice.ExceptionAdvice - org.springframework.aop.aspectj.AspectJAroundAdvice.invoke(AspectJAroundAdvice.java:70)
2023-09-25 10:48:31.156 [http-nio-8080-exec-7] ERROR [,] c.b.s.controller.advice.ExceptionAdvice - org.springframework.aop.framework.ReflectiveMethodInvocation.proceed(ReflectiveMethodInvocation.java:186)
2023-09-25 10:48:31.156 [http-nio-8080-exec-7] ERROR [,] c.b.s.controller.advice.ExceptionAdvice - org.springframework.aop.framework.CglibAopProxy$CglibMethodInvocation.proceed(CglibAopProxy.java:749)
2023-09-25 10:48:31.156 [http-nio-8080-exec-7] ERROR [,] c.b.s.controller.advice.ExceptionAdvice - org.springframework.transaction.interceptor.TransactionAspectSupport.invokeWithinTransaction(TransactionAspectSupport.java:367)
2023-09-25 10:48:31.156 [http-nio-8080-exec-7] ERROR [,] c.b.s.controller.advice.ExceptionAdvice - org.springframework.transaction.interceptor.TransactionInterceptor.invoke(TransactionInterceptor.java:118)
2023-09-25 10:48:31.156 [http-nio-8080-exec-7] ERROR [,] c.b.s.controller.advice.ExceptionAdvice - org.springframework.aop.framework.ReflectiveMethodInvocation.proceed(ReflectiveMethodInvocation.java:186)
2023-09-25 10:48:31.156 [http-nio-8080-exec-7] ERROR [,] c.b.s.controller.advice.ExceptionAdvice - org.springframework.aop.framework.CglibAopProxy$CglibMethodInvocation.proceed(CglibAopProxy.java:749)
2023-09-25 10:48:31.158 [http-nio-8080-exec-7] ERROR [,] c.b.s.controller.advice.ExceptionAdvice - org.springframework.aop.interceptor.ExposeInvocationInterceptor.invoke(ExposeInvocationInterceptor.java:95)
2023-09-25 10:48:31.158 [http-nio-8080-exec-7] ERROR [,] c.b.s.controller.advice.ExceptionAdvice - org.springframework.aop.framework.ReflectiveMethodInvocation.proceed(ReflectiveMethodInvocation.java:186)
2023-09-25 10:48:31.158 [http-nio-8080-exec-7] ERROR [,] c.b.s.controller.advice.ExceptionAdvice - org.springframework.aop.framework.CglibAopProxy$CglibMethodInvocation.proceed(CglibAopProxy.java:749)
2023-09-25 10:48:31.158 [http-nio-8080-exec-7] ERROR [,] c.b.s.controller.advice.ExceptionAdvice - org.springframework.aop.framework.CglibAopProxy$DynamicAdvisedInterceptor.intercept(CglibAopProxy.java:691)
2023-09-25 10:48:31.158 [http-nio-8080-exec-7] ERROR [,] c.b.s.controller.advice.ExceptionAdvice - com.benewake.saleordersystem.controller.SaleOrderController$$EnhancerBySpringCGLIB$$c069cfdf.addInquiries(<generated>)
2023-09-25 10:48:31.158 [http-nio-8080-exec-7] ERROR [,] c.b.s.controller.advice.ExceptionAdvice - sun.reflect.NativeMethodAccessorImpl.invoke0(Native Method)
2023-09-25 10:48:31.158 [http-nio-8080-exec-7] ERROR [,] c.b.s.controller.advice.ExceptionAdvice - sun.reflect.NativeMethodAccessorImpl.invoke(NativeMethodAccessorImpl.java:62)
2023-09-25 10:48:31.158 [http-nio-8080-exec-7] ERROR [,] c.b.s.controller.advice.ExceptionAdvice - sun.reflect.DelegatingMethodAccessorImpl.invoke(DelegatingMethodAccessorImpl.java:43)
2023-09-25 10:48:31.158 [http-nio-8080-exec-7] ERROR [,] c.b.s.controller.advice.ExceptionAdvice - java.lang.reflect.Method.invoke(Method.java:498)
2023-09-25 10:48:31.159 [http-nio-8080-exec-7] ERROR [,] c.b.s.controller.advice.ExceptionAdvice - org.springframework.web.method.support.InvocableHandlerMethod.doInvoke(InvocableHandlerMethod.java:190)
2023-09-25 10:48:31.159 [http-nio-8080-exec-7] ERROR [,] c.b.s.controller.advice.ExceptionAdvice - org.springframework.web.method.support.InvocableHandlerMethod.invokeForRequest(InvocableHandlerMethod.java:138)
2023-09-25 10:48:31.159 [http-nio-8080-exec-7] ERROR [,] c.b.s.controller.advice.ExceptionAdvice - org.springframework.web.servlet.mvc.method.annotation.ServletInvocableHandlerMethod.invokeAndHandle(ServletInvocableHandlerMethod.java:105)
2023-09-25 10:48:31.159 [http-nio-8080-exec-7] ERROR [,] c.b.s.controller.advice.ExceptionAdvice - org.springframework.web.servlet.mvc.method.annotation.RequestMappingHandlerAdapter.invokeHandlerMethod(RequestMappingHandlerAdapter.java:878)
2023-09-25 10:48:31.159 [http-nio-8080-exec-7] ERROR [,] c.b.s.controller.advice.ExceptionAdvice - org.springframework.web.servlet.mvc.method.annotation.RequestMappingHandlerAdapter.handleInternal(RequestMappingHandlerAdapter.java:792)
2023-09-25 10:48:31.159 [http-nio-8080-exec-7] ERROR [,] c.b.s.controller.advice.ExceptionAdvice - org.springframework.web.servlet.mvc.method.AbstractHandlerMethodAdapter.handle(AbstractHandlerMethodAdapter.java:87)
2023-09-25 10:48:31.159 [http-nio-8080-exec-7] ERROR [,] c.b.s.controller.advice.ExceptionAdvice - org.springframework.web.servlet.DispatcherServlet.doDispatch(DispatcherServlet.java:1040)
2023-09-25 10:48:31.159 [http-nio-8080-exec-7] ERROR [,] c.b.s.controller.advice.ExceptionAdvice - org.springframework.web.servlet.DispatcherServlet.doService(DispatcherServlet.java:943)
2023-09-25 10:48:31.159 [http-nio-8080-exec-7] ERROR [,] c.b.s.controller.advice.ExceptionAdvice - org.springframework.web.servlet.FrameworkServlet.processRequest(FrameworkServlet.java:1006)
2023-09-25 10:48:31.159 [http-nio-8080-exec-7] ERROR [,] c.b.s.controller.advice.ExceptionAdvice - org.springframework.web.servlet.FrameworkServlet.doPost(FrameworkServlet.java:909)
2023-09-25 10:48:31.159 [http-nio-8080-exec-7] ERROR [,] c.b.s.controller.advice.ExceptionAdvice - javax.servlet.http.HttpServlet.service(HttpServlet.java:652)
2023-09-25 10:48:31.159 [http-nio-8080-exec-7] ERROR [,] c.b.s.controller.advice.ExceptionAdvice - org.springframework.web.servlet.FrameworkServlet.service(FrameworkServlet.java:883)
2023-09-25 10:48:31.159 [http-nio-8080-exec-7] ERROR [,] c.b.s.controller.advice.ExceptionAdvice - javax.servlet.http.HttpServlet.service(HttpServlet.java:733)
2023-09-25 10:48:31.159 [http-nio-8080-exec-7] ERROR [,] c.b.s.controller.advice.ExceptionAdvice - org.apache.catalina.core.ApplicationFilterChain.internalDoFilter(ApplicationFilterChain.java:231)
2023-09-25 10:48:31.159 [http-nio-8080-exec-7] ERROR [,] c.b.s.controller.advice.ExceptionAdvice - org.apache.catalina.core.ApplicationFilterChain.doFilter(ApplicationFilterChain.java:166)
2023-09-25 10:48:31.159 [http-nio-8080-exec-7] ERROR [,] c.b.s.controller.advice.ExceptionAdvice - org.apache.tomcat.websocket.server.WsFilter.doFilter(WsFilter.java:53)
2023-09-25 10:48:31.159 [http-nio-8080-exec-7] ERROR [,] c.b.s.controller.advice.ExceptionAdvice - org.apache.catalina.core.ApplicationFilterChain.internalDoFilter(ApplicationFilterChain.java:193)
2023-09-25 10:48:31.159 [http-nio-8080-exec-7] ERROR [,] c.b.s.controller.advice.ExceptionAdvice - org.apache.catalina.core.ApplicationFilterChain.doFilter(ApplicationFilterChain.java:166)
2023-09-25 10:48:31.159 [http-nio-8080-exec-7] ERROR [,] c.b.s.controller.advice.ExceptionAdvice - org.springframework.web.filter.CorsFilter.doFilterInternal(CorsFilter.java:92)
2023-09-25 10:48:31.159 [http-nio-8080-exec-7] ERROR [,] c.b.s.controller.advice.ExceptionAdvice - org.springframework.web.filter.OncePerRequestFilter.doFilter(OncePerRequestFilter.java:119)
2023-09-25 10:48:31.159 [http-nio-8080-exec-7] ERROR [,] c.b.s.controller.advice.ExceptionAdvice - org.apache.catalina.core.ApplicationFilterChain.internalDoFilter(ApplicationFilterChain.java:193)
2023-09-25 10:48:31.160 [http-nio-8080-exec-7] ERROR [,] c.b.s.controller.advice.ExceptionAdvice - org.apache.catalina.core.ApplicationFilterChain.doFilter(ApplicationFilterChain.java:166)
2023-09-25 10:48:31.160 [http-nio-8080-exec-7] ERROR [,] c.b.s.controller.advice.ExceptionAdvice - org.springframework.web.filter.RequestContextFilter.doFilterInternal(RequestContextFilter.java:100)
2023-09-25 10:48:31.160 [http-nio-8080-exec-7] ERROR [,] c.b.s.controller.advice.ExceptionAdvice - org.springframework.web.filter.OncePerRequestFilter.doFilter(OncePerRequestFilter.java:119)
2023-09-25 10:48:31.160 [http-nio-8080-exec-7] ERROR [,] c.b.s.controller.advice.ExceptionAdvice - org.apache.catalina.core.ApplicationFilterChain.internalDoFilter(ApplicationFilterChain.java:193)
2023-09-25 10:48:31.160 [http-nio-8080-exec-7] ERROR [,] c.b.s.controller.advice.ExceptionAdvice - org.apache.catalina.core.ApplicationFilterChain.doFilter(ApplicationFilterChain.java:166)
2023-09-25 10:48:31.160 [http-nio-8080-exec-7] ERROR [,] c.b.s.controller.advice.ExceptionAdvice - org.springframework.web.filter.FormContentFilter.doFilterInternal(FormContentFilter.java:93)
2023-09-25 10:48:31.160 [http-nio-8080-exec-7] ERROR [,] c.b.s.controller.advice.ExceptionAdvice - org.springframework.web.filter.OncePerRequestFilter.doFilter(OncePerRequestFilter.java:119)
2023-09-25 10:48:31.160 [http-nio-8080-exec-7] ERROR [,] c.b.s.controller.advice.ExceptionAdvice - org.apache.catalina.core.ApplicationFilterChain.internalDoFilter(ApplicationFilterChain.java:193)
2023-09-25 10:48:31.160 [http-nio-8080-exec-7] ERROR [,] c.b.s.controller.advice.ExceptionAdvice - org.apache.catalina.core.ApplicationFilterChain.doFilter(ApplicationFilterChain.java:166)
2023-09-25 10:48:31.160 [http-nio-8080-exec-7] ERROR [,] c.b.s.controller.advice.ExceptionAdvice - org.springframework.web.filter.CharacterEncodingFilter.doFilterInternal(CharacterEncodingFilter.java:201)
2023-09-25 10:48:31.161 [http-nio-8080-exec-7] ERROR [,] c.b.s.controller.advice.ExceptionAdvice - org.springframework.web.filter.OncePerRequestFilter.doFilter(OncePerRequestFilter.java:119)
2023-09-25 10:48:31.161 [http-nio-8080-exec-7] ERROR [,] c.b.s.controller.advice.ExceptionAdvice - org.apache.catalina.core.ApplicationFilterChain.internalDoFilter(ApplicationFilterChain.java:193)
2023-09-25 10:48:31.161 [http-nio-8080-exec-7] ERROR [,] c.b.s.controller.advice.ExceptionAdvice - org.apache.catalina.core.ApplicationFilterChain.doFilter(ApplicationFilterChain.java:166)
2023-09-25 10:48:31.161 [http-nio-8080-exec-7] ERROR [,] c.b.s.controller.advice.ExceptionAdvice - org.apache.catalina.core.StandardWrapperValve.invoke(StandardWrapperValve.java:202)
2023-09-25 10:48:31.161 [http-nio-8080-exec-7] ERROR [,] c.b.s.controller.advice.ExceptionAdvice - org.apache.catalina.core.StandardContextValve.invoke(StandardContextValve.java:97)
2023-09-25 10:48:31.161 [http-nio-8080-exec-7] ERROR [,] c.b.s.controller.advice.ExceptionAdvice - org.apache.catalina.authenticator.AuthenticatorBase.invoke(AuthenticatorBase.java:542)
2023-09-25 10:48:31.161 [http-nio-8080-exec-7] ERROR [,] c.b.s.controller.advice.ExceptionAdvice - org.apache.catalina.core.StandardHostValve.invoke(StandardHostValve.java:143)
2023-09-25 10:48:31.161 [http-nio-8080-exec-7] ERROR [,] c.b.s.controller.advice.ExceptionAdvice - org.apache.catalina.valves.ErrorReportValve.invoke(ErrorReportValve.java:92)
2023-09-25 10:48:31.161 [http-nio-8080-exec-7] ERROR [,] c.b.s.controller.advice.ExceptionAdvice - org.apache.catalina.core.StandardEngineValve.invoke(StandardEngineValve.java:78)
2023-09-25 10:48:31.161 [http-nio-8080-exec-7] ERROR [,] c.b.s.controller.advice.ExceptionAdvice - org.apache.catalina.connector.CoyoteAdapter.service(CoyoteAdapter.java:343)
2023-09-25 10:48:31.161 [http-nio-8080-exec-7] ERROR [,] c.b.s.controller.advice.ExceptionAdvice - org.apache.coyote.http11.Http11Processor.service(Http11Processor.java:374)
2023-09-25 10:48:31.161 [http-nio-8080-exec-7] ERROR [,] c.b.s.controller.advice.ExceptionAdvice - org.apache.coyote.AbstractProcessorLight.process(AbstractProcessorLight.java:65)
2023-09-25 10:48:31.161 [http-nio-8080-exec-7] ERROR [,] c.b.s.controller.advice.ExceptionAdvice - org.apache.coyote.AbstractProtocol$ConnectionHandler.process(AbstractProtocol.java:888)
2023-09-25 10:48:31.161 [http-nio-8080-exec-7] ERROR [,] c.b.s.controller.advice.ExceptionAdvice - org.apache.tomcat.util.net.NioEndpoint$SocketProcessor.doRun(NioEndpoint.java:1597)
2023-09-25 10:48:31.161 [http-nio-8080-exec-7] ERROR [,] c.b.s.controller.advice.ExceptionAdvice - org.apache.tomcat.util.net.SocketProcessorBase.run(SocketProcessorBase.java:49)
2023-09-25 10:48:31.161 [http-nio-8080-exec-7] ERROR [,] c.b.s.controller.advice.ExceptionAdvice - java.util.concurrent.ThreadPoolExecutor.runWorker(ThreadPoolExecutor.java:1149)
2023-09-25 10:48:31.161 [http-nio-8080-exec-7] ERROR [,] c.b.s.controller.advice.ExceptionAdvice - java.util.concurrent.ThreadPoolExecutor$Worker.run(ThreadPoolExecutor.java:624)
2023-09-25 10:48:31.161 [http-nio-8080-exec-7] ERROR [,] c.b.s.controller.advice.ExceptionAdvice - org.apache.tomcat.util.threads.TaskThread$WrappingRunnable.run(TaskThread.java:61)
2023-09-25 10:48:31.161 [http-nio-8080-exec-7] ERROR [,] c.b.s.controller.advice.ExceptionAdvice - java.lang.Thread.run(Thread.java:750)
2023-09-25 10:54:51.649 [http-nio-8080-exec-1] ERROR [,] c.b.saleordersystem.controller.SaleOrderController - null
2023-09-25 10:54:51.688 [http-nio-8080-exec-1] ERROR [,] c.b.s.controller.advice.ExceptionAdvice - 服务器发生异常：参数有误！
2023-09-25 10:54:51.688 [http-nio-8080-exec-1] ERROR [,] c.b.s.controller.advice.ExceptionAdvice - com.benewake.saleordersystem.controller.SaleOrderController.addInquiries(SaleOrderController.java:535)
2023-09-25 10:54:51.688 [http-nio-8080-exec-1] ERROR [,] c.b.s.controller.advice.ExceptionAdvice - com.benewake.saleordersystem.controller.SaleOrderController$$FastClassBySpringCGLIB$$cf2c6a0c.invoke(<generated>)
2023-09-25 10:54:51.688 [http-nio-8080-exec-1] ERROR [,] c.b.s.controller.advice.ExceptionAdvice - org.springframework.cglib.proxy.MethodProxy.invoke(MethodProxy.java:218)
2023-09-25 10:54:51.689 [http-nio-8080-exec-1] ERROR [,] c.b.s.controller.advice.ExceptionAdvice - org.springframework.aop.framework.CglibAopProxy$CglibMethodInvocation.invokeJoinpoint(CglibAopProxy.java:771)
2023-09-25 10:54:51.689 [http-nio-8080-exec-1] ERROR [,] c.b.s.controller.advice.ExceptionAdvice - org.springframework.aop.framework.ReflectiveMethodInvocation.proceed(ReflectiveMethodInvocation.java:163)
2023-09-25 10:54:51.689 [http-nio-8080-exec-1] ERROR [,] c.b.s.controller.advice.ExceptionAdvice - org.springframework.aop.framework.CglibAopProxy$CglibMethodInvocation.proceed(CglibAopProxy.java:749)
2023-09-25 10:54:51.689 [http-nio-8080-exec-1] ERROR [,] c.b.s.controller.advice.ExceptionAdvice - org.springframework.aop.aspectj.MethodInvocationProceedingJoinPoint.proceed(MethodInvocationProceedingJoinPoint.java:88)
2023-09-25 10:54:51.689 [http-nio-8080-exec-1] ERROR [,] c.b.s.controller.advice.ExceptionAdvice - com.benewake.saleordersystem.aspect.LogAspect.before(LogAspect.java:83)
2023-09-25 10:54:51.689 [http-nio-8080-exec-1] ERROR [,] c.b.s.controller.advice.ExceptionAdvice - sun.reflect.NativeMethodAccessorImpl.invoke0(Native Method)
2023-09-25 10:54:51.689 [http-nio-8080-exec-1] ERROR [,] c.b.s.controller.advice.ExceptionAdvice - sun.reflect.NativeMethodAccessorImpl.invoke(NativeMethodAccessorImpl.java:62)
2023-09-25 10:54:51.689 [http-nio-8080-exec-1] ERROR [,] c.b.s.controller.advice.ExceptionAdvice - sun.reflect.DelegatingMethodAccessorImpl.invoke(DelegatingMethodAccessorImpl.java:43)
2023-09-25 10:54:51.689 [http-nio-8080-exec-1] ERROR [,] c.b.s.controller.advice.ExceptionAdvice - java.lang.reflect.Method.invoke(Method.java:498)
2023-09-25 10:54:51.689 [http-nio-8080-exec-1] ERROR [,] c.b.s.controller.advice.ExceptionAdvice - org.springframework.aop.aspectj.AbstractAspectJAdvice.invokeAdviceMethodWithGivenArgs(AbstractAspectJAdvice.java:644)
2023-09-25 10:54:51.689 [http-nio-8080-exec-1] ERROR [,] c.b.s.controller.advice.ExceptionAdvice - org.springframework.aop.aspectj.AbstractAspectJAdvice.invokeAdviceMethod(AbstractAspectJAdvice.java:633)
2023-09-25 10:54:51.689 [http-nio-8080-exec-1] ERROR [,] c.b.s.controller.advice.ExceptionAdvice - org.springframework.aop.aspectj.AspectJAroundAdvice.invoke(AspectJAroundAdvice.java:70)
2023-09-25 10:54:51.690 [http-nio-8080-exec-1] ERROR [,] c.b.s.controller.advice.ExceptionAdvice - org.springframework.aop.framework.ReflectiveMethodInvocation.proceed(ReflectiveMethodInvocation.java:186)
2023-09-25 10:54:51.690 [http-nio-8080-exec-1] ERROR [,] c.b.s.controller.advice.ExceptionAdvice - org.springframework.aop.framework.CglibAopProxy$CglibMethodInvocation.proceed(CglibAopProxy.java:749)
2023-09-25 10:54:51.690 [http-nio-8080-exec-1] ERROR [,] c.b.s.controller.advice.ExceptionAdvice - org.springframework.transaction.interceptor.TransactionAspectSupport.invokeWithinTransaction(TransactionAspectSupport.java:367)
2023-09-25 10:54:51.690 [http-nio-8080-exec-1] ERROR [,] c.b.s.controller.advice.ExceptionAdvice - org.springframework.transaction.interceptor.TransactionInterceptor.invoke(TransactionInterceptor.java:118)
2023-09-25 10:54:51.690 [http-nio-8080-exec-1] ERROR [,] c.b.s.controller.advice.ExceptionAdvice - org.springframework.aop.framework.ReflectiveMethodInvocation.proceed(ReflectiveMethodInvocation.java:186)
2023-09-25 10:54:51.690 [http-nio-8080-exec-1] ERROR [,] c.b.s.controller.advice.ExceptionAdvice - org.springframework.aop.framework.CglibAopProxy$CglibMethodInvocation.proceed(CglibAopProxy.java:749)
2023-09-25 10:54:51.690 [http-nio-8080-exec-1] ERROR [,] c.b.s.controller.advice.ExceptionAdvice - org.springframework.aop.interceptor.ExposeInvocationInterceptor.invoke(ExposeInvocationInterceptor.java:95)
2023-09-25 10:54:51.690 [http-nio-8080-exec-1] ERROR [,] c.b.s.controller.advice.ExceptionAdvice - org.springframework.aop.framework.ReflectiveMethodInvocation.proceed(ReflectiveMethodInvocation.java:186)
2023-09-25 10:54:51.690 [http-nio-8080-exec-1] ERROR [,] c.b.s.controller.advice.ExceptionAdvice - org.springframework.aop.framework.CglibAopProxy$CglibMethodInvocation.proceed(CglibAopProxy.java:749)
2023-09-25 10:54:51.690 [http-nio-8080-exec-1] ERROR [,] c.b.s.controller.advice.ExceptionAdvice - org.springframework.aop.framework.CglibAopProxy$DynamicAdvisedInterceptor.intercept(CglibAopProxy.java:691)
2023-09-25 10:54:51.690 [http-nio-8080-exec-1] ERROR [,] c.b.s.controller.advice.ExceptionAdvice - com.benewake.saleordersystem.controller.SaleOrderController$$EnhancerBySpringCGLIB$$c181a605.addInquiries(<generated>)
2023-09-25 10:54:51.690 [http-nio-8080-exec-1] ERROR [,] c.b.s.controller.advice.ExceptionAdvice - sun.reflect.NativeMethodAccessorImpl.invoke0(Native Method)
2023-09-25 10:54:51.690 [http-nio-8080-exec-1] ERROR [,] c.b.s.controller.advice.ExceptionAdvice - sun.reflect.NativeMethodAccessorImpl.invoke(NativeMethodAccessorImpl.java:62)
2023-09-25 10:54:51.691 [http-nio-8080-exec-1] ERROR [,] c.b.s.controller.advice.ExceptionAdvice - sun.reflect.DelegatingMethodAccessorImpl.invoke(DelegatingMethodAccessorImpl.java:43)
2023-09-25 10:54:51.691 [http-nio-8080-exec-1] ERROR [,] c.b.s.controller.advice.ExceptionAdvice - java.lang.reflect.Method.invoke(Method.java:498)
2023-09-25 10:54:51.691 [http-nio-8080-exec-1] ERROR [,] c.b.s.controller.advice.ExceptionAdvice - org.springframework.web.method.support.InvocableHandlerMethod.doInvoke(InvocableHandlerMethod.java:190)
2023-09-25 10:54:51.691 [http-nio-8080-exec-1] ERROR [,] c.b.s.controller.advice.ExceptionAdvice - org.springframework.web.method.support.InvocableHandlerMethod.invokeForRequest(InvocableHandlerMethod.java:138)
2023-09-25 10:54:51.691 [http-nio-8080-exec-1] ERROR [,] c.b.s.controller.advice.ExceptionAdvice - org.springframework.web.servlet.mvc.method.annotation.ServletInvocableHandlerMethod.invokeAndHandle(ServletInvocableHandlerMethod.java:105)
2023-09-25 10:54:51.691 [http-nio-8080-exec-1] ERROR [,] c.b.s.controller.advice.ExceptionAdvice - org.springframework.web.servlet.mvc.method.annotation.RequestMappingHandlerAdapter.invokeHandlerMethod(RequestMappingHandlerAdapter.java:878)
2023-09-25 10:54:51.691 [http-nio-8080-exec-1] ERROR [,] c.b.s.controller.advice.ExceptionAdvice - org.springframework.web.servlet.mvc.method.annotation.RequestMappingHandlerAdapter.handleInternal(RequestMappingHandlerAdapter.java:792)
2023-09-25 10:54:51.691 [http-nio-8080-exec-1] ERROR [,] c.b.s.controller.advice.ExceptionAdvice - org.springframework.web.servlet.mvc.method.AbstractHandlerMethodAdapter.handle(AbstractHandlerMethodAdapter.java:87)
2023-09-25 10:54:51.691 [http-nio-8080-exec-1] ERROR [,] c.b.s.controller.advice.ExceptionAdvice - org.springframework.web.servlet.DispatcherServlet.doDispatch(DispatcherServlet.java:1040)
2023-09-25 10:54:51.691 [http-nio-8080-exec-1] ERROR [,] c.b.s.controller.advice.ExceptionAdvice - org.springframework.web.servlet.DispatcherServlet.doService(DispatcherServlet.java:943)
2023-09-25 10:54:51.691 [http-nio-8080-exec-1] ERROR [,] c.b.s.controller.advice.ExceptionAdvice - org.springframework.web.servlet.FrameworkServlet.processRequest(FrameworkServlet.java:1006)
2023-09-25 10:54:51.691 [http-nio-8080-exec-1] ERROR [,] c.b.s.controller.advice.ExceptionAdvice - org.springframework.web.servlet.FrameworkServlet.doPost(FrameworkServlet.java:909)
2023-09-25 10:54:51.691 [http-nio-8080-exec-1] ERROR [,] c.b.s.controller.advice.ExceptionAdvice - javax.servlet.http.HttpServlet.service(HttpServlet.java:652)
2023-09-25 10:54:51.691 [http-nio-8080-exec-1] ERROR [,] c.b.s.controller.advice.ExceptionAdvice - org.springframework.web.servlet.FrameworkServlet.service(FrameworkServlet.java:883)
2023-09-25 10:54:51.692 [http-nio-8080-exec-1] ERROR [,] c.b.s.controller.advice.ExceptionAdvice - javax.servlet.http.HttpServlet.service(HttpServlet.java:733)
2023-09-25 10:54:51.692 [http-nio-8080-exec-1] ERROR [,] c.b.s.controller.advice.ExceptionAdvice - org.apache.catalina.core.ApplicationFilterChain.internalDoFilter(ApplicationFilterChain.java:231)
2023-09-25 10:54:51.692 [http-nio-8080-exec-1] ERROR [,] c.b.s.controller.advice.ExceptionAdvice - org.apache.catalina.core.ApplicationFilterChain.doFilter(ApplicationFilterChain.java:166)
2023-09-25 10:54:51.692 [http-nio-8080-exec-1] ERROR [,] c.b.s.controller.advice.ExceptionAdvice - org.apache.tomcat.websocket.server.WsFilter.doFilter(WsFilter.java:53)
2023-09-25 10:54:51.692 [http-nio-8080-exec-1] ERROR [,] c.b.s.controller.advice.ExceptionAdvice - org.apache.catalina.core.ApplicationFilterChain.internalDoFilter(ApplicationFilterChain.java:193)
2023-09-25 10:54:51.692 [http-nio-8080-exec-1] ERROR [,] c.b.s.controller.advice.ExceptionAdvice - org.apache.catalina.core.ApplicationFilterChain.doFilter(ApplicationFilterChain.java:166)
2023-09-25 10:54:51.692 [http-nio-8080-exec-1] ERROR [,] c.b.s.controller.advice.ExceptionAdvice - org.springframework.web.filter.CorsFilter.doFilterInternal(CorsFilter.java:92)
2023-09-25 10:54:51.692 [http-nio-8080-exec-1] ERROR [,] c.b.s.controller.advice.ExceptionAdvice - org.springframework.web.filter.OncePerRequestFilter.doFilter(OncePerRequestFilter.java:119)
2023-09-25 10:54:51.692 [http-nio-8080-exec-1] ERROR [,] c.b.s.controller.advice.ExceptionAdvice - org.apache.catalina.core.ApplicationFilterChain.internalDoFilter(ApplicationFilterChain.java:193)
2023-09-25 10:54:51.692 [http-nio-8080-exec-1] ERROR [,] c.b.s.controller.advice.ExceptionAdvice - org.apache.catalina.core.ApplicationFilterChain.doFilter(ApplicationFilterChain.java:166)
2023-09-25 10:54:51.692 [http-nio-8080-exec-1] ERROR [,] c.b.s.controller.advice.ExceptionAdvice - org.springframework.web.filter.RequestContextFilter.doFilterInternal(RequestContextFilter.java:100)
2023-09-25 10:54:51.692 [http-nio-8080-exec-1] ERROR [,] c.b.s.controller.advice.ExceptionAdvice - org.springframework.web.filter.OncePerRequestFilter.doFilter(OncePerRequestFilter.java:119)
2023-09-25 10:54:51.692 [http-nio-8080-exec-1] ERROR [,] c.b.s.controller.advice.ExceptionAdvice - org.apache.catalina.core.ApplicationFilterChain.internalDoFilter(ApplicationFilterChain.java:193)
2023-09-25 10:54:51.692 [http-nio-8080-exec-1] ERROR [,] c.b.s.controller.advice.ExceptionAdvice - org.apache.catalina.core.ApplicationFilterChain.doFilter(ApplicationFilterChain.java:166)
2023-09-25 10:54:51.692 [http-nio-8080-exec-1] ERROR [,] c.b.s.controller.advice.ExceptionAdvice - org.springframework.web.filter.FormContentFilter.doFilterInternal(FormContentFilter.java:93)
2023-09-25 10:54:51.692 [http-nio-8080-exec-1] ERROR [,] c.b.s.controller.advice.ExceptionAdvice - org.springframework.web.filter.OncePerRequestFilter.doFilter(OncePerRequestFilter.java:119)
2023-09-25 10:54:51.692 [http-nio-8080-exec-1] ERROR [,] c.b.s.controller.advice.ExceptionAdvice - org.apache.catalina.core.ApplicationFilterChain.internalDoFilter(ApplicationFilterChain.java:193)
2023-09-25 10:54:51.692 [http-nio-8080-exec-1] ERROR [,] c.b.s.controller.advice.ExceptionAdvice - org.apache.catalina.core.ApplicationFilterChain.doFilter(ApplicationFilterChain.java:166)
2023-09-25 10:54:51.693 [http-nio-8080-exec-1] ERROR [,] c.b.s.controller.advice.ExceptionAdvice - org.springframework.web.filter.CharacterEncodingFilter.doFilterInternal(CharacterEncodingFilter.java:201)
2023-09-25 10:54:51.693 [http-nio-8080-exec-1] ERROR [,] c.b.s.controller.advice.ExceptionAdvice - org.springframework.web.filter.OncePerRequestFilter.doFilter(OncePerRequestFilter.java:119)
2023-09-25 10:54:51.693 [http-nio-8080-exec-1] ERROR [,] c.b.s.controller.advice.ExceptionAdvice - org.apache.catalina.core.ApplicationFilterChain.internalDoFilter(ApplicationFilterChain.java:193)
2023-09-25 10:54:51.693 [http-nio-8080-exec-1] ERROR [,] c.b.s.controller.advice.ExceptionAdvice - org.apache.catalina.core.ApplicationFilterChain.doFilter(ApplicationFilterChain.java:166)
2023-09-25 10:54:51.693 [http-nio-8080-exec-1] ERROR [,] c.b.s.controller.advice.ExceptionAdvice - org.apache.catalina.core.StandardWrapperValve.invoke(StandardWrapperValve.java:202)
2023-09-25 10:54:51.693 [http-nio-8080-exec-1] ERROR [,] c.b.s.controller.advice.ExceptionAdvice - org.apache.catalina.core.StandardContextValve.invoke(StandardContextValve.java:97)
2023-09-25 10:54:51.693 [http-nio-8080-exec-1] ERROR [,] c.b.s.controller.advice.ExceptionAdvice - org.apache.catalina.authenticator.AuthenticatorBase.invoke(AuthenticatorBase.java:542)
2023-09-25 10:54:51.693 [http-nio-8080-exec-1] ERROR [,] c.b.s.controller.advice.ExceptionAdvice - org.apache.catalina.core.StandardHostValve.invoke(StandardHostValve.java:143)
2023-09-25 10:54:51.693 [http-nio-8080-exec-1] ERROR [,] c.b.s.controller.advice.ExceptionAdvice - org.apache.catalina.valves.ErrorReportValve.invoke(ErrorReportValve.java:92)
2023-09-25 10:54:51.693 [http-nio-8080-exec-1] ERROR [,] c.b.s.controller.advice.ExceptionAdvice - org.apache.catalina.core.StandardEngineValve.invoke(StandardEngineValve.java:78)
2023-09-25 10:54:51.693 [http-nio-8080-exec-1] ERROR [,] c.b.s.controller.advice.ExceptionAdvice - org.apache.catalina.connector.CoyoteAdapter.service(CoyoteAdapter.java:343)
2023-09-25 10:54:51.693 [http-nio-8080-exec-1] ERROR [,] c.b.s.controller.advice.ExceptionAdvice - org.apache.coyote.http11.Http11Processor.service(Http11Processor.java:374)
2023-09-25 10:54:51.693 [http-nio-8080-exec-1] ERROR [,] c.b.s.controller.advice.ExceptionAdvice - org.apache.coyote.AbstractProcessorLight.process(AbstractProcessorLight.java:65)
2023-09-25 10:54:51.693 [http-nio-8080-exec-1] ERROR [,] c.b.s.controller.advice.ExceptionAdvice - org.apache.coyote.AbstractProtocol$ConnectionHandler.process(AbstractProtocol.java:888)
2023-09-25 10:54:51.693 [http-nio-8080-exec-1] ERROR [,] c.b.s.controller.advice.ExceptionAdvice - org.apache.tomcat.util.net.NioEndpoint$SocketProcessor.doRun(NioEndpoint.java:1597)
2023-09-25 10:54:51.694 [http-nio-8080-exec-1] ERROR [,] c.b.s.controller.advice.ExceptionAdvice - org.apache.tomcat.util.net.SocketProcessorBase.run(SocketProcessorBase.java:49)
2023-09-25 10:54:51.694 [http-nio-8080-exec-1] ERROR [,] c.b.s.controller.advice.ExceptionAdvice - java.util.concurrent.ThreadPoolExecutor.runWorker(ThreadPoolExecutor.java:1149)
2023-09-25 10:54:51.694 [http-nio-8080-exec-1] ERROR [,] c.b.s.controller.advice.ExceptionAdvice - java.util.concurrent.ThreadPoolExecutor$Worker.run(ThreadPoolExecutor.java:624)
2023-09-25 10:54:51.694 [http-nio-8080-exec-1] ERROR [,] c.b.s.controller.advice.ExceptionAdvice - org.apache.tomcat.util.threads.TaskThread$WrappingRunnable.run(TaskThread.java:61)
2023-09-25 10:54:51.694 [http-nio-8080-exec-1] ERROR [,] c.b.s.controller.advice.ExceptionAdvice - java.lang.Thread.run(Thread.java:750)
