2023-10-22 17:02:53.402 [http-nio-8080-exec-2] ERROR [,] com.zaxxer.hikari.pool.HikariPool - HikariPool-1 - Error thrown while acquiring connection from data source
java.sql.SQLNonTransientConnectionException: No operations allowed after connection closed.
	at com.mysql.cj.jdbc.exceptions.SQLError.createSQLException(SQLError.java:110)
	at com.mysql.cj.jdbc.exceptions.SQLError.createSQLException(SQLError.java:97)
	at com.mysql.cj.jdbc.exceptions.SQLError.createSQLException(SQLError.java:89)
	at com.mysql.cj.jdbc.exceptions.SQLError.createSQLException(SQLError.java:63)
	at com.mysql.cj.jdbc.exceptions.SQLError.createSQLException(SQLError.java:73)
	at com.mysql.cj.jdbc.exceptions.SQLExceptionsMapping.translateException(SQLExceptionsMapping.java:73)
	at com.mysql.cj.jdbc.ConnectionImpl.setTransactionIsolation(ConnectionImpl.java:2269)
	at com.zaxxer.hikari.pool.PoolBase.setupConnection(PoolBase.java:413)
	at com.zaxxer.hikari.pool.PoolBase.newConnection(PoolBase.java:363)
	at com.zaxxer.hikari.pool.PoolBase.newPoolEntry(PoolBase.java:206)
	at com.zaxxer.hikari.pool.HikariPool.createPoolEntry(HikariPool.java:477)
	at com.zaxxer.hikari.pool.HikariPool.checkFailFast(HikariPool.java:560)
	at com.zaxxer.hikari.pool.HikariPool.<init>(HikariPool.java:115)
	at com.zaxxer.hikari.HikariDataSource.getConnection(HikariDataSource.java:112)
	at org.springframework.jdbc.datasource.DataSourceUtils.fetchConnection(DataSourceUtils.java:158)
	at org.springframework.jdbc.datasource.DataSourceUtils.doGetConnection(DataSourceUtils.java:116)
	at org.springframework.jdbc.datasource.DataSourceUtils.getConnection(DataSourceUtils.java:79)
	at org.mybatis.spring.transaction.SpringManagedTransaction.openConnection(SpringManagedTransaction.java:80)
	at org.mybatis.spring.transaction.SpringManagedTransaction.getConnection(SpringManagedTransaction.java:67)
	at org.apache.ibatis.executor.BaseExecutor.getConnection(BaseExecutor.java:337)
	at org.apache.ibatis.executor.SimpleExecutor.prepareStatement(SimpleExecutor.java:86)
	at org.apache.ibatis.executor.SimpleExecutor.doQuery(SimpleExecutor.java:62)
	at org.apache.ibatis.executor.BaseExecutor.queryFromDatabase(BaseExecutor.java:325)
	at org.apache.ibatis.executor.BaseExecutor.query(BaseExecutor.java:156)
	at org.apache.ibatis.executor.CachingExecutor.query(CachingExecutor.java:109)
	at com.baomidou.mybatisplus.extension.plugins.MybatisPlusInterceptor.intercept(MybatisPlusInterceptor.java:81)
	at org.apache.ibatis.plugin.Plugin.invoke(Plugin.java:62)
	at com.sun.proxy.$Proxy158.query(Unknown Source)
	at com.github.pagehelper.PageInterceptor.intercept(PageInterceptor.java:132)
	at org.apache.ibatis.plugin.Plugin.invoke(Plugin.java:62)
	at com.sun.proxy.$Proxy158.query(Unknown Source)
	at org.apache.ibatis.session.defaults.DefaultSqlSession.selectList(DefaultSqlSession.java:151)
	at org.apache.ibatis.session.defaults.DefaultSqlSession.selectList(DefaultSqlSession.java:145)
	at org.apache.ibatis.session.defaults.DefaultSqlSession.selectList(DefaultSqlSession.java:140)
	at sun.reflect.NativeMethodAccessorImpl.invoke0(Native Method)
	at sun.reflect.NativeMethodAccessorImpl.invoke(NativeMethodAccessorImpl.java:62)
	at sun.reflect.DelegatingMethodAccessorImpl.invoke(DelegatingMethodAccessorImpl.java:43)
	at java.lang.reflect.Method.invoke(Method.java:498)
	at org.mybatis.spring.SqlSessionTemplate$SqlSessionInterceptor.invoke(SqlSessionTemplate.java:427)
	at com.sun.proxy.$Proxy85.selectList(Unknown Source)
	at org.mybatis.spring.SqlSessionTemplate.selectList(SqlSessionTemplate.java:224)
	at com.baomidou.mybatisplus.core.override.MybatisMapperMethod.executeForMany(MybatisMapperMethod.java:166)
	at com.baomidou.mybatisplus.core.override.MybatisMapperMethod.execute(MybatisMapperMethod.java:77)
	at com.baomidou.mybatisplus.core.override.MybatisMapperProxy$PlainMethodInvoker.invoke(MybatisMapperProxy.java:148)
	at com.baomidou.mybatisplus.core.override.MybatisMapperProxy.invoke(MybatisMapperProxy.java:89)
	at com.sun.proxy.$Proxy95.selectList(Unknown Source)
	at com.baomidou.mybatisplus.core.mapper.BaseMapper.selectOne(BaseMapper.java:172)
	at java.lang.invoke.MethodHandle.invokeWithArguments(MethodHandle.java:627)
	at com.baomidou.mybatisplus.core.override.MybatisMapperProxy$DefaultMethodInvoker.invoke(MybatisMapperProxy.java:162)
	at com.baomidou.mybatisplus.core.override.MybatisMapperProxy.invoke(MybatisMapperProxy.java:89)
	at com.sun.proxy.$Proxy95.selectOne(Unknown Source)
	at com.benewake.saleordersystem.service.impl.UserServiceImpl.findLoginTicket(UserServiceImpl.java:153)
	at com.benewake.saleordersystem.controller.intercepter.LoginTicketInterceptor.preHandle(LoginTicketInterceptor.java:38)
	at org.springframework.web.servlet.HandlerExecutionChain.applyPreHandle(HandlerExecutionChain.java:151)
	at org.springframework.web.servlet.DispatcherServlet.doDispatch(DispatcherServlet.java:1035)
	at org.springframework.web.servlet.DispatcherServlet.doService(DispatcherServlet.java:943)
	at org.springframework.web.servlet.FrameworkServlet.processRequest(FrameworkServlet.java:1006)
	at org.springframework.web.servlet.FrameworkServlet.doGet(FrameworkServlet.java:898)
	at javax.servlet.http.HttpServlet.service(HttpServlet.java:626)
	at org.springframework.web.servlet.FrameworkServlet.service(FrameworkServlet.java:883)
	at javax.servlet.http.HttpServlet.service(HttpServlet.java:733)
	at org.apache.catalina.core.ApplicationFilterChain.internalDoFilter(ApplicationFilterChain.java:231)
	at org.apache.catalina.core.ApplicationFilterChain.doFilter(ApplicationFilterChain.java:166)
	at org.apache.tomcat.websocket.server.WsFilter.doFilter(WsFilter.java:53)
	at org.apache.catalina.core.ApplicationFilterChain.internalDoFilter(ApplicationFilterChain.java:193)
	at org.apache.catalina.core.ApplicationFilterChain.doFilter(ApplicationFilterChain.java:166)
	at org.springframework.web.filter.CorsFilter.doFilterInternal(CorsFilter.java:92)
	at org.springframework.web.filter.OncePerRequestFilter.doFilter(OncePerRequestFilter.java:119)
	at org.apache.catalina.core.ApplicationFilterChain.internalDoFilter(ApplicationFilterChain.java:193)
	at org.apache.catalina.core.ApplicationFilterChain.doFilter(ApplicationFilterChain.java:166)
	at org.springframework.web.filter.RequestContextFilter.doFilterInternal(RequestContextFilter.java:100)
	at org.springframework.web.filter.OncePerRequestFilter.doFilter(OncePerRequestFilter.java:119)
	at org.apache.catalina.core.ApplicationFilterChain.internalDoFilter(ApplicationFilterChain.java:193)
	at org.apache.catalina.core.ApplicationFilterChain.doFilter(ApplicationFilterChain.java:166)
	at org.springframework.web.filter.FormContentFilter.doFilterInternal(FormContentFilter.java:93)
	at org.springframework.web.filter.OncePerRequestFilter.doFilter(OncePerRequestFilter.java:119)
	at org.apache.catalina.core.ApplicationFilterChain.internalDoFilter(ApplicationFilterChain.java:193)
	at org.apache.catalina.core.ApplicationFilterChain.doFilter(ApplicationFilterChain.java:166)
	at org.springframework.web.filter.CharacterEncodingFilter.doFilterInternal(CharacterEncodingFilter.java:201)
	at org.springframework.web.filter.OncePerRequestFilter.doFilter(OncePerRequestFilter.java:119)
	at org.apache.catalina.core.ApplicationFilterChain.internalDoFilter(ApplicationFilterChain.java:193)
	at org.apache.catalina.core.ApplicationFilterChain.doFilter(ApplicationFilterChain.java:166)
	at org.apache.catalina.core.StandardWrapperValve.invoke(StandardWrapperValve.java:202)
	at org.apache.catalina.core.StandardContextValve.invoke(StandardContextValve.java:97)
	at org.apache.catalina.authenticator.AuthenticatorBase.invoke(AuthenticatorBase.java:542)
	at org.apache.catalina.core.StandardHostValve.invoke(StandardHostValve.java:143)
	at org.apache.catalina.valves.ErrorReportValve.invoke(ErrorReportValve.java:92)
	at org.apache.catalina.core.StandardEngineValve.invoke(StandardEngineValve.java:78)
	at org.apache.catalina.connector.CoyoteAdapter.service(CoyoteAdapter.java:343)
	at org.apache.coyote.http11.Http11Processor.service(Http11Processor.java:374)
	at org.apache.coyote.AbstractProcessorLight.process(AbstractProcessorLight.java:65)
	at org.apache.coyote.AbstractProtocol$ConnectionHandler.process(AbstractProtocol.java:888)
	at org.apache.tomcat.util.net.NioEndpoint$SocketProcessor.doRun(NioEndpoint.java:1597)
	at org.apache.tomcat.util.net.SocketProcessorBase.run(SocketProcessorBase.java:49)
	at java.util.concurrent.ThreadPoolExecutor.runWorker(ThreadPoolExecutor.java:1149)
	at java.util.concurrent.ThreadPoolExecutor$Worker.run(ThreadPoolExecutor.java:624)
	at org.apache.tomcat.util.threads.TaskThread$WrappingRunnable.run(TaskThread.java:61)
	at java.lang.Thread.run(Thread.java:750)
Caused by: com.mysql.cj.exceptions.ConnectionIsClosedException: No operations allowed after connection closed.
	at sun.reflect.NativeConstructorAccessorImpl.newInstance0(Native Method)
	at sun.reflect.NativeConstructorAccessorImpl.newInstance(NativeConstructorAccessorImpl.java:62)
	at sun.reflect.DelegatingConstructorAccessorImpl.newInstance(DelegatingConstructorAccessorImpl.java:45)
	at java.lang.reflect.Constructor.newInstance(Constructor.java:423)
	at com.mysql.cj.exceptions.ExceptionFactory.createException(ExceptionFactory.java:61)
	at com.mysql.cj.exceptions.ExceptionFactory.createException(ExceptionFactory.java:105)
	at com.mysql.cj.exceptions.ExceptionFactory.createException(ExceptionFactory.java:151)
	at com.mysql.cj.NativeSession.checkClosed(NativeSession.java:1171)
	at com.mysql.cj.jdbc.ConnectionImpl.checkClosed(ConnectionImpl.java:576)
	at com.mysql.cj.jdbc.ConnectionImpl.setTransactionIsolation(ConnectionImpl.java:2216)
	... 91 common frames omitted
2023-10-22 17:02:53.405 [http-nio-8080-exec-2] ERROR [,] com.zaxxer.hikari.pool.HikariPool - HikariPool-1 - Exception during pool initialization.
java.sql.SQLNonTransientConnectionException: No operations allowed after connection closed.
	at com.mysql.cj.jdbc.exceptions.SQLError.createSQLException(SQLError.java:110)
	at com.mysql.cj.jdbc.exceptions.SQLError.createSQLException(SQLError.java:97)
	at com.mysql.cj.jdbc.exceptions.SQLError.createSQLException(SQLError.java:89)
	at com.mysql.cj.jdbc.exceptions.SQLError.createSQLException(SQLError.java:63)
	at com.mysql.cj.jdbc.exceptions.SQLError.createSQLException(SQLError.java:73)
	at com.mysql.cj.jdbc.exceptions.SQLExceptionsMapping.translateException(SQLExceptionsMapping.java:73)
	at com.mysql.cj.jdbc.ConnectionImpl.setTransactionIsolation(ConnectionImpl.java:2269)
	at com.zaxxer.hikari.pool.PoolBase.setupConnection(PoolBase.java:413)
	at com.zaxxer.hikari.pool.PoolBase.newConnection(PoolBase.java:363)
	at com.zaxxer.hikari.pool.PoolBase.newPoolEntry(PoolBase.java:206)
	at com.zaxxer.hikari.pool.HikariPool.createPoolEntry(HikariPool.java:477)
	at com.zaxxer.hikari.pool.HikariPool.checkFailFast(HikariPool.java:560)
	at com.zaxxer.hikari.pool.HikariPool.<init>(HikariPool.java:115)
	at com.zaxxer.hikari.HikariDataSource.getConnection(HikariDataSource.java:112)
	at org.springframework.jdbc.datasource.DataSourceUtils.fetchConnection(DataSourceUtils.java:158)
	at org.springframework.jdbc.datasource.DataSourceUtils.doGetConnection(DataSourceUtils.java:116)
	at org.springframework.jdbc.datasource.DataSourceUtils.getConnection(DataSourceUtils.java:79)
	at org.mybatis.spring.transaction.SpringManagedTransaction.openConnection(SpringManagedTransaction.java:80)
	at org.mybatis.spring.transaction.SpringManagedTransaction.getConnection(SpringManagedTransaction.java:67)
	at org.apache.ibatis.executor.BaseExecutor.getConnection(BaseExecutor.java:337)
	at org.apache.ibatis.executor.SimpleExecutor.prepareStatement(SimpleExecutor.java:86)
	at org.apache.ibatis.executor.SimpleExecutor.doQuery(SimpleExecutor.java:62)
	at org.apache.ibatis.executor.BaseExecutor.queryFromDatabase(BaseExecutor.java:325)
	at org.apache.ibatis.executor.BaseExecutor.query(BaseExecutor.java:156)
	at org.apache.ibatis.executor.CachingExecutor.query(CachingExecutor.java:109)
	at com.baomidou.mybatisplus.extension.plugins.MybatisPlusInterceptor.intercept(MybatisPlusInterceptor.java:81)
	at org.apache.ibatis.plugin.Plugin.invoke(Plugin.java:62)
	at com.sun.proxy.$Proxy158.query(Unknown Source)
	at com.github.pagehelper.PageInterceptor.intercept(PageInterceptor.java:132)
	at org.apache.ibatis.plugin.Plugin.invoke(Plugin.java:62)
	at com.sun.proxy.$Proxy158.query(Unknown Source)
	at org.apache.ibatis.session.defaults.DefaultSqlSession.selectList(DefaultSqlSession.java:151)
	at org.apache.ibatis.session.defaults.DefaultSqlSession.selectList(DefaultSqlSession.java:145)
	at org.apache.ibatis.session.defaults.DefaultSqlSession.selectList(DefaultSqlSession.java:140)
	at sun.reflect.NativeMethodAccessorImpl.invoke0(Native Method)
	at sun.reflect.NativeMethodAccessorImpl.invoke(NativeMethodAccessorImpl.java:62)
	at sun.reflect.DelegatingMethodAccessorImpl.invoke(DelegatingMethodAccessorImpl.java:43)
	at java.lang.reflect.Method.invoke(Method.java:498)
	at org.mybatis.spring.SqlSessionTemplate$SqlSessionInterceptor.invoke(SqlSessionTemplate.java:427)
	at com.sun.proxy.$Proxy85.selectList(Unknown Source)
	at org.mybatis.spring.SqlSessionTemplate.selectList(SqlSessionTemplate.java:224)
	at com.baomidou.mybatisplus.core.override.MybatisMapperMethod.executeForMany(MybatisMapperMethod.java:166)
	at com.baomidou.mybatisplus.core.override.MybatisMapperMethod.execute(MybatisMapperMethod.java:77)
	at com.baomidou.mybatisplus.core.override.MybatisMapperProxy$PlainMethodInvoker.invoke(MybatisMapperProxy.java:148)
	at com.baomidou.mybatisplus.core.override.MybatisMapperProxy.invoke(MybatisMapperProxy.java:89)
	at com.sun.proxy.$Proxy95.selectList(Unknown Source)
	at com.baomidou.mybatisplus.core.mapper.BaseMapper.selectOne(BaseMapper.java:172)
	at java.lang.invoke.MethodHandle.invokeWithArguments(MethodHandle.java:627)
	at com.baomidou.mybatisplus.core.override.MybatisMapperProxy$DefaultMethodInvoker.invoke(MybatisMapperProxy.java:162)
	at com.baomidou.mybatisplus.core.override.MybatisMapperProxy.invoke(MybatisMapperProxy.java:89)
	at com.sun.proxy.$Proxy95.selectOne(Unknown Source)
	at com.benewake.saleordersystem.service.impl.UserServiceImpl.findLoginTicket(UserServiceImpl.java:153)
	at com.benewake.saleordersystem.controller.intercepter.LoginTicketInterceptor.preHandle(LoginTicketInterceptor.java:38)
	at org.springframework.web.servlet.HandlerExecutionChain.applyPreHandle(HandlerExecutionChain.java:151)
	at org.springframework.web.servlet.DispatcherServlet.doDispatch(DispatcherServlet.java:1035)
	at org.springframework.web.servlet.DispatcherServlet.doService(DispatcherServlet.java:943)
	at org.springframework.web.servlet.FrameworkServlet.processRequest(FrameworkServlet.java:1006)
	at org.springframework.web.servlet.FrameworkServlet.doGet(FrameworkServlet.java:898)
	at javax.servlet.http.HttpServlet.service(HttpServlet.java:626)
	at org.springframework.web.servlet.FrameworkServlet.service(FrameworkServlet.java:883)
	at javax.servlet.http.HttpServlet.service(HttpServlet.java:733)
	at org.apache.catalina.core.ApplicationFilterChain.internalDoFilter(ApplicationFilterChain.java:231)
	at org.apache.catalina.core.ApplicationFilterChain.doFilter(ApplicationFilterChain.java:166)
	at org.apache.tomcat.websocket.server.WsFilter.doFilter(WsFilter.java:53)
	at org.apache.catalina.core.ApplicationFilterChain.internalDoFilter(ApplicationFilterChain.java:193)
	at org.apache.catalina.core.ApplicationFilterChain.doFilter(ApplicationFilterChain.java:166)
	at org.springframework.web.filter.CorsFilter.doFilterInternal(CorsFilter.java:92)
	at org.springframework.web.filter.OncePerRequestFilter.doFilter(OncePerRequestFilter.java:119)
	at org.apache.catalina.core.ApplicationFilterChain.internalDoFilter(ApplicationFilterChain.java:193)
	at org.apache.catalina.core.ApplicationFilterChain.doFilter(ApplicationFilterChain.java:166)
	at org.springframework.web.filter.RequestContextFilter.doFilterInternal(RequestContextFilter.java:100)
	at org.springframework.web.filter.OncePerRequestFilter.doFilter(OncePerRequestFilter.java:119)
	at org.apache.catalina.core.ApplicationFilterChain.internalDoFilter(ApplicationFilterChain.java:193)
	at org.apache.catalina.core.ApplicationFilterChain.doFilter(ApplicationFilterChain.java:166)
	at org.springframework.web.filter.FormContentFilter.doFilterInternal(FormContentFilter.java:93)
	at org.springframework.web.filter.OncePerRequestFilter.doFilter(OncePerRequestFilter.java:119)
	at org.apache.catalina.core.ApplicationFilterChain.internalDoFilter(ApplicationFilterChain.java:193)
	at org.apache.catalina.core.ApplicationFilterChain.doFilter(ApplicationFilterChain.java:166)
	at org.springframework.web.filter.CharacterEncodingFilter.doFilterInternal(CharacterEncodingFilter.java:201)
	at org.springframework.web.filter.OncePerRequestFilter.doFilter(OncePerRequestFilter.java:119)
	at org.apache.catalina.core.ApplicationFilterChain.internalDoFilter(ApplicationFilterChain.java:193)
	at org.apache.catalina.core.ApplicationFilterChain.doFilter(ApplicationFilterChain.java:166)
	at org.apache.catalina.core.StandardWrapperValve.invoke(StandardWrapperValve.java:202)
	at org.apache.catalina.core.StandardContextValve.invoke(StandardContextValve.java:97)
	at org.apache.catalina.authenticator.AuthenticatorBase.invoke(AuthenticatorBase.java:542)
	at org.apache.catalina.core.StandardHostValve.invoke(StandardHostValve.java:143)
	at org.apache.catalina.valves.ErrorReportValve.invoke(ErrorReportValve.java:92)
	at org.apache.catalina.core.StandardEngineValve.invoke(StandardEngineValve.java:78)
	at org.apache.catalina.connector.CoyoteAdapter.service(CoyoteAdapter.java:343)
	at org.apache.coyote.http11.Http11Processor.service(Http11Processor.java:374)
	at org.apache.coyote.AbstractProcessorLight.process(AbstractProcessorLight.java:65)
	at org.apache.coyote.AbstractProtocol$ConnectionHandler.process(AbstractProtocol.java:888)
	at org.apache.tomcat.util.net.NioEndpoint$SocketProcessor.doRun(NioEndpoint.java:1597)
	at org.apache.tomcat.util.net.SocketProcessorBase.run(SocketProcessorBase.java:49)
	at java.util.concurrent.ThreadPoolExecutor.runWorker(ThreadPoolExecutor.java:1149)
	at java.util.concurrent.ThreadPoolExecutor$Worker.run(ThreadPoolExecutor.java:624)
	at org.apache.tomcat.util.threads.TaskThread$WrappingRunnable.run(TaskThread.java:61)
	at java.lang.Thread.run(Thread.java:750)
Caused by: com.mysql.cj.exceptions.ConnectionIsClosedException: No operations allowed after connection closed.
	at sun.reflect.NativeConstructorAccessorImpl.newInstance0(Native Method)
	at sun.reflect.NativeConstructorAccessorImpl.newInstance(NativeConstructorAccessorImpl.java:62)
	at sun.reflect.DelegatingConstructorAccessorImpl.newInstance(DelegatingConstructorAccessorImpl.java:45)
	at java.lang.reflect.Constructor.newInstance(Constructor.java:423)
	at com.mysql.cj.exceptions.ExceptionFactory.createException(ExceptionFactory.java:61)
	at com.mysql.cj.exceptions.ExceptionFactory.createException(ExceptionFactory.java:105)
	at com.mysql.cj.exceptions.ExceptionFactory.createException(ExceptionFactory.java:151)
	at com.mysql.cj.NativeSession.checkClosed(NativeSession.java:1171)
	at com.mysql.cj.jdbc.ConnectionImpl.checkClosed(ConnectionImpl.java:576)
	at com.mysql.cj.jdbc.ConnectionImpl.setTransactionIsolation(ConnectionImpl.java:2216)
	... 91 common frames omitted
2023-10-22 17:02:54.589 [http-nio-8080-exec-2] ERROR [,] c.b.s.controller.advice.ExceptionAdvice - 服务器发生异常：nested exception is org.apache.ibatis.exceptions.PersistenceException: 
### Error querying database.  Cause: org.springframework.jdbc.CannotGetJdbcConnectionException: Failed to obtain JDBC Connection; nested exception is java.sql.SQLNonTransientConnectionException: No operations allowed after connection closed.
### The error may exist in com/benewake/saleordersystem/mapper/LoginTicketMapper.java (best guess)
### The error may involve com.benewake.saleordersystem.mapper.LoginTicketMapper.selectList
### The error occurred while executing a query
### Cause: org.springframework.jdbc.CannotGetJdbcConnectionException: Failed to obtain JDBC Connection; nested exception is java.sql.SQLNonTransientConnectionException: No operations allowed after connection closed.
2023-10-22 17:02:54.589 [http-nio-8080-exec-2] ERROR [,] c.b.s.controller.advice.ExceptionAdvice - org.mybatis.spring.MyBatisExceptionTranslator.translateExceptionIfPossible(MyBatisExceptionTranslator.java:96)
2023-10-22 17:02:54.590 [http-nio-8080-exec-2] ERROR [,] c.b.s.controller.advice.ExceptionAdvice - org.mybatis.spring.SqlSessionTemplate$SqlSessionInterceptor.invoke(SqlSessionTemplate.java:441)
2023-10-22 17:02:54.590 [http-nio-8080-exec-2] ERROR [,] c.b.s.controller.advice.ExceptionAdvice - com.sun.proxy.$Proxy85.selectList(Unknown Source)
2023-10-22 17:02:54.590 [http-nio-8080-exec-2] ERROR [,] c.b.s.controller.advice.ExceptionAdvice - org.mybatis.spring.SqlSessionTemplate.selectList(SqlSessionTemplate.java:224)
2023-10-22 17:02:54.590 [http-nio-8080-exec-2] ERROR [,] c.b.s.controller.advice.ExceptionAdvice - com.baomidou.mybatisplus.core.override.MybatisMapperMethod.executeForMany(MybatisMapperMethod.java:166)
2023-10-22 17:02:54.590 [http-nio-8080-exec-2] ERROR [,] c.b.s.controller.advice.ExceptionAdvice - com.baomidou.mybatisplus.core.override.MybatisMapperMethod.execute(MybatisMapperMethod.java:77)
2023-10-22 17:02:54.590 [http-nio-8080-exec-2] ERROR [,] c.b.s.controller.advice.ExceptionAdvice - com.baomidou.mybatisplus.core.override.MybatisMapperProxy$PlainMethodInvoker.invoke(MybatisMapperProxy.java:148)
2023-10-22 17:02:54.590 [http-nio-8080-exec-2] ERROR [,] c.b.s.controller.advice.ExceptionAdvice - com.baomidou.mybatisplus.core.override.MybatisMapperProxy.invoke(MybatisMapperProxy.java:89)
2023-10-22 17:02:54.590 [http-nio-8080-exec-2] ERROR [,] c.b.s.controller.advice.ExceptionAdvice - com.sun.proxy.$Proxy95.selectList(Unknown Source)
2023-10-22 17:02:54.590 [http-nio-8080-exec-2] ERROR [,] c.b.s.controller.advice.ExceptionAdvice - com.baomidou.mybatisplus.core.mapper.BaseMapper.selectOne(BaseMapper.java:172)
2023-10-22 17:02:54.590 [http-nio-8080-exec-2] ERROR [,] c.b.s.controller.advice.ExceptionAdvice - java.lang.invoke.MethodHandle.invokeWithArguments(MethodHandle.java:627)
2023-10-22 17:02:54.590 [http-nio-8080-exec-2] ERROR [,] c.b.s.controller.advice.ExceptionAdvice - com.baomidou.mybatisplus.core.override.MybatisMapperProxy$DefaultMethodInvoker.invoke(MybatisMapperProxy.java:162)
2023-10-22 17:02:54.590 [http-nio-8080-exec-2] ERROR [,] c.b.s.controller.advice.ExceptionAdvice - com.baomidou.mybatisplus.core.override.MybatisMapperProxy.invoke(MybatisMapperProxy.java:89)
2023-10-22 17:02:54.590 [http-nio-8080-exec-2] ERROR [,] c.b.s.controller.advice.ExceptionAdvice - com.sun.proxy.$Proxy95.selectOne(Unknown Source)
2023-10-22 17:02:54.590 [http-nio-8080-exec-2] ERROR [,] c.b.s.controller.advice.ExceptionAdvice - com.benewake.saleordersystem.service.impl.UserServiceImpl.findLoginTicket(UserServiceImpl.java:153)
2023-10-22 17:02:54.590 [http-nio-8080-exec-2] ERROR [,] c.b.s.controller.advice.ExceptionAdvice - com.benewake.saleordersystem.controller.intercepter.LoginTicketInterceptor.preHandle(LoginTicketInterceptor.java:38)
2023-10-22 17:02:54.597 [http-nio-8080-exec-2] ERROR [,] c.b.s.controller.advice.ExceptionAdvice - org.springframework.web.servlet.HandlerExecutionChain.applyPreHandle(HandlerExecutionChain.java:151)
2023-10-22 17:02:54.598 [http-nio-8080-exec-2] ERROR [,] c.b.s.controller.advice.ExceptionAdvice - org.springframework.web.servlet.DispatcherServlet.doDispatch(DispatcherServlet.java:1035)
2023-10-22 17:02:54.599 [http-nio-8080-exec-2] ERROR [,] c.b.s.controller.advice.ExceptionAdvice - org.springframework.web.servlet.DispatcherServlet.doService(DispatcherServlet.java:943)
2023-10-22 17:02:54.599 [http-nio-8080-exec-2] ERROR [,] c.b.s.controller.advice.ExceptionAdvice - org.springframework.web.servlet.FrameworkServlet.processRequest(FrameworkServlet.java:1006)
2023-10-22 17:02:54.599 [http-nio-8080-exec-2] ERROR [,] c.b.s.controller.advice.ExceptionAdvice - org.springframework.web.servlet.FrameworkServlet.doGet(FrameworkServlet.java:898)
2023-10-22 17:02:54.599 [http-nio-8080-exec-2] ERROR [,] c.b.s.controller.advice.ExceptionAdvice - javax.servlet.http.HttpServlet.service(HttpServlet.java:626)
2023-10-22 17:02:54.599 [http-nio-8080-exec-2] ERROR [,] c.b.s.controller.advice.ExceptionAdvice - org.springframework.web.servlet.FrameworkServlet.service(FrameworkServlet.java:883)
2023-10-22 17:02:54.599 [http-nio-8080-exec-2] ERROR [,] c.b.s.controller.advice.ExceptionAdvice - javax.servlet.http.HttpServlet.service(HttpServlet.java:733)
2023-10-22 17:02:54.599 [http-nio-8080-exec-2] ERROR [,] c.b.s.controller.advice.ExceptionAdvice - org.apache.catalina.core.ApplicationFilterChain.internalDoFilter(ApplicationFilterChain.java:231)
2023-10-22 17:02:54.599 [http-nio-8080-exec-2] ERROR [,] c.b.s.controller.advice.ExceptionAdvice - org.apache.catalina.core.ApplicationFilterChain.doFilter(ApplicationFilterChain.java:166)
2023-10-22 17:02:54.599 [http-nio-8080-exec-2] ERROR [,] c.b.s.controller.advice.ExceptionAdvice - org.apache.tomcat.websocket.server.WsFilter.doFilter(WsFilter.java:53)
2023-10-22 17:02:54.599 [http-nio-8080-exec-2] ERROR [,] c.b.s.controller.advice.ExceptionAdvice - org.apache.catalina.core.ApplicationFilterChain.internalDoFilter(ApplicationFilterChain.java:193)
2023-10-22 17:02:54.599 [http-nio-8080-exec-2] ERROR [,] c.b.s.controller.advice.ExceptionAdvice - org.apache.catalina.core.ApplicationFilterChain.doFilter(ApplicationFilterChain.java:166)
2023-10-22 17:02:54.599 [http-nio-8080-exec-2] ERROR [,] c.b.s.controller.advice.ExceptionAdvice - org.springframework.web.filter.CorsFilter.doFilterInternal(CorsFilter.java:92)
2023-10-22 17:02:54.600 [http-nio-8080-exec-2] ERROR [,] c.b.s.controller.advice.ExceptionAdvice - org.springframework.web.filter.OncePerRequestFilter.doFilter(OncePerRequestFilter.java:119)
2023-10-22 17:02:54.600 [http-nio-8080-exec-2] ERROR [,] c.b.s.controller.advice.ExceptionAdvice - org.apache.catalina.core.ApplicationFilterChain.internalDoFilter(ApplicationFilterChain.java:193)
2023-10-22 17:02:54.600 [http-nio-8080-exec-2] ERROR [,] c.b.s.controller.advice.ExceptionAdvice - org.apache.catalina.core.ApplicationFilterChain.doFilter(ApplicationFilterChain.java:166)
2023-10-22 17:02:54.600 [http-nio-8080-exec-2] ERROR [,] c.b.s.controller.advice.ExceptionAdvice - org.springframework.web.filter.RequestContextFilter.doFilterInternal(RequestContextFilter.java:100)
2023-10-22 17:02:54.600 [http-nio-8080-exec-2] ERROR [,] c.b.s.controller.advice.ExceptionAdvice - org.springframework.web.filter.OncePerRequestFilter.doFilter(OncePerRequestFilter.java:119)
2023-10-22 17:02:54.600 [http-nio-8080-exec-2] ERROR [,] c.b.s.controller.advice.ExceptionAdvice - org.apache.catalina.core.ApplicationFilterChain.internalDoFilter(ApplicationFilterChain.java:193)
2023-10-22 17:02:54.600 [http-nio-8080-exec-2] ERROR [,] c.b.s.controller.advice.ExceptionAdvice - org.apache.catalina.core.ApplicationFilterChain.doFilter(ApplicationFilterChain.java:166)
2023-10-22 17:02:54.600 [http-nio-8080-exec-2] ERROR [,] c.b.s.controller.advice.ExceptionAdvice - org.springframework.web.filter.FormContentFilter.doFilterInternal(FormContentFilter.java:93)
2023-10-22 17:02:54.600 [http-nio-8080-exec-2] ERROR [,] c.b.s.controller.advice.ExceptionAdvice - org.springframework.web.filter.OncePerRequestFilter.doFilter(OncePerRequestFilter.java:119)
2023-10-22 17:02:54.600 [http-nio-8080-exec-2] ERROR [,] c.b.s.controller.advice.ExceptionAdvice - org.apache.catalina.core.ApplicationFilterChain.internalDoFilter(ApplicationFilterChain.java:193)
2023-10-22 17:02:54.600 [http-nio-8080-exec-2] ERROR [,] c.b.s.controller.advice.ExceptionAdvice - org.apache.catalina.core.ApplicationFilterChain.doFilter(ApplicationFilterChain.java:166)
2023-10-22 17:02:54.600 [http-nio-8080-exec-2] ERROR [,] c.b.s.controller.advice.ExceptionAdvice - org.springframework.web.filter.CharacterEncodingFilter.doFilterInternal(CharacterEncodingFilter.java:201)
2023-10-22 17:02:54.600 [http-nio-8080-exec-2] ERROR [,] c.b.s.controller.advice.ExceptionAdvice - org.springframework.web.filter.OncePerRequestFilter.doFilter(OncePerRequestFilter.java:119)
2023-10-22 17:02:54.600 [http-nio-8080-exec-2] ERROR [,] c.b.s.controller.advice.ExceptionAdvice - org.apache.catalina.core.ApplicationFilterChain.internalDoFilter(ApplicationFilterChain.java:193)
2023-10-22 17:02:54.600 [http-nio-8080-exec-2] ERROR [,] c.b.s.controller.advice.ExceptionAdvice - org.apache.catalina.core.ApplicationFilterChain.doFilter(ApplicationFilterChain.java:166)
2023-10-22 17:02:54.600 [http-nio-8080-exec-2] ERROR [,] c.b.s.controller.advice.ExceptionAdvice - org.apache.catalina.core.StandardWrapperValve.invoke(StandardWrapperValve.java:202)
2023-10-22 17:02:54.600 [http-nio-8080-exec-2] ERROR [,] c.b.s.controller.advice.ExceptionAdvice - org.apache.catalina.core.StandardContextValve.invoke(StandardContextValve.java:97)
2023-10-22 17:02:54.601 [http-nio-8080-exec-2] ERROR [,] c.b.s.controller.advice.ExceptionAdvice - org.apache.catalina.authenticator.AuthenticatorBase.invoke(AuthenticatorBase.java:542)
2023-10-22 17:02:54.601 [http-nio-8080-exec-2] ERROR [,] c.b.s.controller.advice.ExceptionAdvice - org.apache.catalina.core.StandardHostValve.invoke(StandardHostValve.java:143)
2023-10-22 17:02:54.601 [http-nio-8080-exec-2] ERROR [,] c.b.s.controller.advice.ExceptionAdvice - org.apache.catalina.valves.ErrorReportValve.invoke(ErrorReportValve.java:92)
2023-10-22 17:02:54.601 [http-nio-8080-exec-2] ERROR [,] c.b.s.controller.advice.ExceptionAdvice - org.apache.catalina.core.StandardEngineValve.invoke(StandardEngineValve.java:78)
2023-10-22 17:02:54.601 [http-nio-8080-exec-2] ERROR [,] c.b.s.controller.advice.ExceptionAdvice - org.apache.catalina.connector.CoyoteAdapter.service(CoyoteAdapter.java:343)
2023-10-22 17:02:54.601 [http-nio-8080-exec-2] ERROR [,] c.b.s.controller.advice.ExceptionAdvice - org.apache.coyote.http11.Http11Processor.service(Http11Processor.java:374)
2023-10-22 17:02:54.601 [http-nio-8080-exec-2] ERROR [,] c.b.s.controller.advice.ExceptionAdvice - org.apache.coyote.AbstractProcessorLight.process(AbstractProcessorLight.java:65)
2023-10-22 17:02:54.601 [http-nio-8080-exec-2] ERROR [,] c.b.s.controller.advice.ExceptionAdvice - org.apache.coyote.AbstractProtocol$ConnectionHandler.process(AbstractProtocol.java:888)
2023-10-22 17:02:54.601 [http-nio-8080-exec-2] ERROR [,] c.b.s.controller.advice.ExceptionAdvice - org.apache.tomcat.util.net.NioEndpoint$SocketProcessor.doRun(NioEndpoint.java:1597)
2023-10-22 17:02:54.601 [http-nio-8080-exec-2] ERROR [,] c.b.s.controller.advice.ExceptionAdvice - org.apache.tomcat.util.net.SocketProcessorBase.run(SocketProcessorBase.java:49)
2023-10-22 17:02:54.601 [http-nio-8080-exec-2] ERROR [,] c.b.s.controller.advice.ExceptionAdvice - java.util.concurrent.ThreadPoolExecutor.runWorker(ThreadPoolExecutor.java:1149)
2023-10-22 17:02:54.601 [http-nio-8080-exec-2] ERROR [,] c.b.s.controller.advice.ExceptionAdvice - java.util.concurrent.ThreadPoolExecutor$Worker.run(ThreadPoolExecutor.java:624)
2023-10-22 17:02:54.601 [http-nio-8080-exec-2] ERROR [,] c.b.s.controller.advice.ExceptionAdvice - org.apache.tomcat.util.threads.TaskThread$WrappingRunnable.run(TaskThread.java:61)
2023-10-22 17:02:54.601 [http-nio-8080-exec-2] ERROR [,] c.b.s.controller.advice.ExceptionAdvice - java.lang.Thread.run(Thread.java:750)
