2023-09-09 14:15:58.167 [http-nio-8080-exec-2] ERROR [,] c.b.s.controller.advice.ExceptionAdvice - 服务器发生异常：Index: 0, Size: 0
2023-09-09 14:15:58.169 [http-nio-8080-exec-2] ERROR [,] c.b.s.controller.advice.ExceptionAdvice - java.util.ArrayList.rangeCheck(ArrayList.java:659)
2023-09-09 14:15:58.169 [http-nio-8080-exec-2] ERROR [,] c.b.s.controller.advice.ExceptionAdvice - java.util.ArrayList.get(ArrayList.java:435)
2023-09-09 14:15:58.169 [http-nio-8080-exec-2] ERROR [,] c.b.s.controller.advice.ExceptionAdvice - com.benewake.saleordersystem.service.impl.TodoServiceImpl.getFilteredOrders(TodoServiceImpl.java:128)
2023-09-09 14:15:58.169 [http-nio-8080-exec-2] ERROR [,] c.b.s.controller.advice.ExceptionAdvice - com.benewake.saleordersystem.controller.TodoController.getFilteredOrders(TodoController.java:32)
2023-09-09 14:15:58.169 [http-nio-8080-exec-2] ERROR [,] c.b.s.controller.advice.ExceptionAdvice - com.benewake.saleordersystem.controller.TodoController$$FastClassBySpringCGLIB$$766a2319.invoke(<generated>)
2023-09-09 14:15:58.169 [http-nio-8080-exec-2] ERROR [,] c.b.s.controller.advice.ExceptionAdvice - org.springframework.cglib.proxy.MethodProxy.invoke(MethodProxy.java:218)
2023-09-09 14:15:58.169 [http-nio-8080-exec-2] ERROR [,] c.b.s.controller.advice.ExceptionAdvice - org.springframework.aop.framework.CglibAopProxy$CglibMethodInvocation.invokeJoinpoint(CglibAopProxy.java:771)
2023-09-09 14:15:58.169 [http-nio-8080-exec-2] ERROR [,] c.b.s.controller.advice.ExceptionAdvice - org.springframework.aop.framework.ReflectiveMethodInvocation.proceed(ReflectiveMethodInvocation.java:163)
2023-09-09 14:15:58.169 [http-nio-8080-exec-2] ERROR [,] c.b.s.controller.advice.ExceptionAdvice - org.springframework.aop.framework.CglibAopProxy$CglibMethodInvocation.proceed(CglibAopProxy.java:749)
2023-09-09 14:15:58.170 [http-nio-8080-exec-2] ERROR [,] c.b.s.controller.advice.ExceptionAdvice - org.springframework.aop.aspectj.MethodInvocationProceedingJoinPoint.proceed(MethodInvocationProceedingJoinPoint.java:88)
2023-09-09 14:15:58.170 [http-nio-8080-exec-2] ERROR [,] c.b.s.controller.advice.ExceptionAdvice - com.benewake.saleordersystem.aspect.LogAspect.before(LogAspect.java:83)
2023-09-09 14:15:58.170 [http-nio-8080-exec-2] ERROR [,] c.b.s.controller.advice.ExceptionAdvice - sun.reflect.NativeMethodAccessorImpl.invoke0(Native Method)
2023-09-09 14:15:58.170 [http-nio-8080-exec-2] ERROR [,] c.b.s.controller.advice.ExceptionAdvice - sun.reflect.NativeMethodAccessorImpl.invoke(NativeMethodAccessorImpl.java:62)
2023-09-09 14:15:58.170 [http-nio-8080-exec-2] ERROR [,] c.b.s.controller.advice.ExceptionAdvice - sun.reflect.DelegatingMethodAccessorImpl.invoke(DelegatingMethodAccessorImpl.java:43)
2023-09-09 14:15:58.170 [http-nio-8080-exec-2] ERROR [,] c.b.s.controller.advice.ExceptionAdvice - java.lang.reflect.Method.invoke(Method.java:498)
2023-09-09 14:15:58.170 [http-nio-8080-exec-2] ERROR [,] c.b.s.controller.advice.ExceptionAdvice - org.springframework.aop.aspectj.AbstractAspectJAdvice.invokeAdviceMethodWithGivenArgs(AbstractAspectJAdvice.java:644)
2023-09-09 14:15:58.170 [http-nio-8080-exec-2] ERROR [,] c.b.s.controller.advice.ExceptionAdvice - org.springframework.aop.aspectj.AbstractAspectJAdvice.invokeAdviceMethod(AbstractAspectJAdvice.java:633)
2023-09-09 14:15:58.170 [http-nio-8080-exec-2] ERROR [,] c.b.s.controller.advice.ExceptionAdvice - org.springframework.aop.aspectj.AspectJAroundAdvice.invoke(AspectJAroundAdvice.java:70)
2023-09-09 14:15:58.170 [http-nio-8080-exec-2] ERROR [,] c.b.s.controller.advice.ExceptionAdvice - org.springframework.aop.framework.ReflectiveMethodInvocation.proceed(ReflectiveMethodInvocation.java:186)
2023-09-09 14:15:58.170 [http-nio-8080-exec-2] ERROR [,] c.b.s.controller.advice.ExceptionAdvice - org.springframework.aop.framework.CglibAopProxy$CglibMethodInvocation.proceed(CglibAopProxy.java:749)
2023-09-09 14:15:58.170 [http-nio-8080-exec-2] ERROR [,] c.b.s.controller.advice.ExceptionAdvice - org.springframework.aop.interceptor.ExposeInvocationInterceptor.invoke(ExposeInvocationInterceptor.java:95)
2023-09-09 14:15:58.170 [http-nio-8080-exec-2] ERROR [,] c.b.s.controller.advice.ExceptionAdvice - org.springframework.aop.framework.ReflectiveMethodInvocation.proceed(ReflectiveMethodInvocation.java:186)
2023-09-09 14:15:58.170 [http-nio-8080-exec-2] ERROR [,] c.b.s.controller.advice.ExceptionAdvice - org.springframework.aop.framework.CglibAopProxy$CglibMethodInvocation.proceed(CglibAopProxy.java:749)
2023-09-09 14:15:58.170 [http-nio-8080-exec-2] ERROR [,] c.b.s.controller.advice.ExceptionAdvice - org.springframework.aop.framework.CglibAopProxy$DynamicAdvisedInterceptor.intercept(CglibAopProxy.java:691)
2023-09-09 14:15:58.170 [http-nio-8080-exec-2] ERROR [,] c.b.s.controller.advice.ExceptionAdvice - com.benewake.saleordersystem.controller.TodoController$$EnhancerBySpringCGLIB$$b8825796.getFilteredOrders(<generated>)
2023-09-09 14:15:58.170 [http-nio-8080-exec-2] ERROR [,] c.b.s.controller.advice.ExceptionAdvice - sun.reflect.NativeMethodAccessorImpl.invoke0(Native Method)
2023-09-09 14:15:58.170 [http-nio-8080-exec-2] ERROR [,] c.b.s.controller.advice.ExceptionAdvice - sun.reflect.NativeMethodAccessorImpl.invoke(NativeMethodAccessorImpl.java:62)
2023-09-09 14:15:58.170 [http-nio-8080-exec-2] ERROR [,] c.b.s.controller.advice.ExceptionAdvice - sun.reflect.DelegatingMethodAccessorImpl.invoke(DelegatingMethodAccessorImpl.java:43)
2023-09-09 14:15:58.170 [http-nio-8080-exec-2] ERROR [,] c.b.s.controller.advice.ExceptionAdvice - java.lang.reflect.Method.invoke(Method.java:498)
2023-09-09 14:15:58.170 [http-nio-8080-exec-2] ERROR [,] c.b.s.controller.advice.ExceptionAdvice - org.springframework.web.method.support.InvocableHandlerMethod.doInvoke(InvocableHandlerMethod.java:190)
2023-09-09 14:15:58.170 [http-nio-8080-exec-2] ERROR [,] c.b.s.controller.advice.ExceptionAdvice - org.springframework.web.method.support.InvocableHandlerMethod.invokeForRequest(InvocableHandlerMethod.java:138)
2023-09-09 14:15:58.170 [http-nio-8080-exec-2] ERROR [,] c.b.s.controller.advice.ExceptionAdvice - org.springframework.web.servlet.mvc.method.annotation.ServletInvocableHandlerMethod.invokeAndHandle(ServletInvocableHandlerMethod.java:105)
2023-09-09 14:15:58.170 [http-nio-8080-exec-2] ERROR [,] c.b.s.controller.advice.ExceptionAdvice - org.springframework.web.servlet.mvc.method.annotation.RequestMappingHandlerAdapter.invokeHandlerMethod(RequestMappingHandlerAdapter.java:878)
2023-09-09 14:15:58.170 [http-nio-8080-exec-2] ERROR [,] c.b.s.controller.advice.ExceptionAdvice - org.springframework.web.servlet.mvc.method.annotation.RequestMappingHandlerAdapter.handleInternal(RequestMappingHandlerAdapter.java:792)
2023-09-09 14:15:58.171 [http-nio-8080-exec-2] ERROR [,] c.b.s.controller.advice.ExceptionAdvice - org.springframework.web.servlet.mvc.method.AbstractHandlerMethodAdapter.handle(AbstractHandlerMethodAdapter.java:87)
2023-09-09 14:15:58.171 [http-nio-8080-exec-2] ERROR [,] c.b.s.controller.advice.ExceptionAdvice - org.springframework.web.servlet.DispatcherServlet.doDispatch(DispatcherServlet.java:1040)
2023-09-09 14:15:58.171 [http-nio-8080-exec-2] ERROR [,] c.b.s.controller.advice.ExceptionAdvice - org.springframework.web.servlet.DispatcherServlet.doService(DispatcherServlet.java:943)
2023-09-09 14:15:58.171 [http-nio-8080-exec-2] ERROR [,] c.b.s.controller.advice.ExceptionAdvice - org.springframework.web.servlet.FrameworkServlet.processRequest(FrameworkServlet.java:1006)
2023-09-09 14:15:58.171 [http-nio-8080-exec-2] ERROR [,] c.b.s.controller.advice.ExceptionAdvice - org.springframework.web.servlet.FrameworkServlet.doGet(FrameworkServlet.java:898)
2023-09-09 14:15:58.171 [http-nio-8080-exec-2] ERROR [,] c.b.s.controller.advice.ExceptionAdvice - javax.servlet.http.HttpServlet.service(HttpServlet.java:626)
2023-09-09 14:15:58.171 [http-nio-8080-exec-2] ERROR [,] c.b.s.controller.advice.ExceptionAdvice - org.springframework.web.servlet.FrameworkServlet.service(FrameworkServlet.java:883)
2023-09-09 14:15:58.171 [http-nio-8080-exec-2] ERROR [,] c.b.s.controller.advice.ExceptionAdvice - javax.servlet.http.HttpServlet.service(HttpServlet.java:733)
2023-09-09 14:15:58.171 [http-nio-8080-exec-2] ERROR [,] c.b.s.controller.advice.ExceptionAdvice - org.apache.catalina.core.ApplicationFilterChain.internalDoFilter(ApplicationFilterChain.java:231)
2023-09-09 14:15:58.172 [http-nio-8080-exec-2] ERROR [,] c.b.s.controller.advice.ExceptionAdvice - org.apache.catalina.core.ApplicationFilterChain.doFilter(ApplicationFilterChain.java:166)
2023-09-09 14:15:58.173 [http-nio-8080-exec-2] ERROR [,] c.b.s.controller.advice.ExceptionAdvice - org.apache.tomcat.websocket.server.WsFilter.doFilter(WsFilter.java:53)
2023-09-09 14:15:58.173 [http-nio-8080-exec-2] ERROR [,] c.b.s.controller.advice.ExceptionAdvice - org.apache.catalina.core.ApplicationFilterChain.internalDoFilter(ApplicationFilterChain.java:193)
2023-09-09 14:15:58.173 [http-nio-8080-exec-2] ERROR [,] c.b.s.controller.advice.ExceptionAdvice - org.apache.catalina.core.ApplicationFilterChain.doFilter(ApplicationFilterChain.java:166)
2023-09-09 14:15:58.173 [http-nio-8080-exec-2] ERROR [,] c.b.s.controller.advice.ExceptionAdvice - org.springframework.web.filter.CorsFilter.doFilterInternal(CorsFilter.java:92)
2023-09-09 14:15:58.173 [http-nio-8080-exec-2] ERROR [,] c.b.s.controller.advice.ExceptionAdvice - org.springframework.web.filter.OncePerRequestFilter.doFilter(OncePerRequestFilter.java:119)
2023-09-09 14:15:58.173 [http-nio-8080-exec-2] ERROR [,] c.b.s.controller.advice.ExceptionAdvice - org.apache.catalina.core.ApplicationFilterChain.internalDoFilter(ApplicationFilterChain.java:193)
2023-09-09 14:15:58.173 [http-nio-8080-exec-2] ERROR [,] c.b.s.controller.advice.ExceptionAdvice - org.apache.catalina.core.ApplicationFilterChain.doFilter(ApplicationFilterChain.java:166)
2023-09-09 14:15:58.174 [http-nio-8080-exec-2] ERROR [,] c.b.s.controller.advice.ExceptionAdvice - org.springframework.web.filter.RequestContextFilter.doFilterInternal(RequestContextFilter.java:100)
2023-09-09 14:15:58.174 [http-nio-8080-exec-2] ERROR [,] c.b.s.controller.advice.ExceptionAdvice - org.springframework.web.filter.OncePerRequestFilter.doFilter(OncePerRequestFilter.java:119)
2023-09-09 14:15:58.174 [http-nio-8080-exec-2] ERROR [,] c.b.s.controller.advice.ExceptionAdvice - org.apache.catalina.core.ApplicationFilterChain.internalDoFilter(ApplicationFilterChain.java:193)
2023-09-09 14:15:58.174 [http-nio-8080-exec-2] ERROR [,] c.b.s.controller.advice.ExceptionAdvice - org.apache.catalina.core.ApplicationFilterChain.doFilter(ApplicationFilterChain.java:166)
2023-09-09 14:15:58.174 [http-nio-8080-exec-2] ERROR [,] c.b.s.controller.advice.ExceptionAdvice - org.springframework.web.filter.FormContentFilter.doFilterInternal(FormContentFilter.java:93)
2023-09-09 14:15:58.174 [http-nio-8080-exec-2] ERROR [,] c.b.s.controller.advice.ExceptionAdvice - org.springframework.web.filter.OncePerRequestFilter.doFilter(OncePerRequestFilter.java:119)
2023-09-09 14:15:58.174 [http-nio-8080-exec-2] ERROR [,] c.b.s.controller.advice.ExceptionAdvice - org.apache.catalina.core.ApplicationFilterChain.internalDoFilter(ApplicationFilterChain.java:193)
2023-09-09 14:15:58.174 [http-nio-8080-exec-2] ERROR [,] c.b.s.controller.advice.ExceptionAdvice - org.apache.catalina.core.ApplicationFilterChain.doFilter(ApplicationFilterChain.java:166)
2023-09-09 14:15:58.174 [http-nio-8080-exec-2] ERROR [,] c.b.s.controller.advice.ExceptionAdvice - org.springframework.web.filter.CharacterEncodingFilter.doFilterInternal(CharacterEncodingFilter.java:201)
2023-09-09 14:15:58.174 [http-nio-8080-exec-2] ERROR [,] c.b.s.controller.advice.ExceptionAdvice - org.springframework.web.filter.OncePerRequestFilter.doFilter(OncePerRequestFilter.java:119)
2023-09-09 14:15:58.174 [http-nio-8080-exec-2] ERROR [,] c.b.s.controller.advice.ExceptionAdvice - org.apache.catalina.core.ApplicationFilterChain.internalDoFilter(ApplicationFilterChain.java:193)
2023-09-09 14:15:58.174 [http-nio-8080-exec-2] ERROR [,] c.b.s.controller.advice.ExceptionAdvice - org.apache.catalina.core.ApplicationFilterChain.doFilter(ApplicationFilterChain.java:166)
2023-09-09 14:15:58.174 [http-nio-8080-exec-2] ERROR [,] c.b.s.controller.advice.ExceptionAdvice - org.apache.catalina.core.StandardWrapperValve.invoke(StandardWrapperValve.java:202)
2023-09-09 14:15:58.174 [http-nio-8080-exec-2] ERROR [,] c.b.s.controller.advice.ExceptionAdvice - org.apache.catalina.core.StandardContextValve.invoke(StandardContextValve.java:97)
2023-09-09 14:15:58.174 [http-nio-8080-exec-2] ERROR [,] c.b.s.controller.advice.ExceptionAdvice - org.apache.catalina.authenticator.AuthenticatorBase.invoke(AuthenticatorBase.java:542)
2023-09-09 14:15:58.174 [http-nio-8080-exec-2] ERROR [,] c.b.s.controller.advice.ExceptionAdvice - org.apache.catalina.core.StandardHostValve.invoke(StandardHostValve.java:143)
2023-09-09 14:15:58.175 [http-nio-8080-exec-2] ERROR [,] c.b.s.controller.advice.ExceptionAdvice - org.apache.catalina.valves.ErrorReportValve.invoke(ErrorReportValve.java:92)
2023-09-09 14:15:58.175 [http-nio-8080-exec-2] ERROR [,] c.b.s.controller.advice.ExceptionAdvice - org.apache.catalina.core.StandardEngineValve.invoke(StandardEngineValve.java:78)
2023-09-09 14:15:58.175 [http-nio-8080-exec-2] ERROR [,] c.b.s.controller.advice.ExceptionAdvice - org.apache.catalina.connector.CoyoteAdapter.service(CoyoteAdapter.java:343)
2023-09-09 14:15:58.175 [http-nio-8080-exec-2] ERROR [,] c.b.s.controller.advice.ExceptionAdvice - org.apache.coyote.http11.Http11Processor.service(Http11Processor.java:374)
2023-09-09 14:15:58.175 [http-nio-8080-exec-2] ERROR [,] c.b.s.controller.advice.ExceptionAdvice - org.apache.coyote.AbstractProcessorLight.process(AbstractProcessorLight.java:65)
2023-09-09 14:15:58.175 [http-nio-8080-exec-2] ERROR [,] c.b.s.controller.advice.ExceptionAdvice - org.apache.coyote.AbstractProtocol$ConnectionHandler.process(AbstractProtocol.java:888)
2023-09-09 14:15:58.175 [http-nio-8080-exec-2] ERROR [,] c.b.s.controller.advice.ExceptionAdvice - org.apache.tomcat.util.net.NioEndpoint$SocketProcessor.doRun(NioEndpoint.java:1597)
2023-09-09 14:15:58.175 [http-nio-8080-exec-2] ERROR [,] c.b.s.controller.advice.ExceptionAdvice - org.apache.tomcat.util.net.SocketProcessorBase.run(SocketProcessorBase.java:49)
2023-09-09 14:15:58.175 [http-nio-8080-exec-2] ERROR [,] c.b.s.controller.advice.ExceptionAdvice - java.util.concurrent.ThreadPoolExecutor.runWorker(ThreadPoolExecutor.java:1149)
2023-09-09 14:15:58.175 [http-nio-8080-exec-2] ERROR [,] c.b.s.controller.advice.ExceptionAdvice - java.util.concurrent.ThreadPoolExecutor$Worker.run(ThreadPoolExecutor.java:624)
2023-09-09 14:15:58.175 [http-nio-8080-exec-2] ERROR [,] c.b.s.controller.advice.ExceptionAdvice - org.apache.tomcat.util.threads.TaskThread$WrappingRunnable.run(TaskThread.java:61)
2023-09-09 14:15:58.175 [http-nio-8080-exec-2] ERROR [,] c.b.s.controller.advice.ExceptionAdvice - java.lang.Thread.run(Thread.java:750)
