2023-10-09 16:27:07.775 [http-nio-8080-exec-3] ERROR [,] c.b.s.controller.advice.ExceptionAdvice - 服务器发生异常：
### Error querying database.  Cause: java.sql.SQLSyntaxErrorException: Unknown column 'FIM_user_phone' in 'field list'
### The error may exist in com/benewake/saleordersystem/mapper/UserMapper.java (best guess)
### The error may involve defaultParameterMap
### The error occurred while setting parameters
### SQL: SELECT  FIM_user_id AS id,FIM_user_name AS username,FIM_user_password AS password,FIM_coding AS salt,FIM_user_type AS userType,FIM_collection_func AS userConllection,FIM_user_YC AS ycvalue,FIM_user_XD AS xdvalue,FIM_user_PR AS prvalue,FIM_user_phone AS userphone,FIM_user_mail AS usermail  FROM fim_users_table     WHERE (FIM_user_name = ?)
### Cause: java.sql.SQLSyntaxErrorException: Unknown column 'FIM_user_phone' in 'field list'
; bad SQL grammar []; nested exception is java.sql.SQLSyntaxErrorException: Unknown column 'FIM_user_phone' in 'field list'
2023-10-09 16:27:07.777 [http-nio-8080-exec-3] ERROR [,] c.b.s.controller.advice.ExceptionAdvice - org.springframework.jdbc.support.SQLErrorCodeSQLExceptionTranslator.doTranslate(SQLErrorCodeSQLExceptionTranslator.java:239)
2023-10-09 16:27:07.777 [http-nio-8080-exec-3] ERROR [,] c.b.s.controller.advice.ExceptionAdvice - org.springframework.jdbc.support.AbstractFallbackSQLExceptionTranslator.translate(AbstractFallbackSQLExceptionTranslator.java:72)
2023-10-09 16:27:07.777 [http-nio-8080-exec-3] ERROR [,] c.b.s.controller.advice.ExceptionAdvice - org.mybatis.spring.MyBatisExceptionTranslator.translateExceptionIfPossible(MyBatisExceptionTranslator.java:91)
2023-10-09 16:27:07.777 [http-nio-8080-exec-3] ERROR [,] c.b.s.controller.advice.ExceptionAdvice - org.mybatis.spring.SqlSessionTemplate$SqlSessionInterceptor.invoke(SqlSessionTemplate.java:441)
2023-10-09 16:27:07.777 [http-nio-8080-exec-3] ERROR [,] c.b.s.controller.advice.ExceptionAdvice - com.sun.proxy.$Proxy85.selectList(Unknown Source)
2023-10-09 16:27:07.777 [http-nio-8080-exec-3] ERROR [,] c.b.s.controller.advice.ExceptionAdvice - org.mybatis.spring.SqlSessionTemplate.selectList(SqlSessionTemplate.java:224)
2023-10-09 16:27:07.777 [http-nio-8080-exec-3] ERROR [,] c.b.s.controller.advice.ExceptionAdvice - com.baomidou.mybatisplus.core.override.MybatisMapperMethod.executeForMany(MybatisMapperMethod.java:166)
2023-10-09 16:27:07.777 [http-nio-8080-exec-3] ERROR [,] c.b.s.controller.advice.ExceptionAdvice - com.baomidou.mybatisplus.core.override.MybatisMapperMethod.execute(MybatisMapperMethod.java:77)
2023-10-09 16:27:07.777 [http-nio-8080-exec-3] ERROR [,] c.b.s.controller.advice.ExceptionAdvice - com.baomidou.mybatisplus.core.override.MybatisMapperProxy$PlainMethodInvoker.invoke(MybatisMapperProxy.java:148)
2023-10-09 16:27:07.777 [http-nio-8080-exec-3] ERROR [,] c.b.s.controller.advice.ExceptionAdvice - com.baomidou.mybatisplus.core.override.MybatisMapperProxy.invoke(MybatisMapperProxy.java:89)
2023-10-09 16:27:07.777 [http-nio-8080-exec-3] ERROR [,] c.b.s.controller.advice.ExceptionAdvice - com.sun.proxy.$Proxy94.selectList(Unknown Source)
2023-10-09 16:27:07.777 [http-nio-8080-exec-3] ERROR [,] c.b.s.controller.advice.ExceptionAdvice - com.baomidou.mybatisplus.core.mapper.BaseMapper.selectOne(BaseMapper.java:172)
2023-10-09 16:27:07.777 [http-nio-8080-exec-3] ERROR [,] c.b.s.controller.advice.ExceptionAdvice - java.lang.invoke.MethodHandle.invokeWithArguments(MethodHandle.java:627)
2023-10-09 16:27:07.777 [http-nio-8080-exec-3] ERROR [,] c.b.s.controller.advice.ExceptionAdvice - com.baomidou.mybatisplus.core.override.MybatisMapperProxy$DefaultMethodInvoker.invoke(MybatisMapperProxy.java:162)
2023-10-09 16:27:07.778 [http-nio-8080-exec-3] ERROR [,] c.b.s.controller.advice.ExceptionAdvice - com.baomidou.mybatisplus.core.override.MybatisMapperProxy.invoke(MybatisMapperProxy.java:89)
2023-10-09 16:27:07.778 [http-nio-8080-exec-3] ERROR [,] c.b.s.controller.advice.ExceptionAdvice - com.sun.proxy.$Proxy94.selectOne(Unknown Source)
2023-10-09 16:27:07.778 [http-nio-8080-exec-3] ERROR [,] c.b.s.controller.advice.ExceptionAdvice - com.benewake.saleordersystem.service.impl.UserServiceImpl.login(UserServiceImpl.java:93)
2023-10-09 16:27:07.778 [http-nio-8080-exec-3] ERROR [,] c.b.s.controller.advice.ExceptionAdvice - com.benewake.saleordersystem.controller.HomeController.login(HomeController.java:53)
2023-10-09 16:27:07.778 [http-nio-8080-exec-3] ERROR [,] c.b.s.controller.advice.ExceptionAdvice - com.benewake.saleordersystem.controller.HomeController$$FastClassBySpringCGLIB$$54548472.invoke(<generated>)
2023-10-09 16:27:07.778 [http-nio-8080-exec-3] ERROR [,] c.b.s.controller.advice.ExceptionAdvice - org.springframework.cglib.proxy.MethodProxy.invoke(MethodProxy.java:218)
2023-10-09 16:27:07.778 [http-nio-8080-exec-3] ERROR [,] c.b.s.controller.advice.ExceptionAdvice - org.springframework.aop.framework.CglibAopProxy$CglibMethodInvocation.invokeJoinpoint(CglibAopProxy.java:771)
2023-10-09 16:27:07.778 [http-nio-8080-exec-3] ERROR [,] c.b.s.controller.advice.ExceptionAdvice - org.springframework.aop.framework.ReflectiveMethodInvocation.proceed(ReflectiveMethodInvocation.java:163)
2023-10-09 16:27:07.778 [http-nio-8080-exec-3] ERROR [,] c.b.s.controller.advice.ExceptionAdvice - org.springframework.aop.framework.CglibAopProxy$CglibMethodInvocation.proceed(CglibAopProxy.java:749)
2023-10-09 16:27:07.778 [http-nio-8080-exec-3] ERROR [,] c.b.s.controller.advice.ExceptionAdvice - org.springframework.aop.aspectj.MethodInvocationProceedingJoinPoint.proceed(MethodInvocationProceedingJoinPoint.java:88)
2023-10-09 16:27:07.778 [http-nio-8080-exec-3] ERROR [,] c.b.s.controller.advice.ExceptionAdvice - com.benewake.saleordersystem.aspect.LogAspect.before(LogAspect.java:83)
2023-10-09 16:27:07.778 [http-nio-8080-exec-3] ERROR [,] c.b.s.controller.advice.ExceptionAdvice - sun.reflect.NativeMethodAccessorImpl.invoke0(Native Method)
2023-10-09 16:27:07.778 [http-nio-8080-exec-3] ERROR [,] c.b.s.controller.advice.ExceptionAdvice - sun.reflect.NativeMethodAccessorImpl.invoke(NativeMethodAccessorImpl.java:62)
2023-10-09 16:27:07.778 [http-nio-8080-exec-3] ERROR [,] c.b.s.controller.advice.ExceptionAdvice - sun.reflect.DelegatingMethodAccessorImpl.invoke(DelegatingMethodAccessorImpl.java:43)
2023-10-09 16:27:07.778 [http-nio-8080-exec-3] ERROR [,] c.b.s.controller.advice.ExceptionAdvice - java.lang.reflect.Method.invoke(Method.java:498)
2023-10-09 16:27:07.778 [http-nio-8080-exec-3] ERROR [,] c.b.s.controller.advice.ExceptionAdvice - org.springframework.aop.aspectj.AbstractAspectJAdvice.invokeAdviceMethodWithGivenArgs(AbstractAspectJAdvice.java:644)
2023-10-09 16:27:07.778 [http-nio-8080-exec-3] ERROR [,] c.b.s.controller.advice.ExceptionAdvice - org.springframework.aop.aspectj.AbstractAspectJAdvice.invokeAdviceMethod(AbstractAspectJAdvice.java:633)
2023-10-09 16:27:07.778 [http-nio-8080-exec-3] ERROR [,] c.b.s.controller.advice.ExceptionAdvice - org.springframework.aop.aspectj.AspectJAroundAdvice.invoke(AspectJAroundAdvice.java:70)
2023-10-09 16:27:07.778 [http-nio-8080-exec-3] ERROR [,] c.b.s.controller.advice.ExceptionAdvice - org.springframework.aop.framework.ReflectiveMethodInvocation.proceed(ReflectiveMethodInvocation.java:186)
2023-10-09 16:27:07.778 [http-nio-8080-exec-3] ERROR [,] c.b.s.controller.advice.ExceptionAdvice - org.springframework.aop.framework.CglibAopProxy$CglibMethodInvocation.proceed(CglibAopProxy.java:749)
2023-10-09 16:27:07.778 [http-nio-8080-exec-3] ERROR [,] c.b.s.controller.advice.ExceptionAdvice - org.springframework.aop.interceptor.ExposeInvocationInterceptor.invoke(ExposeInvocationInterceptor.java:95)
2023-10-09 16:27:07.778 [http-nio-8080-exec-3] ERROR [,] c.b.s.controller.advice.ExceptionAdvice - org.springframework.aop.framework.ReflectiveMethodInvocation.proceed(ReflectiveMethodInvocation.java:186)
2023-10-09 16:27:07.778 [http-nio-8080-exec-3] ERROR [,] c.b.s.controller.advice.ExceptionAdvice - org.springframework.aop.framework.CglibAopProxy$CglibMethodInvocation.proceed(CglibAopProxy.java:749)
2023-10-09 16:27:07.778 [http-nio-8080-exec-3] ERROR [,] c.b.s.controller.advice.ExceptionAdvice - org.springframework.aop.framework.CglibAopProxy$DynamicAdvisedInterceptor.intercept(CglibAopProxy.java:691)
2023-10-09 16:27:07.778 [http-nio-8080-exec-3] ERROR [,] c.b.s.controller.advice.ExceptionAdvice - com.benewake.saleordersystem.controller.HomeController$$EnhancerBySpringCGLIB$$5c4355ba.login(<generated>)
2023-10-09 16:27:07.778 [http-nio-8080-exec-3] ERROR [,] c.b.s.controller.advice.ExceptionAdvice - sun.reflect.NativeMethodAccessorImpl.invoke0(Native Method)
2023-10-09 16:27:07.778 [http-nio-8080-exec-3] ERROR [,] c.b.s.controller.advice.ExceptionAdvice - sun.reflect.NativeMethodAccessorImpl.invoke(NativeMethodAccessorImpl.java:62)
2023-10-09 16:27:07.779 [http-nio-8080-exec-3] ERROR [,] c.b.s.controller.advice.ExceptionAdvice - sun.reflect.DelegatingMethodAccessorImpl.invoke(DelegatingMethodAccessorImpl.java:43)
2023-10-09 16:27:07.779 [http-nio-8080-exec-3] ERROR [,] c.b.s.controller.advice.ExceptionAdvice - java.lang.reflect.Method.invoke(Method.java:498)
2023-10-09 16:27:07.779 [http-nio-8080-exec-3] ERROR [,] c.b.s.controller.advice.ExceptionAdvice - org.springframework.web.method.support.InvocableHandlerMethod.doInvoke(InvocableHandlerMethod.java:190)
2023-10-09 16:27:07.779 [http-nio-8080-exec-3] ERROR [,] c.b.s.controller.advice.ExceptionAdvice - org.springframework.web.method.support.InvocableHandlerMethod.invokeForRequest(InvocableHandlerMethod.java:138)
2023-10-09 16:27:07.779 [http-nio-8080-exec-3] ERROR [,] c.b.s.controller.advice.ExceptionAdvice - org.springframework.web.servlet.mvc.method.annotation.ServletInvocableHandlerMethod.invokeAndHandle(ServletInvocableHandlerMethod.java:105)
2023-10-09 16:27:07.779 [http-nio-8080-exec-3] ERROR [,] c.b.s.controller.advice.ExceptionAdvice - org.springframework.web.servlet.mvc.method.annotation.RequestMappingHandlerAdapter.invokeHandlerMethod(RequestMappingHandlerAdapter.java:878)
2023-10-09 16:27:07.779 [http-nio-8080-exec-3] ERROR [,] c.b.s.controller.advice.ExceptionAdvice - org.springframework.web.servlet.mvc.method.annotation.RequestMappingHandlerAdapter.handleInternal(RequestMappingHandlerAdapter.java:792)
2023-10-09 16:27:07.779 [http-nio-8080-exec-3] ERROR [,] c.b.s.controller.advice.ExceptionAdvice - org.springframework.web.servlet.mvc.method.AbstractHandlerMethodAdapter.handle(AbstractHandlerMethodAdapter.java:87)
2023-10-09 16:27:07.779 [http-nio-8080-exec-3] ERROR [,] c.b.s.controller.advice.ExceptionAdvice - org.springframework.web.servlet.DispatcherServlet.doDispatch(DispatcherServlet.java:1040)
2023-10-09 16:27:07.779 [http-nio-8080-exec-3] ERROR [,] c.b.s.controller.advice.ExceptionAdvice - org.springframework.web.servlet.DispatcherServlet.doService(DispatcherServlet.java:943)
2023-10-09 16:27:07.779 [http-nio-8080-exec-3] ERROR [,] c.b.s.controller.advice.ExceptionAdvice - org.springframework.web.servlet.FrameworkServlet.processRequest(FrameworkServlet.java:1006)
2023-10-09 16:27:07.779 [http-nio-8080-exec-3] ERROR [,] c.b.s.controller.advice.ExceptionAdvice - org.springframework.web.servlet.FrameworkServlet.doPost(FrameworkServlet.java:909)
2023-10-09 16:27:07.779 [http-nio-8080-exec-3] ERROR [,] c.b.s.controller.advice.ExceptionAdvice - javax.servlet.http.HttpServlet.service(HttpServlet.java:652)
2023-10-09 16:27:07.779 [http-nio-8080-exec-3] ERROR [,] c.b.s.controller.advice.ExceptionAdvice - org.springframework.web.servlet.FrameworkServlet.service(FrameworkServlet.java:883)
2023-10-09 16:27:07.779 [http-nio-8080-exec-3] ERROR [,] c.b.s.controller.advice.ExceptionAdvice - javax.servlet.http.HttpServlet.service(HttpServlet.java:733)
2023-10-09 16:27:07.779 [http-nio-8080-exec-3] ERROR [,] c.b.s.controller.advice.ExceptionAdvice - org.apache.catalina.core.ApplicationFilterChain.internalDoFilter(ApplicationFilterChain.java:231)
2023-10-09 16:27:07.779 [http-nio-8080-exec-3] ERROR [,] c.b.s.controller.advice.ExceptionAdvice - org.apache.catalina.core.ApplicationFilterChain.doFilter(ApplicationFilterChain.java:166)
2023-10-09 16:27:07.779 [http-nio-8080-exec-3] ERROR [,] c.b.s.controller.advice.ExceptionAdvice - org.apache.tomcat.websocket.server.WsFilter.doFilter(WsFilter.java:53)
2023-10-09 16:27:07.779 [http-nio-8080-exec-3] ERROR [,] c.b.s.controller.advice.ExceptionAdvice - org.apache.catalina.core.ApplicationFilterChain.internalDoFilter(ApplicationFilterChain.java:193)
2023-10-09 16:27:07.779 [http-nio-8080-exec-3] ERROR [,] c.b.s.controller.advice.ExceptionAdvice - org.apache.catalina.core.ApplicationFilterChain.doFilter(ApplicationFilterChain.java:166)
2023-10-09 16:27:07.779 [http-nio-8080-exec-3] ERROR [,] c.b.s.controller.advice.ExceptionAdvice - org.springframework.web.filter.CorsFilter.doFilterInternal(CorsFilter.java:92)
2023-10-09 16:27:07.779 [http-nio-8080-exec-3] ERROR [,] c.b.s.controller.advice.ExceptionAdvice - org.springframework.web.filter.OncePerRequestFilter.doFilter(OncePerRequestFilter.java:119)
2023-10-09 16:27:07.779 [http-nio-8080-exec-3] ERROR [,] c.b.s.controller.advice.ExceptionAdvice - org.apache.catalina.core.ApplicationFilterChain.internalDoFilter(ApplicationFilterChain.java:193)
2023-10-09 16:27:07.779 [http-nio-8080-exec-3] ERROR [,] c.b.s.controller.advice.ExceptionAdvice - org.apache.catalina.core.ApplicationFilterChain.doFilter(ApplicationFilterChain.java:166)
2023-10-09 16:27:07.779 [http-nio-8080-exec-3] ERROR [,] c.b.s.controller.advice.ExceptionAdvice - org.springframework.web.filter.RequestContextFilter.doFilterInternal(RequestContextFilter.java:100)
2023-10-09 16:27:07.779 [http-nio-8080-exec-3] ERROR [,] c.b.s.controller.advice.ExceptionAdvice - org.springframework.web.filter.OncePerRequestFilter.doFilter(OncePerRequestFilter.java:119)
2023-10-09 16:27:07.779 [http-nio-8080-exec-3] ERROR [,] c.b.s.controller.advice.ExceptionAdvice - org.apache.catalina.core.ApplicationFilterChain.internalDoFilter(ApplicationFilterChain.java:193)
2023-10-09 16:27:07.779 [http-nio-8080-exec-3] ERROR [,] c.b.s.controller.advice.ExceptionAdvice - org.apache.catalina.core.ApplicationFilterChain.doFilter(ApplicationFilterChain.java:166)
2023-10-09 16:27:07.779 [http-nio-8080-exec-3] ERROR [,] c.b.s.controller.advice.ExceptionAdvice - org.springframework.web.filter.FormContentFilter.doFilterInternal(FormContentFilter.java:93)
2023-10-09 16:27:07.780 [http-nio-8080-exec-3] ERROR [,] c.b.s.controller.advice.ExceptionAdvice - org.springframework.web.filter.OncePerRequestFilter.doFilter(OncePerRequestFilter.java:119)
2023-10-09 16:27:07.780 [http-nio-8080-exec-3] ERROR [,] c.b.s.controller.advice.ExceptionAdvice - org.apache.catalina.core.ApplicationFilterChain.internalDoFilter(ApplicationFilterChain.java:193)
2023-10-09 16:27:07.780 [http-nio-8080-exec-3] ERROR [,] c.b.s.controller.advice.ExceptionAdvice - org.apache.catalina.core.ApplicationFilterChain.doFilter(ApplicationFilterChain.java:166)
2023-10-09 16:27:07.780 [http-nio-8080-exec-3] ERROR [,] c.b.s.controller.advice.ExceptionAdvice - org.springframework.web.filter.CharacterEncodingFilter.doFilterInternal(CharacterEncodingFilter.java:201)
2023-10-09 16:27:07.780 [http-nio-8080-exec-3] ERROR [,] c.b.s.controller.advice.ExceptionAdvice - org.springframework.web.filter.OncePerRequestFilter.doFilter(OncePerRequestFilter.java:119)
2023-10-09 16:27:07.780 [http-nio-8080-exec-3] ERROR [,] c.b.s.controller.advice.ExceptionAdvice - org.apache.catalina.core.ApplicationFilterChain.internalDoFilter(ApplicationFilterChain.java:193)
2023-10-09 16:27:07.780 [http-nio-8080-exec-3] ERROR [,] c.b.s.controller.advice.ExceptionAdvice - org.apache.catalina.core.ApplicationFilterChain.doFilter(ApplicationFilterChain.java:166)
2023-10-09 16:27:07.780 [http-nio-8080-exec-3] ERROR [,] c.b.s.controller.advice.ExceptionAdvice - org.apache.catalina.core.StandardWrapperValve.invoke(StandardWrapperValve.java:202)
2023-10-09 16:27:07.780 [http-nio-8080-exec-3] ERROR [,] c.b.s.controller.advice.ExceptionAdvice - org.apache.catalina.core.StandardContextValve.invoke(StandardContextValve.java:97)
2023-10-09 16:27:07.780 [http-nio-8080-exec-3] ERROR [,] c.b.s.controller.advice.ExceptionAdvice - org.apache.catalina.authenticator.AuthenticatorBase.invoke(AuthenticatorBase.java:542)
2023-10-09 16:27:07.780 [http-nio-8080-exec-3] ERROR [,] c.b.s.controller.advice.ExceptionAdvice - org.apache.catalina.core.StandardHostValve.invoke(StandardHostValve.java:143)
2023-10-09 16:27:07.780 [http-nio-8080-exec-3] ERROR [,] c.b.s.controller.advice.ExceptionAdvice - org.apache.catalina.valves.ErrorReportValve.invoke(ErrorReportValve.java:92)
2023-10-09 16:27:07.780 [http-nio-8080-exec-3] ERROR [,] c.b.s.controller.advice.ExceptionAdvice - org.apache.catalina.core.StandardEngineValve.invoke(StandardEngineValve.java:78)
2023-10-09 16:27:07.780 [http-nio-8080-exec-3] ERROR [,] c.b.s.controller.advice.ExceptionAdvice - org.apache.catalina.connector.CoyoteAdapter.service(CoyoteAdapter.java:343)
2023-10-09 16:27:07.780 [http-nio-8080-exec-3] ERROR [,] c.b.s.controller.advice.ExceptionAdvice - org.apache.coyote.http11.Http11Processor.service(Http11Processor.java:374)
2023-10-09 16:27:07.780 [http-nio-8080-exec-3] ERROR [,] c.b.s.controller.advice.ExceptionAdvice - org.apache.coyote.AbstractProcessorLight.process(AbstractProcessorLight.java:65)
2023-10-09 16:27:07.780 [http-nio-8080-exec-3] ERROR [,] c.b.s.controller.advice.ExceptionAdvice - org.apache.coyote.AbstractProtocol$ConnectionHandler.process(AbstractProtocol.java:888)
2023-10-09 16:27:07.780 [http-nio-8080-exec-3] ERROR [,] c.b.s.controller.advice.ExceptionAdvice - org.apache.tomcat.util.net.NioEndpoint$SocketProcessor.doRun(NioEndpoint.java:1597)
2023-10-09 16:27:07.781 [http-nio-8080-exec-3] ERROR [,] c.b.s.controller.advice.ExceptionAdvice - org.apache.tomcat.util.net.SocketProcessorBase.run(SocketProcessorBase.java:49)
2023-10-09 16:27:07.781 [http-nio-8080-exec-3] ERROR [,] c.b.s.controller.advice.ExceptionAdvice - java.util.concurrent.ThreadPoolExecutor.runWorker(ThreadPoolExecutor.java:1149)
2023-10-09 16:27:07.781 [http-nio-8080-exec-3] ERROR [,] c.b.s.controller.advice.ExceptionAdvice - java.util.concurrent.ThreadPoolExecutor$Worker.run(ThreadPoolExecutor.java:624)
2023-10-09 16:27:07.781 [http-nio-8080-exec-3] ERROR [,] c.b.s.controller.advice.ExceptionAdvice - org.apache.tomcat.util.threads.TaskThread$WrappingRunnable.run(TaskThread.java:61)
2023-10-09 16:27:07.781 [http-nio-8080-exec-3] ERROR [,] c.b.s.controller.advice.ExceptionAdvice - java.lang.Thread.run(Thread.java:750)
2023-10-09 16:29:34.811 [http-nio-8080-exec-7] ERROR [,] c.b.s.controller.advice.ExceptionAdvice - 服务器发生异常：
### Error querying database.  Cause: java.sql.SQLSyntaxErrorException: Unknown column 'FIM_user_phone' in 'field list'
### The error may exist in com/benewake/saleordersystem/mapper/UserMapper.java (best guess)
### The error may involve defaultParameterMap
### The error occurred while setting parameters
### SQL: SELECT  FIM_user_id AS id,FIM_user_name AS username,FIM_user_password AS password,FIM_coding AS salt,FIM_user_type AS userType,FIM_collection_func AS userConllection,FIM_user_YC AS ycvalue,FIM_user_XD AS xdvalue,FIM_user_PR AS prvalue,FIM_user_phone AS userphone,FIM_user_mail AS usermail  FROM fim_users_table     WHERE (FIM_user_name = ?)
### Cause: java.sql.SQLSyntaxErrorException: Unknown column 'FIM_user_phone' in 'field list'
; bad SQL grammar []; nested exception is java.sql.SQLSyntaxErrorException: Unknown column 'FIM_user_phone' in 'field list'
2023-10-09 16:29:34.812 [http-nio-8080-exec-7] ERROR [,] c.b.s.controller.advice.ExceptionAdvice - org.springframework.jdbc.support.SQLErrorCodeSQLExceptionTranslator.doTranslate(SQLErrorCodeSQLExceptionTranslator.java:239)
2023-10-09 16:29:34.812 [http-nio-8080-exec-7] ERROR [,] c.b.s.controller.advice.ExceptionAdvice - org.springframework.jdbc.support.AbstractFallbackSQLExceptionTranslator.translate(AbstractFallbackSQLExceptionTranslator.java:72)
2023-10-09 16:29:34.812 [http-nio-8080-exec-7] ERROR [,] c.b.s.controller.advice.ExceptionAdvice - org.mybatis.spring.MyBatisExceptionTranslator.translateExceptionIfPossible(MyBatisExceptionTranslator.java:91)
2023-10-09 16:29:34.812 [http-nio-8080-exec-7] ERROR [,] c.b.s.controller.advice.ExceptionAdvice - org.mybatis.spring.SqlSessionTemplate$SqlSessionInterceptor.invoke(SqlSessionTemplate.java:441)
2023-10-09 16:29:34.812 [http-nio-8080-exec-7] ERROR [,] c.b.s.controller.advice.ExceptionAdvice - com.sun.proxy.$Proxy85.selectList(Unknown Source)
2023-10-09 16:29:34.812 [http-nio-8080-exec-7] ERROR [,] c.b.s.controller.advice.ExceptionAdvice - org.mybatis.spring.SqlSessionTemplate.selectList(SqlSessionTemplate.java:224)
2023-10-09 16:29:34.812 [http-nio-8080-exec-7] ERROR [,] c.b.s.controller.advice.ExceptionAdvice - com.baomidou.mybatisplus.core.override.MybatisMapperMethod.executeForMany(MybatisMapperMethod.java:166)
2023-10-09 16:29:34.812 [http-nio-8080-exec-7] ERROR [,] c.b.s.controller.advice.ExceptionAdvice - com.baomidou.mybatisplus.core.override.MybatisMapperMethod.execute(MybatisMapperMethod.java:77)
2023-10-09 16:29:34.812 [http-nio-8080-exec-7] ERROR [,] c.b.s.controller.advice.ExceptionAdvice - com.baomidou.mybatisplus.core.override.MybatisMapperProxy$PlainMethodInvoker.invoke(MybatisMapperProxy.java:148)
2023-10-09 16:29:34.812 [http-nio-8080-exec-7] ERROR [,] c.b.s.controller.advice.ExceptionAdvice - com.baomidou.mybatisplus.core.override.MybatisMapperProxy.invoke(MybatisMapperProxy.java:89)
2023-10-09 16:29:34.812 [http-nio-8080-exec-7] ERROR [,] c.b.s.controller.advice.ExceptionAdvice - com.sun.proxy.$Proxy94.selectList(Unknown Source)
2023-10-09 16:29:34.812 [http-nio-8080-exec-7] ERROR [,] c.b.s.controller.advice.ExceptionAdvice - com.baomidou.mybatisplus.core.mapper.BaseMapper.selectOne(BaseMapper.java:172)
2023-10-09 16:29:34.812 [http-nio-8080-exec-7] ERROR [,] c.b.s.controller.advice.ExceptionAdvice - java.lang.invoke.MethodHandle.invokeWithArguments(MethodHandle.java:627)
2023-10-09 16:29:34.812 [http-nio-8080-exec-7] ERROR [,] c.b.s.controller.advice.ExceptionAdvice - com.baomidou.mybatisplus.core.override.MybatisMapperProxy$DefaultMethodInvoker.invoke(MybatisMapperProxy.java:162)
2023-10-09 16:29:34.812 [http-nio-8080-exec-7] ERROR [,] c.b.s.controller.advice.ExceptionAdvice - com.baomidou.mybatisplus.core.override.MybatisMapperProxy.invoke(MybatisMapperProxy.java:89)
2023-10-09 16:29:34.812 [http-nio-8080-exec-7] ERROR [,] c.b.s.controller.advice.ExceptionAdvice - com.sun.proxy.$Proxy94.selectOne(Unknown Source)
2023-10-09 16:29:34.812 [http-nio-8080-exec-7] ERROR [,] c.b.s.controller.advice.ExceptionAdvice - com.benewake.saleordersystem.service.impl.UserServiceImpl.login(UserServiceImpl.java:93)
2023-10-09 16:29:34.812 [http-nio-8080-exec-7] ERROR [,] c.b.s.controller.advice.ExceptionAdvice - com.benewake.saleordersystem.controller.HomeController.login(HomeController.java:53)
2023-10-09 16:29:34.812 [http-nio-8080-exec-7] ERROR [,] c.b.s.controller.advice.ExceptionAdvice - com.benewake.saleordersystem.controller.HomeController$$FastClassBySpringCGLIB$$54548472.invoke(<generated>)
2023-10-09 16:29:34.812 [http-nio-8080-exec-7] ERROR [,] c.b.s.controller.advice.ExceptionAdvice - org.springframework.cglib.proxy.MethodProxy.invoke(MethodProxy.java:218)
2023-10-09 16:29:34.812 [http-nio-8080-exec-7] ERROR [,] c.b.s.controller.advice.ExceptionAdvice - org.springframework.aop.framework.CglibAopProxy$CglibMethodInvocation.invokeJoinpoint(CglibAopProxy.java:771)
2023-10-09 16:29:34.812 [http-nio-8080-exec-7] ERROR [,] c.b.s.controller.advice.ExceptionAdvice - org.springframework.aop.framework.ReflectiveMethodInvocation.proceed(ReflectiveMethodInvocation.java:163)
2023-10-09 16:29:34.812 [http-nio-8080-exec-7] ERROR [,] c.b.s.controller.advice.ExceptionAdvice - org.springframework.aop.framework.CglibAopProxy$CglibMethodInvocation.proceed(CglibAopProxy.java:749)
2023-10-09 16:29:34.812 [http-nio-8080-exec-7] ERROR [,] c.b.s.controller.advice.ExceptionAdvice - org.springframework.aop.aspectj.MethodInvocationProceedingJoinPoint.proceed(MethodInvocationProceedingJoinPoint.java:88)
2023-10-09 16:29:34.812 [http-nio-8080-exec-7] ERROR [,] c.b.s.controller.advice.ExceptionAdvice - com.benewake.saleordersystem.aspect.LogAspect.before(LogAspect.java:83)
2023-10-09 16:29:34.812 [http-nio-8080-exec-7] ERROR [,] c.b.s.controller.advice.ExceptionAdvice - sun.reflect.NativeMethodAccessorImpl.invoke0(Native Method)
2023-10-09 16:29:34.812 [http-nio-8080-exec-7] ERROR [,] c.b.s.controller.advice.ExceptionAdvice - sun.reflect.NativeMethodAccessorImpl.invoke(NativeMethodAccessorImpl.java:62)
2023-10-09 16:29:34.812 [http-nio-8080-exec-7] ERROR [,] c.b.s.controller.advice.ExceptionAdvice - sun.reflect.DelegatingMethodAccessorImpl.invoke(DelegatingMethodAccessorImpl.java:43)
2023-10-09 16:29:34.812 [http-nio-8080-exec-7] ERROR [,] c.b.s.controller.advice.ExceptionAdvice - java.lang.reflect.Method.invoke(Method.java:498)
2023-10-09 16:29:34.812 [http-nio-8080-exec-7] ERROR [,] c.b.s.controller.advice.ExceptionAdvice - org.springframework.aop.aspectj.AbstractAspectJAdvice.invokeAdviceMethodWithGivenArgs(AbstractAspectJAdvice.java:644)
2023-10-09 16:29:34.812 [http-nio-8080-exec-7] ERROR [,] c.b.s.controller.advice.ExceptionAdvice - org.springframework.aop.aspectj.AbstractAspectJAdvice.invokeAdviceMethod(AbstractAspectJAdvice.java:633)
2023-10-09 16:29:34.812 [http-nio-8080-exec-7] ERROR [,] c.b.s.controller.advice.ExceptionAdvice - org.springframework.aop.aspectj.AspectJAroundAdvice.invoke(AspectJAroundAdvice.java:70)
2023-10-09 16:29:34.812 [http-nio-8080-exec-7] ERROR [,] c.b.s.controller.advice.ExceptionAdvice - org.springframework.aop.framework.ReflectiveMethodInvocation.proceed(ReflectiveMethodInvocation.java:186)
2023-10-09 16:29:34.813 [http-nio-8080-exec-7] ERROR [,] c.b.s.controller.advice.ExceptionAdvice - org.springframework.aop.framework.CglibAopProxy$CglibMethodInvocation.proceed(CglibAopProxy.java:749)
2023-10-09 16:29:34.813 [http-nio-8080-exec-7] ERROR [,] c.b.s.controller.advice.ExceptionAdvice - org.springframework.aop.interceptor.ExposeInvocationInterceptor.invoke(ExposeInvocationInterceptor.java:95)
2023-10-09 16:29:34.813 [http-nio-8080-exec-7] ERROR [,] c.b.s.controller.advice.ExceptionAdvice - org.springframework.aop.framework.ReflectiveMethodInvocation.proceed(ReflectiveMethodInvocation.java:186)
2023-10-09 16:29:34.813 [http-nio-8080-exec-7] ERROR [,] c.b.s.controller.advice.ExceptionAdvice - org.springframework.aop.framework.CglibAopProxy$CglibMethodInvocation.proceed(CglibAopProxy.java:749)
2023-10-09 16:29:34.813 [http-nio-8080-exec-7] ERROR [,] c.b.s.controller.advice.ExceptionAdvice - org.springframework.aop.framework.CglibAopProxy$DynamicAdvisedInterceptor.intercept(CglibAopProxy.java:691)
2023-10-09 16:29:34.813 [http-nio-8080-exec-7] ERROR [,] c.b.s.controller.advice.ExceptionAdvice - com.benewake.saleordersystem.controller.HomeController$$EnhancerBySpringCGLIB$$5c4355ba.login(<generated>)
2023-10-09 16:29:34.813 [http-nio-8080-exec-7] ERROR [,] c.b.s.controller.advice.ExceptionAdvice - sun.reflect.NativeMethodAccessorImpl.invoke0(Native Method)
2023-10-09 16:29:34.813 [http-nio-8080-exec-7] ERROR [,] c.b.s.controller.advice.ExceptionAdvice - sun.reflect.NativeMethodAccessorImpl.invoke(NativeMethodAccessorImpl.java:62)
2023-10-09 16:29:34.813 [http-nio-8080-exec-7] ERROR [,] c.b.s.controller.advice.ExceptionAdvice - sun.reflect.DelegatingMethodAccessorImpl.invoke(DelegatingMethodAccessorImpl.java:43)
2023-10-09 16:29:34.813 [http-nio-8080-exec-7] ERROR [,] c.b.s.controller.advice.ExceptionAdvice - java.lang.reflect.Method.invoke(Method.java:498)
2023-10-09 16:29:34.813 [http-nio-8080-exec-7] ERROR [,] c.b.s.controller.advice.ExceptionAdvice - org.springframework.web.method.support.InvocableHandlerMethod.doInvoke(InvocableHandlerMethod.java:190)
2023-10-09 16:29:34.813 [http-nio-8080-exec-7] ERROR [,] c.b.s.controller.advice.ExceptionAdvice - org.springframework.web.method.support.InvocableHandlerMethod.invokeForRequest(InvocableHandlerMethod.java:138)
2023-10-09 16:29:34.813 [http-nio-8080-exec-7] ERROR [,] c.b.s.controller.advice.ExceptionAdvice - org.springframework.web.servlet.mvc.method.annotation.ServletInvocableHandlerMethod.invokeAndHandle(ServletInvocableHandlerMethod.java:105)
2023-10-09 16:29:34.813 [http-nio-8080-exec-7] ERROR [,] c.b.s.controller.advice.ExceptionAdvice - org.springframework.web.servlet.mvc.method.annotation.RequestMappingHandlerAdapter.invokeHandlerMethod(RequestMappingHandlerAdapter.java:878)
2023-10-09 16:29:34.813 [http-nio-8080-exec-7] ERROR [,] c.b.s.controller.advice.ExceptionAdvice - org.springframework.web.servlet.mvc.method.annotation.RequestMappingHandlerAdapter.handleInternal(RequestMappingHandlerAdapter.java:792)
2023-10-09 16:29:34.813 [http-nio-8080-exec-7] ERROR [,] c.b.s.controller.advice.ExceptionAdvice - org.springframework.web.servlet.mvc.method.AbstractHandlerMethodAdapter.handle(AbstractHandlerMethodAdapter.java:87)
2023-10-09 16:29:34.813 [http-nio-8080-exec-7] ERROR [,] c.b.s.controller.advice.ExceptionAdvice - org.springframework.web.servlet.DispatcherServlet.doDispatch(DispatcherServlet.java:1040)
2023-10-09 16:29:34.813 [http-nio-8080-exec-7] ERROR [,] c.b.s.controller.advice.ExceptionAdvice - org.springframework.web.servlet.DispatcherServlet.doService(DispatcherServlet.java:943)
2023-10-09 16:29:34.813 [http-nio-8080-exec-7] ERROR [,] c.b.s.controller.advice.ExceptionAdvice - org.springframework.web.servlet.FrameworkServlet.processRequest(FrameworkServlet.java:1006)
2023-10-09 16:29:34.813 [http-nio-8080-exec-7] ERROR [,] c.b.s.controller.advice.ExceptionAdvice - org.springframework.web.servlet.FrameworkServlet.doPost(FrameworkServlet.java:909)
2023-10-09 16:29:34.813 [http-nio-8080-exec-7] ERROR [,] c.b.s.controller.advice.ExceptionAdvice - javax.servlet.http.HttpServlet.service(HttpServlet.java:652)
2023-10-09 16:29:34.813 [http-nio-8080-exec-7] ERROR [,] c.b.s.controller.advice.ExceptionAdvice - org.springframework.web.servlet.FrameworkServlet.service(FrameworkServlet.java:883)
2023-10-09 16:29:34.813 [http-nio-8080-exec-7] ERROR [,] c.b.s.controller.advice.ExceptionAdvice - javax.servlet.http.HttpServlet.service(HttpServlet.java:733)
2023-10-09 16:29:34.813 [http-nio-8080-exec-7] ERROR [,] c.b.s.controller.advice.ExceptionAdvice - org.apache.catalina.core.ApplicationFilterChain.internalDoFilter(ApplicationFilterChain.java:231)
2023-10-09 16:29:34.813 [http-nio-8080-exec-7] ERROR [,] c.b.s.controller.advice.ExceptionAdvice - org.apache.catalina.core.ApplicationFilterChain.doFilter(ApplicationFilterChain.java:166)
2023-10-09 16:29:34.813 [http-nio-8080-exec-7] ERROR [,] c.b.s.controller.advice.ExceptionAdvice - org.apache.tomcat.websocket.server.WsFilter.doFilter(WsFilter.java:53)
2023-10-09 16:29:34.813 [http-nio-8080-exec-7] ERROR [,] c.b.s.controller.advice.ExceptionAdvice - org.apache.catalina.core.ApplicationFilterChain.internalDoFilter(ApplicationFilterChain.java:193)
2023-10-09 16:29:34.813 [http-nio-8080-exec-7] ERROR [,] c.b.s.controller.advice.ExceptionAdvice - org.apache.catalina.core.ApplicationFilterChain.doFilter(ApplicationFilterChain.java:166)
2023-10-09 16:29:34.813 [http-nio-8080-exec-7] ERROR [,] c.b.s.controller.advice.ExceptionAdvice - org.springframework.web.filter.CorsFilter.doFilterInternal(CorsFilter.java:92)
2023-10-09 16:29:34.813 [http-nio-8080-exec-7] ERROR [,] c.b.s.controller.advice.ExceptionAdvice - org.springframework.web.filter.OncePerRequestFilter.doFilter(OncePerRequestFilter.java:119)
2023-10-09 16:29:34.813 [http-nio-8080-exec-7] ERROR [,] c.b.s.controller.advice.ExceptionAdvice - org.apache.catalina.core.ApplicationFilterChain.internalDoFilter(ApplicationFilterChain.java:193)
2023-10-09 16:29:34.813 [http-nio-8080-exec-7] ERROR [,] c.b.s.controller.advice.ExceptionAdvice - org.apache.catalina.core.ApplicationFilterChain.doFilter(ApplicationFilterChain.java:166)
2023-10-09 16:29:34.813 [http-nio-8080-exec-7] ERROR [,] c.b.s.controller.advice.ExceptionAdvice - org.springframework.web.filter.RequestContextFilter.doFilterInternal(RequestContextFilter.java:100)
2023-10-09 16:29:34.813 [http-nio-8080-exec-7] ERROR [,] c.b.s.controller.advice.ExceptionAdvice - org.springframework.web.filter.OncePerRequestFilter.doFilter(OncePerRequestFilter.java:119)
2023-10-09 16:29:34.813 [http-nio-8080-exec-7] ERROR [,] c.b.s.controller.advice.ExceptionAdvice - org.apache.catalina.core.ApplicationFilterChain.internalDoFilter(ApplicationFilterChain.java:193)
2023-10-09 16:29:34.813 [http-nio-8080-exec-7] ERROR [,] c.b.s.controller.advice.ExceptionAdvice - org.apache.catalina.core.ApplicationFilterChain.doFilter(ApplicationFilterChain.java:166)
2023-10-09 16:29:34.813 [http-nio-8080-exec-7] ERROR [,] c.b.s.controller.advice.ExceptionAdvice - org.springframework.web.filter.FormContentFilter.doFilterInternal(FormContentFilter.java:93)
2023-10-09 16:29:34.813 [http-nio-8080-exec-7] ERROR [,] c.b.s.controller.advice.ExceptionAdvice - org.springframework.web.filter.OncePerRequestFilter.doFilter(OncePerRequestFilter.java:119)
2023-10-09 16:29:34.814 [http-nio-8080-exec-7] ERROR [,] c.b.s.controller.advice.ExceptionAdvice - org.apache.catalina.core.ApplicationFilterChain.internalDoFilter(ApplicationFilterChain.java:193)
2023-10-09 16:29:34.814 [http-nio-8080-exec-7] ERROR [,] c.b.s.controller.advice.ExceptionAdvice - org.apache.catalina.core.ApplicationFilterChain.doFilter(ApplicationFilterChain.java:166)
2023-10-09 16:29:34.814 [http-nio-8080-exec-7] ERROR [,] c.b.s.controller.advice.ExceptionAdvice - org.springframework.web.filter.CharacterEncodingFilter.doFilterInternal(CharacterEncodingFilter.java:201)
2023-10-09 16:29:34.814 [http-nio-8080-exec-7] ERROR [,] c.b.s.controller.advice.ExceptionAdvice - org.springframework.web.filter.OncePerRequestFilter.doFilter(OncePerRequestFilter.java:119)
2023-10-09 16:29:34.814 [http-nio-8080-exec-7] ERROR [,] c.b.s.controller.advice.ExceptionAdvice - org.apache.catalina.core.ApplicationFilterChain.internalDoFilter(ApplicationFilterChain.java:193)
2023-10-09 16:29:34.814 [http-nio-8080-exec-7] ERROR [,] c.b.s.controller.advice.ExceptionAdvice - org.apache.catalina.core.ApplicationFilterChain.doFilter(ApplicationFilterChain.java:166)
2023-10-09 16:29:34.814 [http-nio-8080-exec-7] ERROR [,] c.b.s.controller.advice.ExceptionAdvice - org.apache.catalina.core.StandardWrapperValve.invoke(StandardWrapperValve.java:202)
2023-10-09 16:29:34.814 [http-nio-8080-exec-7] ERROR [,] c.b.s.controller.advice.ExceptionAdvice - org.apache.catalina.core.StandardContextValve.invoke(StandardContextValve.java:97)
2023-10-09 16:29:34.814 [http-nio-8080-exec-7] ERROR [,] c.b.s.controller.advice.ExceptionAdvice - org.apache.catalina.authenticator.AuthenticatorBase.invoke(AuthenticatorBase.java:542)
2023-10-09 16:29:34.814 [http-nio-8080-exec-7] ERROR [,] c.b.s.controller.advice.ExceptionAdvice - org.apache.catalina.core.StandardHostValve.invoke(StandardHostValve.java:143)
2023-10-09 16:29:34.814 [http-nio-8080-exec-7] ERROR [,] c.b.s.controller.advice.ExceptionAdvice - org.apache.catalina.valves.ErrorReportValve.invoke(ErrorReportValve.java:92)
2023-10-09 16:29:34.814 [http-nio-8080-exec-7] ERROR [,] c.b.s.controller.advice.ExceptionAdvice - org.apache.catalina.core.StandardEngineValve.invoke(StandardEngineValve.java:78)
2023-10-09 16:29:34.814 [http-nio-8080-exec-7] ERROR [,] c.b.s.controller.advice.ExceptionAdvice - org.apache.catalina.connector.CoyoteAdapter.service(CoyoteAdapter.java:343)
2023-10-09 16:29:34.814 [http-nio-8080-exec-7] ERROR [,] c.b.s.controller.advice.ExceptionAdvice - org.apache.coyote.http11.Http11Processor.service(Http11Processor.java:374)
2023-10-09 16:29:34.814 [http-nio-8080-exec-7] ERROR [,] c.b.s.controller.advice.ExceptionAdvice - org.apache.coyote.AbstractProcessorLight.process(AbstractProcessorLight.java:65)
2023-10-09 16:29:34.814 [http-nio-8080-exec-7] ERROR [,] c.b.s.controller.advice.ExceptionAdvice - org.apache.coyote.AbstractProtocol$ConnectionHandler.process(AbstractProtocol.java:888)
2023-10-09 16:29:34.814 [http-nio-8080-exec-7] ERROR [,] c.b.s.controller.advice.ExceptionAdvice - org.apache.tomcat.util.net.NioEndpoint$SocketProcessor.doRun(NioEndpoint.java:1597)
2023-10-09 16:29:34.814 [http-nio-8080-exec-7] ERROR [,] c.b.s.controller.advice.ExceptionAdvice - org.apache.tomcat.util.net.SocketProcessorBase.run(SocketProcessorBase.java:49)
2023-10-09 16:29:34.814 [http-nio-8080-exec-7] ERROR [,] c.b.s.controller.advice.ExceptionAdvice - java.util.concurrent.ThreadPoolExecutor.runWorker(ThreadPoolExecutor.java:1149)
2023-10-09 16:29:34.814 [http-nio-8080-exec-7] ERROR [,] c.b.s.controller.advice.ExceptionAdvice - java.util.concurrent.ThreadPoolExecutor$Worker.run(ThreadPoolExecutor.java:624)
2023-10-09 16:29:34.815 [http-nio-8080-exec-7] ERROR [,] c.b.s.controller.advice.ExceptionAdvice - org.apache.tomcat.util.threads.TaskThread$WrappingRunnable.run(TaskThread.java:61)
2023-10-09 16:29:34.815 [http-nio-8080-exec-7] ERROR [,] c.b.s.controller.advice.ExceptionAdvice - java.lang.Thread.run(Thread.java:750)
2023-10-09 16:29:43.757 [http-nio-8080-exec-8] ERROR [,] c.b.s.controller.advice.ExceptionAdvice - 服务器发生异常：
### Error querying database.  Cause: java.sql.SQLSyntaxErrorException: Unknown column 'FIM_user_phone' in 'field list'
### The error may exist in com/benewake/saleordersystem/mapper/UserMapper.java (best guess)
### The error may involve defaultParameterMap
### The error occurred while setting parameters
### SQL: SELECT  FIM_user_id AS id,FIM_user_name AS username,FIM_user_password AS password,FIM_coding AS salt,FIM_user_type AS userType,FIM_collection_func AS userConllection,FIM_user_YC AS ycvalue,FIM_user_XD AS xdvalue,FIM_user_PR AS prvalue,FIM_user_phone AS userphone,FIM_user_mail AS usermail  FROM fim_users_table     WHERE (FIM_user_name = ?)
### Cause: java.sql.SQLSyntaxErrorException: Unknown column 'FIM_user_phone' in 'field list'
; bad SQL grammar []; nested exception is java.sql.SQLSyntaxErrorException: Unknown column 'FIM_user_phone' in 'field list'
2023-10-09 16:29:43.758 [http-nio-8080-exec-8] ERROR [,] c.b.s.controller.advice.ExceptionAdvice - org.springframework.jdbc.support.SQLErrorCodeSQLExceptionTranslator.doTranslate(SQLErrorCodeSQLExceptionTranslator.java:239)
2023-10-09 16:29:43.758 [http-nio-8080-exec-8] ERROR [,] c.b.s.controller.advice.ExceptionAdvice - org.springframework.jdbc.support.AbstractFallbackSQLExceptionTranslator.translate(AbstractFallbackSQLExceptionTranslator.java:72)
2023-10-09 16:29:43.758 [http-nio-8080-exec-8] ERROR [,] c.b.s.controller.advice.ExceptionAdvice - org.mybatis.spring.MyBatisExceptionTranslator.translateExceptionIfPossible(MyBatisExceptionTranslator.java:91)
2023-10-09 16:29:43.758 [http-nio-8080-exec-8] ERROR [,] c.b.s.controller.advice.ExceptionAdvice - org.mybatis.spring.SqlSessionTemplate$SqlSessionInterceptor.invoke(SqlSessionTemplate.java:441)
2023-10-09 16:29:43.758 [http-nio-8080-exec-8] ERROR [,] c.b.s.controller.advice.ExceptionAdvice - com.sun.proxy.$Proxy85.selectList(Unknown Source)
2023-10-09 16:29:43.758 [http-nio-8080-exec-8] ERROR [,] c.b.s.controller.advice.ExceptionAdvice - org.mybatis.spring.SqlSessionTemplate.selectList(SqlSessionTemplate.java:224)
2023-10-09 16:29:43.758 [http-nio-8080-exec-8] ERROR [,] c.b.s.controller.advice.ExceptionAdvice - com.baomidou.mybatisplus.core.override.MybatisMapperMethod.executeForMany(MybatisMapperMethod.java:166)
2023-10-09 16:29:43.758 [http-nio-8080-exec-8] ERROR [,] c.b.s.controller.advice.ExceptionAdvice - com.baomidou.mybatisplus.core.override.MybatisMapperMethod.execute(MybatisMapperMethod.java:77)
2023-10-09 16:29:43.758 [http-nio-8080-exec-8] ERROR [,] c.b.s.controller.advice.ExceptionAdvice - com.baomidou.mybatisplus.core.override.MybatisMapperProxy$PlainMethodInvoker.invoke(MybatisMapperProxy.java:148)
2023-10-09 16:29:43.758 [http-nio-8080-exec-8] ERROR [,] c.b.s.controller.advice.ExceptionAdvice - com.baomidou.mybatisplus.core.override.MybatisMapperProxy.invoke(MybatisMapperProxy.java:89)
2023-10-09 16:29:43.758 [http-nio-8080-exec-8] ERROR [,] c.b.s.controller.advice.ExceptionAdvice - com.sun.proxy.$Proxy94.selectList(Unknown Source)
2023-10-09 16:29:43.758 [http-nio-8080-exec-8] ERROR [,] c.b.s.controller.advice.ExceptionAdvice - com.baomidou.mybatisplus.core.mapper.BaseMapper.selectOne(BaseMapper.java:172)
2023-10-09 16:29:43.758 [http-nio-8080-exec-8] ERROR [,] c.b.s.controller.advice.ExceptionAdvice - java.lang.invoke.MethodHandle.invokeWithArguments(MethodHandle.java:627)
2023-10-09 16:29:43.758 [http-nio-8080-exec-8] ERROR [,] c.b.s.controller.advice.ExceptionAdvice - com.baomidou.mybatisplus.core.override.MybatisMapperProxy$DefaultMethodInvoker.invoke(MybatisMapperProxy.java:162)
2023-10-09 16:29:43.758 [http-nio-8080-exec-8] ERROR [,] c.b.s.controller.advice.ExceptionAdvice - com.baomidou.mybatisplus.core.override.MybatisMapperProxy.invoke(MybatisMapperProxy.java:89)
2023-10-09 16:29:43.758 [http-nio-8080-exec-8] ERROR [,] c.b.s.controller.advice.ExceptionAdvice - com.sun.proxy.$Proxy94.selectOne(Unknown Source)
2023-10-09 16:29:43.758 [http-nio-8080-exec-8] ERROR [,] c.b.s.controller.advice.ExceptionAdvice - com.benewake.saleordersystem.service.impl.UserServiceImpl.login(UserServiceImpl.java:93)
2023-10-09 16:29:43.758 [http-nio-8080-exec-8] ERROR [,] c.b.s.controller.advice.ExceptionAdvice - com.benewake.saleordersystem.controller.HomeController.login(HomeController.java:53)
2023-10-09 16:29:43.758 [http-nio-8080-exec-8] ERROR [,] c.b.s.controller.advice.ExceptionAdvice - com.benewake.saleordersystem.controller.HomeController$$FastClassBySpringCGLIB$$54548472.invoke(<generated>)
2023-10-09 16:29:43.758 [http-nio-8080-exec-8] ERROR [,] c.b.s.controller.advice.ExceptionAdvice - org.springframework.cglib.proxy.MethodProxy.invoke(MethodProxy.java:218)
2023-10-09 16:29:43.758 [http-nio-8080-exec-8] ERROR [,] c.b.s.controller.advice.ExceptionAdvice - org.springframework.aop.framework.CglibAopProxy$CglibMethodInvocation.invokeJoinpoint(CglibAopProxy.java:771)
2023-10-09 16:29:43.758 [http-nio-8080-exec-8] ERROR [,] c.b.s.controller.advice.ExceptionAdvice - org.springframework.aop.framework.ReflectiveMethodInvocation.proceed(ReflectiveMethodInvocation.java:163)
2023-10-09 16:29:43.758 [http-nio-8080-exec-8] ERROR [,] c.b.s.controller.advice.ExceptionAdvice - org.springframework.aop.framework.CglibAopProxy$CglibMethodInvocation.proceed(CglibAopProxy.java:749)
2023-10-09 16:29:43.758 [http-nio-8080-exec-8] ERROR [,] c.b.s.controller.advice.ExceptionAdvice - org.springframework.aop.aspectj.MethodInvocationProceedingJoinPoint.proceed(MethodInvocationProceedingJoinPoint.java:88)
2023-10-09 16:29:43.759 [http-nio-8080-exec-8] ERROR [,] c.b.s.controller.advice.ExceptionAdvice - com.benewake.saleordersystem.aspect.LogAspect.before(LogAspect.java:83)
2023-10-09 16:29:43.759 [http-nio-8080-exec-8] ERROR [,] c.b.s.controller.advice.ExceptionAdvice - sun.reflect.NativeMethodAccessorImpl.invoke0(Native Method)
2023-10-09 16:29:43.759 [http-nio-8080-exec-8] ERROR [,] c.b.s.controller.advice.ExceptionAdvice - sun.reflect.NativeMethodAccessorImpl.invoke(NativeMethodAccessorImpl.java:62)
2023-10-09 16:29:43.759 [http-nio-8080-exec-8] ERROR [,] c.b.s.controller.advice.ExceptionAdvice - sun.reflect.DelegatingMethodAccessorImpl.invoke(DelegatingMethodAccessorImpl.java:43)
2023-10-09 16:29:43.759 [http-nio-8080-exec-8] ERROR [,] c.b.s.controller.advice.ExceptionAdvice - java.lang.reflect.Method.invoke(Method.java:498)
2023-10-09 16:29:43.759 [http-nio-8080-exec-8] ERROR [,] c.b.s.controller.advice.ExceptionAdvice - org.springframework.aop.aspectj.AbstractAspectJAdvice.invokeAdviceMethodWithGivenArgs(AbstractAspectJAdvice.java:644)
2023-10-09 16:29:43.759 [http-nio-8080-exec-8] ERROR [,] c.b.s.controller.advice.ExceptionAdvice - org.springframework.aop.aspectj.AbstractAspectJAdvice.invokeAdviceMethod(AbstractAspectJAdvice.java:633)
2023-10-09 16:29:43.759 [http-nio-8080-exec-8] ERROR [,] c.b.s.controller.advice.ExceptionAdvice - org.springframework.aop.aspectj.AspectJAroundAdvice.invoke(AspectJAroundAdvice.java:70)
2023-10-09 16:29:43.759 [http-nio-8080-exec-8] ERROR [,] c.b.s.controller.advice.ExceptionAdvice - org.springframework.aop.framework.ReflectiveMethodInvocation.proceed(ReflectiveMethodInvocation.java:186)
2023-10-09 16:29:43.759 [http-nio-8080-exec-8] ERROR [,] c.b.s.controller.advice.ExceptionAdvice - org.springframework.aop.framework.CglibAopProxy$CglibMethodInvocation.proceed(CglibAopProxy.java:749)
2023-10-09 16:29:43.759 [http-nio-8080-exec-8] ERROR [,] c.b.s.controller.advice.ExceptionAdvice - org.springframework.aop.interceptor.ExposeInvocationInterceptor.invoke(ExposeInvocationInterceptor.java:95)
2023-10-09 16:29:43.759 [http-nio-8080-exec-8] ERROR [,] c.b.s.controller.advice.ExceptionAdvice - org.springframework.aop.framework.ReflectiveMethodInvocation.proceed(ReflectiveMethodInvocation.java:186)
2023-10-09 16:29:43.759 [http-nio-8080-exec-8] ERROR [,] c.b.s.controller.advice.ExceptionAdvice - org.springframework.aop.framework.CglibAopProxy$CglibMethodInvocation.proceed(CglibAopProxy.java:749)
2023-10-09 16:29:43.759 [http-nio-8080-exec-8] ERROR [,] c.b.s.controller.advice.ExceptionAdvice - org.springframework.aop.framework.CglibAopProxy$DynamicAdvisedInterceptor.intercept(CglibAopProxy.java:691)
2023-10-09 16:29:43.759 [http-nio-8080-exec-8] ERROR [,] c.b.s.controller.advice.ExceptionAdvice - com.benewake.saleordersystem.controller.HomeController$$EnhancerBySpringCGLIB$$5c4355ba.login(<generated>)
2023-10-09 16:29:43.759 [http-nio-8080-exec-8] ERROR [,] c.b.s.controller.advice.ExceptionAdvice - sun.reflect.NativeMethodAccessorImpl.invoke0(Native Method)
2023-10-09 16:29:43.759 [http-nio-8080-exec-8] ERROR [,] c.b.s.controller.advice.ExceptionAdvice - sun.reflect.NativeMethodAccessorImpl.invoke(NativeMethodAccessorImpl.java:62)
2023-10-09 16:29:43.759 [http-nio-8080-exec-8] ERROR [,] c.b.s.controller.advice.ExceptionAdvice - sun.reflect.DelegatingMethodAccessorImpl.invoke(DelegatingMethodAccessorImpl.java:43)
2023-10-09 16:29:43.759 [http-nio-8080-exec-8] ERROR [,] c.b.s.controller.advice.ExceptionAdvice - java.lang.reflect.Method.invoke(Method.java:498)
2023-10-09 16:29:43.759 [http-nio-8080-exec-8] ERROR [,] c.b.s.controller.advice.ExceptionAdvice - org.springframework.web.method.support.InvocableHandlerMethod.doInvoke(InvocableHandlerMethod.java:190)
2023-10-09 16:29:43.759 [http-nio-8080-exec-8] ERROR [,] c.b.s.controller.advice.ExceptionAdvice - org.springframework.web.method.support.InvocableHandlerMethod.invokeForRequest(InvocableHandlerMethod.java:138)
2023-10-09 16:29:43.759 [http-nio-8080-exec-8] ERROR [,] c.b.s.controller.advice.ExceptionAdvice - org.springframework.web.servlet.mvc.method.annotation.ServletInvocableHandlerMethod.invokeAndHandle(ServletInvocableHandlerMethod.java:105)
2023-10-09 16:29:43.759 [http-nio-8080-exec-8] ERROR [,] c.b.s.controller.advice.ExceptionAdvice - org.springframework.web.servlet.mvc.method.annotation.RequestMappingHandlerAdapter.invokeHandlerMethod(RequestMappingHandlerAdapter.java:878)
2023-10-09 16:29:43.759 [http-nio-8080-exec-8] ERROR [,] c.b.s.controller.advice.ExceptionAdvice - org.springframework.web.servlet.mvc.method.annotation.RequestMappingHandlerAdapter.handleInternal(RequestMappingHandlerAdapter.java:792)
2023-10-09 16:29:43.759 [http-nio-8080-exec-8] ERROR [,] c.b.s.controller.advice.ExceptionAdvice - org.springframework.web.servlet.mvc.method.AbstractHandlerMethodAdapter.handle(AbstractHandlerMethodAdapter.java:87)
2023-10-09 16:29:43.759 [http-nio-8080-exec-8] ERROR [,] c.b.s.controller.advice.ExceptionAdvice - org.springframework.web.servlet.DispatcherServlet.doDispatch(DispatcherServlet.java:1040)
2023-10-09 16:29:43.759 [http-nio-8080-exec-8] ERROR [,] c.b.s.controller.advice.ExceptionAdvice - org.springframework.web.servlet.DispatcherServlet.doService(DispatcherServlet.java:943)
2023-10-09 16:29:43.759 [http-nio-8080-exec-8] ERROR [,] c.b.s.controller.advice.ExceptionAdvice - org.springframework.web.servlet.FrameworkServlet.processRequest(FrameworkServlet.java:1006)
2023-10-09 16:29:43.759 [http-nio-8080-exec-8] ERROR [,] c.b.s.controller.advice.ExceptionAdvice - org.springframework.web.servlet.FrameworkServlet.doPost(FrameworkServlet.java:909)
2023-10-09 16:29:43.760 [http-nio-8080-exec-8] ERROR [,] c.b.s.controller.advice.ExceptionAdvice - javax.servlet.http.HttpServlet.service(HttpServlet.java:652)
2023-10-09 16:29:43.760 [http-nio-8080-exec-8] ERROR [,] c.b.s.controller.advice.ExceptionAdvice - org.springframework.web.servlet.FrameworkServlet.service(FrameworkServlet.java:883)
2023-10-09 16:29:43.760 [http-nio-8080-exec-8] ERROR [,] c.b.s.controller.advice.ExceptionAdvice - javax.servlet.http.HttpServlet.service(HttpServlet.java:733)
2023-10-09 16:29:43.760 [http-nio-8080-exec-8] ERROR [,] c.b.s.controller.advice.ExceptionAdvice - org.apache.catalina.core.ApplicationFilterChain.internalDoFilter(ApplicationFilterChain.java:231)
2023-10-09 16:29:43.760 [http-nio-8080-exec-8] ERROR [,] c.b.s.controller.advice.ExceptionAdvice - org.apache.catalina.core.ApplicationFilterChain.doFilter(ApplicationFilterChain.java:166)
2023-10-09 16:29:43.760 [http-nio-8080-exec-8] ERROR [,] c.b.s.controller.advice.ExceptionAdvice - org.apache.tomcat.websocket.server.WsFilter.doFilter(WsFilter.java:53)
2023-10-09 16:29:43.760 [http-nio-8080-exec-8] ERROR [,] c.b.s.controller.advice.ExceptionAdvice - org.apache.catalina.core.ApplicationFilterChain.internalDoFilter(ApplicationFilterChain.java:193)
2023-10-09 16:29:43.760 [http-nio-8080-exec-8] ERROR [,] c.b.s.controller.advice.ExceptionAdvice - org.apache.catalina.core.ApplicationFilterChain.doFilter(ApplicationFilterChain.java:166)
2023-10-09 16:29:43.760 [http-nio-8080-exec-8] ERROR [,] c.b.s.controller.advice.ExceptionAdvice - org.springframework.web.filter.CorsFilter.doFilterInternal(CorsFilter.java:92)
2023-10-09 16:29:43.760 [http-nio-8080-exec-8] ERROR [,] c.b.s.controller.advice.ExceptionAdvice - org.springframework.web.filter.OncePerRequestFilter.doFilter(OncePerRequestFilter.java:119)
2023-10-09 16:29:43.760 [http-nio-8080-exec-8] ERROR [,] c.b.s.controller.advice.ExceptionAdvice - org.apache.catalina.core.ApplicationFilterChain.internalDoFilter(ApplicationFilterChain.java:193)
2023-10-09 16:29:43.760 [http-nio-8080-exec-8] ERROR [,] c.b.s.controller.advice.ExceptionAdvice - org.apache.catalina.core.ApplicationFilterChain.doFilter(ApplicationFilterChain.java:166)
2023-10-09 16:29:43.760 [http-nio-8080-exec-8] ERROR [,] c.b.s.controller.advice.ExceptionAdvice - org.springframework.web.filter.RequestContextFilter.doFilterInternal(RequestContextFilter.java:100)
2023-10-09 16:29:43.760 [http-nio-8080-exec-8] ERROR [,] c.b.s.controller.advice.ExceptionAdvice - org.springframework.web.filter.OncePerRequestFilter.doFilter(OncePerRequestFilter.java:119)
2023-10-09 16:29:43.760 [http-nio-8080-exec-8] ERROR [,] c.b.s.controller.advice.ExceptionAdvice - org.apache.catalina.core.ApplicationFilterChain.internalDoFilter(ApplicationFilterChain.java:193)
2023-10-09 16:29:43.760 [http-nio-8080-exec-8] ERROR [,] c.b.s.controller.advice.ExceptionAdvice - org.apache.catalina.core.ApplicationFilterChain.doFilter(ApplicationFilterChain.java:166)
2023-10-09 16:29:43.760 [http-nio-8080-exec-8] ERROR [,] c.b.s.controller.advice.ExceptionAdvice - org.springframework.web.filter.FormContentFilter.doFilterInternal(FormContentFilter.java:93)
2023-10-09 16:29:43.760 [http-nio-8080-exec-8] ERROR [,] c.b.s.controller.advice.ExceptionAdvice - org.springframework.web.filter.OncePerRequestFilter.doFilter(OncePerRequestFilter.java:119)
2023-10-09 16:29:43.760 [http-nio-8080-exec-8] ERROR [,] c.b.s.controller.advice.ExceptionAdvice - org.apache.catalina.core.ApplicationFilterChain.internalDoFilter(ApplicationFilterChain.java:193)
2023-10-09 16:29:43.760 [http-nio-8080-exec-8] ERROR [,] c.b.s.controller.advice.ExceptionAdvice - org.apache.catalina.core.ApplicationFilterChain.doFilter(ApplicationFilterChain.java:166)
2023-10-09 16:29:43.760 [http-nio-8080-exec-8] ERROR [,] c.b.s.controller.advice.ExceptionAdvice - org.springframework.web.filter.CharacterEncodingFilter.doFilterInternal(CharacterEncodingFilter.java:201)
2023-10-09 16:29:43.760 [http-nio-8080-exec-8] ERROR [,] c.b.s.controller.advice.ExceptionAdvice - org.springframework.web.filter.OncePerRequestFilter.doFilter(OncePerRequestFilter.java:119)
2023-10-09 16:29:43.760 [http-nio-8080-exec-8] ERROR [,] c.b.s.controller.advice.ExceptionAdvice - org.apache.catalina.core.ApplicationFilterChain.internalDoFilter(ApplicationFilterChain.java:193)
2023-10-09 16:29:43.760 [http-nio-8080-exec-8] ERROR [,] c.b.s.controller.advice.ExceptionAdvice - org.apache.catalina.core.ApplicationFilterChain.doFilter(ApplicationFilterChain.java:166)
2023-10-09 16:29:43.760 [http-nio-8080-exec-8] ERROR [,] c.b.s.controller.advice.ExceptionAdvice - org.apache.catalina.core.StandardWrapperValve.invoke(StandardWrapperValve.java:202)
2023-10-09 16:29:43.760 [http-nio-8080-exec-8] ERROR [,] c.b.s.controller.advice.ExceptionAdvice - org.apache.catalina.core.StandardContextValve.invoke(StandardContextValve.java:97)
2023-10-09 16:29:43.760 [http-nio-8080-exec-8] ERROR [,] c.b.s.controller.advice.ExceptionAdvice - org.apache.catalina.authenticator.AuthenticatorBase.invoke(AuthenticatorBase.java:542)
2023-10-09 16:29:43.760 [http-nio-8080-exec-8] ERROR [,] c.b.s.controller.advice.ExceptionAdvice - org.apache.catalina.core.StandardHostValve.invoke(StandardHostValve.java:143)
2023-10-09 16:29:43.760 [http-nio-8080-exec-8] ERROR [,] c.b.s.controller.advice.ExceptionAdvice - org.apache.catalina.valves.ErrorReportValve.invoke(ErrorReportValve.java:92)
2023-10-09 16:29:43.760 [http-nio-8080-exec-8] ERROR [,] c.b.s.controller.advice.ExceptionAdvice - org.apache.catalina.core.StandardEngineValve.invoke(StandardEngineValve.java:78)
2023-10-09 16:29:43.760 [http-nio-8080-exec-8] ERROR [,] c.b.s.controller.advice.ExceptionAdvice - org.apache.catalina.connector.CoyoteAdapter.service(CoyoteAdapter.java:343)
2023-10-09 16:29:43.760 [http-nio-8080-exec-8] ERROR [,] c.b.s.controller.advice.ExceptionAdvice - org.apache.coyote.http11.Http11Processor.service(Http11Processor.java:374)
2023-10-09 16:29:43.760 [http-nio-8080-exec-8] ERROR [,] c.b.s.controller.advice.ExceptionAdvice - org.apache.coyote.AbstractProcessorLight.process(AbstractProcessorLight.java:65)
2023-10-09 16:29:43.760 [http-nio-8080-exec-8] ERROR [,] c.b.s.controller.advice.ExceptionAdvice - org.apache.coyote.AbstractProtocol$ConnectionHandler.process(AbstractProtocol.java:888)
2023-10-09 16:29:43.760 [http-nio-8080-exec-8] ERROR [,] c.b.s.controller.advice.ExceptionAdvice - org.apache.tomcat.util.net.NioEndpoint$SocketProcessor.doRun(NioEndpoint.java:1597)
2023-10-09 16:29:43.760 [http-nio-8080-exec-8] ERROR [,] c.b.s.controller.advice.ExceptionAdvice - org.apache.tomcat.util.net.SocketProcessorBase.run(SocketProcessorBase.java:49)
2023-10-09 16:29:43.760 [http-nio-8080-exec-8] ERROR [,] c.b.s.controller.advice.ExceptionAdvice - java.util.concurrent.ThreadPoolExecutor.runWorker(ThreadPoolExecutor.java:1149)
2023-10-09 16:29:43.760 [http-nio-8080-exec-8] ERROR [,] c.b.s.controller.advice.ExceptionAdvice - java.util.concurrent.ThreadPoolExecutor$Worker.run(ThreadPoolExecutor.java:624)
2023-10-09 16:29:43.760 [http-nio-8080-exec-8] ERROR [,] c.b.s.controller.advice.ExceptionAdvice - org.apache.tomcat.util.threads.TaskThread$WrappingRunnable.run(TaskThread.java:61)
2023-10-09 16:29:43.761 [http-nio-8080-exec-8] ERROR [,] c.b.s.controller.advice.ExceptionAdvice - java.lang.Thread.run(Thread.java:750)
2023-10-09 18:12:40.938 [http-nio-8080-exec-7] ERROR [,] c.b.s.controller.advice.ExceptionAdvice - 服务器发生异常：JSON parse error: Illegal unquoted character ((CTRL-CHAR, code 13)): has to be escaped using backslash to be included in string value; nested exception is com.fasterxml.jackson.databind.JsonMappingException: Illegal unquoted character ((CTRL-CHAR, code 13)): has to be escaped using backslash to be included in string value
 at [Source: (PushbackInputStream); line: 3, column: 38] (through reference chain: com.benewake.saleordersystem.entity.User["password"])
2023-10-09 18:12:40.957 [http-nio-8080-exec-7] ERROR [,] c.b.s.controller.advice.ExceptionAdvice - org.springframework.http.converter.json.AbstractJackson2HttpMessageConverter.readJavaType(AbstractJackson2HttpMessageConverter.java:285)
2023-10-09 18:12:40.957 [http-nio-8080-exec-7] ERROR [,] c.b.s.controller.advice.ExceptionAdvice - org.springframework.http.converter.json.AbstractJackson2HttpMessageConverter.read(AbstractJackson2HttpMessageConverter.java:243)
2023-10-09 18:12:40.957 [http-nio-8080-exec-7] ERROR [,] c.b.s.controller.advice.ExceptionAdvice - org.springframework.web.servlet.mvc.method.annotation.AbstractMessageConverterMethodArgumentResolver.readWithMessageConverters(AbstractMessageConverterMethodArgumentResolver.java:205)
2023-10-09 18:12:40.957 [http-nio-8080-exec-7] ERROR [,] c.b.s.controller.advice.ExceptionAdvice - org.springframework.web.servlet.mvc.method.annotation.RequestResponseBodyMethodProcessor.readWithMessageConverters(RequestResponseBodyMethodProcessor.java:158)
2023-10-09 18:12:40.957 [http-nio-8080-exec-7] ERROR [,] c.b.s.controller.advice.ExceptionAdvice - org.springframework.web.servlet.mvc.method.annotation.RequestResponseBodyMethodProcessor.resolveArgument(RequestResponseBodyMethodProcessor.java:131)
2023-10-09 18:12:40.957 [http-nio-8080-exec-7] ERROR [,] c.b.s.controller.advice.ExceptionAdvice - org.springframework.web.method.support.HandlerMethodArgumentResolverComposite.resolveArgument(HandlerMethodArgumentResolverComposite.java:121)
2023-10-09 18:12:40.957 [http-nio-8080-exec-7] ERROR [,] c.b.s.controller.advice.ExceptionAdvice - org.springframework.web.method.support.InvocableHandlerMethod.getMethodArgumentValues(InvocableHandlerMethod.java:167)
2023-10-09 18:12:40.958 [http-nio-8080-exec-7] ERROR [,] c.b.s.controller.advice.ExceptionAdvice - org.springframework.web.method.support.InvocableHandlerMethod.invokeForRequest(InvocableHandlerMethod.java:134)
2023-10-09 18:12:40.958 [http-nio-8080-exec-7] ERROR [,] c.b.s.controller.advice.ExceptionAdvice - org.springframework.web.servlet.mvc.method.annotation.ServletInvocableHandlerMethod.invokeAndHandle(ServletInvocableHandlerMethod.java:105)
2023-10-09 18:12:40.958 [http-nio-8080-exec-7] ERROR [,] c.b.s.controller.advice.ExceptionAdvice - org.springframework.web.servlet.mvc.method.annotation.RequestMappingHandlerAdapter.invokeHandlerMethod(RequestMappingHandlerAdapter.java:878)
2023-10-09 18:12:40.958 [http-nio-8080-exec-7] ERROR [,] c.b.s.controller.advice.ExceptionAdvice - org.springframework.web.servlet.mvc.method.annotation.RequestMappingHandlerAdapter.handleInternal(RequestMappingHandlerAdapter.java:792)
2023-10-09 18:12:40.958 [http-nio-8080-exec-7] ERROR [,] c.b.s.controller.advice.ExceptionAdvice - org.springframework.web.servlet.mvc.method.AbstractHandlerMethodAdapter.handle(AbstractHandlerMethodAdapter.java:87)
2023-10-09 18:12:40.958 [http-nio-8080-exec-7] ERROR [,] c.b.s.controller.advice.ExceptionAdvice - org.springframework.web.servlet.DispatcherServlet.doDispatch(DispatcherServlet.java:1040)
2023-10-09 18:12:40.958 [http-nio-8080-exec-7] ERROR [,] c.b.s.controller.advice.ExceptionAdvice - org.springframework.web.servlet.DispatcherServlet.doService(DispatcherServlet.java:943)
2023-10-09 18:12:40.958 [http-nio-8080-exec-7] ERROR [,] c.b.s.controller.advice.ExceptionAdvice - org.springframework.web.servlet.FrameworkServlet.processRequest(FrameworkServlet.java:1006)
2023-10-09 18:12:40.958 [http-nio-8080-exec-7] ERROR [,] c.b.s.controller.advice.ExceptionAdvice - org.springframework.web.servlet.FrameworkServlet.doPost(FrameworkServlet.java:909)
2023-10-09 18:12:40.958 [http-nio-8080-exec-7] ERROR [,] c.b.s.controller.advice.ExceptionAdvice - javax.servlet.http.HttpServlet.service(HttpServlet.java:652)
2023-10-09 18:12:40.958 [http-nio-8080-exec-7] ERROR [,] c.b.s.controller.advice.ExceptionAdvice - org.springframework.web.servlet.FrameworkServlet.service(FrameworkServlet.java:883)
2023-10-09 18:12:40.958 [http-nio-8080-exec-7] ERROR [,] c.b.s.controller.advice.ExceptionAdvice - javax.servlet.http.HttpServlet.service(HttpServlet.java:733)
2023-10-09 18:12:40.958 [http-nio-8080-exec-7] ERROR [,] c.b.s.controller.advice.ExceptionAdvice - org.apache.catalina.core.ApplicationFilterChain.internalDoFilter(ApplicationFilterChain.java:231)
2023-10-09 18:12:40.958 [http-nio-8080-exec-7] ERROR [,] c.b.s.controller.advice.ExceptionAdvice - org.apache.catalina.core.ApplicationFilterChain.doFilter(ApplicationFilterChain.java:166)
2023-10-09 18:12:40.958 [http-nio-8080-exec-7] ERROR [,] c.b.s.controller.advice.ExceptionAdvice - org.apache.tomcat.websocket.server.WsFilter.doFilter(WsFilter.java:53)
2023-10-09 18:12:40.958 [http-nio-8080-exec-7] ERROR [,] c.b.s.controller.advice.ExceptionAdvice - org.apache.catalina.core.ApplicationFilterChain.internalDoFilter(ApplicationFilterChain.java:193)
2023-10-09 18:12:40.958 [http-nio-8080-exec-7] ERROR [,] c.b.s.controller.advice.ExceptionAdvice - org.apache.catalina.core.ApplicationFilterChain.doFilter(ApplicationFilterChain.java:166)
2023-10-09 18:12:40.958 [http-nio-8080-exec-7] ERROR [,] c.b.s.controller.advice.ExceptionAdvice - org.springframework.web.filter.CorsFilter.doFilterInternal(CorsFilter.java:92)
2023-10-09 18:12:40.958 [http-nio-8080-exec-7] ERROR [,] c.b.s.controller.advice.ExceptionAdvice - org.springframework.web.filter.OncePerRequestFilter.doFilter(OncePerRequestFilter.java:119)
2023-10-09 18:12:40.958 [http-nio-8080-exec-7] ERROR [,] c.b.s.controller.advice.ExceptionAdvice - org.apache.catalina.core.ApplicationFilterChain.internalDoFilter(ApplicationFilterChain.java:193)
2023-10-09 18:12:40.958 [http-nio-8080-exec-7] ERROR [,] c.b.s.controller.advice.ExceptionAdvice - org.apache.catalina.core.ApplicationFilterChain.doFilter(ApplicationFilterChain.java:166)
2023-10-09 18:12:40.958 [http-nio-8080-exec-7] ERROR [,] c.b.s.controller.advice.ExceptionAdvice - org.springframework.web.filter.RequestContextFilter.doFilterInternal(RequestContextFilter.java:100)
2023-10-09 18:12:40.958 [http-nio-8080-exec-7] ERROR [,] c.b.s.controller.advice.ExceptionAdvice - org.springframework.web.filter.OncePerRequestFilter.doFilter(OncePerRequestFilter.java:119)
2023-10-09 18:12:40.958 [http-nio-8080-exec-7] ERROR [,] c.b.s.controller.advice.ExceptionAdvice - org.apache.catalina.core.ApplicationFilterChain.internalDoFilter(ApplicationFilterChain.java:193)
2023-10-09 18:12:40.958 [http-nio-8080-exec-7] ERROR [,] c.b.s.controller.advice.ExceptionAdvice - org.apache.catalina.core.ApplicationFilterChain.doFilter(ApplicationFilterChain.java:166)
2023-10-09 18:12:40.958 [http-nio-8080-exec-7] ERROR [,] c.b.s.controller.advice.ExceptionAdvice - org.springframework.web.filter.FormContentFilter.doFilterInternal(FormContentFilter.java:93)
2023-10-09 18:12:40.958 [http-nio-8080-exec-7] ERROR [,] c.b.s.controller.advice.ExceptionAdvice - org.springframework.web.filter.OncePerRequestFilter.doFilter(OncePerRequestFilter.java:119)
2023-10-09 18:12:40.958 [http-nio-8080-exec-7] ERROR [,] c.b.s.controller.advice.ExceptionAdvice - org.apache.catalina.core.ApplicationFilterChain.internalDoFilter(ApplicationFilterChain.java:193)
2023-10-09 18:12:40.959 [http-nio-8080-exec-7] ERROR [,] c.b.s.controller.advice.ExceptionAdvice - org.apache.catalina.core.ApplicationFilterChain.doFilter(ApplicationFilterChain.java:166)
2023-10-09 18:12:40.959 [http-nio-8080-exec-7] ERROR [,] c.b.s.controller.advice.ExceptionAdvice - org.springframework.web.filter.CharacterEncodingFilter.doFilterInternal(CharacterEncodingFilter.java:201)
2023-10-09 18:12:40.959 [http-nio-8080-exec-7] ERROR [,] c.b.s.controller.advice.ExceptionAdvice - org.springframework.web.filter.OncePerRequestFilter.doFilter(OncePerRequestFilter.java:119)
2023-10-09 18:12:40.959 [http-nio-8080-exec-7] ERROR [,] c.b.s.controller.advice.ExceptionAdvice - org.apache.catalina.core.ApplicationFilterChain.internalDoFilter(ApplicationFilterChain.java:193)
2023-10-09 18:12:40.959 [http-nio-8080-exec-7] ERROR [,] c.b.s.controller.advice.ExceptionAdvice - org.apache.catalina.core.ApplicationFilterChain.doFilter(ApplicationFilterChain.java:166)
2023-10-09 18:12:40.959 [http-nio-8080-exec-7] ERROR [,] c.b.s.controller.advice.ExceptionAdvice - org.apache.catalina.core.StandardWrapperValve.invoke(StandardWrapperValve.java:202)
2023-10-09 18:12:40.959 [http-nio-8080-exec-7] ERROR [,] c.b.s.controller.advice.ExceptionAdvice - org.apache.catalina.core.StandardContextValve.invoke(StandardContextValve.java:97)
2023-10-09 18:12:40.959 [http-nio-8080-exec-7] ERROR [,] c.b.s.controller.advice.ExceptionAdvice - org.apache.catalina.authenticator.AuthenticatorBase.invoke(AuthenticatorBase.java:542)
2023-10-09 18:12:40.959 [http-nio-8080-exec-7] ERROR [,] c.b.s.controller.advice.ExceptionAdvice - org.apache.catalina.core.StandardHostValve.invoke(StandardHostValve.java:143)
2023-10-09 18:12:40.959 [http-nio-8080-exec-7] ERROR [,] c.b.s.controller.advice.ExceptionAdvice - org.apache.catalina.valves.ErrorReportValve.invoke(ErrorReportValve.java:92)
2023-10-09 18:12:40.959 [http-nio-8080-exec-7] ERROR [,] c.b.s.controller.advice.ExceptionAdvice - org.apache.catalina.core.StandardEngineValve.invoke(StandardEngineValve.java:78)
2023-10-09 18:12:40.959 [http-nio-8080-exec-7] ERROR [,] c.b.s.controller.advice.ExceptionAdvice - org.apache.catalina.connector.CoyoteAdapter.service(CoyoteAdapter.java:343)
2023-10-09 18:12:40.959 [http-nio-8080-exec-7] ERROR [,] c.b.s.controller.advice.ExceptionAdvice - org.apache.coyote.http11.Http11Processor.service(Http11Processor.java:374)
2023-10-09 18:12:40.959 [http-nio-8080-exec-7] ERROR [,] c.b.s.controller.advice.ExceptionAdvice - org.apache.coyote.AbstractProcessorLight.process(AbstractProcessorLight.java:65)
2023-10-09 18:12:40.959 [http-nio-8080-exec-7] ERROR [,] c.b.s.controller.advice.ExceptionAdvice - org.apache.coyote.AbstractProtocol$ConnectionHandler.process(AbstractProtocol.java:888)
2023-10-09 18:12:40.959 [http-nio-8080-exec-7] ERROR [,] c.b.s.controller.advice.ExceptionAdvice - org.apache.tomcat.util.net.NioEndpoint$SocketProcessor.doRun(NioEndpoint.java:1597)
2023-10-09 18:12:40.959 [http-nio-8080-exec-7] ERROR [,] c.b.s.controller.advice.ExceptionAdvice - org.apache.tomcat.util.net.SocketProcessorBase.run(SocketProcessorBase.java:49)
2023-10-09 18:12:40.959 [http-nio-8080-exec-7] ERROR [,] c.b.s.controller.advice.ExceptionAdvice - java.util.concurrent.ThreadPoolExecutor.runWorker(ThreadPoolExecutor.java:1149)
2023-10-09 18:12:40.959 [http-nio-8080-exec-7] ERROR [,] c.b.s.controller.advice.ExceptionAdvice - java.util.concurrent.ThreadPoolExecutor$Worker.run(ThreadPoolExecutor.java:624)
2023-10-09 18:12:40.959 [http-nio-8080-exec-7] ERROR [,] c.b.s.controller.advice.ExceptionAdvice - org.apache.tomcat.util.threads.TaskThread$WrappingRunnable.run(TaskThread.java:61)
2023-10-09 18:12:40.959 [http-nio-8080-exec-7] ERROR [,] c.b.s.controller.advice.ExceptionAdvice - java.lang.Thread.run(Thread.java:750)
2023-10-09 18:12:51.773 [http-nio-8080-exec-1] ERROR [,] c.b.s.controller.advice.ExceptionAdvice - 服务器发生异常：JSON parse error: Illegal unquoted character ((CTRL-CHAR, code 13)): has to be escaped using backslash to be included in string value; nested exception is com.fasterxml.jackson.databind.JsonMappingException: Illegal unquoted character ((CTRL-CHAR, code 13)): has to be escaped using backslash to be included in string value
 at [Source: (PushbackInputStream); line: 3, column: 38] (through reference chain: com.benewake.saleordersystem.entity.User["password"])
2023-10-09 18:12:51.774 [http-nio-8080-exec-1] ERROR [,] c.b.s.controller.advice.ExceptionAdvice - org.springframework.http.converter.json.AbstractJackson2HttpMessageConverter.readJavaType(AbstractJackson2HttpMessageConverter.java:285)
2023-10-09 18:12:51.774 [http-nio-8080-exec-1] ERROR [,] c.b.s.controller.advice.ExceptionAdvice - org.springframework.http.converter.json.AbstractJackson2HttpMessageConverter.read(AbstractJackson2HttpMessageConverter.java:243)
2023-10-09 18:12:51.774 [http-nio-8080-exec-1] ERROR [,] c.b.s.controller.advice.ExceptionAdvice - org.springframework.web.servlet.mvc.method.annotation.AbstractMessageConverterMethodArgumentResolver.readWithMessageConverters(AbstractMessageConverterMethodArgumentResolver.java:205)
2023-10-09 18:12:51.774 [http-nio-8080-exec-1] ERROR [,] c.b.s.controller.advice.ExceptionAdvice - org.springframework.web.servlet.mvc.method.annotation.RequestResponseBodyMethodProcessor.readWithMessageConverters(RequestResponseBodyMethodProcessor.java:158)
2023-10-09 18:12:51.774 [http-nio-8080-exec-1] ERROR [,] c.b.s.controller.advice.ExceptionAdvice - org.springframework.web.servlet.mvc.method.annotation.RequestResponseBodyMethodProcessor.resolveArgument(RequestResponseBodyMethodProcessor.java:131)
2023-10-09 18:12:51.774 [http-nio-8080-exec-1] ERROR [,] c.b.s.controller.advice.ExceptionAdvice - org.springframework.web.method.support.HandlerMethodArgumentResolverComposite.resolveArgument(HandlerMethodArgumentResolverComposite.java:121)
2023-10-09 18:12:51.774 [http-nio-8080-exec-1] ERROR [,] c.b.s.controller.advice.ExceptionAdvice - org.springframework.web.method.support.InvocableHandlerMethod.getMethodArgumentValues(InvocableHandlerMethod.java:167)
2023-10-09 18:12:51.774 [http-nio-8080-exec-1] ERROR [,] c.b.s.controller.advice.ExceptionAdvice - org.springframework.web.method.support.InvocableHandlerMethod.invokeForRequest(InvocableHandlerMethod.java:134)
2023-10-09 18:12:51.774 [http-nio-8080-exec-1] ERROR [,] c.b.s.controller.advice.ExceptionAdvice - org.springframework.web.servlet.mvc.method.annotation.ServletInvocableHandlerMethod.invokeAndHandle(ServletInvocableHandlerMethod.java:105)
2023-10-09 18:12:51.774 [http-nio-8080-exec-1] ERROR [,] c.b.s.controller.advice.ExceptionAdvice - org.springframework.web.servlet.mvc.method.annotation.RequestMappingHandlerAdapter.invokeHandlerMethod(RequestMappingHandlerAdapter.java:878)
2023-10-09 18:12:51.774 [http-nio-8080-exec-1] ERROR [,] c.b.s.controller.advice.ExceptionAdvice - org.springframework.web.servlet.mvc.method.annotation.RequestMappingHandlerAdapter.handleInternal(RequestMappingHandlerAdapter.java:792)
2023-10-09 18:12:51.774 [http-nio-8080-exec-1] ERROR [,] c.b.s.controller.advice.ExceptionAdvice - org.springframework.web.servlet.mvc.method.AbstractHandlerMethodAdapter.handle(AbstractHandlerMethodAdapter.java:87)
2023-10-09 18:12:51.774 [http-nio-8080-exec-1] ERROR [,] c.b.s.controller.advice.ExceptionAdvice - org.springframework.web.servlet.DispatcherServlet.doDispatch(DispatcherServlet.java:1040)
2023-10-09 18:12:51.774 [http-nio-8080-exec-1] ERROR [,] c.b.s.controller.advice.ExceptionAdvice - org.springframework.web.servlet.DispatcherServlet.doService(DispatcherServlet.java:943)
2023-10-09 18:12:51.774 [http-nio-8080-exec-1] ERROR [,] c.b.s.controller.advice.ExceptionAdvice - org.springframework.web.servlet.FrameworkServlet.processRequest(FrameworkServlet.java:1006)
2023-10-09 18:12:51.774 [http-nio-8080-exec-1] ERROR [,] c.b.s.controller.advice.ExceptionAdvice - org.springframework.web.servlet.FrameworkServlet.doPost(FrameworkServlet.java:909)
2023-10-09 18:12:51.775 [http-nio-8080-exec-1] ERROR [,] c.b.s.controller.advice.ExceptionAdvice - javax.servlet.http.HttpServlet.service(HttpServlet.java:652)
2023-10-09 18:12:51.775 [http-nio-8080-exec-1] ERROR [,] c.b.s.controller.advice.ExceptionAdvice - org.springframework.web.servlet.FrameworkServlet.service(FrameworkServlet.java:883)
2023-10-09 18:12:51.775 [http-nio-8080-exec-1] ERROR [,] c.b.s.controller.advice.ExceptionAdvice - javax.servlet.http.HttpServlet.service(HttpServlet.java:733)
2023-10-09 18:12:51.775 [http-nio-8080-exec-1] ERROR [,] c.b.s.controller.advice.ExceptionAdvice - org.apache.catalina.core.ApplicationFilterChain.internalDoFilter(ApplicationFilterChain.java:231)
2023-10-09 18:12:51.775 [http-nio-8080-exec-1] ERROR [,] c.b.s.controller.advice.ExceptionAdvice - org.apache.catalina.core.ApplicationFilterChain.doFilter(ApplicationFilterChain.java:166)
2023-10-09 18:12:51.775 [http-nio-8080-exec-1] ERROR [,] c.b.s.controller.advice.ExceptionAdvice - org.apache.tomcat.websocket.server.WsFilter.doFilter(WsFilter.java:53)
2023-10-09 18:12:51.775 [http-nio-8080-exec-1] ERROR [,] c.b.s.controller.advice.ExceptionAdvice - org.apache.catalina.core.ApplicationFilterChain.internalDoFilter(ApplicationFilterChain.java:193)
2023-10-09 18:12:51.775 [http-nio-8080-exec-1] ERROR [,] c.b.s.controller.advice.ExceptionAdvice - org.apache.catalina.core.ApplicationFilterChain.doFilter(ApplicationFilterChain.java:166)
2023-10-09 18:12:51.775 [http-nio-8080-exec-1] ERROR [,] c.b.s.controller.advice.ExceptionAdvice - org.springframework.web.filter.CorsFilter.doFilterInternal(CorsFilter.java:92)
2023-10-09 18:12:51.775 [http-nio-8080-exec-1] ERROR [,] c.b.s.controller.advice.ExceptionAdvice - org.springframework.web.filter.OncePerRequestFilter.doFilter(OncePerRequestFilter.java:119)
2023-10-09 18:12:51.775 [http-nio-8080-exec-1] ERROR [,] c.b.s.controller.advice.ExceptionAdvice - org.apache.catalina.core.ApplicationFilterChain.internalDoFilter(ApplicationFilterChain.java:193)
2023-10-09 18:12:51.775 [http-nio-8080-exec-1] ERROR [,] c.b.s.controller.advice.ExceptionAdvice - org.apache.catalina.core.ApplicationFilterChain.doFilter(ApplicationFilterChain.java:166)
2023-10-09 18:12:51.775 [http-nio-8080-exec-1] ERROR [,] c.b.s.controller.advice.ExceptionAdvice - org.springframework.web.filter.RequestContextFilter.doFilterInternal(RequestContextFilter.java:100)
2023-10-09 18:12:51.775 [http-nio-8080-exec-1] ERROR [,] c.b.s.controller.advice.ExceptionAdvice - org.springframework.web.filter.OncePerRequestFilter.doFilter(OncePerRequestFilter.java:119)
2023-10-09 18:12:51.775 [http-nio-8080-exec-1] ERROR [,] c.b.s.controller.advice.ExceptionAdvice - org.apache.catalina.core.ApplicationFilterChain.internalDoFilter(ApplicationFilterChain.java:193)
2023-10-09 18:12:51.775 [http-nio-8080-exec-1] ERROR [,] c.b.s.controller.advice.ExceptionAdvice - org.apache.catalina.core.ApplicationFilterChain.doFilter(ApplicationFilterChain.java:166)
2023-10-09 18:12:51.775 [http-nio-8080-exec-1] ERROR [,] c.b.s.controller.advice.ExceptionAdvice - org.springframework.web.filter.FormContentFilter.doFilterInternal(FormContentFilter.java:93)
2023-10-09 18:12:51.775 [http-nio-8080-exec-1] ERROR [,] c.b.s.controller.advice.ExceptionAdvice - org.springframework.web.filter.OncePerRequestFilter.doFilter(OncePerRequestFilter.java:119)
2023-10-09 18:12:51.776 [http-nio-8080-exec-1] ERROR [,] c.b.s.controller.advice.ExceptionAdvice - org.apache.catalina.core.ApplicationFilterChain.internalDoFilter(ApplicationFilterChain.java:193)
2023-10-09 18:12:51.776 [http-nio-8080-exec-1] ERROR [,] c.b.s.controller.advice.ExceptionAdvice - org.apache.catalina.core.ApplicationFilterChain.doFilter(ApplicationFilterChain.java:166)
2023-10-09 18:12:51.776 [http-nio-8080-exec-1] ERROR [,] c.b.s.controller.advice.ExceptionAdvice - org.springframework.web.filter.CharacterEncodingFilter.doFilterInternal(CharacterEncodingFilter.java:201)
2023-10-09 18:12:51.776 [http-nio-8080-exec-1] ERROR [,] c.b.s.controller.advice.ExceptionAdvice - org.springframework.web.filter.OncePerRequestFilter.doFilter(OncePerRequestFilter.java:119)
2023-10-09 18:12:51.776 [http-nio-8080-exec-1] ERROR [,] c.b.s.controller.advice.ExceptionAdvice - org.apache.catalina.core.ApplicationFilterChain.internalDoFilter(ApplicationFilterChain.java:193)
2023-10-09 18:12:51.776 [http-nio-8080-exec-1] ERROR [,] c.b.s.controller.advice.ExceptionAdvice - org.apache.catalina.core.ApplicationFilterChain.doFilter(ApplicationFilterChain.java:166)
2023-10-09 18:12:51.776 [http-nio-8080-exec-1] ERROR [,] c.b.s.controller.advice.ExceptionAdvice - org.apache.catalina.core.StandardWrapperValve.invoke(StandardWrapperValve.java:202)
2023-10-09 18:12:51.776 [http-nio-8080-exec-1] ERROR [,] c.b.s.controller.advice.ExceptionAdvice - org.apache.catalina.core.StandardContextValve.invoke(StandardContextValve.java:97)
2023-10-09 18:12:51.776 [http-nio-8080-exec-1] ERROR [,] c.b.s.controller.advice.ExceptionAdvice - org.apache.catalina.authenticator.AuthenticatorBase.invoke(AuthenticatorBase.java:542)
2023-10-09 18:12:51.776 [http-nio-8080-exec-1] ERROR [,] c.b.s.controller.advice.ExceptionAdvice - org.apache.catalina.core.StandardHostValve.invoke(StandardHostValve.java:143)
2023-10-09 18:12:51.776 [http-nio-8080-exec-1] ERROR [,] c.b.s.controller.advice.ExceptionAdvice - org.apache.catalina.valves.ErrorReportValve.invoke(ErrorReportValve.java:92)
2023-10-09 18:12:51.776 [http-nio-8080-exec-1] ERROR [,] c.b.s.controller.advice.ExceptionAdvice - org.apache.catalina.core.StandardEngineValve.invoke(StandardEngineValve.java:78)
2023-10-09 18:12:51.776 [http-nio-8080-exec-1] ERROR [,] c.b.s.controller.advice.ExceptionAdvice - org.apache.catalina.connector.CoyoteAdapter.service(CoyoteAdapter.java:343)
2023-10-09 18:12:51.776 [http-nio-8080-exec-1] ERROR [,] c.b.s.controller.advice.ExceptionAdvice - org.apache.coyote.http11.Http11Processor.service(Http11Processor.java:374)
2023-10-09 18:12:51.776 [http-nio-8080-exec-1] ERROR [,] c.b.s.controller.advice.ExceptionAdvice - org.apache.coyote.AbstractProcessorLight.process(AbstractProcessorLight.java:65)
2023-10-09 18:12:51.776 [http-nio-8080-exec-1] ERROR [,] c.b.s.controller.advice.ExceptionAdvice - org.apache.coyote.AbstractProtocol$ConnectionHandler.process(AbstractProtocol.java:888)
2023-10-09 18:12:51.776 [http-nio-8080-exec-1] ERROR [,] c.b.s.controller.advice.ExceptionAdvice - org.apache.tomcat.util.net.NioEndpoint$SocketProcessor.doRun(NioEndpoint.java:1597)
2023-10-09 18:12:51.777 [http-nio-8080-exec-1] ERROR [,] c.b.s.controller.advice.ExceptionAdvice - org.apache.tomcat.util.net.SocketProcessorBase.run(SocketProcessorBase.java:49)
2023-10-09 18:12:51.777 [http-nio-8080-exec-1] ERROR [,] c.b.s.controller.advice.ExceptionAdvice - java.util.concurrent.ThreadPoolExecutor.runWorker(ThreadPoolExecutor.java:1149)
2023-10-09 18:12:51.777 [http-nio-8080-exec-1] ERROR [,] c.b.s.controller.advice.ExceptionAdvice - java.util.concurrent.ThreadPoolExecutor$Worker.run(ThreadPoolExecutor.java:624)
2023-10-09 18:12:51.777 [http-nio-8080-exec-1] ERROR [,] c.b.s.controller.advice.ExceptionAdvice - org.apache.tomcat.util.threads.TaskThread$WrappingRunnable.run(TaskThread.java:61)
2023-10-09 18:12:51.777 [http-nio-8080-exec-1] ERROR [,] c.b.s.controller.advice.ExceptionAdvice - java.lang.Thread.run(Thread.java:750)
