2023-09-28 09:28:21.998 [main] ERROR [,] c.b.s.controller.advice.ExceptionAdvice - 服务器发生异常：
### Error updating database.  Cause: java.sql.SQLIntegrityConstraintViolationException: Duplicate entry '皮炎平' for key 'fim_item_table.item_name'
### The error may exist in com/benewake/saleordersystem/mapper/ItemMapper.java (best guess)
### The error may involve com.benewake.saleordersystem.mapper.ItemMapper.insertItem-Inline
### The error occurred while setting parameters
### SQL: INSERT INTO fim_item_table (item_code, item_name, item_type, quantitative) VALUES (?, ?, ?, ?)
### Cause: java.sql.SQLIntegrityConstraintViolationException: Duplicate entry '皮炎平' for key 'fim_item_table.item_name'
; Duplicate entry '皮炎平' for key 'fim_item_table.item_name'; nested exception is java.sql.SQLIntegrityConstraintViolationException: Duplicate entry '皮炎平' for key 'fim_item_table.item_name'
2023-09-28 09:28:22.001 [main] ERROR [,] c.b.s.controller.advice.ExceptionAdvice - org.springframework.jdbc.support.SQLErrorCodeSQLExceptionTranslator.doTranslate(SQLErrorCodeSQLExceptionTranslator.java:247)
2023-09-28 09:28:22.001 [main] ERROR [,] c.b.s.controller.advice.ExceptionAdvice - org.springframework.jdbc.support.AbstractFallbackSQLExceptionTranslator.translate(AbstractFallbackSQLExceptionTranslator.java:72)
2023-09-28 09:28:22.001 [main] ERROR [,] c.b.s.controller.advice.ExceptionAdvice - org.mybatis.spring.MyBatisExceptionTranslator.translateExceptionIfPossible(MyBatisExceptionTranslator.java:91)
2023-09-28 09:28:22.001 [main] ERROR [,] c.b.s.controller.advice.ExceptionAdvice - org.mybatis.spring.SqlSessionTemplate$SqlSessionInterceptor.invoke(SqlSessionTemplate.java:441)
2023-09-28 09:28:22.001 [main] ERROR [,] c.b.s.controller.advice.ExceptionAdvice - com.sun.proxy.$Proxy97.insert(Unknown Source)
2023-09-28 09:28:22.002 [main] ERROR [,] c.b.s.controller.advice.ExceptionAdvice - org.mybatis.spring.SqlSessionTemplate.insert(SqlSessionTemplate.java:272)
2023-09-28 09:28:22.002 [main] ERROR [,] c.b.s.controller.advice.ExceptionAdvice - com.baomidou.mybatisplus.core.override.MybatisMapperMethod.execute(MybatisMapperMethod.java:59)
2023-09-28 09:28:22.002 [main] ERROR [,] c.b.s.controller.advice.ExceptionAdvice - com.baomidou.mybatisplus.core.override.MybatisMapperProxy$PlainMethodInvoker.invoke(MybatisMapperProxy.java:148)
2023-09-28 09:28:22.002 [main] ERROR [,] c.b.s.controller.advice.ExceptionAdvice - com.baomidou.mybatisplus.core.override.MybatisMapperProxy.invoke(MybatisMapperProxy.java:89)
2023-09-28 09:28:22.002 [main] ERROR [,] c.b.s.controller.advice.ExceptionAdvice - com.sun.proxy.$Proxy117.insertItem(Unknown Source)
2023-09-28 09:28:22.002 [main] ERROR [,] c.b.s.controller.advice.ExceptionAdvice - com.benewake.saleordersystem.service.impl.ItemServiceImpl.insertItem(ItemServiceImpl.java:77)
2023-09-28 09:28:22.003 [main] ERROR [,] c.b.s.controller.advice.ExceptionAdvice - com.benewake.saleordersystem.controller.ItemController.addItem(ItemController.java:79)
2023-09-28 09:28:22.003 [main] ERROR [,] c.b.s.controller.advice.ExceptionAdvice - com.benewake.saleordersystem.controller.ItemController$$FastClassBySpringCGLIB$$4859d9a6.invoke(<generated>)
2023-09-28 09:28:22.003 [main] ERROR [,] c.b.s.controller.advice.ExceptionAdvice - org.springframework.cglib.proxy.MethodProxy.invoke(MethodProxy.java:218)
2023-09-28 09:28:22.003 [main] ERROR [,] c.b.s.controller.advice.ExceptionAdvice - org.springframework.aop.framework.CglibAopProxy$CglibMethodInvocation.invokeJoinpoint(CglibAopProxy.java:771)
2023-09-28 09:28:22.003 [main] ERROR [,] c.b.s.controller.advice.ExceptionAdvice - org.springframework.aop.framework.ReflectiveMethodInvocation.proceed(ReflectiveMethodInvocation.java:163)
2023-09-28 09:28:22.003 [main] ERROR [,] c.b.s.controller.advice.ExceptionAdvice - org.springframework.aop.framework.CglibAopProxy$CglibMethodInvocation.proceed(CglibAopProxy.java:749)
2023-09-28 09:28:22.003 [main] ERROR [,] c.b.s.controller.advice.ExceptionAdvice - org.springframework.aop.aspectj.MethodInvocationProceedingJoinPoint.proceed(MethodInvocationProceedingJoinPoint.java:88)
2023-09-28 09:28:22.003 [main] ERROR [,] c.b.s.controller.advice.ExceptionAdvice - com.benewake.saleordersystem.aspect.LogAspect.before(LogAspect.java:83)
2023-09-28 09:28:22.004 [main] ERROR [,] c.b.s.controller.advice.ExceptionAdvice - java.base/jdk.internal.reflect.NativeMethodAccessorImpl.invoke0(Native Method)
2023-09-28 09:28:22.004 [main] ERROR [,] c.b.s.controller.advice.ExceptionAdvice - java.base/jdk.internal.reflect.NativeMethodAccessorImpl.invoke(NativeMethodAccessorImpl.java:62)
2023-09-28 09:28:22.004 [main] ERROR [,] c.b.s.controller.advice.ExceptionAdvice - java.base/jdk.internal.reflect.DelegatingMethodAccessorImpl.invoke(DelegatingMethodAccessorImpl.java:43)
2023-09-28 09:28:22.004 [main] ERROR [,] c.b.s.controller.advice.ExceptionAdvice - java.base/java.lang.reflect.Method.invoke(Method.java:567)
2023-09-28 09:28:22.004 [main] ERROR [,] c.b.s.controller.advice.ExceptionAdvice - org.springframework.aop.aspectj.AbstractAspectJAdvice.invokeAdviceMethodWithGivenArgs(AbstractAspectJAdvice.java:644)
2023-09-28 09:28:22.004 [main] ERROR [,] c.b.s.controller.advice.ExceptionAdvice - org.springframework.aop.aspectj.AbstractAspectJAdvice.invokeAdviceMethod(AbstractAspectJAdvice.java:633)
2023-09-28 09:28:22.004 [main] ERROR [,] c.b.s.controller.advice.ExceptionAdvice - org.springframework.aop.aspectj.AspectJAroundAdvice.invoke(AspectJAroundAdvice.java:70)
2023-09-28 09:28:22.004 [main] ERROR [,] c.b.s.controller.advice.ExceptionAdvice - org.springframework.aop.framework.ReflectiveMethodInvocation.proceed(ReflectiveMethodInvocation.java:186)
2023-09-28 09:28:22.004 [main] ERROR [,] c.b.s.controller.advice.ExceptionAdvice - org.springframework.aop.framework.CglibAopProxy$CglibMethodInvocation.proceed(CglibAopProxy.java:749)
2023-09-28 09:28:22.004 [main] ERROR [,] c.b.s.controller.advice.ExceptionAdvice - org.springframework.aop.interceptor.ExposeInvocationInterceptor.invoke(ExposeInvocationInterceptor.java:95)
2023-09-28 09:28:22.004 [main] ERROR [,] c.b.s.controller.advice.ExceptionAdvice - org.springframework.aop.framework.ReflectiveMethodInvocation.proceed(ReflectiveMethodInvocation.java:186)
2023-09-28 09:28:22.004 [main] ERROR [,] c.b.s.controller.advice.ExceptionAdvice - org.springframework.aop.framework.CglibAopProxy$CglibMethodInvocation.proceed(CglibAopProxy.java:749)
2023-09-28 09:28:22.004 [main] ERROR [,] c.b.s.controller.advice.ExceptionAdvice - org.springframework.aop.framework.CglibAopProxy$DynamicAdvisedInterceptor.intercept(CglibAopProxy.java:691)
2023-09-28 09:28:22.006 [main] ERROR [,] c.b.s.controller.advice.ExceptionAdvice - com.benewake.saleordersystem.controller.ItemController$$EnhancerBySpringCGLIB$$ed847351.addItem(<generated>)
2023-09-28 09:28:22.007 [main] ERROR [,] c.b.s.controller.advice.ExceptionAdvice - java.base/jdk.internal.reflect.NativeMethodAccessorImpl.invoke0(Native Method)
2023-09-28 09:28:22.007 [main] ERROR [,] c.b.s.controller.advice.ExceptionAdvice - java.base/jdk.internal.reflect.NativeMethodAccessorImpl.invoke(NativeMethodAccessorImpl.java:62)
2023-09-28 09:28:22.007 [main] ERROR [,] c.b.s.controller.advice.ExceptionAdvice - java.base/jdk.internal.reflect.DelegatingMethodAccessorImpl.invoke(DelegatingMethodAccessorImpl.java:43)
2023-09-28 09:28:22.007 [main] ERROR [,] c.b.s.controller.advice.ExceptionAdvice - java.base/java.lang.reflect.Method.invoke(Method.java:567)
2023-09-28 09:28:22.007 [main] ERROR [,] c.b.s.controller.advice.ExceptionAdvice - org.springframework.web.method.support.InvocableHandlerMethod.doInvoke(InvocableHandlerMethod.java:190)
2023-09-28 09:28:22.008 [main] ERROR [,] c.b.s.controller.advice.ExceptionAdvice - org.springframework.web.method.support.InvocableHandlerMethod.invokeForRequest(InvocableHandlerMethod.java:138)
2023-09-28 09:28:22.008 [main] ERROR [,] c.b.s.controller.advice.ExceptionAdvice - org.springframework.web.servlet.mvc.method.annotation.ServletInvocableHandlerMethod.invokeAndHandle(ServletInvocableHandlerMethod.java:105)
2023-09-28 09:28:22.008 [main] ERROR [,] c.b.s.controller.advice.ExceptionAdvice - org.springframework.web.servlet.mvc.method.annotation.RequestMappingHandlerAdapter.invokeHandlerMethod(RequestMappingHandlerAdapter.java:878)
2023-09-28 09:28:22.008 [main] ERROR [,] c.b.s.controller.advice.ExceptionAdvice - org.springframework.web.servlet.mvc.method.annotation.RequestMappingHandlerAdapter.handleInternal(RequestMappingHandlerAdapter.java:792)
2023-09-28 09:28:22.008 [main] ERROR [,] c.b.s.controller.advice.ExceptionAdvice - org.springframework.web.servlet.mvc.method.AbstractHandlerMethodAdapter.handle(AbstractHandlerMethodAdapter.java:87)
2023-09-28 09:28:22.008 [main] ERROR [,] c.b.s.controller.advice.ExceptionAdvice - org.springframework.web.servlet.DispatcherServlet.doDispatch(DispatcherServlet.java:1040)
2023-09-28 09:28:22.008 [main] ERROR [,] c.b.s.controller.advice.ExceptionAdvice - org.springframework.web.servlet.DispatcherServlet.doService(DispatcherServlet.java:943)
2023-09-28 09:28:22.008 [main] ERROR [,] c.b.s.controller.advice.ExceptionAdvice - org.springframework.web.servlet.FrameworkServlet.processRequest(FrameworkServlet.java:1006)
2023-09-28 09:28:22.008 [main] ERROR [,] c.b.s.controller.advice.ExceptionAdvice - org.springframework.web.servlet.FrameworkServlet.doPost(FrameworkServlet.java:909)
2023-09-28 09:28:22.008 [main] ERROR [,] c.b.s.controller.advice.ExceptionAdvice - javax.servlet.http.HttpServlet.service(HttpServlet.java:652)
2023-09-28 09:28:22.008 [main] ERROR [,] c.b.s.controller.advice.ExceptionAdvice - org.springframework.web.servlet.FrameworkServlet.service(FrameworkServlet.java:883)
2023-09-28 09:28:22.012 [main] ERROR [,] c.b.s.controller.advice.ExceptionAdvice - org.springframework.test.web.servlet.TestDispatcherServlet.service(TestDispatcherServlet.java:72)
2023-09-28 09:28:22.012 [main] ERROR [,] c.b.s.controller.advice.ExceptionAdvice - javax.servlet.http.HttpServlet.service(HttpServlet.java:733)
2023-09-28 09:28:22.012 [main] ERROR [,] c.b.s.controller.advice.ExceptionAdvice - org.springframework.mock.web.MockFilterChain$ServletFilterProxy.doFilter(MockFilterChain.java:167)
2023-09-28 09:28:22.012 [main] ERROR [,] c.b.s.controller.advice.ExceptionAdvice - org.springframework.mock.web.MockFilterChain.doFilter(MockFilterChain.java:134)
2023-09-28 09:28:22.012 [main] ERROR [,] c.b.s.controller.advice.ExceptionAdvice - org.springframework.web.filter.CorsFilter.doFilterInternal(CorsFilter.java:92)
2023-09-28 09:28:22.012 [main] ERROR [,] c.b.s.controller.advice.ExceptionAdvice - org.springframework.web.filter.OncePerRequestFilter.doFilter(OncePerRequestFilter.java:119)
2023-09-28 09:28:22.012 [main] ERROR [,] c.b.s.controller.advice.ExceptionAdvice - org.springframework.mock.web.MockFilterChain.doFilter(MockFilterChain.java:134)
2023-09-28 09:28:22.012 [main] ERROR [,] c.b.s.controller.advice.ExceptionAdvice - org.springframework.web.filter.RequestContextFilter.doFilterInternal(RequestContextFilter.java:100)
2023-09-28 09:28:22.012 [main] ERROR [,] c.b.s.controller.advice.ExceptionAdvice - org.springframework.web.filter.OncePerRequestFilter.doFilter(OncePerRequestFilter.java:119)
2023-09-28 09:28:22.012 [main] ERROR [,] c.b.s.controller.advice.ExceptionAdvice - org.springframework.mock.web.MockFilterChain.doFilter(MockFilterChain.java:134)
2023-09-28 09:28:22.012 [main] ERROR [,] c.b.s.controller.advice.ExceptionAdvice - org.springframework.web.filter.FormContentFilter.doFilterInternal(FormContentFilter.java:93)
2023-09-28 09:28:22.012 [main] ERROR [,] c.b.s.controller.advice.ExceptionAdvice - org.springframework.web.filter.OncePerRequestFilter.doFilter(OncePerRequestFilter.java:119)
2023-09-28 09:28:22.012 [main] ERROR [,] c.b.s.controller.advice.ExceptionAdvice - org.springframework.mock.web.MockFilterChain.doFilter(MockFilterChain.java:134)
2023-09-28 09:28:22.013 [main] ERROR [,] c.b.s.controller.advice.ExceptionAdvice - org.springframework.web.filter.CharacterEncodingFilter.doFilterInternal(CharacterEncodingFilter.java:201)
2023-09-28 09:28:22.013 [main] ERROR [,] c.b.s.controller.advice.ExceptionAdvice - org.springframework.web.filter.OncePerRequestFilter.doFilter(OncePerRequestFilter.java:119)
2023-09-28 09:28:22.013 [main] ERROR [,] c.b.s.controller.advice.ExceptionAdvice - org.springframework.mock.web.MockFilterChain.doFilter(MockFilterChain.java:134)
2023-09-28 09:28:22.013 [main] ERROR [,] c.b.s.controller.advice.ExceptionAdvice - org.springframework.test.web.servlet.MockMvc.perform(MockMvc.java:183)
2023-09-28 09:28:22.013 [main] ERROR [,] c.b.s.controller.advice.ExceptionAdvice - com.benewake.saleordersystem.mapper.ItemControllerTest.testAddItemWithValidData(ItemControllerTest.java:40)
2023-09-28 09:28:22.013 [main] ERROR [,] c.b.s.controller.advice.ExceptionAdvice - java.base/jdk.internal.reflect.NativeMethodAccessorImpl.invoke0(Native Method)
2023-09-28 09:28:22.013 [main] ERROR [,] c.b.s.controller.advice.ExceptionAdvice - java.base/jdk.internal.reflect.NativeMethodAccessorImpl.invoke(NativeMethodAccessorImpl.java:62)
2023-09-28 09:28:22.013 [main] ERROR [,] c.b.s.controller.advice.ExceptionAdvice - java.base/jdk.internal.reflect.DelegatingMethodAccessorImpl.invoke(DelegatingMethodAccessorImpl.java:43)
2023-09-28 09:28:22.013 [main] ERROR [,] c.b.s.controller.advice.ExceptionAdvice - java.base/java.lang.reflect.Method.invoke(Method.java:567)
2023-09-28 09:28:22.013 [main] ERROR [,] c.b.s.controller.advice.ExceptionAdvice - org.junit.runners.model.FrameworkMethod$1.runReflectiveCall(FrameworkMethod.java:59)
2023-09-28 09:28:22.018 [main] ERROR [,] c.b.s.controller.advice.ExceptionAdvice - org.junit.internal.runners.model.ReflectiveCallable.run(ReflectiveCallable.java:12)
2023-09-28 09:28:22.019 [main] ERROR [,] c.b.s.controller.advice.ExceptionAdvice - org.junit.runners.model.FrameworkMethod.invokeExplosively(FrameworkMethod.java:56)
2023-09-28 09:28:22.019 [main] ERROR [,] c.b.s.controller.advice.ExceptionAdvice - org.junit.internal.runners.statements.InvokeMethod.evaluate(InvokeMethod.java:17)
2023-09-28 09:28:22.019 [main] ERROR [,] c.b.s.controller.advice.ExceptionAdvice - org.springframework.test.context.junit4.statements.RunBeforeTestExecutionCallbacks.evaluate(RunBeforeTestExecutionCallbacks.java:74)
2023-09-28 09:28:22.019 [main] ERROR [,] c.b.s.controller.advice.ExceptionAdvice - org.springframework.test.context.junit4.statements.RunAfterTestExecutionCallbacks.evaluate(RunAfterTestExecutionCallbacks.java:84)
2023-09-28 09:28:22.019 [main] ERROR [,] c.b.s.controller.advice.ExceptionAdvice - org.junit.internal.runners.statements.RunBefores.evaluate(RunBefores.java:26)
2023-09-28 09:28:22.019 [main] ERROR [,] c.b.s.controller.advice.ExceptionAdvice - org.springframework.test.context.junit4.statements.RunBeforeTestMethodCallbacks.evaluate(RunBeforeTestMethodCallbacks.java:75)
2023-09-28 09:28:22.019 [main] ERROR [,] c.b.s.controller.advice.ExceptionAdvice - org.springframework.test.context.junit4.statements.RunAfterTestMethodCallbacks.evaluate(RunAfterTestMethodCallbacks.java:86)
2023-09-28 09:28:22.019 [main] ERROR [,] c.b.s.controller.advice.ExceptionAdvice - org.springframework.test.context.junit4.statements.SpringRepeat.evaluate(SpringRepeat.java:84)
2023-09-28 09:28:22.020 [main] ERROR [,] c.b.s.controller.advice.ExceptionAdvice - org.junit.runners.ParentRunner.runLeaf(ParentRunner.java:366)
2023-09-28 09:28:22.021 [main] ERROR [,] c.b.s.controller.advice.ExceptionAdvice - org.springframework.test.context.junit4.SpringJUnit4ClassRunner.runChild(SpringJUnit4ClassRunner.java:251)
2023-09-28 09:28:22.021 [main] ERROR [,] c.b.s.controller.advice.ExceptionAdvice - org.springframework.test.context.junit4.SpringJUnit4ClassRunner.runChild(SpringJUnit4ClassRunner.java:97)
2023-09-28 09:28:22.021 [main] ERROR [,] c.b.s.controller.advice.ExceptionAdvice - org.junit.runners.ParentRunner$4.run(ParentRunner.java:331)
2023-09-28 09:28:22.021 [main] ERROR [,] c.b.s.controller.advice.ExceptionAdvice - org.junit.runners.ParentRunner$1.schedule(ParentRunner.java:79)
2023-09-28 09:28:22.021 [main] ERROR [,] c.b.s.controller.advice.ExceptionAdvice - org.junit.runners.ParentRunner.runChildren(ParentRunner.java:329)
2023-09-28 09:28:22.021 [main] ERROR [,] c.b.s.controller.advice.ExceptionAdvice - org.junit.runners.ParentRunner.access$100(ParentRunner.java:66)
2023-09-28 09:28:22.023 [main] ERROR [,] c.b.s.controller.advice.ExceptionAdvice - org.junit.runners.ParentRunner$2.evaluate(ParentRunner.java:293)
2023-09-28 09:28:22.023 [main] ERROR [,] c.b.s.controller.advice.ExceptionAdvice - org.springframework.test.context.junit4.statements.RunBeforeTestClassCallbacks.evaluate(RunBeforeTestClassCallbacks.java:61)
2023-09-28 09:28:22.024 [main] ERROR [,] c.b.s.controller.advice.ExceptionAdvice - org.springframework.test.context.junit4.statements.RunAfterTestClassCallbacks.evaluate(RunAfterTestClassCallbacks.java:70)
2023-09-28 09:28:22.024 [main] ERROR [,] c.b.s.controller.advice.ExceptionAdvice - org.junit.runners.ParentRunner$3.evaluate(ParentRunner.java:306)
2023-09-28 09:28:22.024 [main] ERROR [,] c.b.s.controller.advice.ExceptionAdvice - org.junit.runners.ParentRunner.run(ParentRunner.java:413)
2023-09-28 09:28:22.024 [main] ERROR [,] c.b.s.controller.advice.ExceptionAdvice - org.springframework.test.context.junit4.SpringJUnit4ClassRunner.run(SpringJUnit4ClassRunner.java:190)
2023-09-28 09:28:22.025 [main] ERROR [,] c.b.s.controller.advice.ExceptionAdvice - org.apache.maven.surefire.junit4.JUnit4Provider.execute(JUnit4Provider.java:252)
2023-09-28 09:28:22.025 [main] ERROR [,] c.b.s.controller.advice.ExceptionAdvice - org.apache.maven.surefire.junit4.JUnit4Provider.executeTestSet(JUnit4Provider.java:141)
2023-09-28 09:28:22.025 [main] ERROR [,] c.b.s.controller.advice.ExceptionAdvice - org.apache.maven.surefire.junit4.JUnit4Provider.invoke(JUnit4Provider.java:112)
2023-09-28 09:28:22.025 [main] ERROR [,] c.b.s.controller.advice.ExceptionAdvice - java.base/jdk.internal.reflect.NativeMethodAccessorImpl.invoke0(Native Method)
2023-09-28 09:28:22.025 [main] ERROR [,] c.b.s.controller.advice.ExceptionAdvice - java.base/jdk.internal.reflect.NativeMethodAccessorImpl.invoke(NativeMethodAccessorImpl.java:62)
2023-09-28 09:28:22.025 [main] ERROR [,] c.b.s.controller.advice.ExceptionAdvice - java.base/jdk.internal.reflect.DelegatingMethodAccessorImpl.invoke(DelegatingMethodAccessorImpl.java:43)
2023-09-28 09:28:22.025 [main] ERROR [,] c.b.s.controller.advice.ExceptionAdvice - java.base/java.lang.reflect.Method.invoke(Method.java:567)
2023-09-28 09:28:22.025 [main] ERROR [,] c.b.s.controller.advice.ExceptionAdvice - org.apache.maven.surefire.util.ReflectionUtils.invokeMethodWithArray(ReflectionUtils.java:189)
2023-09-28 09:28:22.025 [main] ERROR [,] c.b.s.controller.advice.ExceptionAdvice - org.apache.maven.surefire.booter.ProviderFactory$ProviderProxy.invoke(ProviderFactory.java:165)
2023-09-28 09:28:22.026 [main] ERROR [,] c.b.s.controller.advice.ExceptionAdvice - org.apache.maven.surefire.booter.ProviderFactory.invokeProvider(ProviderFactory.java:85)
2023-09-28 09:28:22.026 [main] ERROR [,] c.b.s.controller.advice.ExceptionAdvice - org.apache.maven.surefire.booter.ForkedBooter.runSuitesInProcess(ForkedBooter.java:115)
2023-09-28 09:28:22.026 [main] ERROR [,] c.b.s.controller.advice.ExceptionAdvice - org.apache.maven.surefire.booter.ForkedBooter.main(ForkedBooter.java:75)
2023-09-28 10:38:55.242 [restartedMain] ERROR [,] org.springframework.boot.SpringApplication - Application run failed
org.springframework.context.ApplicationContextException: Failed to start bean 'webServerStartStop'; nested exception is org.springframework.boot.web.server.WebServerException: Unable to start embedded Tomcat server
	at org.springframework.context.support.DefaultLifecycleProcessor.doStart(DefaultLifecycleProcessor.java:185)
	at org.springframework.context.support.DefaultLifecycleProcessor.access$200(DefaultLifecycleProcessor.java:53)
	at org.springframework.context.support.DefaultLifecycleProcessor$LifecycleGroup.start(DefaultLifecycleProcessor.java:360)
	at org.springframework.context.support.DefaultLifecycleProcessor.startBeans(DefaultLifecycleProcessor.java:158)
	at org.springframework.context.support.DefaultLifecycleProcessor.onRefresh(DefaultLifecycleProcessor.java:122)
	at org.springframework.context.support.AbstractApplicationContext.finishRefresh(AbstractApplicationContext.java:895)
	at org.springframework.context.support.AbstractApplicationContext.refresh(AbstractApplicationContext.java:554)
	at org.springframework.boot.web.servlet.context.ServletWebServerApplicationContext.refresh(ServletWebServerApplicationContext.java:143)
	at org.springframework.boot.SpringApplication.refresh(SpringApplication.java:758)
	at org.springframework.boot.SpringApplication.refresh(SpringApplication.java:750)
	at org.springframework.boot.SpringApplication.refreshContext(SpringApplication.java:405)
	at org.springframework.boot.SpringApplication.run(SpringApplication.java:315)
	at org.springframework.boot.SpringApplication.run(SpringApplication.java:1237)
	at org.springframework.boot.SpringApplication.run(SpringApplication.java:1226)
	at com.benewake.saleordersystem.SaleOrderSystemApplication.main(SaleOrderSystemApplication.java:18)
	at sun.reflect.NativeMethodAccessorImpl.invoke0(Native Method)
	at sun.reflect.NativeMethodAccessorImpl.invoke(NativeMethodAccessorImpl.java:62)
	at sun.reflect.DelegatingMethodAccessorImpl.invoke(DelegatingMethodAccessorImpl.java:43)
	at java.lang.reflect.Method.invoke(Method.java:498)
	at org.springframework.boot.devtools.restart.RestartLauncher.run(RestartLauncher.java:49)
Caused by: org.springframework.boot.web.server.WebServerException: Unable to start embedded Tomcat server
	at org.springframework.boot.web.embedded.tomcat.TomcatWebServer.start(TomcatWebServer.java:229)
	at org.springframework.boot.web.servlet.context.WebServerStartStopLifecycle.start(WebServerStartStopLifecycle.java:43)
	at org.springframework.context.support.DefaultLifecycleProcessor.doStart(DefaultLifecycleProcessor.java:182)
	... 19 common frames omitted
Caused by: java.lang.IllegalArgumentException: standardService.connector.startFailed
	at org.apache.catalina.core.StandardService.addConnector(StandardService.java:244)
	at org.springframework.boot.web.embedded.tomcat.TomcatWebServer.addPreviouslyRemovedConnectors(TomcatWebServer.java:282)
	at org.springframework.boot.web.embedded.tomcat.TomcatWebServer.start(TomcatWebServer.java:213)
	... 21 common frames omitted
Caused by: org.apache.catalina.LifecycleException: Protocol handler start failed
	at org.apache.catalina.connector.Connector.startInternal(Connector.java:1067)
	at org.apache.catalina.util.LifecycleBase.start(LifecycleBase.java:183)
	at org.apache.catalina.core.StandardService.addConnector(StandardService.java:240)
	... 23 common frames omitted
Caused by: java.io.IOException: Unable to establish loopback connection
	at sun.nio.ch.PipeImpl$Initializer.run(PipeImpl.java:94)
	at sun.nio.ch.PipeImpl$Initializer.run(PipeImpl.java:61)
	at java.security.AccessController.doPrivileged(Native Method)
	at sun.nio.ch.PipeImpl.<init>(PipeImpl.java:171)
	at sun.nio.ch.SelectorProviderImpl.openPipe(SelectorProviderImpl.java:50)
	at java.nio.channels.Pipe.open(Pipe.java:155)
	at sun.nio.ch.WindowsSelectorImpl.<init>(WindowsSelectorImpl.java:142)
	at sun.nio.ch.WindowsSelectorProvider.openSelector(WindowsSelectorProvider.java:44)
	at java.nio.channels.Selector.open(Selector.java:227)
	at org.apache.tomcat.util.net.NioSelectorPool.getSharedSelector(NioSelectorPool.java:52)
	at org.apache.tomcat.util.net.NioSelectorPool.open(NioSelectorPool.java:127)
	at org.apache.tomcat.util.net.NioEndpoint.bind(NioEndpoint.java:218)
	at org.apache.tomcat.util.net.AbstractEndpoint.bindWithCleanup(AbstractEndpoint.java:1159)
	at org.apache.tomcat.util.net.AbstractEndpoint.start(AbstractEndpoint.java:1245)
	at org.apache.coyote.AbstractProtocol.start(AbstractProtocol.java:603)
	at org.apache.catalina.connector.Connector.startInternal(Connector.java:1064)
	... 25 common frames omitted
Caused by: java.net.ConnectException: Connection timed out: connect
	at sun.nio.ch.Net.connect0(Native Method)
	at sun.nio.ch.Net.connect(Net.java:482)
	at sun.nio.ch.Net.connect(Net.java:474)
	at sun.nio.ch.SocketChannelImpl.connect(SocketChannelImpl.java:647)
	at java.nio.channels.SocketChannel.open(SocketChannel.java:189)
	at sun.nio.ch.PipeImpl$Initializer$LoopbackConnector.run(PipeImpl.java:127)
	at sun.nio.ch.PipeImpl$Initializer.run(PipeImpl.java:76)
	... 40 common frames omitted
