2023-10-07 11:44:29.411 [http-nio-8080-exec-1] ERROR [,] c.b.s.controller.advice.ExceptionAdvice - 服务器发生异常：java.io.IOException: 你的主机中的软件中止了一个已建立的连接。
2023-10-07 11:44:29.423 [http-nio-8080-exec-1] ERROR [,] c.b.s.controller.advice.ExceptionAdvice - org.apache.catalina.connector.OutputBuffer.doFlush(OutputBuffer.java:309)
2023-10-07 11:44:29.424 [http-nio-8080-exec-1] ERROR [,] c.b.s.controller.advice.ExceptionAdvice - org.apache.catalina.connector.OutputBuffer.flush(OutputBuffer.java:272)
2023-10-07 11:44:29.424 [http-nio-8080-exec-1] ERROR [,] c.b.s.controller.advice.ExceptionAdvice - org.apache.catalina.connector.CoyoteOutputStream.flush(CoyoteOutputStream.java:118)
2023-10-07 11:44:29.433 [http-nio-8080-exec-1] ERROR [,] c.b.s.controller.advice.ExceptionAdvice - java.io.FilterOutputStream.flush(FilterOutputStream.java:140)
2023-10-07 11:44:29.433 [http-nio-8080-exec-1] ERROR [,] c.b.s.controller.advice.ExceptionAdvice - com.fasterxml.jackson.core.json.UTF8JsonGenerator.flush(UTF8JsonGenerator.java:1176)
2023-10-07 11:44:29.433 [http-nio-8080-exec-1] ERROR [,] c.b.s.controller.advice.ExceptionAdvice - com.fasterxml.jackson.databind.ObjectWriter.writeValue(ObjectWriter.java:1008)
2023-10-07 11:44:29.433 [http-nio-8080-exec-1] ERROR [,] c.b.s.controller.advice.ExceptionAdvice - org.springframework.http.converter.json.AbstractJackson2HttpMessageConverter.writeInternal(AbstractJackson2HttpMessageConverter.java:346)
2023-10-07 11:44:29.433 [http-nio-8080-exec-1] ERROR [,] c.b.s.controller.advice.ExceptionAdvice - org.springframework.http.converter.AbstractGenericHttpMessageConverter.write(AbstractGenericHttpMessageConverter.java:104)
2023-10-07 11:44:29.433 [http-nio-8080-exec-1] ERROR [,] c.b.s.controller.advice.ExceptionAdvice - org.springframework.web.servlet.mvc.method.annotation.AbstractMessageConverterMethodProcessor.writeWithMessageConverters(AbstractMessageConverterMethodProcessor.java:277)
2023-10-07 11:44:29.433 [http-nio-8080-exec-1] ERROR [,] c.b.s.controller.advice.ExceptionAdvice - org.springframework.web.servlet.mvc.method.annotation.RequestResponseBodyMethodProcessor.handleReturnValue(RequestResponseBodyMethodProcessor.java:181)
2023-10-07 11:44:29.434 [http-nio-8080-exec-1] ERROR [,] c.b.s.controller.advice.ExceptionAdvice - org.springframework.web.method.support.HandlerMethodReturnValueHandlerComposite.handleReturnValue(HandlerMethodReturnValueHandlerComposite.java:82)
2023-10-07 11:44:29.434 [http-nio-8080-exec-1] ERROR [,] c.b.s.controller.advice.ExceptionAdvice - org.springframework.web.servlet.mvc.method.annotation.ServletInvocableHandlerMethod.invokeAndHandle(ServletInvocableHandlerMethod.java:123)
2023-10-07 11:44:29.434 [http-nio-8080-exec-1] ERROR [,] c.b.s.controller.advice.ExceptionAdvice - org.springframework.web.servlet.mvc.method.annotation.RequestMappingHandlerAdapter.invokeHandlerMethod(RequestMappingHandlerAdapter.java:878)
2023-10-07 11:44:29.434 [http-nio-8080-exec-1] ERROR [,] c.b.s.controller.advice.ExceptionAdvice - org.springframework.web.servlet.mvc.method.annotation.RequestMappingHandlerAdapter.handleInternal(RequestMappingHandlerAdapter.java:792)
2023-10-07 11:44:29.434 [http-nio-8080-exec-1] ERROR [,] c.b.s.controller.advice.ExceptionAdvice - org.springframework.web.servlet.mvc.method.AbstractHandlerMethodAdapter.handle(AbstractHandlerMethodAdapter.java:87)
2023-10-07 11:44:29.434 [http-nio-8080-exec-1] ERROR [,] c.b.s.controller.advice.ExceptionAdvice - org.springframework.web.servlet.DispatcherServlet.doDispatch(DispatcherServlet.java:1040)
2023-10-07 11:44:29.434 [http-nio-8080-exec-1] ERROR [,] c.b.s.controller.advice.ExceptionAdvice - org.springframework.web.servlet.DispatcherServlet.doService(DispatcherServlet.java:943)
2023-10-07 11:44:29.434 [http-nio-8080-exec-1] ERROR [,] c.b.s.controller.advice.ExceptionAdvice - org.springframework.web.servlet.FrameworkServlet.processRequest(FrameworkServlet.java:1006)
2023-10-07 11:44:29.435 [http-nio-8080-exec-1] ERROR [,] c.b.s.controller.advice.ExceptionAdvice - org.springframework.web.servlet.FrameworkServlet.doGet(FrameworkServlet.java:898)
2023-10-07 11:44:29.435 [http-nio-8080-exec-1] ERROR [,] c.b.s.controller.advice.ExceptionAdvice - javax.servlet.http.HttpServlet.service(HttpServlet.java:626)
2023-10-07 11:44:29.435 [http-nio-8080-exec-1] ERROR [,] c.b.s.controller.advice.ExceptionAdvice - org.springframework.web.servlet.FrameworkServlet.service(FrameworkServlet.java:883)
2023-10-07 11:44:29.435 [http-nio-8080-exec-1] ERROR [,] c.b.s.controller.advice.ExceptionAdvice - javax.servlet.http.HttpServlet.service(HttpServlet.java:733)
2023-10-07 11:44:29.435 [http-nio-8080-exec-1] ERROR [,] c.b.s.controller.advice.ExceptionAdvice - org.apache.catalina.core.ApplicationFilterChain.internalDoFilter(ApplicationFilterChain.java:231)
2023-10-07 11:44:29.437 [http-nio-8080-exec-1] ERROR [,] c.b.s.controller.advice.ExceptionAdvice - org.apache.catalina.core.ApplicationFilterChain.doFilter(ApplicationFilterChain.java:166)
2023-10-07 11:44:29.438 [http-nio-8080-exec-1] ERROR [,] c.b.s.controller.advice.ExceptionAdvice - org.apache.tomcat.websocket.server.WsFilter.doFilter(WsFilter.java:53)
2023-10-07 11:44:29.438 [http-nio-8080-exec-1] ERROR [,] c.b.s.controller.advice.ExceptionAdvice - org.apache.catalina.core.ApplicationFilterChain.internalDoFilter(ApplicationFilterChain.java:193)
2023-10-07 11:44:29.438 [http-nio-8080-exec-1] ERROR [,] c.b.s.controller.advice.ExceptionAdvice - org.apache.catalina.core.ApplicationFilterChain.doFilter(ApplicationFilterChain.java:166)
2023-10-07 11:44:29.438 [http-nio-8080-exec-1] ERROR [,] c.b.s.controller.advice.ExceptionAdvice - org.springframework.web.filter.CorsFilter.doFilterInternal(CorsFilter.java:92)
2023-10-07 11:44:29.439 [http-nio-8080-exec-1] ERROR [,] c.b.s.controller.advice.ExceptionAdvice - org.springframework.web.filter.OncePerRequestFilter.doFilter(OncePerRequestFilter.java:119)
2023-10-07 11:44:29.439 [http-nio-8080-exec-1] ERROR [,] c.b.s.controller.advice.ExceptionAdvice - org.apache.catalina.core.ApplicationFilterChain.internalDoFilter(ApplicationFilterChain.java:193)
2023-10-07 11:44:29.439 [http-nio-8080-exec-1] ERROR [,] c.b.s.controller.advice.ExceptionAdvice - org.apache.catalina.core.ApplicationFilterChain.doFilter(ApplicationFilterChain.java:166)
2023-10-07 11:44:29.439 [http-nio-8080-exec-1] ERROR [,] c.b.s.controller.advice.ExceptionAdvice - org.springframework.web.filter.RequestContextFilter.doFilterInternal(RequestContextFilter.java:100)
2023-10-07 11:44:29.439 [http-nio-8080-exec-1] ERROR [,] c.b.s.controller.advice.ExceptionAdvice - org.springframework.web.filter.OncePerRequestFilter.doFilter(OncePerRequestFilter.java:119)
2023-10-07 11:44:29.440 [http-nio-8080-exec-1] ERROR [,] c.b.s.controller.advice.ExceptionAdvice - org.apache.catalina.core.ApplicationFilterChain.internalDoFilter(ApplicationFilterChain.java:193)
2023-10-07 11:44:29.440 [http-nio-8080-exec-1] ERROR [,] c.b.s.controller.advice.ExceptionAdvice - org.apache.catalina.core.ApplicationFilterChain.doFilter(ApplicationFilterChain.java:166)
2023-10-07 11:44:29.440 [http-nio-8080-exec-1] ERROR [,] c.b.s.controller.advice.ExceptionAdvice - org.springframework.web.filter.FormContentFilter.doFilterInternal(FormContentFilter.java:93)
2023-10-07 11:44:29.440 [http-nio-8080-exec-1] ERROR [,] c.b.s.controller.advice.ExceptionAdvice - org.springframework.web.filter.OncePerRequestFilter.doFilter(OncePerRequestFilter.java:119)
2023-10-07 11:44:29.440 [http-nio-8080-exec-1] ERROR [,] c.b.s.controller.advice.ExceptionAdvice - org.apache.catalina.core.ApplicationFilterChain.internalDoFilter(ApplicationFilterChain.java:193)
2023-10-07 11:44:29.440 [http-nio-8080-exec-1] ERROR [,] c.b.s.controller.advice.ExceptionAdvice - org.apache.catalina.core.ApplicationFilterChain.doFilter(ApplicationFilterChain.java:166)
2023-10-07 11:44:29.441 [http-nio-8080-exec-1] ERROR [,] c.b.s.controller.advice.ExceptionAdvice - org.springframework.web.filter.CharacterEncodingFilter.doFilterInternal(CharacterEncodingFilter.java:201)
2023-10-07 11:44:29.441 [http-nio-8080-exec-1] ERROR [,] c.b.s.controller.advice.ExceptionAdvice - org.springframework.web.filter.OncePerRequestFilter.doFilter(OncePerRequestFilter.java:119)
2023-10-07 11:44:29.441 [http-nio-8080-exec-1] ERROR [,] c.b.s.controller.advice.ExceptionAdvice - org.apache.catalina.core.ApplicationFilterChain.internalDoFilter(ApplicationFilterChain.java:193)
2023-10-07 11:44:29.441 [http-nio-8080-exec-1] ERROR [,] c.b.s.controller.advice.ExceptionAdvice - org.apache.catalina.core.ApplicationFilterChain.doFilter(ApplicationFilterChain.java:166)
2023-10-07 11:44:29.442 [http-nio-8080-exec-1] ERROR [,] c.b.s.controller.advice.ExceptionAdvice - org.apache.catalina.core.StandardWrapperValve.invoke(StandardWrapperValve.java:202)
2023-10-07 11:44:29.442 [http-nio-8080-exec-1] ERROR [,] c.b.s.controller.advice.ExceptionAdvice - org.apache.catalina.core.StandardContextValve.invoke(StandardContextValve.java:97)
2023-10-07 11:44:29.442 [http-nio-8080-exec-1] ERROR [,] c.b.s.controller.advice.ExceptionAdvice - org.apache.catalina.authenticator.AuthenticatorBase.invoke(AuthenticatorBase.java:542)
2023-10-07 11:44:29.442 [http-nio-8080-exec-1] ERROR [,] c.b.s.controller.advice.ExceptionAdvice - org.apache.catalina.core.StandardHostValve.invoke(StandardHostValve.java:143)
2023-10-07 11:44:29.442 [http-nio-8080-exec-1] ERROR [,] c.b.s.controller.advice.ExceptionAdvice - org.apache.catalina.valves.ErrorReportValve.invoke(ErrorReportValve.java:92)
2023-10-07 11:44:29.443 [http-nio-8080-exec-1] ERROR [,] c.b.s.controller.advice.ExceptionAdvice - org.apache.catalina.core.StandardEngineValve.invoke(StandardEngineValve.java:78)
2023-10-07 11:44:29.443 [http-nio-8080-exec-1] ERROR [,] c.b.s.controller.advice.ExceptionAdvice - org.apache.catalina.connector.CoyoteAdapter.service(CoyoteAdapter.java:343)
2023-10-07 11:44:29.443 [http-nio-8080-exec-1] ERROR [,] c.b.s.controller.advice.ExceptionAdvice - org.apache.coyote.http11.Http11Processor.service(Http11Processor.java:374)
2023-10-07 11:44:29.443 [http-nio-8080-exec-1] ERROR [,] c.b.s.controller.advice.ExceptionAdvice - org.apache.coyote.AbstractProcessorLight.process(AbstractProcessorLight.java:65)
2023-10-07 11:44:29.444 [http-nio-8080-exec-1] ERROR [,] c.b.s.controller.advice.ExceptionAdvice - org.apache.coyote.AbstractProtocol$ConnectionHandler.process(AbstractProtocol.java:888)
2023-10-07 11:44:29.444 [http-nio-8080-exec-1] ERROR [,] c.b.s.controller.advice.ExceptionAdvice - org.apache.tomcat.util.net.NioEndpoint$SocketProcessor.doRun(NioEndpoint.java:1597)
2023-10-07 11:44:29.444 [http-nio-8080-exec-1] ERROR [,] c.b.s.controller.advice.ExceptionAdvice - org.apache.tomcat.util.net.SocketProcessorBase.run(SocketProcessorBase.java:49)
2023-10-07 11:44:29.444 [http-nio-8080-exec-1] ERROR [,] c.b.s.controller.advice.ExceptionAdvice - java.util.concurrent.ThreadPoolExecutor.runWorker(ThreadPoolExecutor.java:1149)
2023-10-07 11:44:29.444 [http-nio-8080-exec-1] ERROR [,] c.b.s.controller.advice.ExceptionAdvice - java.util.concurrent.ThreadPoolExecutor$Worker.run(ThreadPoolExecutor.java:624)
2023-10-07 11:44:29.444 [http-nio-8080-exec-1] ERROR [,] c.b.s.controller.advice.ExceptionAdvice - org.apache.tomcat.util.threads.TaskThread$WrappingRunnable.run(TaskThread.java:61)
2023-10-07 11:44:29.445 [http-nio-8080-exec-1] ERROR [,] c.b.s.controller.advice.ExceptionAdvice - java.lang.Thread.run(Thread.java:750)
