2023-09-18 09:15:08.516 [restartedMain] ERROR [,] org.springframework.boot.SpringApplication - Application run failed
org.springframework.beans.factory.BeanDefinitionStoreException: Failed to parse configuration class [com.benewake.saleordersystem.SaleOrderSystemApplication]; nested exception is java.io.FileNotFoundException: class path resource [com/benewake/saleordersystem/controller/SaleOrderController.class] cannot be opened because it does not exist
	at org.springframework.context.annotation.ConfigurationClassParser.parse(ConfigurationClassParser.java:189)
	at org.springframework.context.annotation.ConfigurationClassPostProcessor.processConfigBeanDefinitions(ConfigurationClassPostProcessor.java:319)
	at org.springframework.context.annotation.ConfigurationClassPostProcessor.postProcessBeanDefinitionRegistry(ConfigurationClassPostProcessor.java:236)
	at org.springframework.context.support.PostProcessorRegistrationDelegate.invokeBeanDefinitionRegistryPostProcessors(PostProcessorRegistrationDelegate.java:280)
	at org.springframework.context.support.PostProcessorRegistrationDelegate.invokeBeanFactoryPostProcessors(PostProcessorRegistrationDelegate.java:96)
	at org.springframework.context.support.AbstractApplicationContext.invokeBeanFactoryPostProcessors(AbstractApplicationContext.java:707)
	at org.springframework.context.support.AbstractApplicationContext.refresh(AbstractApplicationContext.java:533)
	at org.springframework.boot.web.servlet.context.ServletWebServerApplicationContext.refresh(ServletWebServerApplicationContext.java:143)
	at org.springframework.boot.SpringApplication.refresh(SpringApplication.java:758)
	at org.springframework.boot.SpringApplication.refresh(SpringApplication.java:750)
	at org.springframework.boot.SpringApplication.refreshContext(SpringApplication.java:405)
	at org.springframework.boot.SpringApplication.run(SpringApplication.java:315)
	at org.springframework.boot.SpringApplication.run(SpringApplication.java:1237)
	at org.springframework.boot.SpringApplication.run(SpringApplication.java:1226)
	at com.benewake.saleordersystem.SaleOrderSystemApplication.main(SaleOrderSystemApplication.java:17)
	at sun.reflect.NativeMethodAccessorImpl.invoke0(Native Method)
	at sun.reflect.NativeMethodAccessorImpl.invoke(NativeMethodAccessorImpl.java:62)
	at sun.reflect.DelegatingMethodAccessorImpl.invoke(DelegatingMethodAccessorImpl.java:43)
	at java.lang.reflect.Method.invoke(Method.java:498)
	at org.springframework.boot.devtools.restart.RestartLauncher.run(RestartLauncher.java:49)
Caused by: java.io.FileNotFoundException: class path resource [com/benewake/saleordersystem/controller/SaleOrderController.class] cannot be opened because it does not exist
	at org.springframework.core.io.ClassPathResource.getInputStream(ClassPathResource.java:180)
	at org.springframework.core.type.classreading.SimpleMetadataReader.getClassReader(SimpleMetadataReader.java:55)
	at org.springframework.core.type.classreading.SimpleMetadataReader.<init>(SimpleMetadataReader.java:49)
	at org.springframework.core.type.classreading.SimpleMetadataReaderFactory.getMetadataReader(SimpleMetadataReaderFactory.java:103)
	at org.springframework.boot.type.classreading.ConcurrentReferenceCachingMetadataReaderFactory.createMetadataReader(ConcurrentReferenceCachingMetadataReaderFactory.java:86)
	at org.springframework.boot.type.classreading.ConcurrentReferenceCachingMetadataReaderFactory.getMetadataReader(ConcurrentReferenceCachingMetadataReaderFactory.java:73)
	at org.springframework.core.type.classreading.SimpleMetadataReaderFactory.getMetadataReader(SimpleMetadataReaderFactory.java:81)
	at org.springframework.context.annotation.ConfigurationClassParser.parse(ConfigurationClassParser.java:198)
	at org.springframework.context.annotation.ConfigurationClassParser.doProcessConfigurationClass(ConfigurationClassParser.java:304)
	at org.springframework.context.annotation.ConfigurationClassParser.processConfigurationClass(ConfigurationClassParser.java:250)
	at org.springframework.context.annotation.ConfigurationClassParser.parse(ConfigurationClassParser.java:207)
	at org.springframework.context.annotation.ConfigurationClassParser.parse(ConfigurationClassParser.java:175)
	... 19 common frames omitted
2023-09-18 18:08:20.782 [http-nio-8080-exec-7] ERROR [,] c.b.s.controller.advice.ExceptionAdvice - 服务器发生异常：nested exception is org.apache.ibatis.exceptions.TooManyResultsException: Expected one result (or null) to be returned by selectOne(), but found: 2
2023-09-18 18:08:20.888 [http-nio-8080-exec-7] ERROR [,] c.b.s.controller.advice.ExceptionAdvice - org.mybatis.spring.MyBatisExceptionTranslator.translateExceptionIfPossible(MyBatisExceptionTranslator.java:96)
2023-09-18 18:08:20.888 [http-nio-8080-exec-7] ERROR [,] c.b.s.controller.advice.ExceptionAdvice - org.mybatis.spring.SqlSessionTemplate$SqlSessionInterceptor.invoke(SqlSessionTemplate.java:441)
2023-09-18 18:08:20.888 [http-nio-8080-exec-7] ERROR [,] c.b.s.controller.advice.ExceptionAdvice - com.sun.proxy.$Proxy85.selectOne(Unknown Source)
2023-09-18 18:08:20.888 [http-nio-8080-exec-7] ERROR [,] c.b.s.controller.advice.ExceptionAdvice - org.mybatis.spring.SqlSessionTemplate.selectOne(SqlSessionTemplate.java:160)
2023-09-18 18:08:20.888 [http-nio-8080-exec-7] ERROR [,] c.b.s.controller.advice.ExceptionAdvice - com.baomidou.mybatisplus.core.override.MybatisMapperMethod.execute(MybatisMapperMethod.java:89)
2023-09-18 18:08:20.888 [http-nio-8080-exec-7] ERROR [,] c.b.s.controller.advice.ExceptionAdvice - com.baomidou.mybatisplus.core.override.MybatisMapperProxy$PlainMethodInvoker.invoke(MybatisMapperProxy.java:148)
2023-09-18 18:08:20.888 [http-nio-8080-exec-7] ERROR [,] c.b.s.controller.advice.ExceptionAdvice - com.baomidou.mybatisplus.core.override.MybatisMapperProxy.invoke(MybatisMapperProxy.java:89)
2023-09-18 18:08:20.888 [http-nio-8080-exec-7] ERROR [,] c.b.s.controller.advice.ExceptionAdvice - com.sun.proxy.$Proxy123.getInquiriesByCode(Unknown Source)
2023-09-18 18:08:20.888 [http-nio-8080-exec-7] ERROR [,] c.b.s.controller.advice.ExceptionAdvice - com.benewake.saleordersystem.service.impl.InquiryServiceImpl.getInquiriesByCode(InquiryServiceImpl.java:523)
2023-09-18 18:08:20.888 [http-nio-8080-exec-7] ERROR [,] c.b.s.controller.advice.ExceptionAdvice - com.benewake.saleordersystem.service.impl.InquiryServiceImpl$$FastClassBySpringCGLIB$$3ad626c8.invoke(<generated>)
2023-09-18 18:08:20.888 [http-nio-8080-exec-7] ERROR [,] c.b.s.controller.advice.ExceptionAdvice - org.springframework.cglib.proxy.MethodProxy.invoke(MethodProxy.java:218)
2023-09-18 18:08:20.889 [http-nio-8080-exec-7] ERROR [,] c.b.s.controller.advice.ExceptionAdvice - org.springframework.aop.framework.CglibAopProxy$CglibMethodInvocation.invokeJoinpoint(CglibAopProxy.java:771)
2023-09-18 18:08:20.889 [http-nio-8080-exec-7] ERROR [,] c.b.s.controller.advice.ExceptionAdvice - org.springframework.aop.framework.ReflectiveMethodInvocation.proceed(ReflectiveMethodInvocation.java:163)
2023-09-18 18:08:20.889 [http-nio-8080-exec-7] ERROR [,] c.b.s.controller.advice.ExceptionAdvice - org.springframework.aop.framework.CglibAopProxy$CglibMethodInvocation.proceed(CglibAopProxy.java:749)
2023-09-18 18:08:20.889 [http-nio-8080-exec-7] ERROR [,] c.b.s.controller.advice.ExceptionAdvice - org.springframework.aop.interceptor.ExposeInvocationInterceptor.invoke(ExposeInvocationInterceptor.java:95)
2023-09-18 18:08:20.889 [http-nio-8080-exec-7] ERROR [,] c.b.s.controller.advice.ExceptionAdvice - org.springframework.aop.framework.ReflectiveMethodInvocation.proceed(ReflectiveMethodInvocation.java:186)
2023-09-18 18:08:20.889 [http-nio-8080-exec-7] ERROR [,] c.b.s.controller.advice.ExceptionAdvice - org.springframework.aop.framework.CglibAopProxy$CglibMethodInvocation.proceed(CglibAopProxy.java:749)
2023-09-18 18:08:20.889 [http-nio-8080-exec-7] ERROR [,] c.b.s.controller.advice.ExceptionAdvice - org.springframework.aop.framework.CglibAopProxy$DynamicAdvisedInterceptor.intercept(CglibAopProxy.java:691)
2023-09-18 18:08:20.889 [http-nio-8080-exec-7] ERROR [,] c.b.s.controller.advice.ExceptionAdvice - com.benewake.saleordersystem.service.impl.InquiryServiceImpl$$EnhancerBySpringCGLIB$$26aa3c6a.getInquiriesByCode(<generated>)
2023-09-18 18:08:20.889 [http-nio-8080-exec-7] ERROR [,] c.b.s.controller.advice.ExceptionAdvice - com.benewake.saleordersystem.controller.SaleOrderController.addInquiries(SaleOrderController.java:464)
2023-09-18 18:08:20.889 [http-nio-8080-exec-7] ERROR [,] c.b.s.controller.advice.ExceptionAdvice - com.benewake.saleordersystem.controller.SaleOrderController$$FastClassBySpringCGLIB$$cf2c6a0c.invoke(<generated>)
2023-09-18 18:08:20.889 [http-nio-8080-exec-7] ERROR [,] c.b.s.controller.advice.ExceptionAdvice - org.springframework.cglib.proxy.MethodProxy.invoke(MethodProxy.java:218)
2023-09-18 18:08:20.889 [http-nio-8080-exec-7] ERROR [,] c.b.s.controller.advice.ExceptionAdvice - org.springframework.aop.framework.CglibAopProxy$CglibMethodInvocation.invokeJoinpoint(CglibAopProxy.java:771)
2023-09-18 18:08:20.889 [http-nio-8080-exec-7] ERROR [,] c.b.s.controller.advice.ExceptionAdvice - org.springframework.aop.framework.ReflectiveMethodInvocation.proceed(ReflectiveMethodInvocation.java:163)
2023-09-18 18:08:20.889 [http-nio-8080-exec-7] ERROR [,] c.b.s.controller.advice.ExceptionAdvice - org.springframework.aop.framework.CglibAopProxy$CglibMethodInvocation.proceed(CglibAopProxy.java:749)
2023-09-18 18:08:20.889 [http-nio-8080-exec-7] ERROR [,] c.b.s.controller.advice.ExceptionAdvice - org.springframework.aop.aspectj.MethodInvocationProceedingJoinPoint.proceed(MethodInvocationProceedingJoinPoint.java:88)
2023-09-18 18:08:20.889 [http-nio-8080-exec-7] ERROR [,] c.b.s.controller.advice.ExceptionAdvice - com.benewake.saleordersystem.aspect.LogAspect.before(LogAspect.java:83)
2023-09-18 18:08:20.889 [http-nio-8080-exec-7] ERROR [,] c.b.s.controller.advice.ExceptionAdvice - sun.reflect.NativeMethodAccessorImpl.invoke0(Native Method)
2023-09-18 18:08:20.889 [http-nio-8080-exec-7] ERROR [,] c.b.s.controller.advice.ExceptionAdvice - sun.reflect.NativeMethodAccessorImpl.invoke(NativeMethodAccessorImpl.java:62)
2023-09-18 18:08:20.889 [http-nio-8080-exec-7] ERROR [,] c.b.s.controller.advice.ExceptionAdvice - sun.reflect.DelegatingMethodAccessorImpl.invoke(DelegatingMethodAccessorImpl.java:43)
2023-09-18 18:08:20.889 [http-nio-8080-exec-7] ERROR [,] c.b.s.controller.advice.ExceptionAdvice - java.lang.reflect.Method.invoke(Method.java:498)
2023-09-18 18:08:20.889 [http-nio-8080-exec-7] ERROR [,] c.b.s.controller.advice.ExceptionAdvice - org.springframework.aop.aspectj.AbstractAspectJAdvice.invokeAdviceMethodWithGivenArgs(AbstractAspectJAdvice.java:644)
2023-09-18 18:08:20.889 [http-nio-8080-exec-7] ERROR [,] c.b.s.controller.advice.ExceptionAdvice - org.springframework.aop.aspectj.AbstractAspectJAdvice.invokeAdviceMethod(AbstractAspectJAdvice.java:633)
2023-09-18 18:08:20.889 [http-nio-8080-exec-7] ERROR [,] c.b.s.controller.advice.ExceptionAdvice - org.springframework.aop.aspectj.AspectJAroundAdvice.invoke(AspectJAroundAdvice.java:70)
2023-09-18 18:08:20.889 [http-nio-8080-exec-7] ERROR [,] c.b.s.controller.advice.ExceptionAdvice - org.springframework.aop.framework.ReflectiveMethodInvocation.proceed(ReflectiveMethodInvocation.java:186)
2023-09-18 18:08:20.889 [http-nio-8080-exec-7] ERROR [,] c.b.s.controller.advice.ExceptionAdvice - org.springframework.aop.framework.CglibAopProxy$CglibMethodInvocation.proceed(CglibAopProxy.java:749)
2023-09-18 18:08:20.889 [http-nio-8080-exec-7] ERROR [,] c.b.s.controller.advice.ExceptionAdvice - org.springframework.transaction.interceptor.TransactionAspectSupport.invokeWithinTransaction(TransactionAspectSupport.java:367)
2023-09-18 18:08:20.889 [http-nio-8080-exec-7] ERROR [,] c.b.s.controller.advice.ExceptionAdvice - org.springframework.transaction.interceptor.TransactionInterceptor.invoke(TransactionInterceptor.java:118)
2023-09-18 18:08:20.889 [http-nio-8080-exec-7] ERROR [,] c.b.s.controller.advice.ExceptionAdvice - org.springframework.aop.framework.ReflectiveMethodInvocation.proceed(ReflectiveMethodInvocation.java:186)
2023-09-18 18:08:20.890 [http-nio-8080-exec-7] ERROR [,] c.b.s.controller.advice.ExceptionAdvice - org.springframework.aop.framework.CglibAopProxy$CglibMethodInvocation.proceed(CglibAopProxy.java:749)
2023-09-18 18:08:20.890 [http-nio-8080-exec-7] ERROR [,] c.b.s.controller.advice.ExceptionAdvice - org.springframework.aop.interceptor.ExposeInvocationInterceptor.invoke(ExposeInvocationInterceptor.java:95)
2023-09-18 18:08:20.890 [http-nio-8080-exec-7] ERROR [,] c.b.s.controller.advice.ExceptionAdvice - org.springframework.aop.framework.ReflectiveMethodInvocation.proceed(ReflectiveMethodInvocation.java:186)
2023-09-18 18:08:20.890 [http-nio-8080-exec-7] ERROR [,] c.b.s.controller.advice.ExceptionAdvice - org.springframework.aop.framework.CglibAopProxy$CglibMethodInvocation.proceed(CglibAopProxy.java:749)
2023-09-18 18:08:20.890 [http-nio-8080-exec-7] ERROR [,] c.b.s.controller.advice.ExceptionAdvice - org.springframework.aop.framework.CglibAopProxy$DynamicAdvisedInterceptor.intercept(CglibAopProxy.java:691)
2023-09-18 18:08:20.890 [http-nio-8080-exec-7] ERROR [,] c.b.s.controller.advice.ExceptionAdvice - com.benewake.saleordersystem.controller.SaleOrderController$$EnhancerBySpringCGLIB$$2ddb6ef8.addInquiries(<generated>)
2023-09-18 18:08:20.890 [http-nio-8080-exec-7] ERROR [,] c.b.s.controller.advice.ExceptionAdvice - sun.reflect.NativeMethodAccessorImpl.invoke0(Native Method)
2023-09-18 18:08:20.890 [http-nio-8080-exec-7] ERROR [,] c.b.s.controller.advice.ExceptionAdvice - sun.reflect.NativeMethodAccessorImpl.invoke(NativeMethodAccessorImpl.java:62)
2023-09-18 18:08:20.890 [http-nio-8080-exec-7] ERROR [,] c.b.s.controller.advice.ExceptionAdvice - sun.reflect.DelegatingMethodAccessorImpl.invoke(DelegatingMethodAccessorImpl.java:43)
2023-09-18 18:08:20.890 [http-nio-8080-exec-7] ERROR [,] c.b.s.controller.advice.ExceptionAdvice - java.lang.reflect.Method.invoke(Method.java:498)
2023-09-18 18:08:20.890 [http-nio-8080-exec-7] ERROR [,] c.b.s.controller.advice.ExceptionAdvice - org.springframework.web.method.support.InvocableHandlerMethod.doInvoke(InvocableHandlerMethod.java:190)
2023-09-18 18:08:20.890 [http-nio-8080-exec-7] ERROR [,] c.b.s.controller.advice.ExceptionAdvice - org.springframework.web.method.support.InvocableHandlerMethod.invokeForRequest(InvocableHandlerMethod.java:138)
2023-09-18 18:08:20.890 [http-nio-8080-exec-7] ERROR [,] c.b.s.controller.advice.ExceptionAdvice - org.springframework.web.servlet.mvc.method.annotation.ServletInvocableHandlerMethod.invokeAndHandle(ServletInvocableHandlerMethod.java:105)
2023-09-18 18:08:20.890 [http-nio-8080-exec-7] ERROR [,] c.b.s.controller.advice.ExceptionAdvice - org.springframework.web.servlet.mvc.method.annotation.RequestMappingHandlerAdapter.invokeHandlerMethod(RequestMappingHandlerAdapter.java:878)
2023-09-18 18:08:20.890 [http-nio-8080-exec-7] ERROR [,] c.b.s.controller.advice.ExceptionAdvice - org.springframework.web.servlet.mvc.method.annotation.RequestMappingHandlerAdapter.handleInternal(RequestMappingHandlerAdapter.java:792)
2023-09-18 18:08:20.890 [http-nio-8080-exec-7] ERROR [,] c.b.s.controller.advice.ExceptionAdvice - org.springframework.web.servlet.mvc.method.AbstractHandlerMethodAdapter.handle(AbstractHandlerMethodAdapter.java:87)
2023-09-18 18:08:20.890 [http-nio-8080-exec-7] ERROR [,] c.b.s.controller.advice.ExceptionAdvice - org.springframework.web.servlet.DispatcherServlet.doDispatch(DispatcherServlet.java:1040)
2023-09-18 18:08:20.890 [http-nio-8080-exec-7] ERROR [,] c.b.s.controller.advice.ExceptionAdvice - org.springframework.web.servlet.DispatcherServlet.doService(DispatcherServlet.java:943)
2023-09-18 18:08:20.890 [http-nio-8080-exec-7] ERROR [,] c.b.s.controller.advice.ExceptionAdvice - org.springframework.web.servlet.FrameworkServlet.processRequest(FrameworkServlet.java:1006)
2023-09-18 18:08:20.890 [http-nio-8080-exec-7] ERROR [,] c.b.s.controller.advice.ExceptionAdvice - org.springframework.web.servlet.FrameworkServlet.doPost(FrameworkServlet.java:909)
2023-09-18 18:08:20.890 [http-nio-8080-exec-7] ERROR [,] c.b.s.controller.advice.ExceptionAdvice - javax.servlet.http.HttpServlet.service(HttpServlet.java:652)
2023-09-18 18:08:20.890 [http-nio-8080-exec-7] ERROR [,] c.b.s.controller.advice.ExceptionAdvice - org.springframework.web.servlet.FrameworkServlet.service(FrameworkServlet.java:883)
2023-09-18 18:08:20.890 [http-nio-8080-exec-7] ERROR [,] c.b.s.controller.advice.ExceptionAdvice - javax.servlet.http.HttpServlet.service(HttpServlet.java:733)
2023-09-18 18:08:20.890 [http-nio-8080-exec-7] ERROR [,] c.b.s.controller.advice.ExceptionAdvice - org.apache.catalina.core.ApplicationFilterChain.internalDoFilter(ApplicationFilterChain.java:231)
2023-09-18 18:08:20.890 [http-nio-8080-exec-7] ERROR [,] c.b.s.controller.advice.ExceptionAdvice - org.apache.catalina.core.ApplicationFilterChain.doFilter(ApplicationFilterChain.java:166)
2023-09-18 18:08:20.890 [http-nio-8080-exec-7] ERROR [,] c.b.s.controller.advice.ExceptionAdvice - org.apache.tomcat.websocket.server.WsFilter.doFilter(WsFilter.java:53)
2023-09-18 18:08:20.890 [http-nio-8080-exec-7] ERROR [,] c.b.s.controller.advice.ExceptionAdvice - org.apache.catalina.core.ApplicationFilterChain.internalDoFilter(ApplicationFilterChain.java:193)
2023-09-18 18:08:20.891 [http-nio-8080-exec-7] ERROR [,] c.b.s.controller.advice.ExceptionAdvice - org.apache.catalina.core.ApplicationFilterChain.doFilter(ApplicationFilterChain.java:166)
2023-09-18 18:08:20.891 [http-nio-8080-exec-7] ERROR [,] c.b.s.controller.advice.ExceptionAdvice - org.springframework.web.filter.CorsFilter.doFilterInternal(CorsFilter.java:92)
2023-09-18 18:08:20.891 [http-nio-8080-exec-7] ERROR [,] c.b.s.controller.advice.ExceptionAdvice - org.springframework.web.filter.OncePerRequestFilter.doFilter(OncePerRequestFilter.java:119)
2023-09-18 18:08:20.891 [http-nio-8080-exec-7] ERROR [,] c.b.s.controller.advice.ExceptionAdvice - org.apache.catalina.core.ApplicationFilterChain.internalDoFilter(ApplicationFilterChain.java:193)
2023-09-18 18:08:20.891 [http-nio-8080-exec-7] ERROR [,] c.b.s.controller.advice.ExceptionAdvice - org.apache.catalina.core.ApplicationFilterChain.doFilter(ApplicationFilterChain.java:166)
2023-09-18 18:08:20.891 [http-nio-8080-exec-7] ERROR [,] c.b.s.controller.advice.ExceptionAdvice - org.springframework.web.filter.RequestContextFilter.doFilterInternal(RequestContextFilter.java:100)
2023-09-18 18:08:20.891 [http-nio-8080-exec-7] ERROR [,] c.b.s.controller.advice.ExceptionAdvice - org.springframework.web.filter.OncePerRequestFilter.doFilter(OncePerRequestFilter.java:119)
2023-09-18 18:08:20.891 [http-nio-8080-exec-7] ERROR [,] c.b.s.controller.advice.ExceptionAdvice - org.apache.catalina.core.ApplicationFilterChain.internalDoFilter(ApplicationFilterChain.java:193)
2023-09-18 18:08:20.891 [http-nio-8080-exec-7] ERROR [,] c.b.s.controller.advice.ExceptionAdvice - org.apache.catalina.core.ApplicationFilterChain.doFilter(ApplicationFilterChain.java:166)
2023-09-18 18:08:20.891 [http-nio-8080-exec-7] ERROR [,] c.b.s.controller.advice.ExceptionAdvice - org.springframework.web.filter.FormContentFilter.doFilterInternal(FormContentFilter.java:93)
2023-09-18 18:08:20.891 [http-nio-8080-exec-7] ERROR [,] c.b.s.controller.advice.ExceptionAdvice - org.springframework.web.filter.OncePerRequestFilter.doFilter(OncePerRequestFilter.java:119)
2023-09-18 18:08:20.891 [http-nio-8080-exec-7] ERROR [,] c.b.s.controller.advice.ExceptionAdvice - org.apache.catalina.core.ApplicationFilterChain.internalDoFilter(ApplicationFilterChain.java:193)
2023-09-18 18:08:20.891 [http-nio-8080-exec-7] ERROR [,] c.b.s.controller.advice.ExceptionAdvice - org.apache.catalina.core.ApplicationFilterChain.doFilter(ApplicationFilterChain.java:166)
2023-09-18 18:08:20.891 [http-nio-8080-exec-7] ERROR [,] c.b.s.controller.advice.ExceptionAdvice - org.springframework.web.filter.CharacterEncodingFilter.doFilterInternal(CharacterEncodingFilter.java:201)
2023-09-18 18:08:20.891 [http-nio-8080-exec-7] ERROR [,] c.b.s.controller.advice.ExceptionAdvice - org.springframework.web.filter.OncePerRequestFilter.doFilter(OncePerRequestFilter.java:119)
2023-09-18 18:08:20.891 [http-nio-8080-exec-7] ERROR [,] c.b.s.controller.advice.ExceptionAdvice - org.apache.catalina.core.ApplicationFilterChain.internalDoFilter(ApplicationFilterChain.java:193)
2023-09-18 18:08:20.891 [http-nio-8080-exec-7] ERROR [,] c.b.s.controller.advice.ExceptionAdvice - org.apache.catalina.core.ApplicationFilterChain.doFilter(ApplicationFilterChain.java:166)
2023-09-18 18:08:20.891 [http-nio-8080-exec-7] ERROR [,] c.b.s.controller.advice.ExceptionAdvice - org.apache.catalina.core.StandardWrapperValve.invoke(StandardWrapperValve.java:202)
2023-09-18 18:08:20.892 [http-nio-8080-exec-7] ERROR [,] c.b.s.controller.advice.ExceptionAdvice - org.apache.catalina.core.StandardContextValve.invoke(StandardContextValve.java:97)
2023-09-18 18:08:20.892 [http-nio-8080-exec-7] ERROR [,] c.b.s.controller.advice.ExceptionAdvice - org.apache.catalina.authenticator.AuthenticatorBase.invoke(AuthenticatorBase.java:542)
2023-09-18 18:08:20.892 [http-nio-8080-exec-7] ERROR [,] c.b.s.controller.advice.ExceptionAdvice - org.apache.catalina.core.StandardHostValve.invoke(StandardHostValve.java:143)
2023-09-18 18:08:20.892 [http-nio-8080-exec-7] ERROR [,] c.b.s.controller.advice.ExceptionAdvice - org.apache.catalina.valves.ErrorReportValve.invoke(ErrorReportValve.java:92)
2023-09-18 18:08:20.892 [http-nio-8080-exec-7] ERROR [,] c.b.s.controller.advice.ExceptionAdvice - org.apache.catalina.core.StandardEngineValve.invoke(StandardEngineValve.java:78)
2023-09-18 18:08:20.892 [http-nio-8080-exec-7] ERROR [,] c.b.s.controller.advice.ExceptionAdvice - org.apache.catalina.connector.CoyoteAdapter.service(CoyoteAdapter.java:343)
2023-09-18 18:08:20.892 [http-nio-8080-exec-7] ERROR [,] c.b.s.controller.advice.ExceptionAdvice - org.apache.coyote.http11.Http11Processor.service(Http11Processor.java:374)
2023-09-18 18:08:20.892 [http-nio-8080-exec-7] ERROR [,] c.b.s.controller.advice.ExceptionAdvice - org.apache.coyote.AbstractProcessorLight.process(AbstractProcessorLight.java:65)
2023-09-18 18:08:20.892 [http-nio-8080-exec-7] ERROR [,] c.b.s.controller.advice.ExceptionAdvice - org.apache.coyote.AbstractProtocol$ConnectionHandler.process(AbstractProtocol.java:888)
2023-09-18 18:08:20.892 [http-nio-8080-exec-7] ERROR [,] c.b.s.controller.advice.ExceptionAdvice - org.apache.tomcat.util.net.NioEndpoint$SocketProcessor.doRun(NioEndpoint.java:1597)
2023-09-18 18:08:20.892 [http-nio-8080-exec-7] ERROR [,] c.b.s.controller.advice.ExceptionAdvice - org.apache.tomcat.util.net.SocketProcessorBase.run(SocketProcessorBase.java:49)
2023-09-18 18:08:20.892 [http-nio-8080-exec-7] ERROR [,] c.b.s.controller.advice.ExceptionAdvice - java.util.concurrent.ThreadPoolExecutor.runWorker(ThreadPoolExecutor.java:1149)
2023-09-18 18:08:20.892 [http-nio-8080-exec-7] ERROR [,] c.b.s.controller.advice.ExceptionAdvice - java.util.concurrent.ThreadPoolExecutor$Worker.run(ThreadPoolExecutor.java:624)
2023-09-18 18:08:20.892 [http-nio-8080-exec-7] ERROR [,] c.b.s.controller.advice.ExceptionAdvice - org.apache.tomcat.util.threads.TaskThread$WrappingRunnable.run(TaskThread.java:61)
2023-09-18 18:08:20.892 [http-nio-8080-exec-7] ERROR [,] c.b.s.controller.advice.ExceptionAdvice - java.lang.Thread.run(Thread.java:750)
2023-09-18 18:08:54.933 [http-nio-8080-exec-6] ERROR [,] c.b.s.controller.advice.ExceptionAdvice - 服务器发生异常：nested exception is org.apache.ibatis.exceptions.TooManyResultsException: Expected one result (or null) to be returned by selectOne(), but found: 2
2023-09-18 18:08:54.933 [http-nio-8080-exec-6] ERROR [,] c.b.s.controller.advice.ExceptionAdvice - org.mybatis.spring.MyBatisExceptionTranslator.translateExceptionIfPossible(MyBatisExceptionTranslator.java:96)
2023-09-18 18:08:54.933 [http-nio-8080-exec-6] ERROR [,] c.b.s.controller.advice.ExceptionAdvice - org.mybatis.spring.SqlSessionTemplate$SqlSessionInterceptor.invoke(SqlSessionTemplate.java:441)
2023-09-18 18:08:54.933 [http-nio-8080-exec-6] ERROR [,] c.b.s.controller.advice.ExceptionAdvice - com.sun.proxy.$Proxy85.selectOne(Unknown Source)
2023-09-18 18:08:54.933 [http-nio-8080-exec-6] ERROR [,] c.b.s.controller.advice.ExceptionAdvice - org.mybatis.spring.SqlSessionTemplate.selectOne(SqlSessionTemplate.java:160)
2023-09-18 18:08:54.933 [http-nio-8080-exec-6] ERROR [,] c.b.s.controller.advice.ExceptionAdvice - com.baomidou.mybatisplus.core.override.MybatisMapperMethod.execute(MybatisMapperMethod.java:89)
2023-09-18 18:08:54.933 [http-nio-8080-exec-6] ERROR [,] c.b.s.controller.advice.ExceptionAdvice - com.baomidou.mybatisplus.core.override.MybatisMapperProxy$PlainMethodInvoker.invoke(MybatisMapperProxy.java:148)
2023-09-18 18:08:54.933 [http-nio-8080-exec-6] ERROR [,] c.b.s.controller.advice.ExceptionAdvice - com.baomidou.mybatisplus.core.override.MybatisMapperProxy.invoke(MybatisMapperProxy.java:89)
2023-09-18 18:08:54.933 [http-nio-8080-exec-6] ERROR [,] c.b.s.controller.advice.ExceptionAdvice - com.sun.proxy.$Proxy123.getInquiriesByCode(Unknown Source)
2023-09-18 18:08:54.933 [http-nio-8080-exec-6] ERROR [,] c.b.s.controller.advice.ExceptionAdvice - com.benewake.saleordersystem.service.impl.InquiryServiceImpl.getInquiriesByCode(InquiryServiceImpl.java:523)
2023-09-18 18:08:54.933 [http-nio-8080-exec-6] ERROR [,] c.b.s.controller.advice.ExceptionAdvice - com.benewake.saleordersystem.service.impl.InquiryServiceImpl$$FastClassBySpringCGLIB$$3ad626c8.invoke(<generated>)
2023-09-18 18:08:54.933 [http-nio-8080-exec-6] ERROR [,] c.b.s.controller.advice.ExceptionAdvice - org.springframework.cglib.proxy.MethodProxy.invoke(MethodProxy.java:218)
2023-09-18 18:08:54.933 [http-nio-8080-exec-6] ERROR [,] c.b.s.controller.advice.ExceptionAdvice - org.springframework.aop.framework.CglibAopProxy$CglibMethodInvocation.invokeJoinpoint(CglibAopProxy.java:771)
2023-09-18 18:08:54.933 [http-nio-8080-exec-6] ERROR [,] c.b.s.controller.advice.ExceptionAdvice - org.springframework.aop.framework.ReflectiveMethodInvocation.proceed(ReflectiveMethodInvocation.java:163)
2023-09-18 18:08:54.933 [http-nio-8080-exec-6] ERROR [,] c.b.s.controller.advice.ExceptionAdvice - org.springframework.aop.framework.CglibAopProxy$CglibMethodInvocation.proceed(CglibAopProxy.java:749)
2023-09-18 18:08:54.933 [http-nio-8080-exec-6] ERROR [,] c.b.s.controller.advice.ExceptionAdvice - org.springframework.aop.interceptor.ExposeInvocationInterceptor.invoke(ExposeInvocationInterceptor.java:95)
2023-09-18 18:08:54.933 [http-nio-8080-exec-6] ERROR [,] c.b.s.controller.advice.ExceptionAdvice - org.springframework.aop.framework.ReflectiveMethodInvocation.proceed(ReflectiveMethodInvocation.java:186)
2023-09-18 18:08:54.933 [http-nio-8080-exec-6] ERROR [,] c.b.s.controller.advice.ExceptionAdvice - org.springframework.aop.framework.CglibAopProxy$CglibMethodInvocation.proceed(CglibAopProxy.java:749)
2023-09-18 18:08:54.933 [http-nio-8080-exec-6] ERROR [,] c.b.s.controller.advice.ExceptionAdvice - org.springframework.aop.framework.CglibAopProxy$DynamicAdvisedInterceptor.intercept(CglibAopProxy.java:691)
2023-09-18 18:08:54.933 [http-nio-8080-exec-6] ERROR [,] c.b.s.controller.advice.ExceptionAdvice - com.benewake.saleordersystem.service.impl.InquiryServiceImpl$$EnhancerBySpringCGLIB$$26aa3c6a.getInquiriesByCode(<generated>)
2023-09-18 18:08:54.933 [http-nio-8080-exec-6] ERROR [,] c.b.s.controller.advice.ExceptionAdvice - com.benewake.saleordersystem.controller.SaleOrderController.addInquiries(SaleOrderController.java:464)
2023-09-18 18:08:54.933 [http-nio-8080-exec-6] ERROR [,] c.b.s.controller.advice.ExceptionAdvice - com.benewake.saleordersystem.controller.SaleOrderController$$FastClassBySpringCGLIB$$cf2c6a0c.invoke(<generated>)
2023-09-18 18:08:54.933 [http-nio-8080-exec-6] ERROR [,] c.b.s.controller.advice.ExceptionAdvice - org.springframework.cglib.proxy.MethodProxy.invoke(MethodProxy.java:218)
2023-09-18 18:08:54.933 [http-nio-8080-exec-6] ERROR [,] c.b.s.controller.advice.ExceptionAdvice - org.springframework.aop.framework.CglibAopProxy$CglibMethodInvocation.invokeJoinpoint(CglibAopProxy.java:771)
2023-09-18 18:08:54.933 [http-nio-8080-exec-6] ERROR [,] c.b.s.controller.advice.ExceptionAdvice - org.springframework.aop.framework.ReflectiveMethodInvocation.proceed(ReflectiveMethodInvocation.java:163)
2023-09-18 18:08:54.933 [http-nio-8080-exec-6] ERROR [,] c.b.s.controller.advice.ExceptionAdvice - org.springframework.aop.framework.CglibAopProxy$CglibMethodInvocation.proceed(CglibAopProxy.java:749)
2023-09-18 18:08:54.934 [http-nio-8080-exec-6] ERROR [,] c.b.s.controller.advice.ExceptionAdvice - org.springframework.aop.aspectj.MethodInvocationProceedingJoinPoint.proceed(MethodInvocationProceedingJoinPoint.java:88)
2023-09-18 18:08:54.934 [http-nio-8080-exec-6] ERROR [,] c.b.s.controller.advice.ExceptionAdvice - com.benewake.saleordersystem.aspect.LogAspect.before(LogAspect.java:83)
2023-09-18 18:08:54.934 [http-nio-8080-exec-6] ERROR [,] c.b.s.controller.advice.ExceptionAdvice - sun.reflect.NativeMethodAccessorImpl.invoke0(Native Method)
2023-09-18 18:08:54.934 [http-nio-8080-exec-6] ERROR [,] c.b.s.controller.advice.ExceptionAdvice - sun.reflect.NativeMethodAccessorImpl.invoke(NativeMethodAccessorImpl.java:62)
2023-09-18 18:08:54.934 [http-nio-8080-exec-6] ERROR [,] c.b.s.controller.advice.ExceptionAdvice - sun.reflect.DelegatingMethodAccessorImpl.invoke(DelegatingMethodAccessorImpl.java:43)
2023-09-18 18:08:54.934 [http-nio-8080-exec-6] ERROR [,] c.b.s.controller.advice.ExceptionAdvice - java.lang.reflect.Method.invoke(Method.java:498)
2023-09-18 18:08:54.934 [http-nio-8080-exec-6] ERROR [,] c.b.s.controller.advice.ExceptionAdvice - org.springframework.aop.aspectj.AbstractAspectJAdvice.invokeAdviceMethodWithGivenArgs(AbstractAspectJAdvice.java:644)
2023-09-18 18:08:54.934 [http-nio-8080-exec-6] ERROR [,] c.b.s.controller.advice.ExceptionAdvice - org.springframework.aop.aspectj.AbstractAspectJAdvice.invokeAdviceMethod(AbstractAspectJAdvice.java:633)
2023-09-18 18:08:54.934 [http-nio-8080-exec-6] ERROR [,] c.b.s.controller.advice.ExceptionAdvice - org.springframework.aop.aspectj.AspectJAroundAdvice.invoke(AspectJAroundAdvice.java:70)
2023-09-18 18:08:54.934 [http-nio-8080-exec-6] ERROR [,] c.b.s.controller.advice.ExceptionAdvice - org.springframework.aop.framework.ReflectiveMethodInvocation.proceed(ReflectiveMethodInvocation.java:186)
2023-09-18 18:08:54.934 [http-nio-8080-exec-6] ERROR [,] c.b.s.controller.advice.ExceptionAdvice - org.springframework.aop.framework.CglibAopProxy$CglibMethodInvocation.proceed(CglibAopProxy.java:749)
2023-09-18 18:08:54.934 [http-nio-8080-exec-6] ERROR [,] c.b.s.controller.advice.ExceptionAdvice - org.springframework.transaction.interceptor.TransactionAspectSupport.invokeWithinTransaction(TransactionAspectSupport.java:367)
2023-09-18 18:08:54.934 [http-nio-8080-exec-6] ERROR [,] c.b.s.controller.advice.ExceptionAdvice - org.springframework.transaction.interceptor.TransactionInterceptor.invoke(TransactionInterceptor.java:118)
2023-09-18 18:08:54.934 [http-nio-8080-exec-6] ERROR [,] c.b.s.controller.advice.ExceptionAdvice - org.springframework.aop.framework.ReflectiveMethodInvocation.proceed(ReflectiveMethodInvocation.java:186)
2023-09-18 18:08:54.934 [http-nio-8080-exec-6] ERROR [,] c.b.s.controller.advice.ExceptionAdvice - org.springframework.aop.framework.CglibAopProxy$CglibMethodInvocation.proceed(CglibAopProxy.java:749)
2023-09-18 18:08:54.934 [http-nio-8080-exec-6] ERROR [,] c.b.s.controller.advice.ExceptionAdvice - org.springframework.aop.interceptor.ExposeInvocationInterceptor.invoke(ExposeInvocationInterceptor.java:95)
2023-09-18 18:08:54.934 [http-nio-8080-exec-6] ERROR [,] c.b.s.controller.advice.ExceptionAdvice - org.springframework.aop.framework.ReflectiveMethodInvocation.proceed(ReflectiveMethodInvocation.java:186)
2023-09-18 18:08:54.934 [http-nio-8080-exec-6] ERROR [,] c.b.s.controller.advice.ExceptionAdvice - org.springframework.aop.framework.CglibAopProxy$CglibMethodInvocation.proceed(CglibAopProxy.java:749)
2023-09-18 18:08:54.934 [http-nio-8080-exec-6] ERROR [,] c.b.s.controller.advice.ExceptionAdvice - org.springframework.aop.framework.CglibAopProxy$DynamicAdvisedInterceptor.intercept(CglibAopProxy.java:691)
2023-09-18 18:08:54.934 [http-nio-8080-exec-6] ERROR [,] c.b.s.controller.advice.ExceptionAdvice - com.benewake.saleordersystem.controller.SaleOrderController$$EnhancerBySpringCGLIB$$2ddb6ef8.addInquiries(<generated>)
2023-09-18 18:08:54.934 [http-nio-8080-exec-6] ERROR [,] c.b.s.controller.advice.ExceptionAdvice - sun.reflect.NativeMethodAccessorImpl.invoke0(Native Method)
2023-09-18 18:08:54.934 [http-nio-8080-exec-6] ERROR [,] c.b.s.controller.advice.ExceptionAdvice - sun.reflect.NativeMethodAccessorImpl.invoke(NativeMethodAccessorImpl.java:62)
2023-09-18 18:08:54.934 [http-nio-8080-exec-6] ERROR [,] c.b.s.controller.advice.ExceptionAdvice - sun.reflect.DelegatingMethodAccessorImpl.invoke(DelegatingMethodAccessorImpl.java:43)
2023-09-18 18:08:54.934 [http-nio-8080-exec-6] ERROR [,] c.b.s.controller.advice.ExceptionAdvice - java.lang.reflect.Method.invoke(Method.java:498)
2023-09-18 18:08:54.934 [http-nio-8080-exec-6] ERROR [,] c.b.s.controller.advice.ExceptionAdvice - org.springframework.web.method.support.InvocableHandlerMethod.doInvoke(InvocableHandlerMethod.java:190)
2023-09-18 18:08:54.934 [http-nio-8080-exec-6] ERROR [,] c.b.s.controller.advice.ExceptionAdvice - org.springframework.web.method.support.InvocableHandlerMethod.invokeForRequest(InvocableHandlerMethod.java:138)
2023-09-18 18:08:54.934 [http-nio-8080-exec-6] ERROR [,] c.b.s.controller.advice.ExceptionAdvice - org.springframework.web.servlet.mvc.method.annotation.ServletInvocableHandlerMethod.invokeAndHandle(ServletInvocableHandlerMethod.java:105)
2023-09-18 18:08:54.934 [http-nio-8080-exec-6] ERROR [,] c.b.s.controller.advice.ExceptionAdvice - org.springframework.web.servlet.mvc.method.annotation.RequestMappingHandlerAdapter.invokeHandlerMethod(RequestMappingHandlerAdapter.java:878)
2023-09-18 18:08:54.934 [http-nio-8080-exec-6] ERROR [,] c.b.s.controller.advice.ExceptionAdvice - org.springframework.web.servlet.mvc.method.annotation.RequestMappingHandlerAdapter.handleInternal(RequestMappingHandlerAdapter.java:792)
2023-09-18 18:08:54.934 [http-nio-8080-exec-6] ERROR [,] c.b.s.controller.advice.ExceptionAdvice - org.springframework.web.servlet.mvc.method.AbstractHandlerMethodAdapter.handle(AbstractHandlerMethodAdapter.java:87)
2023-09-18 18:08:54.934 [http-nio-8080-exec-6] ERROR [,] c.b.s.controller.advice.ExceptionAdvice - org.springframework.web.servlet.DispatcherServlet.doDispatch(DispatcherServlet.java:1040)
2023-09-18 18:08:54.934 [http-nio-8080-exec-6] ERROR [,] c.b.s.controller.advice.ExceptionAdvice - org.springframework.web.servlet.DispatcherServlet.doService(DispatcherServlet.java:943)
2023-09-18 18:08:54.934 [http-nio-8080-exec-6] ERROR [,] c.b.s.controller.advice.ExceptionAdvice - org.springframework.web.servlet.FrameworkServlet.processRequest(FrameworkServlet.java:1006)
2023-09-18 18:08:54.934 [http-nio-8080-exec-6] ERROR [,] c.b.s.controller.advice.ExceptionAdvice - org.springframework.web.servlet.FrameworkServlet.doPost(FrameworkServlet.java:909)
2023-09-18 18:08:54.934 [http-nio-8080-exec-6] ERROR [,] c.b.s.controller.advice.ExceptionAdvice - javax.servlet.http.HttpServlet.service(HttpServlet.java:652)
2023-09-18 18:08:54.934 [http-nio-8080-exec-6] ERROR [,] c.b.s.controller.advice.ExceptionAdvice - org.springframework.web.servlet.FrameworkServlet.service(FrameworkServlet.java:883)
2023-09-18 18:08:54.934 [http-nio-8080-exec-6] ERROR [,] c.b.s.controller.advice.ExceptionAdvice - javax.servlet.http.HttpServlet.service(HttpServlet.java:733)
2023-09-18 18:08:54.934 [http-nio-8080-exec-6] ERROR [,] c.b.s.controller.advice.ExceptionAdvice - org.apache.catalina.core.ApplicationFilterChain.internalDoFilter(ApplicationFilterChain.java:231)
2023-09-18 18:08:54.934 [http-nio-8080-exec-6] ERROR [,] c.b.s.controller.advice.ExceptionAdvice - org.apache.catalina.core.ApplicationFilterChain.doFilter(ApplicationFilterChain.java:166)
2023-09-18 18:08:54.934 [http-nio-8080-exec-6] ERROR [,] c.b.s.controller.advice.ExceptionAdvice - org.apache.tomcat.websocket.server.WsFilter.doFilter(WsFilter.java:53)
2023-09-18 18:08:54.934 [http-nio-8080-exec-6] ERROR [,] c.b.s.controller.advice.ExceptionAdvice - org.apache.catalina.core.ApplicationFilterChain.internalDoFilter(ApplicationFilterChain.java:193)
2023-09-18 18:08:54.934 [http-nio-8080-exec-6] ERROR [,] c.b.s.controller.advice.ExceptionAdvice - org.apache.catalina.core.ApplicationFilterChain.doFilter(ApplicationFilterChain.java:166)
2023-09-18 18:08:54.934 [http-nio-8080-exec-6] ERROR [,] c.b.s.controller.advice.ExceptionAdvice - org.springframework.web.filter.CorsFilter.doFilterInternal(CorsFilter.java:92)
2023-09-18 18:08:54.934 [http-nio-8080-exec-6] ERROR [,] c.b.s.controller.advice.ExceptionAdvice - org.springframework.web.filter.OncePerRequestFilter.doFilter(OncePerRequestFilter.java:119)
2023-09-18 18:08:54.934 [http-nio-8080-exec-6] ERROR [,] c.b.s.controller.advice.ExceptionAdvice - org.apache.catalina.core.ApplicationFilterChain.internalDoFilter(ApplicationFilterChain.java:193)
2023-09-18 18:08:54.934 [http-nio-8080-exec-6] ERROR [,] c.b.s.controller.advice.ExceptionAdvice - org.apache.catalina.core.ApplicationFilterChain.doFilter(ApplicationFilterChain.java:166)
2023-09-18 18:08:54.934 [http-nio-8080-exec-6] ERROR [,] c.b.s.controller.advice.ExceptionAdvice - org.springframework.web.filter.RequestContextFilter.doFilterInternal(RequestContextFilter.java:100)
2023-09-18 18:08:54.934 [http-nio-8080-exec-6] ERROR [,] c.b.s.controller.advice.ExceptionAdvice - org.springframework.web.filter.OncePerRequestFilter.doFilter(OncePerRequestFilter.java:119)
2023-09-18 18:08:54.934 [http-nio-8080-exec-6] ERROR [,] c.b.s.controller.advice.ExceptionAdvice - org.apache.catalina.core.ApplicationFilterChain.internalDoFilter(ApplicationFilterChain.java:193)
2023-09-18 18:08:54.934 [http-nio-8080-exec-6] ERROR [,] c.b.s.controller.advice.ExceptionAdvice - org.apache.catalina.core.ApplicationFilterChain.doFilter(ApplicationFilterChain.java:166)
2023-09-18 18:08:54.935 [http-nio-8080-exec-6] ERROR [,] c.b.s.controller.advice.ExceptionAdvice - org.springframework.web.filter.FormContentFilter.doFilterInternal(FormContentFilter.java:93)
2023-09-18 18:08:54.935 [http-nio-8080-exec-6] ERROR [,] c.b.s.controller.advice.ExceptionAdvice - org.springframework.web.filter.OncePerRequestFilter.doFilter(OncePerRequestFilter.java:119)
2023-09-18 18:08:54.935 [http-nio-8080-exec-6] ERROR [,] c.b.s.controller.advice.ExceptionAdvice - org.apache.catalina.core.ApplicationFilterChain.internalDoFilter(ApplicationFilterChain.java:193)
2023-09-18 18:08:54.935 [http-nio-8080-exec-6] ERROR [,] c.b.s.controller.advice.ExceptionAdvice - org.apache.catalina.core.ApplicationFilterChain.doFilter(ApplicationFilterChain.java:166)
2023-09-18 18:08:54.935 [http-nio-8080-exec-6] ERROR [,] c.b.s.controller.advice.ExceptionAdvice - org.springframework.web.filter.CharacterEncodingFilter.doFilterInternal(CharacterEncodingFilter.java:201)
2023-09-18 18:08:54.935 [http-nio-8080-exec-6] ERROR [,] c.b.s.controller.advice.ExceptionAdvice - org.springframework.web.filter.OncePerRequestFilter.doFilter(OncePerRequestFilter.java:119)
2023-09-18 18:08:54.935 [http-nio-8080-exec-6] ERROR [,] c.b.s.controller.advice.ExceptionAdvice - org.apache.catalina.core.ApplicationFilterChain.internalDoFilter(ApplicationFilterChain.java:193)
2023-09-18 18:08:54.935 [http-nio-8080-exec-6] ERROR [,] c.b.s.controller.advice.ExceptionAdvice - org.apache.catalina.core.ApplicationFilterChain.doFilter(ApplicationFilterChain.java:166)
2023-09-18 18:08:54.935 [http-nio-8080-exec-6] ERROR [,] c.b.s.controller.advice.ExceptionAdvice - org.apache.catalina.core.StandardWrapperValve.invoke(StandardWrapperValve.java:202)
2023-09-18 18:08:54.935 [http-nio-8080-exec-6] ERROR [,] c.b.s.controller.advice.ExceptionAdvice - org.apache.catalina.core.StandardContextValve.invoke(StandardContextValve.java:97)
2023-09-18 18:08:54.935 [http-nio-8080-exec-6] ERROR [,] c.b.s.controller.advice.ExceptionAdvice - org.apache.catalina.authenticator.AuthenticatorBase.invoke(AuthenticatorBase.java:542)
2023-09-18 18:08:54.935 [http-nio-8080-exec-6] ERROR [,] c.b.s.controller.advice.ExceptionAdvice - org.apache.catalina.core.StandardHostValve.invoke(StandardHostValve.java:143)
2023-09-18 18:08:54.935 [http-nio-8080-exec-6] ERROR [,] c.b.s.controller.advice.ExceptionAdvice - org.apache.catalina.valves.ErrorReportValve.invoke(ErrorReportValve.java:92)
2023-09-18 18:08:54.935 [http-nio-8080-exec-6] ERROR [,] c.b.s.controller.advice.ExceptionAdvice - org.apache.catalina.core.StandardEngineValve.invoke(StandardEngineValve.java:78)
2023-09-18 18:08:54.935 [http-nio-8080-exec-6] ERROR [,] c.b.s.controller.advice.ExceptionAdvice - org.apache.catalina.connector.CoyoteAdapter.service(CoyoteAdapter.java:343)
2023-09-18 18:08:54.935 [http-nio-8080-exec-6] ERROR [,] c.b.s.controller.advice.ExceptionAdvice - org.apache.coyote.http11.Http11Processor.service(Http11Processor.java:374)
2023-09-18 18:08:54.935 [http-nio-8080-exec-6] ERROR [,] c.b.s.controller.advice.ExceptionAdvice - org.apache.coyote.AbstractProcessorLight.process(AbstractProcessorLight.java:65)
2023-09-18 18:08:54.935 [http-nio-8080-exec-6] ERROR [,] c.b.s.controller.advice.ExceptionAdvice - org.apache.coyote.AbstractProtocol$ConnectionHandler.process(AbstractProtocol.java:888)
2023-09-18 18:08:54.935 [http-nio-8080-exec-6] ERROR [,] c.b.s.controller.advice.ExceptionAdvice - org.apache.tomcat.util.net.NioEndpoint$SocketProcessor.doRun(NioEndpoint.java:1597)
2023-09-18 18:08:54.935 [http-nio-8080-exec-6] ERROR [,] c.b.s.controller.advice.ExceptionAdvice - org.apache.tomcat.util.net.SocketProcessorBase.run(SocketProcessorBase.java:49)
2023-09-18 18:08:54.935 [http-nio-8080-exec-6] ERROR [,] c.b.s.controller.advice.ExceptionAdvice - java.util.concurrent.ThreadPoolExecutor.runWorker(ThreadPoolExecutor.java:1149)
2023-09-18 18:08:54.935 [http-nio-8080-exec-6] ERROR [,] c.b.s.controller.advice.ExceptionAdvice - java.util.concurrent.ThreadPoolExecutor$Worker.run(ThreadPoolExecutor.java:624)
2023-09-18 18:08:54.935 [http-nio-8080-exec-6] ERROR [,] c.b.s.controller.advice.ExceptionAdvice - org.apache.tomcat.util.threads.TaskThread$WrappingRunnable.run(TaskThread.java:61)
2023-09-18 18:08:54.935 [http-nio-8080-exec-6] ERROR [,] c.b.s.controller.advice.ExceptionAdvice - java.lang.Thread.run(Thread.java:750)
2023-09-18 18:09:30.923 [http-nio-8080-exec-8] ERROR [,] c.b.s.controller.advice.ExceptionAdvice - 服务器发生异常：nested exception is org.apache.ibatis.exceptions.TooManyResultsException: Expected one result (or null) to be returned by selectOne(), but found: 2
2023-09-18 18:09:30.924 [http-nio-8080-exec-8] ERROR [,] c.b.s.controller.advice.ExceptionAdvice - org.mybatis.spring.MyBatisExceptionTranslator.translateExceptionIfPossible(MyBatisExceptionTranslator.java:96)
2023-09-18 18:09:30.924 [http-nio-8080-exec-8] ERROR [,] c.b.s.controller.advice.ExceptionAdvice - org.mybatis.spring.SqlSessionTemplate$SqlSessionInterceptor.invoke(SqlSessionTemplate.java:441)
2023-09-18 18:09:30.924 [http-nio-8080-exec-8] ERROR [,] c.b.s.controller.advice.ExceptionAdvice - com.sun.proxy.$Proxy85.selectOne(Unknown Source)
2023-09-18 18:09:30.924 [http-nio-8080-exec-8] ERROR [,] c.b.s.controller.advice.ExceptionAdvice - org.mybatis.spring.SqlSessionTemplate.selectOne(SqlSessionTemplate.java:160)
2023-09-18 18:09:30.924 [http-nio-8080-exec-8] ERROR [,] c.b.s.controller.advice.ExceptionAdvice - com.baomidou.mybatisplus.core.override.MybatisMapperMethod.execute(MybatisMapperMethod.java:89)
2023-09-18 18:09:30.924 [http-nio-8080-exec-8] ERROR [,] c.b.s.controller.advice.ExceptionAdvice - com.baomidou.mybatisplus.core.override.MybatisMapperProxy$PlainMethodInvoker.invoke(MybatisMapperProxy.java:148)
2023-09-18 18:09:30.924 [http-nio-8080-exec-8] ERROR [,] c.b.s.controller.advice.ExceptionAdvice - com.baomidou.mybatisplus.core.override.MybatisMapperProxy.invoke(MybatisMapperProxy.java:89)
2023-09-18 18:09:30.924 [http-nio-8080-exec-8] ERROR [,] c.b.s.controller.advice.ExceptionAdvice - com.sun.proxy.$Proxy123.getInquiriesByCode(Unknown Source)
2023-09-18 18:09:30.924 [http-nio-8080-exec-8] ERROR [,] c.b.s.controller.advice.ExceptionAdvice - com.benewake.saleordersystem.service.impl.InquiryServiceImpl.getInquiriesByCode(InquiryServiceImpl.java:523)
2023-09-18 18:09:30.924 [http-nio-8080-exec-8] ERROR [,] c.b.s.controller.advice.ExceptionAdvice - com.benewake.saleordersystem.service.impl.InquiryServiceImpl$$FastClassBySpringCGLIB$$3ad626c8.invoke(<generated>)
2023-09-18 18:09:30.924 [http-nio-8080-exec-8] ERROR [,] c.b.s.controller.advice.ExceptionAdvice - org.springframework.cglib.proxy.MethodProxy.invoke(MethodProxy.java:218)
2023-09-18 18:09:30.924 [http-nio-8080-exec-8] ERROR [,] c.b.s.controller.advice.ExceptionAdvice - org.springframework.aop.framework.CglibAopProxy$CglibMethodInvocation.invokeJoinpoint(CglibAopProxy.java:771)
2023-09-18 18:09:30.924 [http-nio-8080-exec-8] ERROR [,] c.b.s.controller.advice.ExceptionAdvice - org.springframework.aop.framework.ReflectiveMethodInvocation.proceed(ReflectiveMethodInvocation.java:163)
2023-09-18 18:09:30.924 [http-nio-8080-exec-8] ERROR [,] c.b.s.controller.advice.ExceptionAdvice - org.springframework.aop.framework.CglibAopProxy$CglibMethodInvocation.proceed(CglibAopProxy.java:749)
2023-09-18 18:09:30.924 [http-nio-8080-exec-8] ERROR [,] c.b.s.controller.advice.ExceptionAdvice - org.springframework.aop.interceptor.ExposeInvocationInterceptor.invoke(ExposeInvocationInterceptor.java:95)
2023-09-18 18:09:30.924 [http-nio-8080-exec-8] ERROR [,] c.b.s.controller.advice.ExceptionAdvice - org.springframework.aop.framework.ReflectiveMethodInvocation.proceed(ReflectiveMethodInvocation.java:186)
2023-09-18 18:09:30.924 [http-nio-8080-exec-8] ERROR [,] c.b.s.controller.advice.ExceptionAdvice - org.springframework.aop.framework.CglibAopProxy$CglibMethodInvocation.proceed(CglibAopProxy.java:749)
2023-09-18 18:09:30.924 [http-nio-8080-exec-8] ERROR [,] c.b.s.controller.advice.ExceptionAdvice - org.springframework.aop.framework.CglibAopProxy$DynamicAdvisedInterceptor.intercept(CglibAopProxy.java:691)
2023-09-18 18:09:30.924 [http-nio-8080-exec-8] ERROR [,] c.b.s.controller.advice.ExceptionAdvice - com.benewake.saleordersystem.service.impl.InquiryServiceImpl$$EnhancerBySpringCGLIB$$26aa3c6a.getInquiriesByCode(<generated>)
2023-09-18 18:09:30.924 [http-nio-8080-exec-8] ERROR [,] c.b.s.controller.advice.ExceptionAdvice - com.benewake.saleordersystem.controller.SaleOrderController.addInquiries(SaleOrderController.java:464)
2023-09-18 18:09:30.924 [http-nio-8080-exec-8] ERROR [,] c.b.s.controller.advice.ExceptionAdvice - com.benewake.saleordersystem.controller.SaleOrderController$$FastClassBySpringCGLIB$$cf2c6a0c.invoke(<generated>)
2023-09-18 18:09:30.924 [http-nio-8080-exec-8] ERROR [,] c.b.s.controller.advice.ExceptionAdvice - org.springframework.cglib.proxy.MethodProxy.invoke(MethodProxy.java:218)
2023-09-18 18:09:30.924 [http-nio-8080-exec-8] ERROR [,] c.b.s.controller.advice.ExceptionAdvice - org.springframework.aop.framework.CglibAopProxy$CglibMethodInvocation.invokeJoinpoint(CglibAopProxy.java:771)
2023-09-18 18:09:30.924 [http-nio-8080-exec-8] ERROR [,] c.b.s.controller.advice.ExceptionAdvice - org.springframework.aop.framework.ReflectiveMethodInvocation.proceed(ReflectiveMethodInvocation.java:163)
2023-09-18 18:09:30.924 [http-nio-8080-exec-8] ERROR [,] c.b.s.controller.advice.ExceptionAdvice - org.springframework.aop.framework.CglibAopProxy$CglibMethodInvocation.proceed(CglibAopProxy.java:749)
2023-09-18 18:09:30.924 [http-nio-8080-exec-8] ERROR [,] c.b.s.controller.advice.ExceptionAdvice - org.springframework.aop.aspectj.MethodInvocationProceedingJoinPoint.proceed(MethodInvocationProceedingJoinPoint.java:88)
2023-09-18 18:09:30.924 [http-nio-8080-exec-8] ERROR [,] c.b.s.controller.advice.ExceptionAdvice - com.benewake.saleordersystem.aspect.LogAspect.before(LogAspect.java:83)
2023-09-18 18:09:30.924 [http-nio-8080-exec-8] ERROR [,] c.b.s.controller.advice.ExceptionAdvice - sun.reflect.NativeMethodAccessorImpl.invoke0(Native Method)
2023-09-18 18:09:30.924 [http-nio-8080-exec-8] ERROR [,] c.b.s.controller.advice.ExceptionAdvice - sun.reflect.NativeMethodAccessorImpl.invoke(NativeMethodAccessorImpl.java:62)
2023-09-18 18:09:30.924 [http-nio-8080-exec-8] ERROR [,] c.b.s.controller.advice.ExceptionAdvice - sun.reflect.DelegatingMethodAccessorImpl.invoke(DelegatingMethodAccessorImpl.java:43)
2023-09-18 18:09:30.925 [http-nio-8080-exec-8] ERROR [,] c.b.s.controller.advice.ExceptionAdvice - java.lang.reflect.Method.invoke(Method.java:498)
2023-09-18 18:09:30.925 [http-nio-8080-exec-8] ERROR [,] c.b.s.controller.advice.ExceptionAdvice - org.springframework.aop.aspectj.AbstractAspectJAdvice.invokeAdviceMethodWithGivenArgs(AbstractAspectJAdvice.java:644)
2023-09-18 18:09:30.925 [http-nio-8080-exec-8] ERROR [,] c.b.s.controller.advice.ExceptionAdvice - org.springframework.aop.aspectj.AbstractAspectJAdvice.invokeAdviceMethod(AbstractAspectJAdvice.java:633)
2023-09-18 18:09:30.925 [http-nio-8080-exec-8] ERROR [,] c.b.s.controller.advice.ExceptionAdvice - org.springframework.aop.aspectj.AspectJAroundAdvice.invoke(AspectJAroundAdvice.java:70)
2023-09-18 18:09:30.925 [http-nio-8080-exec-8] ERROR [,] c.b.s.controller.advice.ExceptionAdvice - org.springframework.aop.framework.ReflectiveMethodInvocation.proceed(ReflectiveMethodInvocation.java:186)
2023-09-18 18:09:30.925 [http-nio-8080-exec-8] ERROR [,] c.b.s.controller.advice.ExceptionAdvice - org.springframework.aop.framework.CglibAopProxy$CglibMethodInvocation.proceed(CglibAopProxy.java:749)
2023-09-18 18:09:30.925 [http-nio-8080-exec-8] ERROR [,] c.b.s.controller.advice.ExceptionAdvice - org.springframework.transaction.interceptor.TransactionAspectSupport.invokeWithinTransaction(TransactionAspectSupport.java:367)
2023-09-18 18:09:30.925 [http-nio-8080-exec-8] ERROR [,] c.b.s.controller.advice.ExceptionAdvice - org.springframework.transaction.interceptor.TransactionInterceptor.invoke(TransactionInterceptor.java:118)
2023-09-18 18:09:30.925 [http-nio-8080-exec-8] ERROR [,] c.b.s.controller.advice.ExceptionAdvice - org.springframework.aop.framework.ReflectiveMethodInvocation.proceed(ReflectiveMethodInvocation.java:186)
2023-09-18 18:09:30.925 [http-nio-8080-exec-8] ERROR [,] c.b.s.controller.advice.ExceptionAdvice - org.springframework.aop.framework.CglibAopProxy$CglibMethodInvocation.proceed(CglibAopProxy.java:749)
2023-09-18 18:09:30.925 [http-nio-8080-exec-8] ERROR [,] c.b.s.controller.advice.ExceptionAdvice - org.springframework.aop.interceptor.ExposeInvocationInterceptor.invoke(ExposeInvocationInterceptor.java:95)
2023-09-18 18:09:30.925 [http-nio-8080-exec-8] ERROR [,] c.b.s.controller.advice.ExceptionAdvice - org.springframework.aop.framework.ReflectiveMethodInvocation.proceed(ReflectiveMethodInvocation.java:186)
2023-09-18 18:09:30.925 [http-nio-8080-exec-8] ERROR [,] c.b.s.controller.advice.ExceptionAdvice - org.springframework.aop.framework.CglibAopProxy$CglibMethodInvocation.proceed(CglibAopProxy.java:749)
2023-09-18 18:09:30.925 [http-nio-8080-exec-8] ERROR [,] c.b.s.controller.advice.ExceptionAdvice - org.springframework.aop.framework.CglibAopProxy$DynamicAdvisedInterceptor.intercept(CglibAopProxy.java:691)
2023-09-18 18:09:30.925 [http-nio-8080-exec-8] ERROR [,] c.b.s.controller.advice.ExceptionAdvice - com.benewake.saleordersystem.controller.SaleOrderController$$EnhancerBySpringCGLIB$$2ddb6ef8.addInquiries(<generated>)
2023-09-18 18:09:30.925 [http-nio-8080-exec-8] ERROR [,] c.b.s.controller.advice.ExceptionAdvice - sun.reflect.NativeMethodAccessorImpl.invoke0(Native Method)
2023-09-18 18:09:30.925 [http-nio-8080-exec-8] ERROR [,] c.b.s.controller.advice.ExceptionAdvice - sun.reflect.NativeMethodAccessorImpl.invoke(NativeMethodAccessorImpl.java:62)
2023-09-18 18:09:30.925 [http-nio-8080-exec-8] ERROR [,] c.b.s.controller.advice.ExceptionAdvice - sun.reflect.DelegatingMethodAccessorImpl.invoke(DelegatingMethodAccessorImpl.java:43)
2023-09-18 18:09:30.925 [http-nio-8080-exec-8] ERROR [,] c.b.s.controller.advice.ExceptionAdvice - java.lang.reflect.Method.invoke(Method.java:498)
2023-09-18 18:09:30.925 [http-nio-8080-exec-8] ERROR [,] c.b.s.controller.advice.ExceptionAdvice - org.springframework.web.method.support.InvocableHandlerMethod.doInvoke(InvocableHandlerMethod.java:190)
2023-09-18 18:09:30.925 [http-nio-8080-exec-8] ERROR [,] c.b.s.controller.advice.ExceptionAdvice - org.springframework.web.method.support.InvocableHandlerMethod.invokeForRequest(InvocableHandlerMethod.java:138)
2023-09-18 18:09:30.925 [http-nio-8080-exec-8] ERROR [,] c.b.s.controller.advice.ExceptionAdvice - org.springframework.web.servlet.mvc.method.annotation.ServletInvocableHandlerMethod.invokeAndHandle(ServletInvocableHandlerMethod.java:105)
2023-09-18 18:09:30.925 [http-nio-8080-exec-8] ERROR [,] c.b.s.controller.advice.ExceptionAdvice - org.springframework.web.servlet.mvc.method.annotation.RequestMappingHandlerAdapter.invokeHandlerMethod(RequestMappingHandlerAdapter.java:878)
2023-09-18 18:09:30.925 [http-nio-8080-exec-8] ERROR [,] c.b.s.controller.advice.ExceptionAdvice - org.springframework.web.servlet.mvc.method.annotation.RequestMappingHandlerAdapter.handleInternal(RequestMappingHandlerAdapter.java:792)
2023-09-18 18:09:30.925 [http-nio-8080-exec-8] ERROR [,] c.b.s.controller.advice.ExceptionAdvice - org.springframework.web.servlet.mvc.method.AbstractHandlerMethodAdapter.handle(AbstractHandlerMethodAdapter.java:87)
2023-09-18 18:09:30.925 [http-nio-8080-exec-8] ERROR [,] c.b.s.controller.advice.ExceptionAdvice - org.springframework.web.servlet.DispatcherServlet.doDispatch(DispatcherServlet.java:1040)
2023-09-18 18:09:30.925 [http-nio-8080-exec-8] ERROR [,] c.b.s.controller.advice.ExceptionAdvice - org.springframework.web.servlet.DispatcherServlet.doService(DispatcherServlet.java:943)
2023-09-18 18:09:30.925 [http-nio-8080-exec-8] ERROR [,] c.b.s.controller.advice.ExceptionAdvice - org.springframework.web.servlet.FrameworkServlet.processRequest(FrameworkServlet.java:1006)
2023-09-18 18:09:30.925 [http-nio-8080-exec-8] ERROR [,] c.b.s.controller.advice.ExceptionAdvice - org.springframework.web.servlet.FrameworkServlet.doPost(FrameworkServlet.java:909)
2023-09-18 18:09:30.925 [http-nio-8080-exec-8] ERROR [,] c.b.s.controller.advice.ExceptionAdvice - javax.servlet.http.HttpServlet.service(HttpServlet.java:652)
2023-09-18 18:09:30.925 [http-nio-8080-exec-8] ERROR [,] c.b.s.controller.advice.ExceptionAdvice - org.springframework.web.servlet.FrameworkServlet.service(FrameworkServlet.java:883)
2023-09-18 18:09:30.925 [http-nio-8080-exec-8] ERROR [,] c.b.s.controller.advice.ExceptionAdvice - javax.servlet.http.HttpServlet.service(HttpServlet.java:733)
2023-09-18 18:09:30.925 [http-nio-8080-exec-8] ERROR [,] c.b.s.controller.advice.ExceptionAdvice - org.apache.catalina.core.ApplicationFilterChain.internalDoFilter(ApplicationFilterChain.java:231)
2023-09-18 18:09:30.925 [http-nio-8080-exec-8] ERROR [,] c.b.s.controller.advice.ExceptionAdvice - org.apache.catalina.core.ApplicationFilterChain.doFilter(ApplicationFilterChain.java:166)
2023-09-18 18:09:30.926 [http-nio-8080-exec-8] ERROR [,] c.b.s.controller.advice.ExceptionAdvice - org.apache.tomcat.websocket.server.WsFilter.doFilter(WsFilter.java:53)
2023-09-18 18:09:30.926 [http-nio-8080-exec-8] ERROR [,] c.b.s.controller.advice.ExceptionAdvice - org.apache.catalina.core.ApplicationFilterChain.internalDoFilter(ApplicationFilterChain.java:193)
2023-09-18 18:09:30.926 [http-nio-8080-exec-8] ERROR [,] c.b.s.controller.advice.ExceptionAdvice - org.apache.catalina.core.ApplicationFilterChain.doFilter(ApplicationFilterChain.java:166)
2023-09-18 18:09:30.926 [http-nio-8080-exec-8] ERROR [,] c.b.s.controller.advice.ExceptionAdvice - org.springframework.web.filter.CorsFilter.doFilterInternal(CorsFilter.java:92)
2023-09-18 18:09:30.926 [http-nio-8080-exec-8] ERROR [,] c.b.s.controller.advice.ExceptionAdvice - org.springframework.web.filter.OncePerRequestFilter.doFilter(OncePerRequestFilter.java:119)
2023-09-18 18:09:30.926 [http-nio-8080-exec-8] ERROR [,] c.b.s.controller.advice.ExceptionAdvice - org.apache.catalina.core.ApplicationFilterChain.internalDoFilter(ApplicationFilterChain.java:193)
2023-09-18 18:09:30.926 [http-nio-8080-exec-8] ERROR [,] c.b.s.controller.advice.ExceptionAdvice - org.apache.catalina.core.ApplicationFilterChain.doFilter(ApplicationFilterChain.java:166)
2023-09-18 18:09:30.926 [http-nio-8080-exec-8] ERROR [,] c.b.s.controller.advice.ExceptionAdvice - org.springframework.web.filter.RequestContextFilter.doFilterInternal(RequestContextFilter.java:100)
2023-09-18 18:09:30.926 [http-nio-8080-exec-8] ERROR [,] c.b.s.controller.advice.ExceptionAdvice - org.springframework.web.filter.OncePerRequestFilter.doFilter(OncePerRequestFilter.java:119)
2023-09-18 18:09:30.926 [http-nio-8080-exec-8] ERROR [,] c.b.s.controller.advice.ExceptionAdvice - org.apache.catalina.core.ApplicationFilterChain.internalDoFilter(ApplicationFilterChain.java:193)
2023-09-18 18:09:30.926 [http-nio-8080-exec-8] ERROR [,] c.b.s.controller.advice.ExceptionAdvice - org.apache.catalina.core.ApplicationFilterChain.doFilter(ApplicationFilterChain.java:166)
2023-09-18 18:09:30.926 [http-nio-8080-exec-8] ERROR [,] c.b.s.controller.advice.ExceptionAdvice - org.springframework.web.filter.FormContentFilter.doFilterInternal(FormContentFilter.java:93)
2023-09-18 18:09:30.926 [http-nio-8080-exec-8] ERROR [,] c.b.s.controller.advice.ExceptionAdvice - org.springframework.web.filter.OncePerRequestFilter.doFilter(OncePerRequestFilter.java:119)
2023-09-18 18:09:30.926 [http-nio-8080-exec-8] ERROR [,] c.b.s.controller.advice.ExceptionAdvice - org.apache.catalina.core.ApplicationFilterChain.internalDoFilter(ApplicationFilterChain.java:193)
2023-09-18 18:09:30.926 [http-nio-8080-exec-8] ERROR [,] c.b.s.controller.advice.ExceptionAdvice - org.apache.catalina.core.ApplicationFilterChain.doFilter(ApplicationFilterChain.java:166)
2023-09-18 18:09:30.926 [http-nio-8080-exec-8] ERROR [,] c.b.s.controller.advice.ExceptionAdvice - org.springframework.web.filter.CharacterEncodingFilter.doFilterInternal(CharacterEncodingFilter.java:201)
2023-09-18 18:09:30.926 [http-nio-8080-exec-8] ERROR [,] c.b.s.controller.advice.ExceptionAdvice - org.springframework.web.filter.OncePerRequestFilter.doFilter(OncePerRequestFilter.java:119)
2023-09-18 18:09:30.926 [http-nio-8080-exec-8] ERROR [,] c.b.s.controller.advice.ExceptionAdvice - org.apache.catalina.core.ApplicationFilterChain.internalDoFilter(ApplicationFilterChain.java:193)
2023-09-18 18:09:30.926 [http-nio-8080-exec-8] ERROR [,] c.b.s.controller.advice.ExceptionAdvice - org.apache.catalina.core.ApplicationFilterChain.doFilter(ApplicationFilterChain.java:166)
2023-09-18 18:09:30.926 [http-nio-8080-exec-8] ERROR [,] c.b.s.controller.advice.ExceptionAdvice - org.apache.catalina.core.StandardWrapperValve.invoke(StandardWrapperValve.java:202)
2023-09-18 18:09:30.926 [http-nio-8080-exec-8] ERROR [,] c.b.s.controller.advice.ExceptionAdvice - org.apache.catalina.core.StandardContextValve.invoke(StandardContextValve.java:97)
2023-09-18 18:09:30.926 [http-nio-8080-exec-8] ERROR [,] c.b.s.controller.advice.ExceptionAdvice - org.apache.catalina.authenticator.AuthenticatorBase.invoke(AuthenticatorBase.java:542)
2023-09-18 18:09:30.926 [http-nio-8080-exec-8] ERROR [,] c.b.s.controller.advice.ExceptionAdvice - org.apache.catalina.core.StandardHostValve.invoke(StandardHostValve.java:143)
2023-09-18 18:09:30.926 [http-nio-8080-exec-8] ERROR [,] c.b.s.controller.advice.ExceptionAdvice - org.apache.catalina.valves.ErrorReportValve.invoke(ErrorReportValve.java:92)
2023-09-18 18:09:30.926 [http-nio-8080-exec-8] ERROR [,] c.b.s.controller.advice.ExceptionAdvice - org.apache.catalina.core.StandardEngineValve.invoke(StandardEngineValve.java:78)
2023-09-18 18:09:30.926 [http-nio-8080-exec-8] ERROR [,] c.b.s.controller.advice.ExceptionAdvice - org.apache.catalina.connector.CoyoteAdapter.service(CoyoteAdapter.java:343)
2023-09-18 18:09:30.926 [http-nio-8080-exec-8] ERROR [,] c.b.s.controller.advice.ExceptionAdvice - org.apache.coyote.http11.Http11Processor.service(Http11Processor.java:374)
2023-09-18 18:09:30.926 [http-nio-8080-exec-8] ERROR [,] c.b.s.controller.advice.ExceptionAdvice - org.apache.coyote.AbstractProcessorLight.process(AbstractProcessorLight.java:65)
2023-09-18 18:09:30.926 [http-nio-8080-exec-8] ERROR [,] c.b.s.controller.advice.ExceptionAdvice - org.apache.coyote.AbstractProtocol$ConnectionHandler.process(AbstractProtocol.java:888)
2023-09-18 18:09:30.926 [http-nio-8080-exec-8] ERROR [,] c.b.s.controller.advice.ExceptionAdvice - org.apache.tomcat.util.net.NioEndpoint$SocketProcessor.doRun(NioEndpoint.java:1597)
2023-09-18 18:09:30.926 [http-nio-8080-exec-8] ERROR [,] c.b.s.controller.advice.ExceptionAdvice - org.apache.tomcat.util.net.SocketProcessorBase.run(SocketProcessorBase.java:49)
2023-09-18 18:09:30.926 [http-nio-8080-exec-8] ERROR [,] c.b.s.controller.advice.ExceptionAdvice - java.util.concurrent.ThreadPoolExecutor.runWorker(ThreadPoolExecutor.java:1149)
2023-09-18 18:09:30.926 [http-nio-8080-exec-8] ERROR [,] c.b.s.controller.advice.ExceptionAdvice - java.util.concurrent.ThreadPoolExecutor$Worker.run(ThreadPoolExecutor.java:624)
2023-09-18 18:09:30.926 [http-nio-8080-exec-8] ERROR [,] c.b.s.controller.advice.ExceptionAdvice - org.apache.tomcat.util.threads.TaskThread$WrappingRunnable.run(TaskThread.java:61)
2023-09-18 18:09:30.926 [http-nio-8080-exec-8] ERROR [,] c.b.s.controller.advice.ExceptionAdvice - java.lang.Thread.run(Thread.java:750)
2023-09-18 18:11:17.796 [http-nio-8080-exec-1] ERROR [,] c.b.s.controller.advice.ExceptionAdvice - 服务器发生异常：nested exception is org.apache.ibatis.exceptions.TooManyResultsException: Expected one result (or null) to be returned by selectOne(), but found: 2
2023-09-18 18:11:17.797 [http-nio-8080-exec-1] ERROR [,] c.b.s.controller.advice.ExceptionAdvice - org.mybatis.spring.MyBatisExceptionTranslator.translateExceptionIfPossible(MyBatisExceptionTranslator.java:96)
2023-09-18 18:11:17.797 [http-nio-8080-exec-1] ERROR [,] c.b.s.controller.advice.ExceptionAdvice - org.mybatis.spring.SqlSessionTemplate$SqlSessionInterceptor.invoke(SqlSessionTemplate.java:441)
2023-09-18 18:11:17.797 [http-nio-8080-exec-1] ERROR [,] c.b.s.controller.advice.ExceptionAdvice - com.sun.proxy.$Proxy85.selectOne(Unknown Source)
2023-09-18 18:11:17.797 [http-nio-8080-exec-1] ERROR [,] c.b.s.controller.advice.ExceptionAdvice - org.mybatis.spring.SqlSessionTemplate.selectOne(SqlSessionTemplate.java:160)
2023-09-18 18:11:17.797 [http-nio-8080-exec-1] ERROR [,] c.b.s.controller.advice.ExceptionAdvice - com.baomidou.mybatisplus.core.override.MybatisMapperMethod.execute(MybatisMapperMethod.java:89)
2023-09-18 18:11:17.797 [http-nio-8080-exec-1] ERROR [,] c.b.s.controller.advice.ExceptionAdvice - com.baomidou.mybatisplus.core.override.MybatisMapperProxy$PlainMethodInvoker.invoke(MybatisMapperProxy.java:148)
2023-09-18 18:11:17.797 [http-nio-8080-exec-1] ERROR [,] c.b.s.controller.advice.ExceptionAdvice - com.baomidou.mybatisplus.core.override.MybatisMapperProxy.invoke(MybatisMapperProxy.java:89)
2023-09-18 18:11:17.797 [http-nio-8080-exec-1] ERROR [,] c.b.s.controller.advice.ExceptionAdvice - com.sun.proxy.$Proxy123.getInquiriesByCode(Unknown Source)
2023-09-18 18:11:17.797 [http-nio-8080-exec-1] ERROR [,] c.b.s.controller.advice.ExceptionAdvice - com.benewake.saleordersystem.service.impl.InquiryServiceImpl.getInquiriesByCode(InquiryServiceImpl.java:523)
2023-09-18 18:11:17.798 [http-nio-8080-exec-1] ERROR [,] c.b.s.controller.advice.ExceptionAdvice - com.benewake.saleordersystem.service.impl.InquiryServiceImpl$$FastClassBySpringCGLIB$$3ad626c8.invoke(<generated>)
2023-09-18 18:11:17.798 [http-nio-8080-exec-1] ERROR [,] c.b.s.controller.advice.ExceptionAdvice - org.springframework.cglib.proxy.MethodProxy.invoke(MethodProxy.java:218)
2023-09-18 18:11:17.798 [http-nio-8080-exec-1] ERROR [,] c.b.s.controller.advice.ExceptionAdvice - org.springframework.aop.framework.CglibAopProxy$CglibMethodInvocation.invokeJoinpoint(CglibAopProxy.java:771)
2023-09-18 18:11:17.798 [http-nio-8080-exec-1] ERROR [,] c.b.s.controller.advice.ExceptionAdvice - org.springframework.aop.framework.ReflectiveMethodInvocation.proceed(ReflectiveMethodInvocation.java:163)
2023-09-18 18:11:17.798 [http-nio-8080-exec-1] ERROR [,] c.b.s.controller.advice.ExceptionAdvice - org.springframework.aop.framework.CglibAopProxy$CglibMethodInvocation.proceed(CglibAopProxy.java:749)
2023-09-18 18:11:17.798 [http-nio-8080-exec-1] ERROR [,] c.b.s.controller.advice.ExceptionAdvice - org.springframework.aop.interceptor.ExposeInvocationInterceptor.invoke(ExposeInvocationInterceptor.java:95)
2023-09-18 18:11:17.798 [http-nio-8080-exec-1] ERROR [,] c.b.s.controller.advice.ExceptionAdvice - org.springframework.aop.framework.ReflectiveMethodInvocation.proceed(ReflectiveMethodInvocation.java:186)
2023-09-18 18:11:17.798 [http-nio-8080-exec-1] ERROR [,] c.b.s.controller.advice.ExceptionAdvice - org.springframework.aop.framework.CglibAopProxy$CglibMethodInvocation.proceed(CglibAopProxy.java:749)
2023-09-18 18:11:17.798 [http-nio-8080-exec-1] ERROR [,] c.b.s.controller.advice.ExceptionAdvice - org.springframework.aop.framework.CglibAopProxy$DynamicAdvisedInterceptor.intercept(CglibAopProxy.java:691)
2023-09-18 18:11:17.798 [http-nio-8080-exec-1] ERROR [,] c.b.s.controller.advice.ExceptionAdvice - com.benewake.saleordersystem.service.impl.InquiryServiceImpl$$EnhancerBySpringCGLIB$$87a06621.getInquiriesByCode(<generated>)
2023-09-18 18:11:17.798 [http-nio-8080-exec-1] ERROR [,] c.b.s.controller.advice.ExceptionAdvice - com.benewake.saleordersystem.controller.SaleOrderController.addInquiries(SaleOrderController.java:464)
2023-09-18 18:11:17.798 [http-nio-8080-exec-1] ERROR [,] c.b.s.controller.advice.ExceptionAdvice - com.benewake.saleordersystem.controller.SaleOrderController$$FastClassBySpringCGLIB$$cf2c6a0c.invoke(<generated>)
2023-09-18 18:11:17.798 [http-nio-8080-exec-1] ERROR [,] c.b.s.controller.advice.ExceptionAdvice - org.springframework.cglib.proxy.MethodProxy.invoke(MethodProxy.java:218)
2023-09-18 18:11:17.798 [http-nio-8080-exec-1] ERROR [,] c.b.s.controller.advice.ExceptionAdvice - org.springframework.aop.framework.CglibAopProxy$CglibMethodInvocation.invokeJoinpoint(CglibAopProxy.java:771)
2023-09-18 18:11:17.798 [http-nio-8080-exec-1] ERROR [,] c.b.s.controller.advice.ExceptionAdvice - org.springframework.aop.framework.ReflectiveMethodInvocation.proceed(ReflectiveMethodInvocation.java:163)
2023-09-18 18:11:17.798 [http-nio-8080-exec-1] ERROR [,] c.b.s.controller.advice.ExceptionAdvice - org.springframework.aop.framework.CglibAopProxy$CglibMethodInvocation.proceed(CglibAopProxy.java:749)
2023-09-18 18:11:17.798 [http-nio-8080-exec-1] ERROR [,] c.b.s.controller.advice.ExceptionAdvice - org.springframework.aop.aspectj.MethodInvocationProceedingJoinPoint.proceed(MethodInvocationProceedingJoinPoint.java:88)
2023-09-18 18:11:17.798 [http-nio-8080-exec-1] ERROR [,] c.b.s.controller.advice.ExceptionAdvice - com.benewake.saleordersystem.aspect.LogAspect.before(LogAspect.java:83)
2023-09-18 18:11:17.798 [http-nio-8080-exec-1] ERROR [,] c.b.s.controller.advice.ExceptionAdvice - sun.reflect.NativeMethodAccessorImpl.invoke0(Native Method)
2023-09-18 18:11:17.798 [http-nio-8080-exec-1] ERROR [,] c.b.s.controller.advice.ExceptionAdvice - sun.reflect.NativeMethodAccessorImpl.invoke(NativeMethodAccessorImpl.java:62)
2023-09-18 18:11:17.798 [http-nio-8080-exec-1] ERROR [,] c.b.s.controller.advice.ExceptionAdvice - sun.reflect.DelegatingMethodAccessorImpl.invoke(DelegatingMethodAccessorImpl.java:43)
2023-09-18 18:11:17.798 [http-nio-8080-exec-1] ERROR [,] c.b.s.controller.advice.ExceptionAdvice - java.lang.reflect.Method.invoke(Method.java:498)
2023-09-18 18:11:17.799 [http-nio-8080-exec-1] ERROR [,] c.b.s.controller.advice.ExceptionAdvice - org.springframework.aop.aspectj.AbstractAspectJAdvice.invokeAdviceMethodWithGivenArgs(AbstractAspectJAdvice.java:644)
2023-09-18 18:11:17.799 [http-nio-8080-exec-1] ERROR [,] c.b.s.controller.advice.ExceptionAdvice - org.springframework.aop.aspectj.AbstractAspectJAdvice.invokeAdviceMethod(AbstractAspectJAdvice.java:633)
2023-09-18 18:11:17.799 [http-nio-8080-exec-1] ERROR [,] c.b.s.controller.advice.ExceptionAdvice - org.springframework.aop.aspectj.AspectJAroundAdvice.invoke(AspectJAroundAdvice.java:70)
2023-09-18 18:11:17.799 [http-nio-8080-exec-1] ERROR [,] c.b.s.controller.advice.ExceptionAdvice - org.springframework.aop.framework.ReflectiveMethodInvocation.proceed(ReflectiveMethodInvocation.java:186)
2023-09-18 18:11:17.799 [http-nio-8080-exec-1] ERROR [,] c.b.s.controller.advice.ExceptionAdvice - org.springframework.aop.framework.CglibAopProxy$CglibMethodInvocation.proceed(CglibAopProxy.java:749)
2023-09-18 18:11:17.799 [http-nio-8080-exec-1] ERROR [,] c.b.s.controller.advice.ExceptionAdvice - org.springframework.transaction.interceptor.TransactionAspectSupport.invokeWithinTransaction(TransactionAspectSupport.java:367)
2023-09-18 18:11:17.799 [http-nio-8080-exec-1] ERROR [,] c.b.s.controller.advice.ExceptionAdvice - org.springframework.transaction.interceptor.TransactionInterceptor.invoke(TransactionInterceptor.java:118)
2023-09-18 18:11:17.799 [http-nio-8080-exec-1] ERROR [,] c.b.s.controller.advice.ExceptionAdvice - org.springframework.aop.framework.ReflectiveMethodInvocation.proceed(ReflectiveMethodInvocation.java:186)
2023-09-18 18:11:17.799 [http-nio-8080-exec-1] ERROR [,] c.b.s.controller.advice.ExceptionAdvice - org.springframework.aop.framework.CglibAopProxy$CglibMethodInvocation.proceed(CglibAopProxy.java:749)
2023-09-18 18:11:17.799 [http-nio-8080-exec-1] ERROR [,] c.b.s.controller.advice.ExceptionAdvice - org.springframework.aop.interceptor.ExposeInvocationInterceptor.invoke(ExposeInvocationInterceptor.java:95)
2023-09-18 18:11:17.799 [http-nio-8080-exec-1] ERROR [,] c.b.s.controller.advice.ExceptionAdvice - org.springframework.aop.framework.ReflectiveMethodInvocation.proceed(ReflectiveMethodInvocation.java:186)
2023-09-18 18:11:17.799 [http-nio-8080-exec-1] ERROR [,] c.b.s.controller.advice.ExceptionAdvice - org.springframework.aop.framework.CglibAopProxy$CglibMethodInvocation.proceed(CglibAopProxy.java:749)
2023-09-18 18:11:17.799 [http-nio-8080-exec-1] ERROR [,] c.b.s.controller.advice.ExceptionAdvice - org.springframework.aop.framework.CglibAopProxy$DynamicAdvisedInterceptor.intercept(CglibAopProxy.java:691)
2023-09-18 18:11:17.799 [http-nio-8080-exec-1] ERROR [,] c.b.s.controller.advice.ExceptionAdvice - com.benewake.saleordersystem.controller.SaleOrderController$$EnhancerBySpringCGLIB$$aa70c05c.addInquiries(<generated>)
2023-09-18 18:11:17.799 [http-nio-8080-exec-1] ERROR [,] c.b.s.controller.advice.ExceptionAdvice - sun.reflect.NativeMethodAccessorImpl.invoke0(Native Method)
2023-09-18 18:11:17.799 [http-nio-8080-exec-1] ERROR [,] c.b.s.controller.advice.ExceptionAdvice - sun.reflect.NativeMethodAccessorImpl.invoke(NativeMethodAccessorImpl.java:62)
2023-09-18 18:11:17.799 [http-nio-8080-exec-1] ERROR [,] c.b.s.controller.advice.ExceptionAdvice - sun.reflect.DelegatingMethodAccessorImpl.invoke(DelegatingMethodAccessorImpl.java:43)
2023-09-18 18:11:17.799 [http-nio-8080-exec-1] ERROR [,] c.b.s.controller.advice.ExceptionAdvice - java.lang.reflect.Method.invoke(Method.java:498)
2023-09-18 18:11:17.799 [http-nio-8080-exec-1] ERROR [,] c.b.s.controller.advice.ExceptionAdvice - org.springframework.web.method.support.InvocableHandlerMethod.doInvoke(InvocableHandlerMethod.java:190)
2023-09-18 18:11:17.799 [http-nio-8080-exec-1] ERROR [,] c.b.s.controller.advice.ExceptionAdvice - org.springframework.web.method.support.InvocableHandlerMethod.invokeForRequest(InvocableHandlerMethod.java:138)
2023-09-18 18:11:17.799 [http-nio-8080-exec-1] ERROR [,] c.b.s.controller.advice.ExceptionAdvice - org.springframework.web.servlet.mvc.method.annotation.ServletInvocableHandlerMethod.invokeAndHandle(ServletInvocableHandlerMethod.java:105)
2023-09-18 18:11:17.799 [http-nio-8080-exec-1] ERROR [,] c.b.s.controller.advice.ExceptionAdvice - org.springframework.web.servlet.mvc.method.annotation.RequestMappingHandlerAdapter.invokeHandlerMethod(RequestMappingHandlerAdapter.java:878)
2023-09-18 18:11:17.799 [http-nio-8080-exec-1] ERROR [,] c.b.s.controller.advice.ExceptionAdvice - org.springframework.web.servlet.mvc.method.annotation.RequestMappingHandlerAdapter.handleInternal(RequestMappingHandlerAdapter.java:792)
2023-09-18 18:11:17.799 [http-nio-8080-exec-1] ERROR [,] c.b.s.controller.advice.ExceptionAdvice - org.springframework.web.servlet.mvc.method.AbstractHandlerMethodAdapter.handle(AbstractHandlerMethodAdapter.java:87)
2023-09-18 18:11:17.800 [http-nio-8080-exec-1] ERROR [,] c.b.s.controller.advice.ExceptionAdvice - org.springframework.web.servlet.DispatcherServlet.doDispatch(DispatcherServlet.java:1040)
2023-09-18 18:11:17.800 [http-nio-8080-exec-1] ERROR [,] c.b.s.controller.advice.ExceptionAdvice - org.springframework.web.servlet.DispatcherServlet.doService(DispatcherServlet.java:943)
2023-09-18 18:11:17.800 [http-nio-8080-exec-1] ERROR [,] c.b.s.controller.advice.ExceptionAdvice - org.springframework.web.servlet.FrameworkServlet.processRequest(FrameworkServlet.java:1006)
2023-09-18 18:11:17.800 [http-nio-8080-exec-1] ERROR [,] c.b.s.controller.advice.ExceptionAdvice - org.springframework.web.servlet.FrameworkServlet.doPost(FrameworkServlet.java:909)
2023-09-18 18:11:17.800 [http-nio-8080-exec-1] ERROR [,] c.b.s.controller.advice.ExceptionAdvice - javax.servlet.http.HttpServlet.service(HttpServlet.java:652)
2023-09-18 18:11:17.800 [http-nio-8080-exec-1] ERROR [,] c.b.s.controller.advice.ExceptionAdvice - org.springframework.web.servlet.FrameworkServlet.service(FrameworkServlet.java:883)
2023-09-18 18:11:17.800 [http-nio-8080-exec-1] ERROR [,] c.b.s.controller.advice.ExceptionAdvice - javax.servlet.http.HttpServlet.service(HttpServlet.java:733)
2023-09-18 18:11:17.800 [http-nio-8080-exec-1] ERROR [,] c.b.s.controller.advice.ExceptionAdvice - org.apache.catalina.core.ApplicationFilterChain.internalDoFilter(ApplicationFilterChain.java:231)
2023-09-18 18:11:17.800 [http-nio-8080-exec-1] ERROR [,] c.b.s.controller.advice.ExceptionAdvice - org.apache.catalina.core.ApplicationFilterChain.doFilter(ApplicationFilterChain.java:166)
2023-09-18 18:11:17.800 [http-nio-8080-exec-1] ERROR [,] c.b.s.controller.advice.ExceptionAdvice - org.apache.tomcat.websocket.server.WsFilter.doFilter(WsFilter.java:53)
2023-09-18 18:11:17.800 [http-nio-8080-exec-1] ERROR [,] c.b.s.controller.advice.ExceptionAdvice - org.apache.catalina.core.ApplicationFilterChain.internalDoFilter(ApplicationFilterChain.java:193)
2023-09-18 18:11:17.800 [http-nio-8080-exec-1] ERROR [,] c.b.s.controller.advice.ExceptionAdvice - org.apache.catalina.core.ApplicationFilterChain.doFilter(ApplicationFilterChain.java:166)
2023-09-18 18:11:17.800 [http-nio-8080-exec-1] ERROR [,] c.b.s.controller.advice.ExceptionAdvice - org.springframework.web.filter.CorsFilter.doFilterInternal(CorsFilter.java:92)
2023-09-18 18:11:17.800 [http-nio-8080-exec-1] ERROR [,] c.b.s.controller.advice.ExceptionAdvice - org.springframework.web.filter.OncePerRequestFilter.doFilter(OncePerRequestFilter.java:119)
2023-09-18 18:11:17.800 [http-nio-8080-exec-1] ERROR [,] c.b.s.controller.advice.ExceptionAdvice - org.apache.catalina.core.ApplicationFilterChain.internalDoFilter(ApplicationFilterChain.java:193)
2023-09-18 18:11:17.800 [http-nio-8080-exec-1] ERROR [,] c.b.s.controller.advice.ExceptionAdvice - org.apache.catalina.core.ApplicationFilterChain.doFilter(ApplicationFilterChain.java:166)
2023-09-18 18:11:17.800 [http-nio-8080-exec-1] ERROR [,] c.b.s.controller.advice.ExceptionAdvice - org.springframework.web.filter.RequestContextFilter.doFilterInternal(RequestContextFilter.java:100)
2023-09-18 18:11:17.800 [http-nio-8080-exec-1] ERROR [,] c.b.s.controller.advice.ExceptionAdvice - org.springframework.web.filter.OncePerRequestFilter.doFilter(OncePerRequestFilter.java:119)
2023-09-18 18:11:17.800 [http-nio-8080-exec-1] ERROR [,] c.b.s.controller.advice.ExceptionAdvice - org.apache.catalina.core.ApplicationFilterChain.internalDoFilter(ApplicationFilterChain.java:193)
2023-09-18 18:11:17.800 [http-nio-8080-exec-1] ERROR [,] c.b.s.controller.advice.ExceptionAdvice - org.apache.catalina.core.ApplicationFilterChain.doFilter(ApplicationFilterChain.java:166)
2023-09-18 18:11:17.800 [http-nio-8080-exec-1] ERROR [,] c.b.s.controller.advice.ExceptionAdvice - org.springframework.web.filter.FormContentFilter.doFilterInternal(FormContentFilter.java:93)
2023-09-18 18:11:17.800 [http-nio-8080-exec-1] ERROR [,] c.b.s.controller.advice.ExceptionAdvice - org.springframework.web.filter.OncePerRequestFilter.doFilter(OncePerRequestFilter.java:119)
2023-09-18 18:11:17.800 [http-nio-8080-exec-1] ERROR [,] c.b.s.controller.advice.ExceptionAdvice - org.apache.catalina.core.ApplicationFilterChain.internalDoFilter(ApplicationFilterChain.java:193)
2023-09-18 18:11:17.800 [http-nio-8080-exec-1] ERROR [,] c.b.s.controller.advice.ExceptionAdvice - org.apache.catalina.core.ApplicationFilterChain.doFilter(ApplicationFilterChain.java:166)
2023-09-18 18:11:17.800 [http-nio-8080-exec-1] ERROR [,] c.b.s.controller.advice.ExceptionAdvice - org.springframework.web.filter.CharacterEncodingFilter.doFilterInternal(CharacterEncodingFilter.java:201)
2023-09-18 18:11:17.800 [http-nio-8080-exec-1] ERROR [,] c.b.s.controller.advice.ExceptionAdvice - org.springframework.web.filter.OncePerRequestFilter.doFilter(OncePerRequestFilter.java:119)
2023-09-18 18:11:17.800 [http-nio-8080-exec-1] ERROR [,] c.b.s.controller.advice.ExceptionAdvice - org.apache.catalina.core.ApplicationFilterChain.internalDoFilter(ApplicationFilterChain.java:193)
2023-09-18 18:11:17.801 [http-nio-8080-exec-1] ERROR [,] c.b.s.controller.advice.ExceptionAdvice - org.apache.catalina.core.ApplicationFilterChain.doFilter(ApplicationFilterChain.java:166)
2023-09-18 18:11:17.801 [http-nio-8080-exec-1] ERROR [,] c.b.s.controller.advice.ExceptionAdvice - org.apache.catalina.core.StandardWrapperValve.invoke(StandardWrapperValve.java:202)
2023-09-18 18:11:17.801 [http-nio-8080-exec-1] ERROR [,] c.b.s.controller.advice.ExceptionAdvice - org.apache.catalina.core.StandardContextValve.invoke(StandardContextValve.java:97)
2023-09-18 18:11:17.801 [http-nio-8080-exec-1] ERROR [,] c.b.s.controller.advice.ExceptionAdvice - org.apache.catalina.authenticator.AuthenticatorBase.invoke(AuthenticatorBase.java:542)
2023-09-18 18:11:17.801 [http-nio-8080-exec-1] ERROR [,] c.b.s.controller.advice.ExceptionAdvice - org.apache.catalina.core.StandardHostValve.invoke(StandardHostValve.java:143)
2023-09-18 18:11:17.801 [http-nio-8080-exec-1] ERROR [,] c.b.s.controller.advice.ExceptionAdvice - org.apache.catalina.valves.ErrorReportValve.invoke(ErrorReportValve.java:92)
2023-09-18 18:11:17.801 [http-nio-8080-exec-1] ERROR [,] c.b.s.controller.advice.ExceptionAdvice - org.apache.catalina.core.StandardEngineValve.invoke(StandardEngineValve.java:78)
2023-09-18 18:11:17.801 [http-nio-8080-exec-1] ERROR [,] c.b.s.controller.advice.ExceptionAdvice - org.apache.catalina.connector.CoyoteAdapter.service(CoyoteAdapter.java:343)
2023-09-18 18:11:17.801 [http-nio-8080-exec-1] ERROR [,] c.b.s.controller.advice.ExceptionAdvice - org.apache.coyote.http11.Http11Processor.service(Http11Processor.java:374)
2023-09-18 18:11:17.801 [http-nio-8080-exec-1] ERROR [,] c.b.s.controller.advice.ExceptionAdvice - org.apache.coyote.AbstractProcessorLight.process(AbstractProcessorLight.java:65)
2023-09-18 18:11:17.801 [http-nio-8080-exec-1] ERROR [,] c.b.s.controller.advice.ExceptionAdvice - org.apache.coyote.AbstractProtocol$ConnectionHandler.process(AbstractProtocol.java:888)
2023-09-18 18:11:17.801 [http-nio-8080-exec-1] ERROR [,] c.b.s.controller.advice.ExceptionAdvice - org.apache.tomcat.util.net.NioEndpoint$SocketProcessor.doRun(NioEndpoint.java:1597)
2023-09-18 18:11:17.801 [http-nio-8080-exec-1] ERROR [,] c.b.s.controller.advice.ExceptionAdvice - org.apache.tomcat.util.net.SocketProcessorBase.run(SocketProcessorBase.java:49)
2023-09-18 18:11:17.801 [http-nio-8080-exec-1] ERROR [,] c.b.s.controller.advice.ExceptionAdvice - java.util.concurrent.ThreadPoolExecutor.runWorker(ThreadPoolExecutor.java:1149)
2023-09-18 18:11:17.801 [http-nio-8080-exec-1] ERROR [,] c.b.s.controller.advice.ExceptionAdvice - java.util.concurrent.ThreadPoolExecutor$Worker.run(ThreadPoolExecutor.java:624)
2023-09-18 18:11:17.801 [http-nio-8080-exec-1] ERROR [,] c.b.s.controller.advice.ExceptionAdvice - org.apache.tomcat.util.threads.TaskThread$WrappingRunnable.run(TaskThread.java:61)
2023-09-18 18:11:17.801 [http-nio-8080-exec-1] ERROR [,] c.b.s.controller.advice.ExceptionAdvice - java.lang.Thread.run(Thread.java:750)
