2023-08-18 10:28:29.295 [restartedMain] WARN  [,] org.mybatis.spring.mapper.ClassPathMapperScanner - No MyBatis mapper was found in '[com.benewake.saleordersystem.mapper]' package. Please check your configuration.
2023-08-18 10:28:45.503 [restartedMain] WARN  [,] o.s.b.w.s.c.AnnotationConfigServletWebServerApplicationContext - Exception encountered during context initialization - cancelling refresh attempt: org.springframework.beans.factory.UnsatisfiedDependencyException: Error creating bean with name 'webMvcConfig': Unsatisfied dependency expressed through field 'loginTicketInterceptor'; nested exception is org.springframework.beans.factory.UnsatisfiedDependencyException: Error creating bean with name 'loginTicketInterceptor': Unsatisfied dependency expressed through field 'userService'; nested exception is org.springframework.beans.factory.NoSuchBeanDefinitionException: No qualifying bean of type 'com.benewake.saleordersystem.service.UserService' available: expected at least 1 bean which qualifies as autowire candidate. Dependency annotations: {@org.springframework.beans.factory.annotation.Autowired(required=true)}
2023-08-18 13:51:37.132 [restartedMain] WARN  [,] c.b.mybatisplus.core.metadata.TableInfoHelper - Can not find table primary key in Class: "com.benewake.saleordersystem.entity.InquiryCode".
2023-08-18 13:51:37.132 [restartedMain] WARN  [,] c.b.mybatisplus.core.injector.DefaultSqlInjector - class com.benewake.saleordersystem.entity.InquiryCode ,Not found @TableId annotation, Cannot use Mybatis-Plus 'xxById' Method.
2023-08-18 13:51:37.151 [restartedMain] WARN  [,] c.b.mybatisplus.core.metadata.TableInfoHelper - Can not find table primary key in Class: "java.util.Map".
2023-08-18 13:51:37.151 [restartedMain] WARN  [,] c.b.mybatisplus.core.injector.DefaultSqlInjector - interface java.util.Map ,Not found @TableId annotation, Cannot use Mybatis-Plus 'xxById' Method.
2023-08-18 13:51:38.499 [restartedMain] WARN  [,] c.b.mybatisplus.core.metadata.TableInfoHelper - Can not find table primary key in Class: "com.benewake.saleordersystem.entity.Past.PastPredictionCompany".
2023-08-18 13:51:38.499 [restartedMain] WARN  [,] c.b.mybatisplus.core.injector.DefaultSqlInjector - class com.benewake.saleordersystem.entity.Past.PastPredictionCompany ,Not found @TableId annotation, Cannot use Mybatis-Plus 'xxById' Method.
2023-08-18 14:21:16.276 [restartedMain] WARN  [,] c.b.mybatisplus.core.metadata.TableInfoHelper - Can not find table primary key in Class: "com.benewake.saleordersystem.entity.InquiryCode".
2023-08-18 14:21:16.277 [restartedMain] WARN  [,] c.b.mybatisplus.core.injector.DefaultSqlInjector - class com.benewake.saleordersystem.entity.InquiryCode ,Not found @TableId annotation, Cannot use Mybatis-Plus 'xxById' Method.
2023-08-18 14:21:16.294 [restartedMain] WARN  [,] c.b.mybatisplus.core.metadata.TableInfoHelper - Can not find table primary key in Class: "java.util.Map".
2023-08-18 14:21:16.294 [restartedMain] WARN  [,] c.b.mybatisplus.core.injector.DefaultSqlInjector - interface java.util.Map ,Not found @TableId annotation, Cannot use Mybatis-Plus 'xxById' Method.
2023-08-18 14:21:17.689 [restartedMain] WARN  [,] c.b.mybatisplus.core.metadata.TableInfoHelper - Can not find table primary key in Class: "com.benewake.saleordersystem.entity.Past.PastPredictionCompany".
2023-08-18 14:21:17.689 [restartedMain] WARN  [,] c.b.mybatisplus.core.injector.DefaultSqlInjector - class com.benewake.saleordersystem.entity.Past.PastPredictionCompany ,Not found @TableId annotation, Cannot use Mybatis-Plus 'xxById' Method.
2023-08-18 14:24:56.778 [http-nio-8080-exec-3] WARN  [,] o.s.w.s.m.m.a.ExceptionHandlerExceptionResolver - Resolved [org.springframework.http.converter.HttpMessageNotReadableException: JSON parse error: Unexpected character ('.' (code 46)): was expecting comma to separate Object entries; nested exception is com.fasterxml.jackson.databind.JsonMappingException: Unexpected character ('.' (code 46)): was expecting comma to separate Object entries
 at [Source: (PushbackInputStream); line: 12, column: 23] (through reference chain: com.benewake.saleordersystem.entity.VO.StartInquiryVo["inquiryList"]->java.util.ArrayList[0])]
2023-08-18 14:25:08.209 [http-nio-8080-exec-8] WARN  [,] o.s.w.s.m.m.a.ExceptionHandlerExceptionResolver - Resolved [org.springframework.http.converter.HttpMessageNotReadableException: JSON parse error: Unexpected character ('.' (code 46)): was expecting comma to separate Object entries; nested exception is com.fasterxml.jackson.databind.JsonMappingException: Unexpected character ('.' (code 46)): was expecting comma to separate Object entries
 at [Source: (PushbackInputStream); line: 12, column: 23] (through reference chain: com.benewake.saleordersystem.entity.VO.StartInquiryVo["inquiryList"]->java.util.ArrayList[0])]
2023-08-18 14:36:25.246 [restartedMain] WARN  [,] c.b.mybatisplus.core.metadata.TableInfoHelper - Can not find table primary key in Class: "com.benewake.saleordersystem.entity.InquiryCode".
2023-08-18 14:36:25.247 [restartedMain] WARN  [,] c.b.mybatisplus.core.injector.DefaultSqlInjector - class com.benewake.saleordersystem.entity.InquiryCode ,Not found @TableId annotation, Cannot use Mybatis-Plus 'xxById' Method.
2023-08-18 14:36:25.266 [restartedMain] WARN  [,] c.b.mybatisplus.core.metadata.TableInfoHelper - Can not find table primary key in Class: "java.util.Map".
2023-08-18 14:36:25.267 [restartedMain] WARN  [,] c.b.mybatisplus.core.injector.DefaultSqlInjector - interface java.util.Map ,Not found @TableId annotation, Cannot use Mybatis-Plus 'xxById' Method.
2023-08-18 14:36:26.583 [restartedMain] WARN  [,] c.b.mybatisplus.core.metadata.TableInfoHelper - Can not find table primary key in Class: "com.benewake.saleordersystem.entity.Past.PastPredictionCompany".
2023-08-18 14:36:26.583 [restartedMain] WARN  [,] c.b.mybatisplus.core.injector.DefaultSqlInjector - class com.benewake.saleordersystem.entity.Past.PastPredictionCompany ,Not found @TableId annotation, Cannot use Mybatis-Plus 'xxById' Method.
2023-08-18 14:39:00.852 [http-nio-8080-exec-3] WARN  [,] o.s.w.s.m.m.a.ExceptionHandlerExceptionResolver - Resolved [org.springframework.http.converter.HttpMessageNotReadableException: JSON parse error: Unexpected character (',' (code 44)): expected a value; nested exception is com.fasterxml.jackson.databind.JsonMappingException: Unexpected character (',' (code 44)): expected a value
 at [Source: (PushbackInputStream); line: 7, column: 28] (through reference chain: com.benewake.saleordersystem.entity.VO.StartInquiryVo["inquiryList"]->java.util.ArrayList[0])]
2023-08-18 14:41:40.329 [restartedMain] WARN  [,] c.b.mybatisplus.core.metadata.TableInfoHelper - Can not find table primary key in Class: "com.benewake.saleordersystem.entity.InquiryCode".
2023-08-18 14:41:40.329 [restartedMain] WARN  [,] c.b.mybatisplus.core.injector.DefaultSqlInjector - class com.benewake.saleordersystem.entity.InquiryCode ,Not found @TableId annotation, Cannot use Mybatis-Plus 'xxById' Method.
2023-08-18 14:41:40.348 [restartedMain] WARN  [,] c.b.mybatisplus.core.metadata.TableInfoHelper - Can not find table primary key in Class: "java.util.Map".
2023-08-18 14:41:40.348 [restartedMain] WARN  [,] c.b.mybatisplus.core.injector.DefaultSqlInjector - interface java.util.Map ,Not found @TableId annotation, Cannot use Mybatis-Plus 'xxById' Method.
2023-08-18 14:41:41.543 [restartedMain] WARN  [,] c.b.mybatisplus.core.metadata.TableInfoHelper - Can not find table primary key in Class: "com.benewake.saleordersystem.entity.Past.PastPredictionCompany".
2023-08-18 14:41:41.543 [restartedMain] WARN  [,] c.b.mybatisplus.core.injector.DefaultSqlInjector - class com.benewake.saleordersystem.entity.Past.PastPredictionCompany ,Not found @TableId annotation, Cannot use Mybatis-Plus 'xxById' Method.
2023-08-18 14:45:12.171 [restartedMain] WARN  [,] c.b.mybatisplus.core.metadata.TableInfoHelper - Can not find table primary key in Class: "com.benewake.saleordersystem.entity.InquiryCode".
2023-08-18 14:45:12.172 [restartedMain] WARN  [,] c.b.mybatisplus.core.injector.DefaultSqlInjector - class com.benewake.saleordersystem.entity.InquiryCode ,Not found @TableId annotation, Cannot use Mybatis-Plus 'xxById' Method.
2023-08-18 14:45:12.193 [restartedMain] WARN  [,] c.b.mybatisplus.core.metadata.TableInfoHelper - Can not find table primary key in Class: "java.util.Map".
2023-08-18 14:45:12.193 [restartedMain] WARN  [,] c.b.mybatisplus.core.injector.DefaultSqlInjector - interface java.util.Map ,Not found @TableId annotation, Cannot use Mybatis-Plus 'xxById' Method.
2023-08-18 14:45:13.676 [restartedMain] WARN  [,] c.b.mybatisplus.core.metadata.TableInfoHelper - Can not find table primary key in Class: "com.benewake.saleordersystem.entity.Past.PastPredictionCompany".
2023-08-18 14:45:13.677 [restartedMain] WARN  [,] c.b.mybatisplus.core.injector.DefaultSqlInjector - class com.benewake.saleordersystem.entity.Past.PastPredictionCompany ,Not found @TableId annotation, Cannot use Mybatis-Plus 'xxById' Method.
2023-08-18 14:54:59.962 [restartedMain] WARN  [,] c.b.mybatisplus.core.metadata.TableInfoHelper - Can not find table primary key in Class: "com.benewake.saleordersystem.entity.InquiryCode".
2023-08-18 14:54:59.963 [restartedMain] WARN  [,] c.b.mybatisplus.core.injector.DefaultSqlInjector - class com.benewake.saleordersystem.entity.InquiryCode ,Not found @TableId annotation, Cannot use Mybatis-Plus 'xxById' Method.
2023-08-18 14:54:59.980 [restartedMain] WARN  [,] c.b.mybatisplus.core.metadata.TableInfoHelper - Can not find table primary key in Class: "java.util.Map".
2023-08-18 14:54:59.981 [restartedMain] WARN  [,] c.b.mybatisplus.core.injector.DefaultSqlInjector - interface java.util.Map ,Not found @TableId annotation, Cannot use Mybatis-Plus 'xxById' Method.
2023-08-18 14:55:01.432 [restartedMain] WARN  [,] c.b.mybatisplus.core.metadata.TableInfoHelper - Can not find table primary key in Class: "com.benewake.saleordersystem.entity.Past.PastPredictionCompany".
2023-08-18 14:55:01.432 [restartedMain] WARN  [,] c.b.mybatisplus.core.injector.DefaultSqlInjector - class com.benewake.saleordersystem.entity.Past.PastPredictionCompany ,Not found @TableId annotation, Cannot use Mybatis-Plus 'xxById' Method.
2023-08-18 14:57:59.505 [http-nio-8080-exec-4] WARN  [,] o.s.w.s.m.m.a.ExceptionHandlerExceptionResolver - Resolved [org.springframework.web.multipart.MultipartException: Current request is not a multipart request]
2023-08-18 14:58:07.722 [http-nio-8080-exec-5] WARN  [,] o.s.w.s.m.m.a.ExceptionHandlerExceptionResolver - Resolved [org.springframework.web.multipart.MultipartException: Current request is not a multipart request]
2023-08-18 15:47:56.371 [restartedMain] WARN  [,] c.b.mybatisplus.core.metadata.TableInfoHelper - Can not find table primary key in Class: "com.benewake.saleordersystem.entity.InquiryCode".
2023-08-18 15:47:56.371 [restartedMain] WARN  [,] c.b.mybatisplus.core.injector.DefaultSqlInjector - class com.benewake.saleordersystem.entity.InquiryCode ,Not found @TableId annotation, Cannot use Mybatis-Plus 'xxById' Method.
2023-08-18 15:47:56.391 [restartedMain] WARN  [,] c.b.mybatisplus.core.metadata.TableInfoHelper - Can not find table primary key in Class: "java.util.Map".
2023-08-18 15:47:56.391 [restartedMain] WARN  [,] c.b.mybatisplus.core.injector.DefaultSqlInjector - interface java.util.Map ,Not found @TableId annotation, Cannot use Mybatis-Plus 'xxById' Method.
2023-08-18 15:47:57.606 [restartedMain] WARN  [,] c.b.mybatisplus.core.metadata.TableInfoHelper - Can not find table primary key in Class: "com.benewake.saleordersystem.entity.Past.PastPredictionCompany".
2023-08-18 15:47:57.607 [restartedMain] WARN  [,] c.b.mybatisplus.core.injector.DefaultSqlInjector - class com.benewake.saleordersystem.entity.Past.PastPredictionCompany ,Not found @TableId annotation, Cannot use Mybatis-Plus 'xxById' Method.
2023-08-18 15:49:55.655 [http-nio-8080-exec-3] WARN  [,] o.s.w.s.m.m.a.ExceptionHandlerExceptionResolver - Resolved [java.lang.NullPointerException]
2023-08-18 15:50:32.539 [http-nio-8080-exec-4] WARN  [,] o.s.w.s.m.m.a.ExceptionHandlerExceptionResolver - Resolved [java.lang.NullPointerException]
2023-08-18 15:56:32.397 [restartedMain] WARN  [,] c.b.mybatisplus.core.metadata.TableInfoHelper - Can not find table primary key in Class: "com.benewake.saleordersystem.entity.InquiryCode".
2023-08-18 15:56:32.397 [restartedMain] WARN  [,] c.b.mybatisplus.core.injector.DefaultSqlInjector - class com.benewake.saleordersystem.entity.InquiryCode ,Not found @TableId annotation, Cannot use Mybatis-Plus 'xxById' Method.
2023-08-18 15:56:32.422 [restartedMain] WARN  [,] c.b.mybatisplus.core.metadata.TableInfoHelper - Can not find table primary key in Class: "java.util.Map".
2023-08-18 15:56:32.422 [restartedMain] WARN  [,] c.b.mybatisplus.core.injector.DefaultSqlInjector - interface java.util.Map ,Not found @TableId annotation, Cannot use Mybatis-Plus 'xxById' Method.
2023-08-18 15:56:33.803 [restartedMain] WARN  [,] c.b.mybatisplus.core.metadata.TableInfoHelper - Can not find table primary key in Class: "com.benewake.saleordersystem.entity.Past.PastPredictionCompany".
2023-08-18 15:56:33.804 [restartedMain] WARN  [,] c.b.mybatisplus.core.injector.DefaultSqlInjector - class com.benewake.saleordersystem.entity.Past.PastPredictionCompany ,Not found @TableId annotation, Cannot use Mybatis-Plus 'xxById' Method.
2023-08-18 15:59:48.876 [restartedMain] WARN  [,] c.b.mybatisplus.core.metadata.TableInfoHelper - Can not find table primary key in Class: "com.benewake.saleordersystem.entity.InquiryCode".
2023-08-18 15:59:48.877 [restartedMain] WARN  [,] c.b.mybatisplus.core.injector.DefaultSqlInjector - class com.benewake.saleordersystem.entity.InquiryCode ,Not found @TableId annotation, Cannot use Mybatis-Plus 'xxById' Method.
2023-08-18 15:59:48.919 [restartedMain] WARN  [,] c.b.mybatisplus.core.metadata.TableInfoHelper - Can not find table primary key in Class: "java.util.Map".
2023-08-18 15:59:48.919 [restartedMain] WARN  [,] c.b.mybatisplus.core.injector.DefaultSqlInjector - interface java.util.Map ,Not found @TableId annotation, Cannot use Mybatis-Plus 'xxById' Method.
2023-08-18 15:59:50.420 [restartedMain] WARN  [,] c.b.mybatisplus.core.metadata.TableInfoHelper - Can not find table primary key in Class: "com.benewake.saleordersystem.entity.Past.PastPredictionCompany".
2023-08-18 15:59:50.420 [restartedMain] WARN  [,] c.b.mybatisplus.core.injector.DefaultSqlInjector - class com.benewake.saleordersystem.entity.Past.PastPredictionCompany ,Not found @TableId annotation, Cannot use Mybatis-Plus 'xxById' Method.
2023-08-18 16:01:46.316 [http-nio-8080-exec-4] WARN  [,] o.s.w.s.m.m.a.ExceptionHandlerExceptionResolver - Resolved [org.springframework.http.converter.HttpMessageNotReadableException: JSON parse error: Cannot deserialize value of type `java.util.Date` from String "2023-03-20 00:00:00": expected format "yyyy/MM/dd"; nested exception is com.fasterxml.jackson.databind.exc.InvalidFormatException: Cannot deserialize value of type `java.util.Date` from String "2023-03-20 00:00:00": expected format "yyyy/MM/dd"
 at [Source: (PushbackInputStream); line: 8, column: 29] (through reference chain: com.benewake.saleordersystem.entity.VO.StartInquiryVo["inquiryList"]->java.util.ArrayList[0]->com.benewake.saleordersystem.entity.Inquiry["expectedTime"])]
2023-08-18 16:02:34.684 [http-nio-8080-exec-5] WARN  [,] o.s.w.s.m.m.a.ExceptionHandlerExceptionResolver - Resolved [org.springframework.http.converter.HttpMessageNotReadableException: JSON parse error: Cannot deserialize value of type `java.util.Date` from String "2023-03-20": expected format "yyyy/MM/dd"; nested exception is com.fasterxml.jackson.databind.exc.InvalidFormatException: Cannot deserialize value of type `java.util.Date` from String "2023-03-20": expected format "yyyy/MM/dd"
 at [Source: (PushbackInputStream); line: 8, column: 29] (through reference chain: com.benewake.saleordersystem.entity.VO.StartInquiryVo["inquiryList"]->java.util.ArrayList[0]->com.benewake.saleordersystem.entity.Inquiry["expectedTime"])]
2023-08-18 16:02:42.019 [http-nio-8080-exec-6] WARN  [,] o.s.w.s.m.m.a.ExceptionHandlerExceptionResolver - Resolved [org.springframework.http.converter.HttpMessageNotReadableException: JSON parse error: Cannot deserialize value of type `java.util.Date` from String "2023-03-20": expected format "yyyy/MM/dd"; nested exception is com.fasterxml.jackson.databind.exc.InvalidFormatException: Cannot deserialize value of type `java.util.Date` from String "2023-03-20": expected format "yyyy/MM/dd"
 at [Source: (PushbackInputStream); line: 8, column: 29] (through reference chain: com.benewake.saleordersystem.entity.VO.StartInquiryVo["inquiryList"]->java.util.ArrayList[0]->com.benewake.saleordersystem.entity.Inquiry["expectedTime"])]
2023-08-18 16:16:34.596 [restartedMain] WARN  [,] c.b.mybatisplus.core.metadata.TableInfoHelper - Can not find table primary key in Class: "com.benewake.saleordersystem.entity.InquiryCode".
2023-08-18 16:16:34.596 [restartedMain] WARN  [,] c.b.mybatisplus.core.injector.DefaultSqlInjector - class com.benewake.saleordersystem.entity.InquiryCode ,Not found @TableId annotation, Cannot use Mybatis-Plus 'xxById' Method.
2023-08-18 16:16:34.614 [restartedMain] WARN  [,] c.b.mybatisplus.core.metadata.TableInfoHelper - Can not find table primary key in Class: "java.util.Map".
2023-08-18 16:16:34.614 [restartedMain] WARN  [,] c.b.mybatisplus.core.injector.DefaultSqlInjector - interface java.util.Map ,Not found @TableId annotation, Cannot use Mybatis-Plus 'xxById' Method.
2023-08-18 16:16:35.878 [restartedMain] WARN  [,] c.b.mybatisplus.core.metadata.TableInfoHelper - Can not find table primary key in Class: "com.benewake.saleordersystem.entity.Past.PastPredictionCompany".
2023-08-18 16:16:35.878 [restartedMain] WARN  [,] c.b.mybatisplus.core.injector.DefaultSqlInjector - class com.benewake.saleordersystem.entity.Past.PastPredictionCompany ,Not found @TableId annotation, Cannot use Mybatis-Plus 'xxById' Method.
2023-08-18 16:32:22.330 [restartedMain] WARN  [,] c.b.mybatisplus.core.metadata.TableInfoHelper - Can not find table primary key in Class: "com.benewake.saleordersystem.entity.InquiryCode".
2023-08-18 16:32:22.331 [restartedMain] WARN  [,] c.b.mybatisplus.core.injector.DefaultSqlInjector - class com.benewake.saleordersystem.entity.InquiryCode ,Not found @TableId annotation, Cannot use Mybatis-Plus 'xxById' Method.
2023-08-18 16:32:22.357 [restartedMain] WARN  [,] c.b.mybatisplus.core.metadata.TableInfoHelper - Can not find table primary key in Class: "java.util.Map".
2023-08-18 16:32:22.358 [restartedMain] WARN  [,] c.b.mybatisplus.core.injector.DefaultSqlInjector - interface java.util.Map ,Not found @TableId annotation, Cannot use Mybatis-Plus 'xxById' Method.
2023-08-18 16:32:24.122 [restartedMain] WARN  [,] c.b.mybatisplus.core.metadata.TableInfoHelper - Can not find table primary key in Class: "com.benewake.saleordersystem.entity.Past.PastPredictionCompany".
2023-08-18 16:32:24.122 [restartedMain] WARN  [,] c.b.mybatisplus.core.injector.DefaultSqlInjector - class com.benewake.saleordersystem.entity.Past.PastPredictionCompany ,Not found @TableId annotation, Cannot use Mybatis-Plus 'xxById' Method.
2023-08-18 16:33:04.898 [restartedMain] WARN  [,] c.b.mybatisplus.core.metadata.TableInfoHelper - Can not find table primary key in Class: "com.benewake.saleordersystem.entity.InquiryCode".
2023-08-18 16:33:04.898 [restartedMain] WARN  [,] c.b.mybatisplus.core.injector.DefaultSqlInjector - class com.benewake.saleordersystem.entity.InquiryCode ,Not found @TableId annotation, Cannot use Mybatis-Plus 'xxById' Method.
2023-08-18 16:33:04.922 [restartedMain] WARN  [,] c.b.mybatisplus.core.metadata.TableInfoHelper - Can not find table primary key in Class: "java.util.Map".
2023-08-18 16:33:04.922 [restartedMain] WARN  [,] c.b.mybatisplus.core.injector.DefaultSqlInjector - interface java.util.Map ,Not found @TableId annotation, Cannot use Mybatis-Plus 'xxById' Method.
2023-08-18 16:33:06.237 [restartedMain] WARN  [,] c.b.mybatisplus.core.metadata.TableInfoHelper - Can not find table primary key in Class: "com.benewake.saleordersystem.entity.Past.PastPredictionCompany".
2023-08-18 16:33:06.237 [restartedMain] WARN  [,] c.b.mybatisplus.core.injector.DefaultSqlInjector - class com.benewake.saleordersystem.entity.Past.PastPredictionCompany ,Not found @TableId annotation, Cannot use Mybatis-Plus 'xxById' Method.
2023-08-18 16:34:48.516 [restartedMain] WARN  [,] c.b.mybatisplus.core.metadata.TableInfoHelper - Can not find table primary key in Class: "com.benewake.saleordersystem.entity.InquiryCode".
2023-08-18 16:34:48.517 [restartedMain] WARN  [,] c.b.mybatisplus.core.injector.DefaultSqlInjector - class com.benewake.saleordersystem.entity.InquiryCode ,Not found @TableId annotation, Cannot use Mybatis-Plus 'xxById' Method.
2023-08-18 16:34:48.538 [restartedMain] WARN  [,] c.b.mybatisplus.core.metadata.TableInfoHelper - Can not find table primary key in Class: "java.util.Map".
2023-08-18 16:34:48.538 [restartedMain] WARN  [,] c.b.mybatisplus.core.injector.DefaultSqlInjector - interface java.util.Map ,Not found @TableId annotation, Cannot use Mybatis-Plus 'xxById' Method.
2023-08-18 16:34:49.964 [restartedMain] WARN  [,] c.b.mybatisplus.core.metadata.TableInfoHelper - Can not find table primary key in Class: "com.benewake.saleordersystem.entity.Past.PastPredictionCompany".
2023-08-18 16:34:49.964 [restartedMain] WARN  [,] c.b.mybatisplus.core.injector.DefaultSqlInjector - class com.benewake.saleordersystem.entity.Past.PastPredictionCompany ,Not found @TableId annotation, Cannot use Mybatis-Plus 'xxById' Method.
2023-08-18 16:38:56.653 [restartedMain] WARN  [,] c.b.mybatisplus.core.metadata.TableInfoHelper - Can not find table primary key in Class: "com.benewake.saleordersystem.entity.InquiryCode".
2023-08-18 16:38:56.653 [restartedMain] WARN  [,] c.b.mybatisplus.core.injector.DefaultSqlInjector - class com.benewake.saleordersystem.entity.InquiryCode ,Not found @TableId annotation, Cannot use Mybatis-Plus 'xxById' Method.
2023-08-18 16:38:56.674 [restartedMain] WARN  [,] c.b.mybatisplus.core.metadata.TableInfoHelper - Can not find table primary key in Class: "java.util.Map".
2023-08-18 16:38:56.674 [restartedMain] WARN  [,] c.b.mybatisplus.core.injector.DefaultSqlInjector - interface java.util.Map ,Not found @TableId annotation, Cannot use Mybatis-Plus 'xxById' Method.
2023-08-18 16:38:58.486 [restartedMain] WARN  [,] c.b.mybatisplus.core.metadata.TableInfoHelper - Can not find table primary key in Class: "com.benewake.saleordersystem.entity.Past.PastPredictionCompany".
2023-08-18 16:38:58.487 [restartedMain] WARN  [,] c.b.mybatisplus.core.injector.DefaultSqlInjector - class com.benewake.saleordersystem.entity.Past.PastPredictionCompany ,Not found @TableId annotation, Cannot use Mybatis-Plus 'xxById' Method.
2023-08-18 16:40:26.302 [restartedMain] WARN  [,] c.b.mybatisplus.core.metadata.TableInfoHelper - Can not find table primary key in Class: "com.benewake.saleordersystem.entity.InquiryCode".
2023-08-18 16:40:26.302 [restartedMain] WARN  [,] c.b.mybatisplus.core.injector.DefaultSqlInjector - class com.benewake.saleordersystem.entity.InquiryCode ,Not found @TableId annotation, Cannot use Mybatis-Plus 'xxById' Method.
2023-08-18 16:40:26.324 [restartedMain] WARN  [,] c.b.mybatisplus.core.metadata.TableInfoHelper - Can not find table primary key in Class: "java.util.Map".
2023-08-18 16:40:26.325 [restartedMain] WARN  [,] c.b.mybatisplus.core.injector.DefaultSqlInjector - interface java.util.Map ,Not found @TableId annotation, Cannot use Mybatis-Plus 'xxById' Method.
2023-08-18 16:40:28.028 [restartedMain] WARN  [,] c.b.mybatisplus.core.metadata.TableInfoHelper - Can not find table primary key in Class: "com.benewake.saleordersystem.entity.Past.PastPredictionCompany".
2023-08-18 16:40:28.028 [restartedMain] WARN  [,] c.b.mybatisplus.core.injector.DefaultSqlInjector - class com.benewake.saleordersystem.entity.Past.PastPredictionCompany ,Not found @TableId annotation, Cannot use Mybatis-Plus 'xxById' Method.
2023-08-18 16:47:02.979 [restartedMain] WARN  [,] c.b.mybatisplus.core.metadata.TableInfoHelper - Can not find table primary key in Class: "com.benewake.saleordersystem.entity.InquiryCode".
2023-08-18 16:47:02.979 [restartedMain] WARN  [,] c.b.mybatisplus.core.injector.DefaultSqlInjector - class com.benewake.saleordersystem.entity.InquiryCode ,Not found @TableId annotation, Cannot use Mybatis-Plus 'xxById' Method.
2023-08-18 16:47:03.008 [restartedMain] WARN  [,] c.b.mybatisplus.core.metadata.TableInfoHelper - Can not find table primary key in Class: "java.util.Map".
2023-08-18 16:47:03.008 [restartedMain] WARN  [,] c.b.mybatisplus.core.injector.DefaultSqlInjector - interface java.util.Map ,Not found @TableId annotation, Cannot use Mybatis-Plus 'xxById' Method.
2023-08-18 16:47:04.777 [restartedMain] WARN  [,] c.b.mybatisplus.core.metadata.TableInfoHelper - Can not find table primary key in Class: "com.benewake.saleordersystem.entity.Past.PastPredictionCompany".
2023-08-18 16:47:04.777 [restartedMain] WARN  [,] c.b.mybatisplus.core.injector.DefaultSqlInjector - class com.benewake.saleordersystem.entity.Past.PastPredictionCompany ,Not found @TableId annotation, Cannot use Mybatis-Plus 'xxById' Method.
2023-08-18 17:10:12.498 [restartedMain] WARN  [,] c.b.mybatisplus.core.metadata.TableInfoHelper - Can not find table primary key in Class: "com.benewake.saleordersystem.entity.InquiryCode".
2023-08-18 17:10:12.499 [restartedMain] WARN  [,] c.b.mybatisplus.core.injector.DefaultSqlInjector - class com.benewake.saleordersystem.entity.InquiryCode ,Not found @TableId annotation, Cannot use Mybatis-Plus 'xxById' Method.
2023-08-18 17:10:12.522 [restartedMain] WARN  [,] c.b.mybatisplus.core.metadata.TableInfoHelper - Can not find table primary key in Class: "java.util.Map".
2023-08-18 17:10:12.523 [restartedMain] WARN  [,] c.b.mybatisplus.core.injector.DefaultSqlInjector - interface java.util.Map ,Not found @TableId annotation, Cannot use Mybatis-Plus 'xxById' Method.
2023-08-18 17:10:13.856 [restartedMain] WARN  [,] c.b.mybatisplus.core.metadata.TableInfoHelper - Can not find table primary key in Class: "com.benewake.saleordersystem.entity.Past.PastPredictionCompany".
2023-08-18 17:10:13.856 [restartedMain] WARN  [,] c.b.mybatisplus.core.injector.DefaultSqlInjector - class com.benewake.saleordersystem.entity.Past.PastPredictionCompany ,Not found @TableId annotation, Cannot use Mybatis-Plus 'xxById' Method.
2023-08-18 18:02:03.620 [restartedMain] WARN  [,] c.b.mybatisplus.core.metadata.TableInfoHelper - Can not find table primary key in Class: "com.benewake.saleordersystem.entity.InquiryCode".
2023-08-18 18:02:03.621 [restartedMain] WARN  [,] c.b.mybatisplus.core.injector.DefaultSqlInjector - class com.benewake.saleordersystem.entity.InquiryCode ,Not found @TableId annotation, Cannot use Mybatis-Plus 'xxById' Method.
2023-08-18 18:02:03.640 [restartedMain] WARN  [,] c.b.mybatisplus.core.metadata.TableInfoHelper - Can not find table primary key in Class: "java.util.Map".
2023-08-18 18:02:03.641 [restartedMain] WARN  [,] c.b.mybatisplus.core.injector.DefaultSqlInjector - interface java.util.Map ,Not found @TableId annotation, Cannot use Mybatis-Plus 'xxById' Method.
2023-08-18 18:02:04.892 [restartedMain] WARN  [,] c.b.mybatisplus.core.metadata.TableInfoHelper - Can not find table primary key in Class: "com.benewake.saleordersystem.entity.Past.PastPredictionCompany".
2023-08-18 18:02:04.892 [restartedMain] WARN  [,] c.b.mybatisplus.core.injector.DefaultSqlInjector - class com.benewake.saleordersystem.entity.Past.PastPredictionCompany ,Not found @TableId annotation, Cannot use Mybatis-Plus 'xxById' Method.
2023-08-18 18:11:49.261 [restartedMain] WARN  [,] c.b.mybatisplus.core.metadata.TableInfoHelper - Can not find table primary key in Class: "com.benewake.saleordersystem.entity.InquiryCode".
2023-08-18 18:11:49.261 [restartedMain] WARN  [,] c.b.mybatisplus.core.injector.DefaultSqlInjector - class com.benewake.saleordersystem.entity.InquiryCode ,Not found @TableId annotation, Cannot use Mybatis-Plus 'xxById' Method.
2023-08-18 18:11:49.283 [restartedMain] WARN  [,] c.b.mybatisplus.core.metadata.TableInfoHelper - Can not find table primary key in Class: "java.util.Map".
2023-08-18 18:11:49.283 [restartedMain] WARN  [,] c.b.mybatisplus.core.injector.DefaultSqlInjector - interface java.util.Map ,Not found @TableId annotation, Cannot use Mybatis-Plus 'xxById' Method.
2023-08-18 18:11:50.576 [restartedMain] WARN  [,] c.b.mybatisplus.core.metadata.TableInfoHelper - Can not find table primary key in Class: "com.benewake.saleordersystem.entity.Past.PastPredictionCompany".
2023-08-18 18:11:50.576 [restartedMain] WARN  [,] c.b.mybatisplus.core.injector.DefaultSqlInjector - class com.benewake.saleordersystem.entity.Past.PastPredictionCompany ,Not found @TableId annotation, Cannot use Mybatis-Plus 'xxById' Method.
2023-08-18 18:16:35.455 [restartedMain] WARN  [,] c.b.mybatisplus.core.metadata.TableInfoHelper - Can not find table primary key in Class: "com.benewake.saleordersystem.entity.InquiryCode".
2023-08-18 18:16:35.456 [restartedMain] WARN  [,] c.b.mybatisplus.core.injector.DefaultSqlInjector - class com.benewake.saleordersystem.entity.InquiryCode ,Not found @TableId annotation, Cannot use Mybatis-Plus 'xxById' Method.
2023-08-18 18:16:35.476 [restartedMain] WARN  [,] c.b.mybatisplus.core.metadata.TableInfoHelper - Can not find table primary key in Class: "java.util.Map".
2023-08-18 18:16:35.476 [restartedMain] WARN  [,] c.b.mybatisplus.core.injector.DefaultSqlInjector - interface java.util.Map ,Not found @TableId annotation, Cannot use Mybatis-Plus 'xxById' Method.
2023-08-18 18:16:36.733 [restartedMain] WARN  [,] c.b.mybatisplus.core.metadata.TableInfoHelper - Can not find table primary key in Class: "com.benewake.saleordersystem.entity.Past.PastPredictionCompany".
2023-08-18 18:16:36.733 [restartedMain] WARN  [,] c.b.mybatisplus.core.injector.DefaultSqlInjector - class com.benewake.saleordersystem.entity.Past.PastPredictionCompany ,Not found @TableId annotation, Cannot use Mybatis-Plus 'xxById' Method.
2023-08-18 18:18:08.348 [http-nio-8080-exec-6] WARN  [,] o.s.w.s.m.support.DefaultHandlerExceptionResolver - Resolved [org.springframework.web.HttpRequestMethodNotSupportedException: Request method 'GET' not supported]
2023-08-18 18:18:13.640 [http-nio-8080-exec-7] WARN  [,] o.s.w.s.m.m.a.ExceptionHandlerExceptionResolver - Resolved [org.springframework.web.multipart.support.MissingServletRequestPartException: Required request part 'file' is not present]
2023-08-18 18:19:47.262 [restartedMain] WARN  [,] c.b.mybatisplus.core.metadata.TableInfoHelper - Can not find table primary key in Class: "com.benewake.saleordersystem.entity.InquiryCode".
2023-08-18 18:19:47.263 [restartedMain] WARN  [,] c.b.mybatisplus.core.injector.DefaultSqlInjector - class com.benewake.saleordersystem.entity.InquiryCode ,Not found @TableId annotation, Cannot use Mybatis-Plus 'xxById' Method.
2023-08-18 18:19:47.282 [restartedMain] WARN  [,] c.b.mybatisplus.core.metadata.TableInfoHelper - Can not find table primary key in Class: "java.util.Map".
2023-08-18 18:19:47.282 [restartedMain] WARN  [,] c.b.mybatisplus.core.injector.DefaultSqlInjector - interface java.util.Map ,Not found @TableId annotation, Cannot use Mybatis-Plus 'xxById' Method.
2023-08-18 18:19:48.502 [restartedMain] WARN  [,] c.b.mybatisplus.core.metadata.TableInfoHelper - Can not find table primary key in Class: "com.benewake.saleordersystem.entity.Past.PastPredictionCompany".
2023-08-18 18:19:48.503 [restartedMain] WARN  [,] c.b.mybatisplus.core.injector.DefaultSqlInjector - class com.benewake.saleordersystem.entity.Past.PastPredictionCompany ,Not found @TableId annotation, Cannot use Mybatis-Plus 'xxById' Method.
2023-08-18 18:21:36.012 [restartedMain] WARN  [,] c.b.mybatisplus.core.metadata.TableInfoHelper - Can not find table primary key in Class: "com.benewake.saleordersystem.entity.InquiryCode".
2023-08-18 18:21:36.012 [restartedMain] WARN  [,] c.b.mybatisplus.core.injector.DefaultSqlInjector - class com.benewake.saleordersystem.entity.InquiryCode ,Not found @TableId annotation, Cannot use Mybatis-Plus 'xxById' Method.
2023-08-18 18:21:36.036 [restartedMain] WARN  [,] c.b.mybatisplus.core.metadata.TableInfoHelper - Can not find table primary key in Class: "java.util.Map".
2023-08-18 18:21:36.036 [restartedMain] WARN  [,] c.b.mybatisplus.core.injector.DefaultSqlInjector - interface java.util.Map ,Not found @TableId annotation, Cannot use Mybatis-Plus 'xxById' Method.
2023-08-18 18:21:37.329 [restartedMain] WARN  [,] c.b.mybatisplus.core.metadata.TableInfoHelper - Can not find table primary key in Class: "com.benewake.saleordersystem.entity.Past.PastPredictionCompany".
2023-08-18 18:21:37.329 [restartedMain] WARN  [,] c.b.mybatisplus.core.injector.DefaultSqlInjector - class com.benewake.saleordersystem.entity.Past.PastPredictionCompany ,Not found @TableId annotation, Cannot use Mybatis-Plus 'xxById' Method.
