2023-08-14 10:37:48.737 [restartedMain] WARN  [,] c.b.mybatisplus.core.metadata.TableInfoHelper - Can not find table primary key in Class: "com.benewake.saleordersystem.entity.InquiryCode".
2023-08-14 10:37:48.748 [restartedMain] WARN  [,] c.b.mybatisplus.core.injector.DefaultSqlInjector - class com.benewake.saleordersystem.entity.InquiryCode ,Not found @TableId annotation, Cannot use Mybatis-Plus 'xxById' Method.
2023-08-14 10:37:48.775 [restartedMain] WARN  [,] c.b.mybatisplus.core.metadata.TableInfoHelper - Can not find table primary key in Class: "java.util.Map".
2023-08-14 10:37:48.775 [restartedMain] WARN  [,] c.b.mybatisplus.core.injector.DefaultSqlInjector - interface java.util.Map ,Not found @TableId annotation, Cannot use Mybatis-Plus 'xxById' Method.
2023-08-14 10:37:50.244 [restartedMain] WARN  [,] c.b.mybatisplus.core.metadata.TableInfoHelper - Can not find table primary key in Class: "com.benewake.saleordersystem.entity.Past.PastPredictionCompany".
2023-08-14 10:37:50.244 [restartedMain] WARN  [,] c.b.mybatisplus.core.injector.DefaultSqlInjector - class com.benewake.saleordersystem.entity.Past.PastPredictionCompany ,Not found @TableId annotation, Cannot use Mybatis-Plus 'xxById' Method.
2023-08-14 10:42:30.254 [restartedMain] WARN  [,] c.b.mybatisplus.core.metadata.TableInfoHelper - Can not find table primary key in Class: "com.benewake.saleordersystem.entity.InquiryCode".
2023-08-14 10:42:30.255 [restartedMain] WARN  [,] c.b.mybatisplus.core.injector.DefaultSqlInjector - class com.benewake.saleordersystem.entity.InquiryCode ,Not found @TableId annotation, Cannot use Mybatis-Plus 'xxById' Method.
2023-08-14 10:42:30.281 [restartedMain] WARN  [,] c.b.mybatisplus.core.metadata.TableInfoHelper - Can not find table primary key in Class: "java.util.Map".
2023-08-14 10:42:30.281 [restartedMain] WARN  [,] c.b.mybatisplus.core.injector.DefaultSqlInjector - interface java.util.Map ,Not found @TableId annotation, Cannot use Mybatis-Plus 'xxById' Method.
2023-08-14 10:42:31.683 [restartedMain] WARN  [,] c.b.mybatisplus.core.metadata.TableInfoHelper - Can not find table primary key in Class: "com.benewake.saleordersystem.entity.Past.PastPredictionCompany".
2023-08-14 10:42:31.683 [restartedMain] WARN  [,] c.b.mybatisplus.core.injector.DefaultSqlInjector - class com.benewake.saleordersystem.entity.Past.PastPredictionCompany ,Not found @TableId annotation, Cannot use Mybatis-Plus 'xxById' Method.
2023-08-14 17:04:23.092 [http-nio-8080-exec-2] WARN  [,] o.s.w.s.m.m.a.ExceptionHandlerExceptionResolver - Resolved [org.springframework.http.converter.HttpMessageNotReadableException: JSON parse error: Cannot construct instance of `java.util.LinkedHashMap` (although at least one Creator exists): no String-argument constructor/factory method to deserialize from String value ('itemName'); nested exception is com.fasterxml.jackson.databind.exc.MismatchedInputException: Cannot construct instance of `java.util.LinkedHashMap` (although at least one Creator exists): no String-argument constructor/factory method to deserialize from String value ('itemName')
 at [Source: (PushbackInputStream); line: 1, column: 1]]
2023-08-14 18:22:55.786 [restartedMain] WARN  [,] org.mybatis.spring.mapper.ClassPathMapperScanner - No MyBatis mapper was found in '[com.benewake.saleordersystem.mapper]' package. Please check your configuration.
2023-08-14 18:23:08.448 [restartedMain] WARN  [,] c.b.mybatisplus.core.metadata.TableInfoHelper - Can not find table primary key in Class: "com.benewake.saleordersystem.entity.InquiryCode".
2023-08-14 18:23:08.449 [restartedMain] WARN  [,] c.b.mybatisplus.core.injector.DefaultSqlInjector - class com.benewake.saleordersystem.entity.InquiryCode ,Not found @TableId annotation, Cannot use Mybatis-Plus 'xxById' Method.
2023-08-14 18:23:08.494 [restartedMain] WARN  [,] c.b.mybatisplus.core.metadata.TableInfoHelper - Can not find table primary key in Class: "java.util.Map".
2023-08-14 18:23:08.494 [restartedMain] WARN  [,] c.b.mybatisplus.core.injector.DefaultSqlInjector - interface java.util.Map ,Not found @TableId annotation, Cannot use Mybatis-Plus 'xxById' Method.
2023-08-14 18:23:11.134 [restartedMain] WARN  [,] c.b.mybatisplus.core.metadata.TableInfoHelper - Can not find table primary key in Class: "com.benewake.saleordersystem.entity.Past.PastPredictionCompany".
2023-08-14 18:23:11.134 [restartedMain] WARN  [,] c.b.mybatisplus.core.injector.DefaultSqlInjector - class com.benewake.saleordersystem.entity.Past.PastPredictionCompany ,Not found @TableId annotation, Cannot use Mybatis-Plus 'xxById' Method.
2023-08-14 18:26:10.083 [main] WARN  [,] c.b.mybatisplus.core.metadata.TableInfoHelper - Can not find table primary key in Class: "com.benewake.saleordersystem.entity.InquiryCode".
2023-08-14 18:26:10.083 [main] WARN  [,] c.b.mybatisplus.core.injector.DefaultSqlInjector - class com.benewake.saleordersystem.entity.InquiryCode ,Not found @TableId annotation, Cannot use Mybatis-Plus 'xxById' Method.
2023-08-14 18:26:10.132 [main] WARN  [,] c.b.mybatisplus.core.metadata.TableInfoHelper - Can not find table primary key in Class: "java.util.Map".
2023-08-14 18:26:10.133 [main] WARN  [,] c.b.mybatisplus.core.injector.DefaultSqlInjector - interface java.util.Map ,Not found @TableId annotation, Cannot use Mybatis-Plus 'xxById' Method.
2023-08-14 18:26:13.559 [main] WARN  [,] c.b.mybatisplus.core.metadata.TableInfoHelper - Can not find table primary key in Class: "com.benewake.saleordersystem.entity.Past.PastPredictionCompany".
2023-08-14 18:26:13.560 [main] WARN  [,] c.b.mybatisplus.core.injector.DefaultSqlInjector - class com.benewake.saleordersystem.entity.Past.PastPredictionCompany ,Not found @TableId annotation, Cannot use Mybatis-Plus 'xxById' Method.
2023-08-14 19:36:48.510 [main] WARN  [,] c.b.mybatisplus.core.metadata.TableInfoHelper - Can not find table primary key in Class: "com.benewake.saleordersystem.entity.InquiryCode".
2023-08-14 19:36:48.511 [main] WARN  [,] c.b.mybatisplus.core.injector.DefaultSqlInjector - class com.benewake.saleordersystem.entity.InquiryCode ,Not found @TableId annotation, Cannot use Mybatis-Plus 'xxById' Method.
2023-08-14 19:36:48.553 [main] WARN  [,] c.b.mybatisplus.core.metadata.TableInfoHelper - Can not find table primary key in Class: "java.util.Map".
2023-08-14 19:36:48.553 [main] WARN  [,] c.b.mybatisplus.core.injector.DefaultSqlInjector - interface java.util.Map ,Not found @TableId annotation, Cannot use Mybatis-Plus 'xxById' Method.
2023-08-14 19:36:51.841 [main] WARN  [,] c.b.mybatisplus.core.metadata.TableInfoHelper - Can not find table primary key in Class: "com.benewake.saleordersystem.entity.Past.PastPredictionCompany".
2023-08-14 19:36:51.841 [main] WARN  [,] c.b.mybatisplus.core.injector.DefaultSqlInjector - class com.benewake.saleordersystem.entity.Past.PastPredictionCompany ,Not found @TableId annotation, Cannot use Mybatis-Plus 'xxById' Method.
2023-08-14 19:37:52.647 [main] WARN  [,] c.b.mybatisplus.core.metadata.TableInfoHelper - Can not find table primary key in Class: "com.benewake.saleordersystem.entity.InquiryCode".
2023-08-14 19:37:52.648 [main] WARN  [,] c.b.mybatisplus.core.injector.DefaultSqlInjector - class com.benewake.saleordersystem.entity.InquiryCode ,Not found @TableId annotation, Cannot use Mybatis-Plus 'xxById' Method.
2023-08-14 19:37:52.682 [main] WARN  [,] c.b.mybatisplus.core.metadata.TableInfoHelper - Can not find table primary key in Class: "java.util.Map".
2023-08-14 19:37:52.682 [main] WARN  [,] c.b.mybatisplus.core.injector.DefaultSqlInjector - interface java.util.Map ,Not found @TableId annotation, Cannot use Mybatis-Plus 'xxById' Method.
2023-08-14 19:37:55.879 [main] WARN  [,] c.b.mybatisplus.core.metadata.TableInfoHelper - Can not find table primary key in Class: "com.benewake.saleordersystem.entity.Past.PastPredictionCompany".
2023-08-14 19:37:55.879 [main] WARN  [,] c.b.mybatisplus.core.injector.DefaultSqlInjector - class com.benewake.saleordersystem.entity.Past.PastPredictionCompany ,Not found @TableId annotation, Cannot use Mybatis-Plus 'xxById' Method.
2023-08-14 20:16:20.676 [main] WARN  [,] c.b.mybatisplus.core.metadata.TableInfoHelper - Can not find table primary key in Class: "com.benewake.saleordersystem.entity.InquiryCode".
2023-08-14 20:16:20.681 [main] WARN  [,] c.b.mybatisplus.core.injector.DefaultSqlInjector - class com.benewake.saleordersystem.entity.InquiryCode ,Not found @TableId annotation, Cannot use Mybatis-Plus 'xxById' Method.
2023-08-14 20:16:20.729 [main] WARN  [,] c.b.mybatisplus.core.metadata.TableInfoHelper - Can not find table primary key in Class: "java.util.Map".
2023-08-14 20:16:20.729 [main] WARN  [,] c.b.mybatisplus.core.injector.DefaultSqlInjector - interface java.util.Map ,Not found @TableId annotation, Cannot use Mybatis-Plus 'xxById' Method.
2023-08-14 20:16:24.732 [main] WARN  [,] c.b.mybatisplus.core.metadata.TableInfoHelper - Can not find table primary key in Class: "com.benewake.saleordersystem.entity.Past.PastPredictionCompany".
2023-08-14 20:16:24.733 [main] WARN  [,] c.b.mybatisplus.core.injector.DefaultSqlInjector - class com.benewake.saleordersystem.entity.Past.PastPredictionCompany ,Not found @TableId annotation, Cannot use Mybatis-Plus 'xxById' Method.
2023-08-14 20:26:32.787 [restartedMain] WARN  [,] c.b.mybatisplus.core.metadata.TableInfoHelper - Can not find table primary key in Class: "com.benewake.saleordersystem.entity.InquiryCode".
2023-08-14 20:26:32.788 [restartedMain] WARN  [,] c.b.mybatisplus.core.injector.DefaultSqlInjector - class com.benewake.saleordersystem.entity.InquiryCode ,Not found @TableId annotation, Cannot use Mybatis-Plus 'xxById' Method.
2023-08-14 20:26:32.816 [restartedMain] WARN  [,] c.b.mybatisplus.core.metadata.TableInfoHelper - Can not find table primary key in Class: "java.util.Map".
2023-08-14 20:26:32.817 [restartedMain] WARN  [,] c.b.mybatisplus.core.injector.DefaultSqlInjector - interface java.util.Map ,Not found @TableId annotation, Cannot use Mybatis-Plus 'xxById' Method.
2023-08-14 20:26:34.932 [restartedMain] WARN  [,] c.b.mybatisplus.core.metadata.TableInfoHelper - Can not find table primary key in Class: "com.benewake.saleordersystem.entity.Past.PastPredictionCompany".
2023-08-14 20:26:34.932 [restartedMain] WARN  [,] c.b.mybatisplus.core.injector.DefaultSqlInjector - class com.benewake.saleordersystem.entity.Past.PastPredictionCompany ,Not found @TableId annotation, Cannot use Mybatis-Plus 'xxById' Method.
