2023-08-24 14:11:23.376 [restartedMain] INFO  [,] c.b.saleordersystem.SaleOrderSystemApplication - Starting SaleOrderSystemApplication on DESKTOP-7M29D94 with PID 59400 (E:\北醒文件\测试版本\saleorder-system-main\target\classes started by DELL in E:\北醒文件\测试版本\saleorder-system-main)
2023-08-24 14:11:23.385 [restartedMain] INFO  [,] c.b.saleordersystem.SaleOrderSystemApplication - No active profile set, falling back to default profiles: default
2023-08-24 14:11:23.496 [restartedMain] INFO  [,] o.s.b.d.env.DevToolsPropertyDefaultsPostProcessor - Devtools property defaults active! Set 'spring.devtools.add-properties' to 'false' to disable
2023-08-24 14:11:23.497 [restartedMain] INFO  [,] o.s.b.d.env.DevToolsPropertyDefaultsPostProcessor - For additional web related logging consider setting the 'logging.level.web' property to 'DEBUG'
2023-08-24 14:11:27.165 [restartedMain] INFO  [,] o.s.boot.web.embedded.tomcat.TomcatWebServer - Tomcat initialized with port(s): 8080 (https)
2023-08-24 14:11:27.177 [restartedMain] INFO  [,] org.apache.coyote.http11.Http11NioProtocol - Initializing ProtocolHandler ["https-openssl-nio-8080"]
2023-08-24 14:11:27.178 [restartedMain] INFO  [,] org.apache.catalina.core.StandardService - Starting service [Tomcat]
2023-08-24 14:11:27.178 [restartedMain] INFO  [,] org.apache.catalina.core.StandardEngine - Starting Servlet engine: [Apache Tomcat/9.0.41]
2023-08-24 14:11:27.180 [restartedMain] INFO  [,] org.apache.catalina.core.AprLifecycleListener - Loaded Apache Tomcat Native library [1.2.23] using APR version [1.7.0].
2023-08-24 14:11:27.180 [restartedMain] INFO  [,] org.apache.catalina.core.AprLifecycleListener - APR capabilities: IPv6 [true], sendfile [true], accept filters [false], random [true].
2023-08-24 14:11:27.181 [restartedMain] INFO  [,] org.apache.catalina.core.AprLifecycleListener - APR/OpenSSL configuration: useAprConnector [false], useOpenSSL [true]
2023-08-24 14:11:27.203 [restartedMain] INFO  [,] org.apache.catalina.core.AprLifecycleListener - OpenSSL successfully initialized [OpenSSL 1.1.1c  28 May 2019]
2023-08-24 14:11:27.347 [restartedMain] INFO  [,] o.a.c.c.C.[Tomcat].[localhost].[/benewake] - Initializing Spring embedded WebApplicationContext
2023-08-24 14:11:27.347 [restartedMain] INFO  [,] o.s.b.w.s.c.ServletWebServerApplicationContext - Root WebApplicationContext: initialization completed in 3849 ms
2023-08-24 14:11:31.462 [restartedMain] INFO  [,] o.s.scheduling.concurrent.ThreadPoolTaskExecutor - Initializing ExecutorService
2023-08-24 14:11:31.463 [restartedMain] INFO  [,] o.s.scheduling.concurrent.ThreadPoolTaskExecutor - Initializing ExecutorService 'asynExecutor'
2023-08-24 14:11:31.647 [restartedMain] INFO  [,] o.s.b.d.autoconfigure.OptionalLiveReloadServer - LiveReload server is running on port 35729
2023-08-24 14:11:32.535 [restartedMain] INFO  [,] org.apache.coyote.http11.Http11NioProtocol - Starting ProtocolHandler ["https-openssl-nio-8080"]
2023-08-24 14:11:33.492 [restartedMain] INFO  [,] o.s.boot.web.embedded.tomcat.TomcatWebServer - Tomcat started on port(s): 8080 (https) with context path '/benewake'
2023-08-24 14:11:33.957 [restartedMain] INFO  [,] c.b.saleordersystem.SaleOrderSystemApplication - Started SaleOrderSystemApplication in 11.505 seconds (JVM running for 14.593)
2023-08-24 14:16:53.908 [Thread-22] INFO  [,] o.s.scheduling.concurrent.ThreadPoolTaskExecutor - Shutting down ExecutorService 'asynExecutor'
2023-08-24 14:17:00.012 [restartedMain] INFO  [,] c.b.saleordersystem.SaleOrderSystemApplication - Starting SaleOrderSystemApplication on DESKTOP-7M29D94 with PID 59400 (E:\北醒文件\测试版本\saleorder-system-main\target\classes started by DELL in E:\北醒文件\测试版本\saleorder-system-main)
2023-08-24 14:17:00.013 [restartedMain] INFO  [,] c.b.saleordersystem.SaleOrderSystemApplication - No active profile set, falling back to default profiles: default
2023-08-24 14:17:00.867 [restartedMain] INFO  [,] o.s.boot.web.embedded.tomcat.TomcatWebServer - Tomcat initialized with port(s): 8080 (https)
2023-08-24 14:17:00.868 [restartedMain] INFO  [,] org.apache.catalina.core.StandardService - Starting service [Tomcat]
2023-08-24 14:17:00.868 [restartedMain] INFO  [,] org.apache.catalina.core.StandardEngine - Starting Servlet engine: [Apache Tomcat/9.0.41]
2023-08-24 14:17:00.869 [restartedMain] INFO  [,] org.apache.catalina.core.AprLifecycleListener - Loaded Apache Tomcat Native library [1.2.23] using APR version [1.7.0].
2023-08-24 14:17:00.869 [restartedMain] INFO  [,] org.apache.catalina.core.AprLifecycleListener - APR capabilities: IPv6 [true], sendfile [true], accept filters [false], random [true].
2023-08-24 14:17:00.869 [restartedMain] INFO  [,] org.apache.catalina.core.AprLifecycleListener - APR/OpenSSL configuration: useAprConnector [false], useOpenSSL [true]
2023-08-24 14:17:00.870 [restartedMain] INFO  [,] org.apache.catalina.core.AprLifecycleListener - OpenSSL successfully initialized [OpenSSL 1.1.1c  28 May 2019]
2023-08-24 14:17:00.901 [restartedMain] INFO  [,] o.a.c.c.C.[Tomcat-1].[localhost].[/benewake] - Initializing Spring embedded WebApplicationContext
2023-08-24 14:17:00.901 [restartedMain] INFO  [,] o.s.b.w.s.c.ServletWebServerApplicationContext - Root WebApplicationContext: initialization completed in 881 ms
2023-08-24 14:17:01.188 [restartedMain] INFO  [,] o.s.scheduling.concurrent.ThreadPoolTaskExecutor - Initializing ExecutorService 'applicationTaskExecutor'
2023-08-24 14:17:01.205 [restartedMain] INFO  [,] o.s.b.d.autoconfigure.OptionalLiveReloadServer - LiveReload server is running on port 35729
2023-08-24 14:17:03.671 [restartedMain] INFO  [,] o.s.boot.web.embedded.tomcat.TomcatWebServer - Tomcat started on port(s): 8080 (https) with context path '/benewake'
2023-08-24 14:17:03.768 [restartedMain] INFO  [,] c.b.saleordersystem.SaleOrderSystemApplication - Started SaleOrderSystemApplication in 3.87 seconds (JVM running for 344.403)
2023-08-24 14:17:03.775 [restartedMain] INFO  [,] o.s.b.d.a.ConditionEvaluationDeltaLoggingListener - Condition evaluation delta:


==========================
CONDITION EVALUATION DELTA
==========================


Positive matches:
-----------------

   TaskExecutionAutoConfiguration#applicationTaskExecutor matched:
      - @ConditionalOnMissingBean (types: java.util.concurrent.Executor; SearchStrategy: all) did not find any beans (OnBeanCondition)


Negative matches:
-----------------

    None


Exclusions:
-----------

    None


Unconditional classes:
----------------------

    None



2023-08-24 14:17:12.387 [Thread-35] INFO  [,] o.s.scheduling.concurrent.ThreadPoolTaskExecutor - Shutting down ExecutorService 'applicationTaskExecutor'
2023-08-24 14:17:12.702 [restartedMain] INFO  [,] c.b.saleordersystem.SaleOrderSystemApplication - Starting SaleOrderSystemApplication on DESKTOP-7M29D94 with PID 59400 (E:\北醒文件\测试版本\saleorder-system-main\target\classes started by DELL in E:\北醒文件\测试版本\saleorder-system-main)
2023-08-24 14:17:12.703 [restartedMain] INFO  [,] c.b.saleordersystem.SaleOrderSystemApplication - No active profile set, falling back to default profiles: default
2023-08-24 14:17:13.742 [restartedMain] INFO  [,] o.s.boot.web.embedded.tomcat.TomcatWebServer - Tomcat initialized with port(s): 8080 (https)
2023-08-24 14:17:13.743 [restartedMain] INFO  [,] org.apache.catalina.core.StandardService - Starting service [Tomcat]
2023-08-24 14:17:13.743 [restartedMain] INFO  [,] org.apache.catalina.core.StandardEngine - Starting Servlet engine: [Apache Tomcat/9.0.41]
2023-08-24 14:17:13.744 [restartedMain] INFO  [,] org.apache.catalina.core.AprLifecycleListener - Loaded Apache Tomcat Native library [1.2.23] using APR version [1.7.0].
2023-08-24 14:17:13.744 [restartedMain] INFO  [,] org.apache.catalina.core.AprLifecycleListener - APR capabilities: IPv6 [true], sendfile [true], accept filters [false], random [true].
2023-08-24 14:17:13.744 [restartedMain] INFO  [,] org.apache.catalina.core.AprLifecycleListener - APR/OpenSSL configuration: useAprConnector [false], useOpenSSL [true]
2023-08-24 14:17:13.745 [restartedMain] INFO  [,] org.apache.catalina.core.AprLifecycleListener - OpenSSL successfully initialized [OpenSSL 1.1.1c  28 May 2019]
2023-08-24 14:17:13.783 [restartedMain] INFO  [,] o.a.c.c.C.[Tomcat-1].[localhost].[/benewake] - Initializing Spring embedded WebApplicationContext
2023-08-24 14:17:13.783 [restartedMain] INFO  [,] o.s.b.w.s.c.ServletWebServerApplicationContext - Root WebApplicationContext: initialization completed in 1073 ms
2023-08-24 14:17:16.852 [restartedMain] INFO  [,] o.s.scheduling.concurrent.ThreadPoolTaskExecutor - Initializing ExecutorService
2023-08-24 14:17:16.853 [restartedMain] INFO  [,] o.s.scheduling.concurrent.ThreadPoolTaskExecutor - Initializing ExecutorService 'asynExecutor'
2023-08-24 14:17:17.025 [restartedMain] INFO  [,] o.s.b.d.autoconfigure.OptionalLiveReloadServer - LiveReload server is running on port 35729
2023-08-24 14:17:18.413 [main] INFO  [,] c.b.saleordersystem.mapper.ItemControllerTest - Starting ItemControllerTest on DESKTOP-7M29D94 with PID 58776 (started by DELL in E:\北醒文件\测试版本\saleorder-system-main)
2023-08-24 14:17:18.419 [main] INFO  [,] c.b.saleordersystem.mapper.ItemControllerTest - No active profile set, falling back to default profiles: default
2023-08-24 14:17:19.033 [restartedMain] INFO  [,] o.s.boot.web.embedded.tomcat.TomcatWebServer - Tomcat started on port(s): 8080 (https) with context path '/benewake'
2023-08-24 14:17:19.611 [restartedMain] INFO  [,] c.b.saleordersystem.SaleOrderSystemApplication - Started SaleOrderSystemApplication in 7.015 seconds (JVM running for 360.247)
2023-08-24 14:17:19.616 [restartedMain] INFO  [,] o.s.b.d.a.ConditionEvaluationDeltaLoggingListener - Condition evaluation delta:


==========================
CONDITION EVALUATION DELTA
==========================


Positive matches:
-----------------

    None


Negative matches:
-----------------

   TaskExecutionAutoConfiguration#applicationTaskExecutor:
      Did not match:
         - @ConditionalOnMissingBean (types: java.util.concurrent.Executor; SearchStrategy: all) found beans of type 'java.util.concurrent.Executor' asynExecutor (OnBeanCondition)


Exclusions:
-----------

    None


Unconditional classes:
----------------------

    None



2023-08-24 14:17:28.405 [main] INFO  [,] o.s.scheduling.concurrent.ThreadPoolTaskExecutor - Initializing ExecutorService
2023-08-24 14:17:28.420 [main] INFO  [,] o.s.scheduling.concurrent.ThreadPoolTaskExecutor - Initializing ExecutorService 'asynExecutor'
2023-08-24 14:17:29.966 [main] INFO  [,] o.s.b.test.mock.web.SpringBootMockServletContext - Initializing Spring TestDispatcherServlet ''
2023-08-24 14:17:29.966 [main] INFO  [,] o.s.test.web.servlet.TestDispatcherServlet - Initializing Servlet ''
2023-08-24 14:17:29.993 [main] INFO  [,] o.s.test.web.servlet.TestDispatcherServlet - Completed initialization in 27 ms
2023-08-24 14:17:31.667 [main] INFO  [,] c.b.saleordersystem.mapper.ItemControllerTest - Started ItemControllerTest in 14.471 seconds (JVM running for 16.756)
2023-08-24 14:17:32.709 [main] INFO  [,] com.benewake.saleordersystem.aspect.LogAspect - 用户[127.0.0.1],在[2023-08-24 14:08:32],访问了[com.benewake.saleordersystem.controller.ItemController]的[addItem]方法，参数为[[Item(id=null, itemCode=99999, itemName=皮炎平, itemType=2, quantitative=null)]].
2023-08-24 14:17:32.755 [main] INFO  [,] com.zaxxer.hikari.HikariDataSource - HikariPool-1 - Starting...
2023-08-24 14:17:33.811 [main] INFO  [,] com.zaxxer.hikari.HikariDataSource - HikariPool-1 - Start completed.
2023-08-24 14:17:34.055 [SpringContextShutdownHook] INFO  [,] o.s.scheduling.concurrent.ThreadPoolTaskExecutor - Shutting down ExecutorService 'asynExecutor'
2023-08-24 14:17:34.069 [SpringContextShutdownHook] INFO  [,] com.zaxxer.hikari.HikariDataSource - HikariPool-1 - Shutdown initiated...
2023-08-24 14:17:34.163 [SpringContextShutdownHook] INFO  [,] com.zaxxer.hikari.HikariDataSource - HikariPool-1 - Shutdown completed.
2023-08-24 14:20:10.043 [SpringContextShutdownHook] INFO  [,] o.s.scheduling.concurrent.ThreadPoolTaskExecutor - Shutting down ExecutorService 'asynExecutor'
2023-08-24 14:20:17.169 [restartedMain] INFO  [,] c.b.saleordersystem.SaleOrderSystemApplication - Starting SaleOrderSystemApplication on DESKTOP-7M29D94 with PID 59724 (E:\北醒文件\测试版本\saleorder-system-main\target\classes started by DELL in E:\北醒文件\测试版本\saleorder-system-main)
2023-08-24 14:20:17.178 [restartedMain] INFO  [,] c.b.saleordersystem.SaleOrderSystemApplication - No active profile set, falling back to default profiles: default
2023-08-24 14:20:17.318 [restartedMain] INFO  [,] o.s.b.d.env.DevToolsPropertyDefaultsPostProcessor - Devtools property defaults active! Set 'spring.devtools.add-properties' to 'false' to disable
2023-08-24 14:20:17.319 [restartedMain] INFO  [,] o.s.b.d.env.DevToolsPropertyDefaultsPostProcessor - For additional web related logging consider setting the 'logging.level.web' property to 'DEBUG'
2023-08-24 14:20:21.665 [restartedMain] INFO  [,] o.s.boot.web.embedded.tomcat.TomcatWebServer - Tomcat initialized with port(s): 8080 (https)
2023-08-24 14:20:21.688 [restartedMain] INFO  [,] org.apache.coyote.http11.Http11NioProtocol - Initializing ProtocolHandler ["https-openssl-nio-8080"]
2023-08-24 14:20:21.690 [restartedMain] INFO  [,] org.apache.catalina.core.StandardService - Starting service [Tomcat]
2023-08-24 14:20:21.690 [restartedMain] INFO  [,] org.apache.catalina.core.StandardEngine - Starting Servlet engine: [Apache Tomcat/9.0.41]
2023-08-24 14:20:21.695 [restartedMain] INFO  [,] org.apache.catalina.core.AprLifecycleListener - Loaded Apache Tomcat Native library [1.2.23] using APR version [1.7.0].
2023-08-24 14:20:21.695 [restartedMain] INFO  [,] org.apache.catalina.core.AprLifecycleListener - APR capabilities: IPv6 [true], sendfile [true], accept filters [false], random [true].
2023-08-24 14:20:21.695 [restartedMain] INFO  [,] org.apache.catalina.core.AprLifecycleListener - APR/OpenSSL configuration: useAprConnector [false], useOpenSSL [true]
2023-08-24 14:20:21.708 [restartedMain] INFO  [,] org.apache.catalina.core.AprLifecycleListener - OpenSSL successfully initialized [OpenSSL 1.1.1c  28 May 2019]
2023-08-24 14:20:21.983 [restartedMain] INFO  [,] o.a.c.c.C.[Tomcat].[localhost].[/benewake] - Initializing Spring embedded WebApplicationContext
2023-08-24 14:20:21.983 [restartedMain] INFO  [,] o.s.b.w.s.c.ServletWebServerApplicationContext - Root WebApplicationContext: initialization completed in 4663 ms
2023-08-24 14:20:25.324 [restartedMain] INFO  [,] o.s.scheduling.concurrent.ThreadPoolTaskExecutor - Initializing ExecutorService
2023-08-24 14:20:25.326 [restartedMain] INFO  [,] o.s.scheduling.concurrent.ThreadPoolTaskExecutor - Initializing ExecutorService 'asynExecutor'
2023-08-24 14:20:25.470 [restartedMain] INFO  [,] o.s.b.d.autoconfigure.OptionalLiveReloadServer - LiveReload server is running on port 35729
2023-08-24 14:20:26.179 [restartedMain] INFO  [,] org.apache.coyote.http11.Http11NioProtocol - Starting ProtocolHandler ["https-openssl-nio-8080"]
2023-08-24 14:20:26.566 [restartedMain] INFO  [,] o.s.boot.web.embedded.tomcat.TomcatWebServer - Tomcat started on port(s): 8080 (https) with context path '/benewake'
2023-08-24 14:20:26.931 [restartedMain] INFO  [,] c.b.saleordersystem.SaleOrderSystemApplication - Started SaleOrderSystemApplication in 11.028 seconds (JVM running for 13.866)
2023-08-24 14:21:01.297 [Thread-14] INFO  [,] o.s.scheduling.concurrent.ThreadPoolTaskExecutor - Shutting down ExecutorService 'asynExecutor'
