2023-08-16 15:42:00.189 [Thread-4] INFO  [,] o.s.scheduling.concurrent.ThreadPoolTaskExecutor - Shutting down ExecutorService 'asynExecutor'
2023-08-16 15:42:00.220 [Thread-4] INFO  [,] com.zaxxer.hikari.HikariDataSource - HikariPool-1 - Shutdown initiated...
2023-08-16 15:42:00.230 [Thread-4] INFO  [,] com.zaxxer.hikari.HikariDataSource - HikariPool-1 - Shutdown completed.
2023-08-16 15:42:00.620 [restartedMain] INFO  [,] c.b.saleordersystem.SaleOrderSystemApplication - Starting SaleOrderSystemApplication on DESKTOP-7M29D94 with PID 9824 (E:\北醒文件\FIM系统\saleorder-system-main\target\classes started by DELL in E:\北醒文件\FIM系统\saleorder-system-main)
2023-08-16 15:42:00.620 [restartedMain] INFO  [,] c.b.saleordersystem.SaleOrderSystemApplication - No active profile set, falling back to default profiles: default
2023-08-16 15:42:02.245 [restartedMain] INFO  [,] o.s.boot.web.embedded.tomcat.TomcatWebServer - Tomcat initialized with port(s): 8080 (http)
2023-08-16 15:42:02.247 [restartedMain] INFO  [,] org.apache.coyote.http11.Http11NioProtocol - Initializing ProtocolHandler ["http-nio-8080"]
2023-08-16 15:42:02.248 [restartedMain] INFO  [,] org.apache.catalina.core.StandardService - Starting service [Tomcat]
2023-08-16 15:42:02.248 [restartedMain] INFO  [,] org.apache.catalina.core.StandardEngine - Starting Servlet engine: [Apache Tomcat/9.0.41]
2023-08-16 15:42:02.248 [restartedMain] INFO  [,] org.apache.catalina.core.AprLifecycleListener - Loaded Apache Tomcat Native library [1.2.23] using APR version [1.7.0].
2023-08-16 15:42:02.249 [restartedMain] INFO  [,] org.apache.catalina.core.AprLifecycleListener - APR capabilities: IPv6 [true], sendfile [true], accept filters [false], random [true].
2023-08-16 15:42:02.249 [restartedMain] INFO  [,] org.apache.catalina.core.AprLifecycleListener - APR/OpenSSL configuration: useAprConnector [false], useOpenSSL [true]
2023-08-16 15:42:02.250 [restartedMain] INFO  [,] org.apache.catalina.core.AprLifecycleListener - OpenSSL successfully initialized [OpenSSL 1.1.1c  28 May 2019]
2023-08-16 15:42:02.328 [restartedMain] INFO  [,] o.a.c.c.C.[Tomcat].[localhost].[/benewake] - Initializing Spring embedded WebApplicationContext
2023-08-16 15:42:02.328 [restartedMain] INFO  [,] o.s.b.w.s.c.ServletWebServerApplicationContext - Root WebApplicationContext: initialization completed in 1702 ms
2023-08-16 15:42:04.405 [restartedMain] INFO  [,] o.s.scheduling.concurrent.ThreadPoolTaskExecutor - Initializing ExecutorService
2023-08-16 15:42:04.406 [restartedMain] INFO  [,] o.s.scheduling.concurrent.ThreadPoolTaskExecutor - Initializing ExecutorService 'asynExecutor'
2023-08-16 15:42:04.546 [restartedMain] INFO  [,] o.s.b.d.autoconfigure.OptionalLiveReloadServer - LiveReload server is running on port 35729
2023-08-16 15:42:05.556 [restartedMain] INFO  [,] org.apache.coyote.http11.Http11NioProtocol - Starting ProtocolHandler ["http-nio-8080"]
2023-08-16 15:42:05.561 [restartedMain] INFO  [,] o.s.boot.web.embedded.tomcat.TomcatWebServer - Tomcat started on port(s): 8080 (http) with context path '/benewake'
2023-08-16 15:42:05.843 [restartedMain] INFO  [,] c.b.saleordersystem.SaleOrderSystemApplication - Started SaleOrderSystemApplication in 5.336 seconds (JVM running for 109780.967)
2023-08-16 15:42:05.848 [restartedMain] INFO  [,] o.s.b.d.a.ConditionEvaluationDeltaLoggingListener - Condition evaluation unchanged
2023-08-16 15:42:09.532 [main] INFO  [,] c.b.saleordersystem.mapper.ItemControllerTest - Starting ItemControllerTest on DESKTOP-7M29D94 with PID 11660 (started by DELL in E:\北醒文件\FIM系统\saleorder-system-main)
2023-08-16 15:42:09.534 [main] INFO  [,] c.b.saleordersystem.mapper.ItemControllerTest - No active profile set, falling back to default profiles: default
2023-08-16 15:42:18.903 [main] INFO  [,] o.s.scheduling.concurrent.ThreadPoolTaskExecutor - Initializing ExecutorService
2023-08-16 15:42:18.917 [main] INFO  [,] o.s.scheduling.concurrent.ThreadPoolTaskExecutor - Initializing ExecutorService 'asynExecutor'
2023-08-16 15:42:20.699 [main] INFO  [,] o.s.b.test.mock.web.SpringBootMockServletContext - Initializing Spring TestDispatcherServlet ''
2023-08-16 15:42:20.699 [main] INFO  [,] o.s.test.web.servlet.TestDispatcherServlet - Initializing Servlet ''
2023-08-16 15:42:20.720 [main] INFO  [,] o.s.test.web.servlet.TestDispatcherServlet - Completed initialization in 21 ms
2023-08-16 15:42:22.247 [main] INFO  [,] c.b.saleordersystem.mapper.ItemControllerTest - Started ItemControllerTest in 13.853 seconds (JVM running for 16.231)
2023-08-16 15:42:23.430 [main] INFO  [,] com.benewake.saleordersystem.aspect.LogAspect - 用户[127.0.0.1],在[2023-08-16 15:08:23],访问了[com.benewake.saleordersystem.controller.ItemController]的[addItem]方法，参数为[[Item(id=null, itemCode=99999, itemName=皮炎平, itemType=2, quantitative=null)]].
2023-08-16 15:42:23.489 [main] INFO  [,] com.zaxxer.hikari.HikariDataSource - HikariPool-1 - Starting...
2023-08-16 15:42:23.756 [main] INFO  [,] com.zaxxer.hikari.HikariDataSource - HikariPool-1 - Start completed.
2023-08-16 15:42:24.038 [SpringContextShutdownHook] INFO  [,] o.s.scheduling.concurrent.ThreadPoolTaskExecutor - Shutting down ExecutorService 'asynExecutor'
2023-08-16 15:42:24.045 [SpringContextShutdownHook] INFO  [,] com.zaxxer.hikari.HikariDataSource - HikariPool-1 - Shutdown initiated...
2023-08-16 15:42:24.057 [SpringContextShutdownHook] INFO  [,] com.zaxxer.hikari.HikariDataSource - HikariPool-1 - Shutdown completed.
2023-08-16 15:44:52.074 [main] INFO  [,] c.b.saleordersystem.mapper.ItemControllerTest - Starting ItemControllerTest on DESKTOP-7M29D94 with PID 19888 (started by DELL in E:\北醒文件\FIM系统\saleorder-system-main)
2023-08-16 15:44:52.077 [main] INFO  [,] c.b.saleordersystem.mapper.ItemControllerTest - No active profile set, falling back to default profiles: default
2023-08-16 15:45:02.820 [main] INFO  [,] o.s.scheduling.concurrent.ThreadPoolTaskExecutor - Initializing ExecutorService
2023-08-16 15:45:02.845 [main] INFO  [,] o.s.scheduling.concurrent.ThreadPoolTaskExecutor - Initializing ExecutorService 'asynExecutor'
2023-08-16 15:45:04.553 [main] INFO  [,] o.s.b.test.mock.web.SpringBootMockServletContext - Initializing Spring TestDispatcherServlet ''
2023-08-16 15:45:04.554 [main] INFO  [,] o.s.test.web.servlet.TestDispatcherServlet - Initializing Servlet ''
2023-08-16 15:45:04.586 [main] INFO  [,] o.s.test.web.servlet.TestDispatcherServlet - Completed initialization in 32 ms
2023-08-16 15:45:06.155 [main] INFO  [,] c.b.saleordersystem.mapper.ItemControllerTest - Started ItemControllerTest in 15.229 seconds (JVM running for 17.813)
2023-08-16 15:45:06.167 [SpringContextShutdownHook] INFO  [,] o.s.scheduling.concurrent.ThreadPoolTaskExecutor - Shutting down ExecutorService 'asynExecutor'
2023-08-16 15:46:29.510 [http-nio-8080-exec-3] INFO  [,] o.a.c.c.C.[Tomcat].[localhost].[/benewake] - Initializing Spring DispatcherServlet 'dispatcherServlet'
2023-08-16 15:46:29.510 [http-nio-8080-exec-3] INFO  [,] org.springframework.web.servlet.DispatcherServlet - Initializing Servlet 'dispatcherServlet'
2023-08-16 15:46:29.518 [http-nio-8080-exec-3] INFO  [,] org.springframework.web.servlet.DispatcherServlet - Completed initialization in 8 ms
2023-08-16 15:48:09.127 [http-nio-8080-exec-4] INFO  [,] com.benewake.saleordersystem.aspect.LogAspect - 用户[0:0:0:0:0:0:0:1],在[2023-08-16 15:08:09],访问了[com.benewake.saleordersystem.controller.HomeController]的[login]方法，参数为[[User(id=0, username=王小溪, password=14021402wangxiaoxi, salt=, userType=0, userConllection=0), org.apache.catalina.connector.ResponseFacade@183e18a8]].
2023-08-16 15:48:09.138 [http-nio-8080-exec-4] INFO  [,] com.zaxxer.hikari.HikariDataSource - HikariPool-2 - Starting...
2023-08-16 15:48:09.145 [http-nio-8080-exec-4] INFO  [,] com.zaxxer.hikari.HikariDataSource - HikariPool-2 - Start completed.
2023-08-16 15:48:21.314 [http-nio-8080-exec-8] INFO  [,] com.benewake.saleordersystem.aspect.LogAspect - 用户[0:0:0:0:0:0:0:1],在[2023-08-16 15:08:21],访问了[com.benewake.saleordersystem.controller.HomeController]的[login]方法，参数为[[User(id=null, username=王小溪, password=14021402wangxiaoxi, salt=null, userType=null, userConllection=null), org.apache.catalina.connector.ResponseFacade@183e18a8]].
2023-08-16 15:48:34.013 [http-nio-8080-exec-9] INFO  [,] com.benewake.saleordersystem.aspect.LogAspect - 用户[0:0:0:0:0:0:0:1],在[2023-08-16 15:08:34],访问了[com.benewake.saleordersystem.controller.HomeController]的[logout]方法，参数为[[da24b65820714e10a30cd0cd656584f1]].
2023-08-16 15:48:37.121 [http-nio-8080-exec-6] INFO  [,] com.benewake.saleordersystem.aspect.LogAspect - 用户[0:0:0:0:0:0:0:1],在[2023-08-16 15:08:37],访问了[com.benewake.saleordersystem.controller.HomeController]的[login]方法，参数为[[User(id=null, username=王小溪, password=14021402wangxiaoxi, salt=null, userType=null, userConllection=null), org.apache.catalina.connector.ResponseFacade@183e18a8]].
2023-08-16 15:50:30.564 [http-nio-8080-exec-2] INFO  [,] com.benewake.saleordersystem.aspect.LogAspect - 用户[0:0:0:0:0:0:0:1],在[2023-08-16 15:08:30],访问了[com.benewake.saleordersystem.controller.ItemController]的[addItem]方法，参数为[[Item(id=0, itemCode=888, itemName=手表, itemType=1, quantitative=0)]].
2023-08-16 15:51:50.315 [http-nio-8080-exec-4] INFO  [,] com.benewake.saleordersystem.aspect.LogAspect - 用户[0:0:0:0:0:0:0:1],在[2023-08-16 15:08:50],访问了[com.benewake.saleordersystem.controller.ItemController]的[addItem]方法，参数为[[Item(id=0, itemCode=888, itemName=手表, itemType=0, quantitative=0)]].
2023-08-16 15:52:39.316 [http-nio-8080-exec-7] INFO  [,] com.benewake.saleordersystem.aspect.LogAspect - 用户[0:0:0:0:0:0:0:1],在[2023-08-16 15:08:39],访问了[com.benewake.saleordersystem.controller.ItemController]的[addItem]方法，参数为[[Item(id=0, itemCode=, itemName=, itemType=2, quantitative=0)]].
2023-08-16 15:52:47.869 [http-nio-8080-exec-10] INFO  [,] com.benewake.saleordersystem.aspect.LogAspect - 用户[0:0:0:0:0:0:0:1],在[2023-08-16 15:08:47],访问了[com.benewake.saleordersystem.controller.ItemController]的[addItem]方法，参数为[[Item(id=0, itemCode=, itemName=, itemType=2, quantitative=0)]].
2023-08-16 15:54:09.398 [http-nio-8080-exec-3] INFO  [,] com.benewake.saleordersystem.aspect.LogAspect - 用户[0:0:0:0:0:0:0:1],在[2023-08-16 15:08:09],访问了[com.benewake.saleordersystem.controller.ItemController]的[deleteItem]方法，参数为[[41]].
2023-08-16 15:55:18.313 [http-nio-8080-exec-7] INFO  [,] com.benewake.saleordersystem.aspect.LogAspect - 用户[0:0:0:0:0:0:0:1],在[2023-08-16 15:08:18],访问了[com.benewake.saleordersystem.controller.ItemController]的[updateItem]方法，参数为[[Item(id=40, itemCode=888, itemName=达克宁, itemType=2, quantitative=0)]].
2023-08-16 16:21:21.194 [SpringContextShutdownHook] INFO  [,] o.s.scheduling.concurrent.ThreadPoolTaskExecutor - Shutting down ExecutorService 'asynExecutor'
2023-08-16 16:21:21.196 [SpringContextShutdownHook] INFO  [,] com.zaxxer.hikari.HikariDataSource - HikariPool-2 - Shutdown initiated...
2023-08-16 16:21:21.198 [SpringContextShutdownHook] INFO  [,] com.zaxxer.hikari.HikariDataSource - HikariPool-2 - Shutdown completed.
2023-08-16 16:21:30.724 [restartedMain] INFO  [,] c.b.saleordersystem.SaleOrderSystemApplication - Starting SaleOrderSystemApplication on DESKTOP-7M29D94 with PID 10848 (E:\北醒文件\FIM系统\saleorder-system-main\target\classes started by DELL in E:\北醒文件\FIM系统\saleorder-system-main)
2023-08-16 16:21:30.727 [restartedMain] INFO  [,] c.b.saleordersystem.SaleOrderSystemApplication - No active profile set, falling back to default profiles: default
2023-08-16 16:21:30.808 [restartedMain] INFO  [,] o.s.b.d.env.DevToolsPropertyDefaultsPostProcessor - Devtools property defaults active! Set 'spring.devtools.add-properties' to 'false' to disable
2023-08-16 16:21:30.808 [restartedMain] INFO  [,] o.s.b.d.env.DevToolsPropertyDefaultsPostProcessor - For additional web related logging consider setting the 'logging.level.web' property to 'DEBUG'
2023-08-16 16:21:32.925 [restartedMain] INFO  [,] o.s.boot.web.embedded.tomcat.TomcatWebServer - Tomcat initialized with port(s): 8080 (http)
2023-08-16 16:21:32.948 [restartedMain] INFO  [,] org.apache.coyote.http11.Http11NioProtocol - Initializing ProtocolHandler ["http-nio-8080"]
2023-08-16 16:21:32.949 [restartedMain] INFO  [,] org.apache.catalina.core.StandardService - Starting service [Tomcat]
2023-08-16 16:21:32.949 [restartedMain] INFO  [,] org.apache.catalina.core.StandardEngine - Starting Servlet engine: [Apache Tomcat/9.0.41]
2023-08-16 16:21:32.951 [restartedMain] INFO  [,] org.apache.catalina.core.AprLifecycleListener - Loaded Apache Tomcat Native library [1.2.23] using APR version [1.7.0].
2023-08-16 16:21:32.952 [restartedMain] INFO  [,] org.apache.catalina.core.AprLifecycleListener - APR capabilities: IPv6 [true], sendfile [true], accept filters [false], random [true].
2023-08-16 16:21:32.952 [restartedMain] INFO  [,] org.apache.catalina.core.AprLifecycleListener - APR/OpenSSL configuration: useAprConnector [false], useOpenSSL [true]
2023-08-16 16:21:32.991 [restartedMain] INFO  [,] org.apache.catalina.core.AprLifecycleListener - OpenSSL successfully initialized [OpenSSL 1.1.1c  28 May 2019]
2023-08-16 16:21:33.159 [restartedMain] INFO  [,] o.a.c.c.C.[Tomcat].[localhost].[/benewake] - Initializing Spring embedded WebApplicationContext
2023-08-16 16:21:33.159 [restartedMain] INFO  [,] o.s.b.w.s.c.ServletWebServerApplicationContext - Root WebApplicationContext: initialization completed in 2350 ms
2023-08-16 16:21:36.129 [restartedMain] INFO  [,] o.s.scheduling.concurrent.ThreadPoolTaskExecutor - Initializing ExecutorService
2023-08-16 16:21:36.130 [restartedMain] INFO  [,] o.s.scheduling.concurrent.ThreadPoolTaskExecutor - Initializing ExecutorService 'asynExecutor'
2023-08-16 16:21:36.278 [restartedMain] INFO  [,] o.s.b.d.autoconfigure.OptionalLiveReloadServer - LiveReload server is running on port 35729
2023-08-16 16:21:36.886 [restartedMain] INFO  [,] org.apache.coyote.http11.Http11NioProtocol - Starting ProtocolHandler ["http-nio-8080"]
2023-08-16 16:21:36.904 [restartedMain] INFO  [,] o.s.boot.web.embedded.tomcat.TomcatWebServer - Tomcat started on port(s): 8080 (http) with context path '/benewake'
2023-08-16 16:21:37.238 [restartedMain] INFO  [,] c.b.saleordersystem.SaleOrderSystemApplication - Started SaleOrderSystemApplication in 7.127 seconds (JVM running for 9.137)
2023-08-16 16:21:44.049 [http-nio-8080-exec-1] INFO  [,] o.a.c.c.C.[Tomcat].[localhost].[/benewake] - Initializing Spring DispatcherServlet 'dispatcherServlet'
2023-08-16 16:21:44.049 [http-nio-8080-exec-1] INFO  [,] org.springframework.web.servlet.DispatcherServlet - Initializing Servlet 'dispatcherServlet'
2023-08-16 16:21:44.061 [http-nio-8080-exec-1] INFO  [,] org.springframework.web.servlet.DispatcherServlet - Completed initialization in 12 ms
2023-08-16 16:21:44.131 [http-nio-8080-exec-1] INFO  [,] com.zaxxer.hikari.HikariDataSource - HikariPool-1 - Starting...
2023-08-16 16:21:44.290 [http-nio-8080-exec-1] INFO  [,] com.zaxxer.hikari.HikariDataSource - HikariPool-1 - Start completed.
2023-08-16 16:27:37.655 [SpringContextShutdownHook] INFO  [,] o.s.scheduling.concurrent.ThreadPoolTaskExecutor - Shutting down ExecutorService 'asynExecutor'
2023-08-16 16:27:37.660 [SpringContextShutdownHook] INFO  [,] com.zaxxer.hikari.HikariDataSource - HikariPool-1 - Shutdown initiated...
2023-08-16 16:27:37.666 [SpringContextShutdownHook] INFO  [,] com.zaxxer.hikari.HikariDataSource - HikariPool-1 - Shutdown completed.
2023-08-16 16:27:44.139 [restartedMain] INFO  [,] c.b.saleordersystem.SaleOrderSystemApplication - Starting SaleOrderSystemApplication on DESKTOP-7M29D94 with PID 6408 (E:\北醒文件\FIM系统\saleorder-system-main\target\classes started by DELL in E:\北醒文件\FIM系统\saleorder-system-main)
2023-08-16 16:27:44.141 [restartedMain] INFO  [,] c.b.saleordersystem.SaleOrderSystemApplication - No active profile set, falling back to default profiles: default
2023-08-16 16:27:44.221 [restartedMain] INFO  [,] o.s.b.d.env.DevToolsPropertyDefaultsPostProcessor - Devtools property defaults active! Set 'spring.devtools.add-properties' to 'false' to disable
2023-08-16 16:27:44.222 [restartedMain] INFO  [,] o.s.b.d.env.DevToolsPropertyDefaultsPostProcessor - For additional web related logging consider setting the 'logging.level.web' property to 'DEBUG'
2023-08-16 16:27:46.140 [restartedMain] INFO  [,] o.s.boot.web.embedded.tomcat.TomcatWebServer - Tomcat initialized with port(s): 8080 (http)
2023-08-16 16:27:46.148 [restartedMain] INFO  [,] org.apache.coyote.http11.Http11NioProtocol - Initializing ProtocolHandler ["http-nio-8080"]
2023-08-16 16:27:46.149 [restartedMain] INFO  [,] org.apache.catalina.core.StandardService - Starting service [Tomcat]
2023-08-16 16:27:46.149 [restartedMain] INFO  [,] org.apache.catalina.core.StandardEngine - Starting Servlet engine: [Apache Tomcat/9.0.41]
2023-08-16 16:27:46.151 [restartedMain] INFO  [,] org.apache.catalina.core.AprLifecycleListener - Loaded Apache Tomcat Native library [1.2.23] using APR version [1.7.0].
2023-08-16 16:27:46.151 [restartedMain] INFO  [,] org.apache.catalina.core.AprLifecycleListener - APR capabilities: IPv6 [true], sendfile [true], accept filters [false], random [true].
2023-08-16 16:27:46.151 [restartedMain] INFO  [,] org.apache.catalina.core.AprLifecycleListener - APR/OpenSSL configuration: useAprConnector [false], useOpenSSL [true]
2023-08-16 16:27:46.155 [restartedMain] INFO  [,] org.apache.catalina.core.AprLifecycleListener - OpenSSL successfully initialized [OpenSSL 1.1.1c  28 May 2019]
2023-08-16 16:27:46.247 [restartedMain] INFO  [,] o.a.c.c.C.[Tomcat].[localhost].[/benewake] - Initializing Spring embedded WebApplicationContext
2023-08-16 16:27:46.247 [restartedMain] INFO  [,] o.s.b.w.s.c.ServletWebServerApplicationContext - Root WebApplicationContext: initialization completed in 2024 ms
2023-08-16 16:27:49.459 [restartedMain] INFO  [,] o.s.scheduling.concurrent.ThreadPoolTaskExecutor - Initializing ExecutorService
2023-08-16 16:27:49.461 [restartedMain] INFO  [,] o.s.scheduling.concurrent.ThreadPoolTaskExecutor - Initializing ExecutorService 'asynExecutor'
2023-08-16 16:27:49.633 [restartedMain] INFO  [,] o.s.b.d.autoconfigure.OptionalLiveReloadServer - LiveReload server is running on port 35729
2023-08-16 16:27:50.848 [restartedMain] INFO  [,] org.apache.coyote.http11.Http11NioProtocol - Starting ProtocolHandler ["http-nio-8080"]
2023-08-16 16:27:50.897 [restartedMain] INFO  [,] o.s.boot.web.embedded.tomcat.TomcatWebServer - Tomcat started on port(s): 8080 (http) with context path '/benewake'
2023-08-16 16:27:51.628 [restartedMain] INFO  [,] c.b.saleordersystem.SaleOrderSystemApplication - Started SaleOrderSystemApplication in 8.063 seconds (JVM running for 9.623)
2023-08-16 16:30:39.964 [http-nio-8080-exec-1] INFO  [,] o.a.c.c.C.[Tomcat].[localhost].[/benewake] - Initializing Spring DispatcherServlet 'dispatcherServlet'
2023-08-16 16:30:39.964 [http-nio-8080-exec-1] INFO  [,] org.springframework.web.servlet.DispatcherServlet - Initializing Servlet 'dispatcherServlet'
2023-08-16 16:30:39.974 [http-nio-8080-exec-1] INFO  [,] org.springframework.web.servlet.DispatcherServlet - Completed initialization in 10 ms
2023-08-16 16:30:40.035 [http-nio-8080-exec-1] INFO  [,] com.zaxxer.hikari.HikariDataSource - HikariPool-1 - Starting...
2023-08-16 16:30:40.151 [http-nio-8080-exec-1] INFO  [,] com.zaxxer.hikari.HikariDataSource - HikariPool-1 - Start completed.
2023-08-16 16:30:51.950 [SpringContextShutdownHook] INFO  [,] o.s.scheduling.concurrent.ThreadPoolTaskExecutor - Shutting down ExecutorService 'asynExecutor'
2023-08-16 16:30:51.954 [SpringContextShutdownHook] INFO  [,] com.zaxxer.hikari.HikariDataSource - HikariPool-1 - Shutdown initiated...
2023-08-16 16:30:51.959 [SpringContextShutdownHook] INFO  [,] com.zaxxer.hikari.HikariDataSource - HikariPool-1 - Shutdown completed.
2023-08-16 16:30:56.069 [restartedMain] INFO  [,] c.b.saleordersystem.SaleOrderSystemApplication - Starting SaleOrderSystemApplication on DESKTOP-7M29D94 with PID 12304 (E:\北醒文件\FIM系统\saleorder-system-main\target\classes started by DELL in E:\北醒文件\FIM系统\saleorder-system-main)
2023-08-16 16:30:56.073 [restartedMain] INFO  [,] c.b.saleordersystem.SaleOrderSystemApplication - No active profile set, falling back to default profiles: default
2023-08-16 16:30:56.155 [restartedMain] INFO  [,] o.s.b.d.env.DevToolsPropertyDefaultsPostProcessor - Devtools property defaults active! Set 'spring.devtools.add-properties' to 'false' to disable
2023-08-16 16:30:56.156 [restartedMain] INFO  [,] o.s.b.d.env.DevToolsPropertyDefaultsPostProcessor - For additional web related logging consider setting the 'logging.level.web' property to 'DEBUG'
2023-08-16 16:30:57.958 [restartedMain] INFO  [,] o.s.boot.web.embedded.tomcat.TomcatWebServer - Tomcat initialized with port(s): 8080 (http)
2023-08-16 16:30:57.965 [restartedMain] INFO  [,] org.apache.coyote.http11.Http11NioProtocol - Initializing ProtocolHandler ["http-nio-8080"]
2023-08-16 16:30:57.966 [restartedMain] INFO  [,] org.apache.catalina.core.StandardService - Starting service [Tomcat]
2023-08-16 16:30:57.966 [restartedMain] INFO  [,] org.apache.catalina.core.StandardEngine - Starting Servlet engine: [Apache Tomcat/9.0.41]
2023-08-16 16:30:57.968 [restartedMain] INFO  [,] org.apache.catalina.core.AprLifecycleListener - Loaded Apache Tomcat Native library [1.2.23] using APR version [1.7.0].
2023-08-16 16:30:57.968 [restartedMain] INFO  [,] org.apache.catalina.core.AprLifecycleListener - APR capabilities: IPv6 [true], sendfile [true], accept filters [false], random [true].
2023-08-16 16:30:57.969 [restartedMain] INFO  [,] org.apache.catalina.core.AprLifecycleListener - APR/OpenSSL configuration: useAprConnector [false], useOpenSSL [true]
2023-08-16 16:30:57.974 [restartedMain] INFO  [,] org.apache.catalina.core.AprLifecycleListener - OpenSSL successfully initialized [OpenSSL 1.1.1c  28 May 2019]
2023-08-16 16:30:58.052 [restartedMain] INFO  [,] o.a.c.c.C.[Tomcat].[localhost].[/benewake] - Initializing Spring embedded WebApplicationContext
2023-08-16 16:30:58.052 [restartedMain] INFO  [,] o.s.b.w.s.c.ServletWebServerApplicationContext - Root WebApplicationContext: initialization completed in 1895 ms
2023-08-16 16:31:01.113 [restartedMain] INFO  [,] o.s.scheduling.concurrent.ThreadPoolTaskExecutor - Initializing ExecutorService
2023-08-16 16:31:01.114 [restartedMain] INFO  [,] o.s.scheduling.concurrent.ThreadPoolTaskExecutor - Initializing ExecutorService 'asynExecutor'
2023-08-16 16:31:01.258 [restartedMain] INFO  [,] o.s.b.d.autoconfigure.OptionalLiveReloadServer - LiveReload server is running on port 35729
2023-08-16 16:31:01.959 [restartedMain] INFO  [,] org.apache.coyote.http11.Http11NioProtocol - Starting ProtocolHandler ["http-nio-8080"]
2023-08-16 16:31:01.979 [restartedMain] INFO  [,] o.s.boot.web.embedded.tomcat.TomcatWebServer - Tomcat started on port(s): 8080 (http) with context path '/benewake'
2023-08-16 16:31:02.362 [restartedMain] INFO  [,] c.b.saleordersystem.SaleOrderSystemApplication - Started SaleOrderSystemApplication in 6.923 seconds (JVM running for 9.076)
2023-08-16 16:31:10.921 [http-nio-8080-exec-1] INFO  [,] o.a.c.c.C.[Tomcat].[localhost].[/benewake] - Initializing Spring DispatcherServlet 'dispatcherServlet'
2023-08-16 16:31:10.922 [http-nio-8080-exec-1] INFO  [,] org.springframework.web.servlet.DispatcherServlet - Initializing Servlet 'dispatcherServlet'
2023-08-16 16:31:10.933 [http-nio-8080-exec-1] INFO  [,] org.springframework.web.servlet.DispatcherServlet - Completed initialization in 11 ms
2023-08-16 16:31:11.000 [http-nio-8080-exec-1] INFO  [,] com.zaxxer.hikari.HikariDataSource - HikariPool-1 - Starting...
2023-08-16 16:31:11.099 [http-nio-8080-exec-1] INFO  [,] com.zaxxer.hikari.HikariDataSource - HikariPool-1 - Start completed.
2023-08-16 16:31:51.584 [SpringContextShutdownHook] INFO  [,] o.s.scheduling.concurrent.ThreadPoolTaskExecutor - Shutting down ExecutorService 'asynExecutor'
2023-08-16 16:31:51.588 [SpringContextShutdownHook] INFO  [,] com.zaxxer.hikari.HikariDataSource - HikariPool-1 - Shutdown initiated...
2023-08-16 16:31:51.595 [SpringContextShutdownHook] INFO  [,] com.zaxxer.hikari.HikariDataSource - HikariPool-1 - Shutdown completed.
2023-08-16 16:31:58.896 [restartedMain] INFO  [,] c.b.saleordersystem.SaleOrderSystemApplication - Starting SaleOrderSystemApplication on DESKTOP-7M29D94 with PID 11604 (E:\北醒文件\FIM系统\saleorder-system-main\target\classes started by DELL in E:\北醒文件\FIM系统\saleorder-system-main)
2023-08-16 16:31:58.899 [restartedMain] INFO  [,] c.b.saleordersystem.SaleOrderSystemApplication - No active profile set, falling back to default profiles: default
2023-08-16 16:31:58.963 [restartedMain] INFO  [,] o.s.b.d.env.DevToolsPropertyDefaultsPostProcessor - Devtools property defaults active! Set 'spring.devtools.add-properties' to 'false' to disable
2023-08-16 16:31:58.964 [restartedMain] INFO  [,] o.s.b.d.env.DevToolsPropertyDefaultsPostProcessor - For additional web related logging consider setting the 'logging.level.web' property to 'DEBUG'
2023-08-16 16:32:00.568 [restartedMain] INFO  [,] o.s.boot.web.embedded.tomcat.TomcatWebServer - Tomcat initialized with port(s): 8080 (http)
2023-08-16 16:32:00.577 [restartedMain] INFO  [,] org.apache.coyote.http11.Http11NioProtocol - Initializing ProtocolHandler ["http-nio-8080"]
2023-08-16 16:32:00.577 [restartedMain] INFO  [,] org.apache.catalina.core.StandardService - Starting service [Tomcat]
2023-08-16 16:32:00.577 [restartedMain] INFO  [,] org.apache.catalina.core.StandardEngine - Starting Servlet engine: [Apache Tomcat/9.0.41]
2023-08-16 16:32:00.579 [restartedMain] INFO  [,] org.apache.catalina.core.AprLifecycleListener - Loaded Apache Tomcat Native library [1.2.23] using APR version [1.7.0].
2023-08-16 16:32:00.579 [restartedMain] INFO  [,] org.apache.catalina.core.AprLifecycleListener - APR capabilities: IPv6 [true], sendfile [true], accept filters [false], random [true].
2023-08-16 16:32:00.579 [restartedMain] INFO  [,] org.apache.catalina.core.AprLifecycleListener - APR/OpenSSL configuration: useAprConnector [false], useOpenSSL [true]
2023-08-16 16:32:00.583 [restartedMain] INFO  [,] org.apache.catalina.core.AprLifecycleListener - OpenSSL successfully initialized [OpenSSL 1.1.1c  28 May 2019]
2023-08-16 16:32:00.661 [restartedMain] INFO  [,] o.a.c.c.C.[Tomcat].[localhost].[/benewake] - Initializing Spring embedded WebApplicationContext
2023-08-16 16:32:00.661 [restartedMain] INFO  [,] o.s.b.w.s.c.ServletWebServerApplicationContext - Root WebApplicationContext: initialization completed in 1696 ms
2023-08-16 16:32:03.294 [restartedMain] INFO  [,] o.s.scheduling.concurrent.ThreadPoolTaskExecutor - Initializing ExecutorService
2023-08-16 16:32:03.295 [restartedMain] INFO  [,] o.s.scheduling.concurrent.ThreadPoolTaskExecutor - Initializing ExecutorService 'asynExecutor'
2023-08-16 16:32:03.439 [restartedMain] INFO  [,] o.s.b.d.autoconfigure.OptionalLiveReloadServer - LiveReload server is running on port 35729
2023-08-16 16:32:04.125 [restartedMain] INFO  [,] org.apache.coyote.http11.Http11NioProtocol - Starting ProtocolHandler ["http-nio-8080"]
2023-08-16 16:32:04.153 [restartedMain] INFO  [,] o.s.boot.web.embedded.tomcat.TomcatWebServer - Tomcat started on port(s): 8080 (http) with context path '/benewake'
2023-08-16 16:32:04.627 [restartedMain] INFO  [,] c.b.saleordersystem.SaleOrderSystemApplication - Started SaleOrderSystemApplication in 6.269 seconds (JVM running for 8.334)
2023-08-16 16:32:07.701 [http-nio-8080-exec-1] INFO  [,] o.a.c.c.C.[Tomcat].[localhost].[/benewake] - Initializing Spring DispatcherServlet 'dispatcherServlet'
2023-08-16 16:32:07.702 [http-nio-8080-exec-1] INFO  [,] org.springframework.web.servlet.DispatcherServlet - Initializing Servlet 'dispatcherServlet'
2023-08-16 16:32:07.710 [http-nio-8080-exec-1] INFO  [,] org.springframework.web.servlet.DispatcherServlet - Completed initialization in 8 ms
2023-08-16 16:32:07.769 [http-nio-8080-exec-1] INFO  [,] com.zaxxer.hikari.HikariDataSource - HikariPool-1 - Starting...
2023-08-16 16:32:07.868 [http-nio-8080-exec-1] INFO  [,] com.zaxxer.hikari.HikariDataSource - HikariPool-1 - Start completed.
2023-08-16 17:37:12.453 [SpringContextShutdownHook] INFO  [,] o.s.scheduling.concurrent.ThreadPoolTaskExecutor - Shutting down ExecutorService 'asynExecutor'
2023-08-16 17:37:12.463 [SpringContextShutdownHook] INFO  [,] com.zaxxer.hikari.HikariDataSource - HikariPool-1 - Shutdown initiated...
2023-08-16 17:37:12.469 [SpringContextShutdownHook] INFO  [,] com.zaxxer.hikari.HikariDataSource - HikariPool-1 - Shutdown completed.
2023-08-16 17:37:20.302 [restartedMain] INFO  [,] c.b.saleordersystem.SaleOrderSystemApplication - Starting SaleOrderSystemApplication on DESKTOP-7M29D94 with PID 19492 (E:\北醒文件\FIM系统\saleorder-system-main\target\classes started by DELL in E:\北醒文件\FIM系统\saleorder-system-main)
2023-08-16 17:37:20.306 [restartedMain] INFO  [,] c.b.saleordersystem.SaleOrderSystemApplication - No active profile set, falling back to default profiles: default
2023-08-16 17:37:20.375 [restartedMain] INFO  [,] o.s.b.d.env.DevToolsPropertyDefaultsPostProcessor - Devtools property defaults active! Set 'spring.devtools.add-properties' to 'false' to disable
2023-08-16 17:37:20.376 [restartedMain] INFO  [,] o.s.b.d.env.DevToolsPropertyDefaultsPostProcessor - For additional web related logging consider setting the 'logging.level.web' property to 'DEBUG'
2023-08-16 17:37:22.037 [restartedMain] INFO  [,] o.s.boot.web.embedded.tomcat.TomcatWebServer - Tomcat initialized with port(s): 8080 (http)
2023-08-16 17:37:22.044 [restartedMain] INFO  [,] org.apache.coyote.http11.Http11NioProtocol - Initializing ProtocolHandler ["http-nio-8080"]
2023-08-16 17:37:22.045 [restartedMain] INFO  [,] org.apache.catalina.core.StandardService - Starting service [Tomcat]
2023-08-16 17:37:22.045 [restartedMain] INFO  [,] org.apache.catalina.core.StandardEngine - Starting Servlet engine: [Apache Tomcat/9.0.41]
2023-08-16 17:37:22.047 [restartedMain] INFO  [,] org.apache.catalina.core.AprLifecycleListener - Loaded Apache Tomcat Native library [1.2.23] using APR version [1.7.0].
2023-08-16 17:37:22.047 [restartedMain] INFO  [,] org.apache.catalina.core.AprLifecycleListener - APR capabilities: IPv6 [true], sendfile [true], accept filters [false], random [true].
2023-08-16 17:37:22.047 [restartedMain] INFO  [,] org.apache.catalina.core.AprLifecycleListener - APR/OpenSSL configuration: useAprConnector [false], useOpenSSL [true]
2023-08-16 17:37:22.050 [restartedMain] INFO  [,] org.apache.catalina.core.AprLifecycleListener - OpenSSL successfully initialized [OpenSSL 1.1.1c  28 May 2019]
2023-08-16 17:37:22.126 [restartedMain] INFO  [,] o.a.c.c.C.[Tomcat].[localhost].[/benewake] - Initializing Spring embedded WebApplicationContext
2023-08-16 17:37:22.126 [restartedMain] INFO  [,] o.s.b.w.s.c.ServletWebServerApplicationContext - Root WebApplicationContext: initialization completed in 1749 ms
2023-08-16 17:37:24.798 [restartedMain] INFO  [,] o.s.scheduling.concurrent.ThreadPoolTaskExecutor - Initializing ExecutorService
2023-08-16 17:37:24.799 [restartedMain] INFO  [,] o.s.scheduling.concurrent.ThreadPoolTaskExecutor - Initializing ExecutorService 'asynExecutor'
2023-08-16 17:37:24.933 [restartedMain] INFO  [,] o.s.b.d.autoconfigure.OptionalLiveReloadServer - LiveReload server is running on port 35729
2023-08-16 17:37:25.533 [restartedMain] INFO  [,] org.apache.coyote.http11.Http11NioProtocol - Starting ProtocolHandler ["http-nio-8080"]
2023-08-16 17:37:25.557 [restartedMain] INFO  [,] o.s.boot.web.embedded.tomcat.TomcatWebServer - Tomcat started on port(s): 8080 (http) with context path '/benewake'
2023-08-16 17:37:25.895 [restartedMain] INFO  [,] c.b.saleordersystem.SaleOrderSystemApplication - Started SaleOrderSystemApplication in 6.123 seconds (JVM running for 7.911)
2023-08-16 17:37:33.818 [http-nio-8080-exec-1] INFO  [,] o.a.c.c.C.[Tomcat].[localhost].[/benewake] - Initializing Spring DispatcherServlet 'dispatcherServlet'
2023-08-16 17:37:33.820 [http-nio-8080-exec-1] INFO  [,] org.springframework.web.servlet.DispatcherServlet - Initializing Servlet 'dispatcherServlet'
2023-08-16 17:37:33.831 [http-nio-8080-exec-1] INFO  [,] org.springframework.web.servlet.DispatcherServlet - Completed initialization in 11 ms
2023-08-16 17:37:33.904 [http-nio-8080-exec-1] INFO  [,] com.zaxxer.hikari.HikariDataSource - HikariPool-1 - Starting...
2023-08-16 17:37:34.005 [http-nio-8080-exec-1] INFO  [,] com.zaxxer.hikari.HikariDataSource - HikariPool-1 - Start completed.
2023-08-16 17:37:54.082 [http-nio-8080-exec-8] INFO  [,] com.benewake.saleordersystem.aspect.LogAspect - 用户[0:0:0:0:0:0:0:1],在[2023-08-16 17:08:54],访问了[com.benewake.saleordersystem.controller.CustomerController]的[addCustomer]方法，参数为[[Customer(fCustId=84, fName=肯德基)]].
2023-08-16 17:38:36.413 [http-nio-8080-exec-3] INFO  [,] com.benewake.saleordersystem.aspect.LogAspect - 用户[0:0:0:0:0:0:0:1],在[2023-08-16 17:08:36],访问了[com.benewake.saleordersystem.controller.CustomerController]的[addCustomer]方法，参数为[[Customer(fCustId=null, fName=肯德基)]].
2023-08-16 17:38:44.753 [http-nio-8080-exec-1] INFO  [,] com.benewake.saleordersystem.aspect.LogAspect - 用户[0:0:0:0:0:0:0:1],在[2023-08-16 17:08:44],访问了[com.benewake.saleordersystem.controller.CustomerController]的[addCustomer]方法，参数为[[Customer(fCustId=2, fName=)]].
2023-08-16 17:39:03.704 [http-nio-8080-exec-9] INFO  [,] com.benewake.saleordersystem.aspect.LogAspect - 用户[0:0:0:0:0:0:0:1],在[2023-08-16 17:08:03],访问了[com.benewake.saleordersystem.controller.CustomerController]的[addCustomer]方法，参数为[[Customer(fCustId=84, fName=kend)]].
2023-08-16 17:46:24.761 [SpringContextShutdownHook] INFO  [,] o.s.scheduling.concurrent.ThreadPoolTaskExecutor - Shutting down ExecutorService 'asynExecutor'
2023-08-16 17:46:24.765 [SpringContextShutdownHook] INFO  [,] com.zaxxer.hikari.HikariDataSource - HikariPool-1 - Shutdown initiated...
2023-08-16 17:46:24.771 [SpringContextShutdownHook] INFO  [,] com.zaxxer.hikari.HikariDataSource - HikariPool-1 - Shutdown completed.
2023-08-16 17:46:33.084 [restartedMain] INFO  [,] c.b.saleordersystem.SaleOrderSystemApplication - Starting SaleOrderSystemApplication on DESKTOP-7M29D94 with PID 22400 (E:\北醒文件\FIM系统\saleorder-system-main\target\classes started by DELL in E:\北醒文件\FIM系统\saleorder-system-main)
2023-08-16 17:46:33.087 [restartedMain] INFO  [,] c.b.saleordersystem.SaleOrderSystemApplication - No active profile set, falling back to default profiles: default
2023-08-16 17:46:33.148 [restartedMain] INFO  [,] o.s.b.d.env.DevToolsPropertyDefaultsPostProcessor - Devtools property defaults active! Set 'spring.devtools.add-properties' to 'false' to disable
2023-08-16 17:46:33.148 [restartedMain] INFO  [,] o.s.b.d.env.DevToolsPropertyDefaultsPostProcessor - For additional web related logging consider setting the 'logging.level.web' property to 'DEBUG'
2023-08-16 17:46:34.717 [restartedMain] INFO  [,] o.s.boot.web.embedded.tomcat.TomcatWebServer - Tomcat initialized with port(s): 8080 (http)
2023-08-16 17:46:34.725 [restartedMain] INFO  [,] org.apache.coyote.http11.Http11NioProtocol - Initializing ProtocolHandler ["http-nio-8080"]
2023-08-16 17:46:34.725 [restartedMain] INFO  [,] org.apache.catalina.core.StandardService - Starting service [Tomcat]
2023-08-16 17:46:34.726 [restartedMain] INFO  [,] org.apache.catalina.core.StandardEngine - Starting Servlet engine: [Apache Tomcat/9.0.41]
2023-08-16 17:46:34.727 [restartedMain] INFO  [,] org.apache.catalina.core.AprLifecycleListener - Loaded Apache Tomcat Native library [1.2.23] using APR version [1.7.0].
2023-08-16 17:46:34.728 [restartedMain] INFO  [,] org.apache.catalina.core.AprLifecycleListener - APR capabilities: IPv6 [true], sendfile [true], accept filters [false], random [true].
2023-08-16 17:46:34.728 [restartedMain] INFO  [,] org.apache.catalina.core.AprLifecycleListener - APR/OpenSSL configuration: useAprConnector [false], useOpenSSL [true]
2023-08-16 17:46:34.731 [restartedMain] INFO  [,] org.apache.catalina.core.AprLifecycleListener - OpenSSL successfully initialized [OpenSSL 1.1.1c  28 May 2019]
2023-08-16 17:46:34.808 [restartedMain] INFO  [,] o.a.c.c.C.[Tomcat].[localhost].[/benewake] - Initializing Spring embedded WebApplicationContext
2023-08-16 17:46:34.808 [restartedMain] INFO  [,] o.s.b.w.s.c.ServletWebServerApplicationContext - Root WebApplicationContext: initialization completed in 1659 ms
2023-08-16 17:46:37.407 [restartedMain] INFO  [,] o.s.scheduling.concurrent.ThreadPoolTaskExecutor - Initializing ExecutorService
2023-08-16 17:46:37.408 [restartedMain] INFO  [,] o.s.scheduling.concurrent.ThreadPoolTaskExecutor - Initializing ExecutorService 'asynExecutor'
2023-08-16 17:46:37.547 [restartedMain] INFO  [,] o.s.b.d.autoconfigure.OptionalLiveReloadServer - LiveReload server is running on port 35729
2023-08-16 17:46:38.150 [restartedMain] INFO  [,] org.apache.coyote.http11.Http11NioProtocol - Starting ProtocolHandler ["http-nio-8080"]
2023-08-16 17:46:38.168 [restartedMain] INFO  [,] o.s.boot.web.embedded.tomcat.TomcatWebServer - Tomcat started on port(s): 8080 (http) with context path '/benewake'
2023-08-16 17:46:38.504 [restartedMain] INFO  [,] c.b.saleordersystem.SaleOrderSystemApplication - Started SaleOrderSystemApplication in 5.945 seconds (JVM running for 8.139)
2023-08-16 17:47:00.043 [http-nio-8080-exec-1] INFO  [,] o.a.c.c.C.[Tomcat].[localhost].[/benewake] - Initializing Spring DispatcherServlet 'dispatcherServlet'
2023-08-16 17:47:00.044 [http-nio-8080-exec-1] INFO  [,] org.springframework.web.servlet.DispatcherServlet - Initializing Servlet 'dispatcherServlet'
2023-08-16 17:47:00.054 [http-nio-8080-exec-1] INFO  [,] org.springframework.web.servlet.DispatcherServlet - Completed initialization in 10 ms
2023-08-16 17:47:00.116 [http-nio-8080-exec-1] INFO  [,] com.zaxxer.hikari.HikariDataSource - HikariPool-1 - Starting...
2023-08-16 17:47:00.215 [http-nio-8080-exec-1] INFO  [,] com.zaxxer.hikari.HikariDataSource - HikariPool-1 - Start completed.
2023-08-16 17:47:35.097 [http-nio-8080-exec-6] INFO  [,] com.benewake.saleordersystem.aspect.LogAspect - 用户[0:0:0:0:0:0:0:1],在[2023-08-16 17:08:35],访问了[com.benewake.saleordersystem.controller.CustomerController]的[deleteCustomersByIds]方法，参数为[[[71, 84]]].
2023-08-16 17:48:06.587 [SpringContextShutdownHook] INFO  [,] o.s.scheduling.concurrent.ThreadPoolTaskExecutor - Shutting down ExecutorService 'asynExecutor'
2023-08-16 17:48:06.592 [SpringContextShutdownHook] INFO  [,] com.zaxxer.hikari.HikariDataSource - HikariPool-1 - Shutdown initiated...
2023-08-16 17:48:06.598 [SpringContextShutdownHook] INFO  [,] com.zaxxer.hikari.HikariDataSource - HikariPool-1 - Shutdown completed.
2023-08-16 17:48:13.762 [restartedMain] INFO  [,] c.b.saleordersystem.SaleOrderSystemApplication - Starting SaleOrderSystemApplication on DESKTOP-7M29D94 with PID 21540 (E:\北醒文件\FIM系统\saleorder-system-main\target\classes started by DELL in E:\北醒文件\FIM系统\saleorder-system-main)
2023-08-16 17:48:13.765 [restartedMain] INFO  [,] c.b.saleordersystem.SaleOrderSystemApplication - No active profile set, falling back to default profiles: default
2023-08-16 17:48:13.823 [restartedMain] INFO  [,] o.s.b.d.env.DevToolsPropertyDefaultsPostProcessor - Devtools property defaults active! Set 'spring.devtools.add-properties' to 'false' to disable
2023-08-16 17:48:13.824 [restartedMain] INFO  [,] o.s.b.d.env.DevToolsPropertyDefaultsPostProcessor - For additional web related logging consider setting the 'logging.level.web' property to 'DEBUG'
2023-08-16 17:48:15.396 [restartedMain] INFO  [,] o.s.boot.web.embedded.tomcat.TomcatWebServer - Tomcat initialized with port(s): 8080 (http)
2023-08-16 17:48:15.403 [restartedMain] INFO  [,] org.apache.coyote.http11.Http11NioProtocol - Initializing ProtocolHandler ["http-nio-8080"]
2023-08-16 17:48:15.404 [restartedMain] INFO  [,] org.apache.catalina.core.StandardService - Starting service [Tomcat]
2023-08-16 17:48:15.404 [restartedMain] INFO  [,] org.apache.catalina.core.StandardEngine - Starting Servlet engine: [Apache Tomcat/9.0.41]
2023-08-16 17:48:15.405 [restartedMain] INFO  [,] org.apache.catalina.core.AprLifecycleListener - Loaded Apache Tomcat Native library [1.2.23] using APR version [1.7.0].
2023-08-16 17:48:15.406 [restartedMain] INFO  [,] org.apache.catalina.core.AprLifecycleListener - APR capabilities: IPv6 [true], sendfile [true], accept filters [false], random [true].
2023-08-16 17:48:15.406 [restartedMain] INFO  [,] org.apache.catalina.core.AprLifecycleListener - APR/OpenSSL configuration: useAprConnector [false], useOpenSSL [true]
2023-08-16 17:48:15.409 [restartedMain] INFO  [,] org.apache.catalina.core.AprLifecycleListener - OpenSSL successfully initialized [OpenSSL 1.1.1c  28 May 2019]
2023-08-16 17:48:15.492 [restartedMain] INFO  [,] o.a.c.c.C.[Tomcat].[localhost].[/benewake] - Initializing Spring embedded WebApplicationContext
2023-08-16 17:48:15.492 [restartedMain] INFO  [,] o.s.b.w.s.c.ServletWebServerApplicationContext - Root WebApplicationContext: initialization completed in 1668 ms
2023-08-16 17:48:18.148 [restartedMain] INFO  [,] o.s.scheduling.concurrent.ThreadPoolTaskExecutor - Initializing ExecutorService
2023-08-16 17:48:18.149 [restartedMain] INFO  [,] o.s.scheduling.concurrent.ThreadPoolTaskExecutor - Initializing ExecutorService 'asynExecutor'
2023-08-16 17:48:18.289 [restartedMain] INFO  [,] o.s.b.d.autoconfigure.OptionalLiveReloadServer - LiveReload server is running on port 35729
2023-08-16 17:48:18.896 [restartedMain] INFO  [,] org.apache.coyote.http11.Http11NioProtocol - Starting ProtocolHandler ["http-nio-8080"]
2023-08-16 17:48:18.917 [restartedMain] INFO  [,] o.s.boot.web.embedded.tomcat.TomcatWebServer - Tomcat started on port(s): 8080 (http) with context path '/benewake'
2023-08-16 17:48:19.272 [restartedMain] INFO  [,] c.b.saleordersystem.SaleOrderSystemApplication - Started SaleOrderSystemApplication in 6.071 seconds (JVM running for 7.912)
2023-08-16 17:48:28.460 [http-nio-8080-exec-1] INFO  [,] o.a.c.c.C.[Tomcat].[localhost].[/benewake] - Initializing Spring DispatcherServlet 'dispatcherServlet'
2023-08-16 17:48:28.461 [http-nio-8080-exec-1] INFO  [,] org.springframework.web.servlet.DispatcherServlet - Initializing Servlet 'dispatcherServlet'
2023-08-16 17:48:28.474 [http-nio-8080-exec-1] INFO  [,] org.springframework.web.servlet.DispatcherServlet - Completed initialization in 12 ms
2023-08-16 17:48:28.537 [http-nio-8080-exec-1] INFO  [,] com.zaxxer.hikari.HikariDataSource - HikariPool-1 - Starting...
2023-08-16 17:48:28.655 [http-nio-8080-exec-1] INFO  [,] com.zaxxer.hikari.HikariDataSource - HikariPool-1 - Start completed.
2023-08-16 17:48:37.826 [http-nio-8080-exec-7] INFO  [,] com.benewake.saleordersystem.aspect.LogAspect - 用户[0:0:0:0:0:0:0:1],在[2023-08-16 17:08:37],访问了[com.benewake.saleordersystem.controller.CustomerController]的[deleteCustomersByIds]方法，参数为[[[71, 84]]].
2023-08-16 18:00:14.843 [SpringContextShutdownHook] INFO  [,] o.s.scheduling.concurrent.ThreadPoolTaskExecutor - Shutting down ExecutorService 'asynExecutor'
2023-08-16 18:00:14.849 [SpringContextShutdownHook] INFO  [,] com.zaxxer.hikari.HikariDataSource - HikariPool-1 - Shutdown initiated...
2023-08-16 18:00:14.854 [SpringContextShutdownHook] INFO  [,] com.zaxxer.hikari.HikariDataSource - HikariPool-1 - Shutdown completed.
2023-08-16 18:00:25.481 [restartedMain] INFO  [,] c.b.saleordersystem.SaleOrderSystemApplication - Starting SaleOrderSystemApplication on DESKTOP-7M29D94 with PID 5064 (E:\北醒文件\FIM系统\saleorder-system-main\target\classes started by DELL in E:\北醒文件\FIM系统\saleorder-system-main)
2023-08-16 18:00:25.484 [restartedMain] INFO  [,] c.b.saleordersystem.SaleOrderSystemApplication - No active profile set, falling back to default profiles: default
2023-08-16 18:00:25.562 [restartedMain] INFO  [,] o.s.b.d.env.DevToolsPropertyDefaultsPostProcessor - Devtools property defaults active! Set 'spring.devtools.add-properties' to 'false' to disable
2023-08-16 18:00:25.563 [restartedMain] INFO  [,] o.s.b.d.env.DevToolsPropertyDefaultsPostProcessor - For additional web related logging consider setting the 'logging.level.web' property to 'DEBUG'
2023-08-16 18:00:27.203 [restartedMain] INFO  [,] o.s.boot.web.embedded.tomcat.TomcatWebServer - Tomcat initialized with port(s): 8080 (http)
2023-08-16 18:00:27.210 [restartedMain] INFO  [,] org.apache.coyote.http11.Http11NioProtocol - Initializing ProtocolHandler ["http-nio-8080"]
2023-08-16 18:00:27.210 [restartedMain] INFO  [,] org.apache.catalina.core.StandardService - Starting service [Tomcat]
2023-08-16 18:00:27.210 [restartedMain] INFO  [,] org.apache.catalina.core.StandardEngine - Starting Servlet engine: [Apache Tomcat/9.0.41]
2023-08-16 18:00:27.213 [restartedMain] INFO  [,] org.apache.catalina.core.AprLifecycleListener - Loaded Apache Tomcat Native library [1.2.23] using APR version [1.7.0].
2023-08-16 18:00:27.213 [restartedMain] INFO  [,] org.apache.catalina.core.AprLifecycleListener - APR capabilities: IPv6 [true], sendfile [true], accept filters [false], random [true].
2023-08-16 18:00:27.213 [restartedMain] INFO  [,] org.apache.catalina.core.AprLifecycleListener - APR/OpenSSL configuration: useAprConnector [false], useOpenSSL [true]
2023-08-16 18:00:27.217 [restartedMain] INFO  [,] org.apache.catalina.core.AprLifecycleListener - OpenSSL successfully initialized [OpenSSL 1.1.1c  28 May 2019]
2023-08-16 18:00:27.299 [restartedMain] INFO  [,] o.a.c.c.C.[Tomcat].[localhost].[/benewake] - Initializing Spring embedded WebApplicationContext
2023-08-16 18:00:27.299 [restartedMain] INFO  [,] o.s.b.w.s.c.ServletWebServerApplicationContext - Root WebApplicationContext: initialization completed in 1736 ms
2023-08-16 18:00:30.241 [restartedMain] INFO  [,] o.s.scheduling.concurrent.ThreadPoolTaskExecutor - Initializing ExecutorService
2023-08-16 18:00:30.242 [restartedMain] INFO  [,] o.s.scheduling.concurrent.ThreadPoolTaskExecutor - Initializing ExecutorService 'asynExecutor'
2023-08-16 18:00:30.398 [restartedMain] INFO  [,] o.s.b.d.autoconfigure.OptionalLiveReloadServer - LiveReload server is running on port 35729
2023-08-16 18:00:31.045 [restartedMain] INFO  [,] org.apache.coyote.http11.Http11NioProtocol - Starting ProtocolHandler ["http-nio-8080"]
2023-08-16 18:00:31.064 [restartedMain] INFO  [,] o.s.boot.web.embedded.tomcat.TomcatWebServer - Tomcat started on port(s): 8080 (http) with context path '/benewake'
2023-08-16 18:00:31.440 [restartedMain] INFO  [,] c.b.saleordersystem.SaleOrderSystemApplication - Started SaleOrderSystemApplication in 6.591 seconds (JVM running for 8.661)
2023-08-16 18:00:47.632 [http-nio-8080-exec-1] INFO  [,] o.a.c.c.C.[Tomcat].[localhost].[/benewake] - Initializing Spring DispatcherServlet 'dispatcherServlet'
2023-08-16 18:00:47.633 [http-nio-8080-exec-1] INFO  [,] org.springframework.web.servlet.DispatcherServlet - Initializing Servlet 'dispatcherServlet'
2023-08-16 18:00:47.643 [http-nio-8080-exec-1] INFO  [,] org.springframework.web.servlet.DispatcherServlet - Completed initialization in 8 ms
2023-08-16 18:00:47.700 [http-nio-8080-exec-1] INFO  [,] com.zaxxer.hikari.HikariDataSource - HikariPool-1 - Starting...
2023-08-16 18:00:47.800 [http-nio-8080-exec-1] INFO  [,] com.zaxxer.hikari.HikariDataSource - HikariPool-1 - Start completed.
2023-08-16 18:01:06.656 [http-nio-8080-exec-4] INFO  [,] com.benewake.saleordersystem.aspect.LogAspect - 用户[0:0:0:0:0:0:0:1],在[2023-08-16 18:08:06],访问了[com.benewake.saleordersystem.controller.CustomerController]的[deleteSingleCustomer]方法，参数为[[70]].
2023-08-16 18:01:28.147 [SpringContextShutdownHook] INFO  [,] o.s.scheduling.concurrent.ThreadPoolTaskExecutor - Shutting down ExecutorService 'asynExecutor'
2023-08-16 18:01:28.151 [SpringContextShutdownHook] INFO  [,] com.zaxxer.hikari.HikariDataSource - HikariPool-1 - Shutdown initiated...
2023-08-16 18:01:28.156 [SpringContextShutdownHook] INFO  [,] com.zaxxer.hikari.HikariDataSource - HikariPool-1 - Shutdown completed.
2023-08-16 18:01:35.445 [restartedMain] INFO  [,] c.b.saleordersystem.SaleOrderSystemApplication - Starting SaleOrderSystemApplication on DESKTOP-7M29D94 with PID 13912 (E:\北醒文件\FIM系统\saleorder-system-main\target\classes started by DELL in E:\北醒文件\FIM系统\saleorder-system-main)
2023-08-16 18:01:35.449 [restartedMain] INFO  [,] c.b.saleordersystem.SaleOrderSystemApplication - No active profile set, falling back to default profiles: default
2023-08-16 18:01:35.511 [restartedMain] INFO  [,] o.s.b.d.env.DevToolsPropertyDefaultsPostProcessor - Devtools property defaults active! Set 'spring.devtools.add-properties' to 'false' to disable
2023-08-16 18:01:35.512 [restartedMain] INFO  [,] o.s.b.d.env.DevToolsPropertyDefaultsPostProcessor - For additional web related logging consider setting the 'logging.level.web' property to 'DEBUG'
2023-08-16 18:01:37.116 [restartedMain] INFO  [,] o.s.boot.web.embedded.tomcat.TomcatWebServer - Tomcat initialized with port(s): 8080 (http)
2023-08-16 18:01:37.124 [restartedMain] INFO  [,] org.apache.coyote.http11.Http11NioProtocol - Initializing ProtocolHandler ["http-nio-8080"]
2023-08-16 18:01:37.124 [restartedMain] INFO  [,] org.apache.catalina.core.StandardService - Starting service [Tomcat]
2023-08-16 18:01:37.124 [restartedMain] INFO  [,] org.apache.catalina.core.StandardEngine - Starting Servlet engine: [Apache Tomcat/9.0.41]
2023-08-16 18:01:37.126 [restartedMain] INFO  [,] org.apache.catalina.core.AprLifecycleListener - Loaded Apache Tomcat Native library [1.2.23] using APR version [1.7.0].
2023-08-16 18:01:37.126 [restartedMain] INFO  [,] org.apache.catalina.core.AprLifecycleListener - APR capabilities: IPv6 [true], sendfile [true], accept filters [false], random [true].
2023-08-16 18:01:37.126 [restartedMain] INFO  [,] org.apache.catalina.core.AprLifecycleListener - APR/OpenSSL configuration: useAprConnector [false], useOpenSSL [true]
2023-08-16 18:01:37.129 [restartedMain] INFO  [,] org.apache.catalina.core.AprLifecycleListener - OpenSSL successfully initialized [OpenSSL 1.1.1c  28 May 2019]
2023-08-16 18:01:37.210 [restartedMain] INFO  [,] o.a.c.c.C.[Tomcat].[localhost].[/benewake] - Initializing Spring embedded WebApplicationContext
2023-08-16 18:01:37.210 [restartedMain] INFO  [,] o.s.b.w.s.c.ServletWebServerApplicationContext - Root WebApplicationContext: initialization completed in 1698 ms
2023-08-16 18:01:39.889 [restartedMain] INFO  [,] o.s.scheduling.concurrent.ThreadPoolTaskExecutor - Initializing ExecutorService
2023-08-16 18:01:39.890 [restartedMain] INFO  [,] o.s.scheduling.concurrent.ThreadPoolTaskExecutor - Initializing ExecutorService 'asynExecutor'
2023-08-16 18:01:40.029 [restartedMain] INFO  [,] o.s.b.d.autoconfigure.OptionalLiveReloadServer - LiveReload server is running on port 35729
2023-08-16 18:01:40.684 [restartedMain] INFO  [,] org.apache.coyote.http11.Http11NioProtocol - Starting ProtocolHandler ["http-nio-8080"]
2023-08-16 18:01:40.703 [restartedMain] INFO  [,] o.s.boot.web.embedded.tomcat.TomcatWebServer - Tomcat started on port(s): 8080 (http) with context path '/benewake'
2023-08-16 18:01:41.077 [restartedMain] INFO  [,] c.b.saleordersystem.SaleOrderSystemApplication - Started SaleOrderSystemApplication in 6.197 seconds (JVM running for 8.084)
2023-08-16 18:01:56.181 [http-nio-8080-exec-1] INFO  [,] o.a.c.c.C.[Tomcat].[localhost].[/benewake] - Initializing Spring DispatcherServlet 'dispatcherServlet'
2023-08-16 18:01:56.182 [http-nio-8080-exec-1] INFO  [,] org.springframework.web.servlet.DispatcherServlet - Initializing Servlet 'dispatcherServlet'
2023-08-16 18:01:56.192 [http-nio-8080-exec-1] INFO  [,] org.springframework.web.servlet.DispatcherServlet - Completed initialization in 10 ms
2023-08-16 18:01:56.252 [http-nio-8080-exec-1] INFO  [,] com.zaxxer.hikari.HikariDataSource - HikariPool-1 - Starting...
2023-08-16 18:01:56.350 [http-nio-8080-exec-1] INFO  [,] com.zaxxer.hikari.HikariDataSource - HikariPool-1 - Start completed.
2023-08-16 18:02:01.097 [http-nio-8080-exec-3] INFO  [,] com.benewake.saleordersystem.aspect.LogAspect - 用户[0:0:0:0:0:0:0:1],在[2023-08-16 18:08:01],访问了[com.benewake.saleordersystem.controller.CustomerController]的[deleteSingleCustomer]方法，参数为[[70]].
2023-08-16 18:03:27.583 [SpringContextShutdownHook] INFO  [,] o.s.scheduling.concurrent.ThreadPoolTaskExecutor - Shutting down ExecutorService 'asynExecutor'
2023-08-16 18:03:27.589 [SpringContextShutdownHook] INFO  [,] com.zaxxer.hikari.HikariDataSource - HikariPool-1 - Shutdown initiated...
2023-08-16 18:03:27.595 [SpringContextShutdownHook] INFO  [,] com.zaxxer.hikari.HikariDataSource - HikariPool-1 - Shutdown completed.
2023-08-16 18:03:36.096 [restartedMain] INFO  [,] c.b.saleordersystem.SaleOrderSystemApplication - Starting SaleOrderSystemApplication on DESKTOP-7M29D94 with PID 3476 (E:\北醒文件\FIM系统\saleorder-system-main\target\classes started by DELL in E:\北醒文件\FIM系统\saleorder-system-main)
2023-08-16 18:03:36.099 [restartedMain] INFO  [,] c.b.saleordersystem.SaleOrderSystemApplication - No active profile set, falling back to default profiles: default
2023-08-16 18:03:36.175 [restartedMain] INFO  [,] o.s.b.d.env.DevToolsPropertyDefaultsPostProcessor - Devtools property defaults active! Set 'spring.devtools.add-properties' to 'false' to disable
2023-08-16 18:03:36.176 [restartedMain] INFO  [,] o.s.b.d.env.DevToolsPropertyDefaultsPostProcessor - For additional web related logging consider setting the 'logging.level.web' property to 'DEBUG'
2023-08-16 18:03:37.874 [restartedMain] INFO  [,] o.s.boot.web.embedded.tomcat.TomcatWebServer - Tomcat initialized with port(s): 8080 (http)
2023-08-16 18:03:37.882 [restartedMain] INFO  [,] org.apache.coyote.http11.Http11NioProtocol - Initializing ProtocolHandler ["http-nio-8080"]
2023-08-16 18:03:37.883 [restartedMain] INFO  [,] org.apache.catalina.core.StandardService - Starting service [Tomcat]
2023-08-16 18:03:37.883 [restartedMain] INFO  [,] org.apache.catalina.core.StandardEngine - Starting Servlet engine: [Apache Tomcat/9.0.41]
2023-08-16 18:03:37.885 [restartedMain] INFO  [,] org.apache.catalina.core.AprLifecycleListener - Loaded Apache Tomcat Native library [1.2.23] using APR version [1.7.0].
2023-08-16 18:03:37.885 [restartedMain] INFO  [,] org.apache.catalina.core.AprLifecycleListener - APR capabilities: IPv6 [true], sendfile [true], accept filters [false], random [true].
2023-08-16 18:03:37.885 [restartedMain] INFO  [,] org.apache.catalina.core.AprLifecycleListener - APR/OpenSSL configuration: useAprConnector [false], useOpenSSL [true]
2023-08-16 18:03:37.888 [restartedMain] INFO  [,] org.apache.catalina.core.AprLifecycleListener - OpenSSL successfully initialized [OpenSSL 1.1.1c  28 May 2019]
2023-08-16 18:03:37.970 [restartedMain] INFO  [,] o.a.c.c.C.[Tomcat].[localhost].[/benewake] - Initializing Spring embedded WebApplicationContext
2023-08-16 18:03:37.970 [restartedMain] INFO  [,] o.s.b.w.s.c.ServletWebServerApplicationContext - Root WebApplicationContext: initialization completed in 1792 ms
2023-08-16 18:03:40.756 [restartedMain] INFO  [,] o.s.scheduling.concurrent.ThreadPoolTaskExecutor - Initializing ExecutorService
2023-08-16 18:03:40.758 [restartedMain] INFO  [,] o.s.scheduling.concurrent.ThreadPoolTaskExecutor - Initializing ExecutorService 'asynExecutor'
2023-08-16 18:03:40.943 [restartedMain] INFO  [,] o.s.b.d.autoconfigure.OptionalLiveReloadServer - LiveReload server is running on port 35729
2023-08-16 18:03:41.818 [restartedMain] INFO  [,] org.apache.coyote.http11.Http11NioProtocol - Starting ProtocolHandler ["http-nio-8080"]
2023-08-16 18:03:41.839 [restartedMain] INFO  [,] o.s.boot.web.embedded.tomcat.TomcatWebServer - Tomcat started on port(s): 8080 (http) with context path '/benewake'
2023-08-16 18:03:42.277 [restartedMain] INFO  [,] c.b.saleordersystem.SaleOrderSystemApplication - Started SaleOrderSystemApplication in 6.788 seconds (JVM running for 9.304)
2023-08-16 18:03:57.395 [http-nio-8080-exec-1] INFO  [,] o.a.c.c.C.[Tomcat].[localhost].[/benewake] - Initializing Spring DispatcherServlet 'dispatcherServlet'
2023-08-16 18:03:57.396 [http-nio-8080-exec-1] INFO  [,] org.springframework.web.servlet.DispatcherServlet - Initializing Servlet 'dispatcherServlet'
2023-08-16 18:03:57.409 [http-nio-8080-exec-1] INFO  [,] org.springframework.web.servlet.DispatcherServlet - Completed initialization in 13 ms
2023-08-16 18:03:57.479 [http-nio-8080-exec-1] INFO  [,] com.zaxxer.hikari.HikariDataSource - HikariPool-1 - Starting...
2023-08-16 18:03:57.586 [http-nio-8080-exec-1] INFO  [,] com.zaxxer.hikari.HikariDataSource - HikariPool-1 - Start completed.
2023-08-16 18:03:57.645 [http-nio-8080-exec-1] INFO  [,] com.benewake.saleordersystem.aspect.LogAspect - 用户[0:0:0:0:0:0:0:1],在[2023-08-16 18:08:57],访问了[com.benewake.saleordersystem.controller.CustomerController]的[deleteSingleCustomer]方法，参数为[[70]].
2023-08-16 18:15:21.232 [SpringContextShutdownHook] INFO  [,] o.s.scheduling.concurrent.ThreadPoolTaskExecutor - Shutting down ExecutorService 'asynExecutor'
2023-08-16 18:15:21.237 [SpringContextShutdownHook] INFO  [,] com.zaxxer.hikari.HikariDataSource - HikariPool-1 - Shutdown initiated...
2023-08-16 18:15:21.242 [SpringContextShutdownHook] INFO  [,] com.zaxxer.hikari.HikariDataSource - HikariPool-1 - Shutdown completed.
2023-08-16 18:15:28.648 [restartedMain] INFO  [,] c.b.saleordersystem.SaleOrderSystemApplication - Starting SaleOrderSystemApplication on DESKTOP-7M29D94 with PID 2804 (E:\北醒文件\FIM系统\saleorder-system-main\target\classes started by DELL in E:\北醒文件\FIM系统\saleorder-system-main)
2023-08-16 18:15:28.652 [restartedMain] INFO  [,] c.b.saleordersystem.SaleOrderSystemApplication - No active profile set, falling back to default profiles: default
2023-08-16 18:15:28.705 [restartedMain] INFO  [,] o.s.b.d.env.DevToolsPropertyDefaultsPostProcessor - Devtools property defaults active! Set 'spring.devtools.add-properties' to 'false' to disable
2023-08-16 18:15:28.705 [restartedMain] INFO  [,] o.s.b.d.env.DevToolsPropertyDefaultsPostProcessor - For additional web related logging consider setting the 'logging.level.web' property to 'DEBUG'
2023-08-16 18:15:30.323 [restartedMain] INFO  [,] o.s.boot.web.embedded.tomcat.TomcatWebServer - Tomcat initialized with port(s): 8080 (http)
2023-08-16 18:15:30.331 [restartedMain] INFO  [,] org.apache.coyote.http11.Http11NioProtocol - Initializing ProtocolHandler ["http-nio-8080"]
2023-08-16 18:15:30.331 [restartedMain] INFO  [,] org.apache.catalina.core.StandardService - Starting service [Tomcat]
2023-08-16 18:15:30.331 [restartedMain] INFO  [,] org.apache.catalina.core.StandardEngine - Starting Servlet engine: [Apache Tomcat/9.0.41]
2023-08-16 18:15:30.333 [restartedMain] INFO  [,] org.apache.catalina.core.AprLifecycleListener - Loaded Apache Tomcat Native library [1.2.23] using APR version [1.7.0].
2023-08-16 18:15:30.333 [restartedMain] INFO  [,] org.apache.catalina.core.AprLifecycleListener - APR capabilities: IPv6 [true], sendfile [true], accept filters [false], random [true].
2023-08-16 18:15:30.333 [restartedMain] INFO  [,] org.apache.catalina.core.AprLifecycleListener - APR/OpenSSL configuration: useAprConnector [false], useOpenSSL [true]
2023-08-16 18:15:30.336 [restartedMain] INFO  [,] org.apache.catalina.core.AprLifecycleListener - OpenSSL successfully initialized [OpenSSL 1.1.1c  28 May 2019]
2023-08-16 18:15:30.416 [restartedMain] INFO  [,] o.a.c.c.C.[Tomcat].[localhost].[/benewake] - Initializing Spring embedded WebApplicationContext
2023-08-16 18:15:30.417 [restartedMain] INFO  [,] o.s.b.w.s.c.ServletWebServerApplicationContext - Root WebApplicationContext: initialization completed in 1712 ms
2023-08-16 18:15:33.711 [restartedMain] INFO  [,] o.s.scheduling.concurrent.ThreadPoolTaskExecutor - Initializing ExecutorService
2023-08-16 18:15:33.717 [restartedMain] INFO  [,] o.s.scheduling.concurrent.ThreadPoolTaskExecutor - Initializing ExecutorService 'asynExecutor'
2023-08-16 18:15:33.878 [restartedMain] INFO  [,] o.s.b.d.autoconfigure.OptionalLiveReloadServer - LiveReload server is running on port 35729
2023-08-16 18:15:34.573 [restartedMain] INFO  [,] org.apache.coyote.http11.Http11NioProtocol - Starting ProtocolHandler ["http-nio-8080"]
2023-08-16 18:15:34.591 [restartedMain] INFO  [,] o.s.boot.web.embedded.tomcat.TomcatWebServer - Tomcat started on port(s): 8080 (http) with context path '/benewake'
2023-08-16 18:15:34.994 [restartedMain] INFO  [,] c.b.saleordersystem.SaleOrderSystemApplication - Started SaleOrderSystemApplication in 6.767 seconds (JVM running for 8.286)
2023-08-16 18:15:50.124 [http-nio-8080-exec-1] INFO  [,] o.a.c.c.C.[Tomcat].[localhost].[/benewake] - Initializing Spring DispatcherServlet 'dispatcherServlet'
2023-08-16 18:15:50.125 [http-nio-8080-exec-1] INFO  [,] org.springframework.web.servlet.DispatcherServlet - Initializing Servlet 'dispatcherServlet'
2023-08-16 18:15:50.138 [http-nio-8080-exec-1] INFO  [,] org.springframework.web.servlet.DispatcherServlet - Completed initialization in 13 ms
2023-08-16 18:15:50.200 [http-nio-8080-exec-1] INFO  [,] com.zaxxer.hikari.HikariDataSource - HikariPool-1 - Starting...
2023-08-16 18:15:50.301 [http-nio-8080-exec-1] INFO  [,] com.zaxxer.hikari.HikariDataSource - HikariPool-1 - Start completed.
2023-08-16 18:16:35.354 [http-nio-8080-exec-5] INFO  [,] com.benewake.saleordersystem.aspect.LogAspect - 用户[0:0:0:0:0:0:0:1],在[2023-08-16 18:08:35],访问了[com.benewake.saleordersystem.controller.CustomerController]的[updateCustomer]方法，参数为[[63, Customer(fCustId=70, fName=德克士)]].
2023-08-16 18:16:54.003 [SpringContextShutdownHook] INFO  [,] o.s.scheduling.concurrent.ThreadPoolTaskExecutor - Shutting down ExecutorService 'asynExecutor'
2023-08-16 18:16:54.008 [SpringContextShutdownHook] INFO  [,] com.zaxxer.hikari.HikariDataSource - HikariPool-1 - Shutdown initiated...
2023-08-16 18:16:54.013 [SpringContextShutdownHook] INFO  [,] com.zaxxer.hikari.HikariDataSource - HikariPool-1 - Shutdown completed.
2023-08-16 18:17:01.402 [restartedMain] INFO  [,] c.b.saleordersystem.SaleOrderSystemApplication - Starting SaleOrderSystemApplication on DESKTOP-7M29D94 with PID 14340 (E:\北醒文件\FIM系统\saleorder-system-main\target\classes started by DELL in E:\北醒文件\FIM系统\saleorder-system-main)
2023-08-16 18:17:01.405 [restartedMain] INFO  [,] c.b.saleordersystem.SaleOrderSystemApplication - No active profile set, falling back to default profiles: default
2023-08-16 18:17:01.475 [restartedMain] INFO  [,] o.s.b.d.env.DevToolsPropertyDefaultsPostProcessor - Devtools property defaults active! Set 'spring.devtools.add-properties' to 'false' to disable
2023-08-16 18:17:01.476 [restartedMain] INFO  [,] o.s.b.d.env.DevToolsPropertyDefaultsPostProcessor - For additional web related logging consider setting the 'logging.level.web' property to 'DEBUG'
2023-08-16 18:17:03.331 [restartedMain] INFO  [,] o.s.boot.web.embedded.tomcat.TomcatWebServer - Tomcat initialized with port(s): 8080 (http)
2023-08-16 18:17:03.339 [restartedMain] INFO  [,] org.apache.coyote.http11.Http11NioProtocol - Initializing ProtocolHandler ["http-nio-8080"]
2023-08-16 18:17:03.340 [restartedMain] INFO  [,] org.apache.catalina.core.StandardService - Starting service [Tomcat]
2023-08-16 18:17:03.340 [restartedMain] INFO  [,] org.apache.catalina.core.StandardEngine - Starting Servlet engine: [Apache Tomcat/9.0.41]
2023-08-16 18:17:03.342 [restartedMain] INFO  [,] org.apache.catalina.core.AprLifecycleListener - Loaded Apache Tomcat Native library [1.2.23] using APR version [1.7.0].
2023-08-16 18:17:03.342 [restartedMain] INFO  [,] org.apache.catalina.core.AprLifecycleListener - APR capabilities: IPv6 [true], sendfile [true], accept filters [false], random [true].
2023-08-16 18:17:03.342 [restartedMain] INFO  [,] org.apache.catalina.core.AprLifecycleListener - APR/OpenSSL configuration: useAprConnector [false], useOpenSSL [true]
2023-08-16 18:17:03.345 [restartedMain] INFO  [,] org.apache.catalina.core.AprLifecycleListener - OpenSSL successfully initialized [OpenSSL 1.1.1c  28 May 2019]
2023-08-16 18:17:03.436 [restartedMain] INFO  [,] o.a.c.c.C.[Tomcat].[localhost].[/benewake] - Initializing Spring embedded WebApplicationContext
2023-08-16 18:17:03.437 [restartedMain] INFO  [,] o.s.b.w.s.c.ServletWebServerApplicationContext - Root WebApplicationContext: initialization completed in 1960 ms
2023-08-16 18:17:06.489 [restartedMain] INFO  [,] o.s.scheduling.concurrent.ThreadPoolTaskExecutor - Initializing ExecutorService
2023-08-16 18:17:06.490 [restartedMain] INFO  [,] o.s.scheduling.concurrent.ThreadPoolTaskExecutor - Initializing ExecutorService 'asynExecutor'
2023-08-16 18:17:06.638 [restartedMain] INFO  [,] o.s.b.d.autoconfigure.OptionalLiveReloadServer - LiveReload server is running on port 35729
2023-08-16 18:17:07.400 [restartedMain] INFO  [,] org.apache.coyote.http11.Http11NioProtocol - Starting ProtocolHandler ["http-nio-8080"]
2023-08-16 18:17:07.422 [restartedMain] INFO  [,] o.s.boot.web.embedded.tomcat.TomcatWebServer - Tomcat started on port(s): 8080 (http) with context path '/benewake'
2023-08-16 18:17:07.838 [restartedMain] INFO  [,] c.b.saleordersystem.SaleOrderSystemApplication - Started SaleOrderSystemApplication in 6.983 seconds (JVM running for 9.056)
2023-08-16 18:17:18.013 [http-nio-8080-exec-1] INFO  [,] o.a.c.c.C.[Tomcat].[localhost].[/benewake] - Initializing Spring DispatcherServlet 'dispatcherServlet'
2023-08-16 18:17:18.015 [http-nio-8080-exec-1] INFO  [,] org.springframework.web.servlet.DispatcherServlet - Initializing Servlet 'dispatcherServlet'
2023-08-16 18:17:18.028 [http-nio-8080-exec-1] INFO  [,] org.springframework.web.servlet.DispatcherServlet - Completed initialization in 13 ms
2023-08-16 18:17:18.092 [http-nio-8080-exec-1] INFO  [,] com.zaxxer.hikari.HikariDataSource - HikariPool-1 - Starting...
2023-08-16 18:17:18.199 [http-nio-8080-exec-1] INFO  [,] com.zaxxer.hikari.HikariDataSource - HikariPool-1 - Start completed.
2023-08-16 18:17:18.285 [http-nio-8080-exec-1] INFO  [,] com.benewake.saleordersystem.aspect.LogAspect - 用户[0:0:0:0:0:0:0:1],在[2023-08-16 18:08:18],访问了[com.benewake.saleordersystem.controller.CustomerController]的[updateCustomer]方法，参数为[[63, Customer(fCustId=70, fName=德克士)]].
