2023-09-21 09:46:02.692 [restartedMain] INFO  [,] c.b.saleordersystem.SaleOrderSystemApplication - Starting SaleOrderSystemApplication on DESKTOP-7M29D94 with PID 7892 (E:\北醒文件\测试版本\saleorder-system-main\target\classes started by DELL in E:\北醒文件\测试版本\saleorder-system-main)
2023-09-21 09:46:02.699 [restartedMain] INFO  [,] c.b.saleordersystem.SaleOrderSystemApplication - No active profile set, falling back to default profiles: default
2023-09-21 09:46:02.881 [restartedMain] INFO  [,] o.s.b.d.env.DevToolsPropertyDefaultsPostProcessor - Devtools property defaults active! Set 'spring.devtools.add-properties' to 'false' to disable
2023-09-21 09:46:02.881 [restartedMain] INFO  [,] o.s.b.d.env.DevToolsPropertyDefaultsPostProcessor - For additional web related logging consider setting the 'logging.level.web' property to 'DEBUG'
2023-09-21 09:46:08.820 [restartedMain] INFO  [,] o.s.boot.web.embedded.tomcat.TomcatWebServer - Tomcat initialized with port(s): 8080 (http)
2023-09-21 09:46:08.833 [restartedMain] INFO  [,] org.apache.coyote.http11.Http11NioProtocol - Initializing ProtocolHandler ["http-nio-8080"]
2023-09-21 09:46:08.834 [restartedMain] INFO  [,] org.apache.catalina.core.StandardService - Starting service [Tomcat]
2023-09-21 09:46:08.834 [restartedMain] INFO  [,] org.apache.catalina.core.StandardEngine - Starting Servlet engine: [Apache Tomcat/9.0.41]
2023-09-21 09:46:08.844 [restartedMain] INFO  [,] org.apache.catalina.core.AprLifecycleListener - Loaded Apache Tomcat Native library [1.2.23] using APR version [1.7.0].
2023-09-21 09:46:08.845 [restartedMain] INFO  [,] org.apache.catalina.core.AprLifecycleListener - APR capabilities: IPv6 [true], sendfile [true], accept filters [false], random [true].
2023-09-21 09:46:08.845 [restartedMain] INFO  [,] org.apache.catalina.core.AprLifecycleListener - APR/OpenSSL configuration: useAprConnector [false], useOpenSSL [true]
2023-09-21 09:46:08.851 [restartedMain] INFO  [,] org.apache.catalina.core.AprLifecycleListener - OpenSSL successfully initialized [OpenSSL 1.1.1c  28 May 2019]
2023-09-21 09:46:09.020 [restartedMain] INFO  [,] o.a.c.c.C.[Tomcat].[localhost].[/benewake] - Initializing Spring embedded WebApplicationContext
2023-09-21 09:46:09.020 [restartedMain] INFO  [,] o.s.b.w.s.c.ServletWebServerApplicationContext - Root WebApplicationContext: initialization completed in 6138 ms
2023-09-21 09:46:14.263 [restartedMain] INFO  [,] o.s.scheduling.concurrent.ThreadPoolTaskExecutor - Initializing ExecutorService
2023-09-21 09:46:14.265 [restartedMain] INFO  [,] o.s.scheduling.concurrent.ThreadPoolTaskExecutor - Initializing ExecutorService 'asynExecutor'
2023-09-21 09:46:14.468 [restartedMain] INFO  [,] o.s.b.d.autoconfigure.OptionalLiveReloadServer - LiveReload server is running on port 35729
2023-09-21 09:46:16.076 [restartedMain] INFO  [,] org.apache.coyote.http11.Http11NioProtocol - Starting ProtocolHandler ["http-nio-8080"]
2023-09-21 09:46:16.162 [restartedMain] INFO  [,] o.s.boot.web.embedded.tomcat.TomcatWebServer - Tomcat started on port(s): 8080 (http) with context path '/benewake'
2023-09-21 09:46:17.008 [restartedMain] INFO  [,] c.b.saleordersystem.SaleOrderSystemApplication - Started SaleOrderSystemApplication in 15.579 seconds (JVM running for 19.444)
2023-09-21 10:17:48.771 [SpringContextShutdownHook] INFO  [,] o.s.scheduling.concurrent.ThreadPoolTaskExecutor - Shutting down ExecutorService 'asynExecutor'
2023-09-21 10:18:02.525 [restartedMain] INFO  [,] c.b.saleordersystem.SaleOrderSystemApplication - Starting SaleOrderSystemApplication on DESKTOP-7M29D94 with PID 2084 (E:\北醒文件\测试版本\saleorder-system-main\target\classes started by DELL in E:\北醒文件\测试版本\saleorder-system-main)
2023-09-21 10:18:02.530 [restartedMain] INFO  [,] c.b.saleordersystem.SaleOrderSystemApplication - No active profile set, falling back to default profiles: default
2023-09-21 10:18:02.626 [restartedMain] INFO  [,] o.s.b.d.env.DevToolsPropertyDefaultsPostProcessor - Devtools property defaults active! Set 'spring.devtools.add-properties' to 'false' to disable
2023-09-21 10:18:02.626 [restartedMain] INFO  [,] o.s.b.d.env.DevToolsPropertyDefaultsPostProcessor - For additional web related logging consider setting the 'logging.level.web' property to 'DEBUG'
2023-09-21 10:18:06.862 [restartedMain] INFO  [,] o.s.boot.web.embedded.tomcat.TomcatWebServer - Tomcat initialized with port(s): 8080 (http)
2023-09-21 10:18:06.887 [restartedMain] INFO  [,] org.apache.coyote.http11.Http11NioProtocol - Initializing ProtocolHandler ["http-nio-8080"]
2023-09-21 10:18:06.889 [restartedMain] INFO  [,] org.apache.catalina.core.StandardService - Starting service [Tomcat]
2023-09-21 10:18:06.890 [restartedMain] INFO  [,] org.apache.catalina.core.StandardEngine - Starting Servlet engine: [Apache Tomcat/9.0.41]
2023-09-21 10:18:06.895 [restartedMain] INFO  [,] org.apache.catalina.core.AprLifecycleListener - Loaded Apache Tomcat Native library [1.2.23] using APR version [1.7.0].
2023-09-21 10:18:06.896 [restartedMain] INFO  [,] org.apache.catalina.core.AprLifecycleListener - APR capabilities: IPv6 [true], sendfile [true], accept filters [false], random [true].
2023-09-21 10:18:06.897 [restartedMain] INFO  [,] org.apache.catalina.core.AprLifecycleListener - APR/OpenSSL configuration: useAprConnector [false], useOpenSSL [true]
2023-09-21 10:18:06.904 [restartedMain] INFO  [,] org.apache.catalina.core.AprLifecycleListener - OpenSSL successfully initialized [OpenSSL 1.1.1c  28 May 2019]
2023-09-21 10:18:07.203 [restartedMain] INFO  [,] o.a.c.c.C.[Tomcat].[localhost].[/benewake] - Initializing Spring embedded WebApplicationContext
2023-09-21 10:18:07.204 [restartedMain] INFO  [,] o.s.b.w.s.c.ServletWebServerApplicationContext - Root WebApplicationContext: initialization completed in 4577 ms
2023-09-21 10:18:14.428 [restartedMain] INFO  [,] o.s.scheduling.concurrent.ThreadPoolTaskExecutor - Initializing ExecutorService
2023-09-21 10:18:14.430 [restartedMain] INFO  [,] o.s.scheduling.concurrent.ThreadPoolTaskExecutor - Initializing ExecutorService 'asynExecutor'
2023-09-21 10:18:14.702 [restartedMain] INFO  [,] o.s.b.d.autoconfigure.OptionalLiveReloadServer - LiveReload server is running on port 35729
2023-09-21 10:18:15.985 [restartedMain] INFO  [,] org.apache.coyote.http11.Http11NioProtocol - Starting ProtocolHandler ["http-nio-8080"]
2023-09-21 10:18:16.022 [restartedMain] INFO  [,] o.s.boot.web.embedded.tomcat.TomcatWebServer - Tomcat started on port(s): 8080 (http) with context path '/benewake'
2023-09-21 10:18:16.786 [restartedMain] INFO  [,] c.b.saleordersystem.SaleOrderSystemApplication - Started SaleOrderSystemApplication in 15.379 seconds (JVM running for 19.056)
2023-09-21 10:18:33.528 [http-nio-8080-exec-3] INFO  [,] o.a.c.c.C.[Tomcat].[localhost].[/benewake] - Initializing Spring DispatcherServlet 'dispatcherServlet'
2023-09-21 10:18:33.529 [http-nio-8080-exec-3] INFO  [,] org.springframework.web.servlet.DispatcherServlet - Initializing Servlet 'dispatcherServlet'
2023-09-21 10:18:33.553 [http-nio-8080-exec-3] INFO  [,] org.springframework.web.servlet.DispatcherServlet - Completed initialization in 23 ms
2023-09-21 10:18:33.878 [http-nio-8080-exec-3] INFO  [,] com.zaxxer.hikari.HikariDataSource - HikariPool-1 - Starting...
2023-09-21 10:18:34.363 [http-nio-8080-exec-3] INFO  [,] com.zaxxer.hikari.HikariDataSource - HikariPool-1 - Start completed.
2023-09-21 10:18:34.604 [http-nio-8080-exec-3] INFO  [,] com.benewake.saleordersystem.aspect.LogAspect - 用户[0:0:0:0:0:0:0:1],在[2023-09-21 10:09:34],访问了[com.benewake.saleordersystem.controller.DeliveryController]的[updateDelivery]方法，参数为[[]].
2023-09-21 10:23:05.647 [http-nio-8080-exec-2] INFO  [,] com.benewake.saleordersystem.aspect.LogAspect - 用户[0:0:0:0:0:0:0:1],在[2023-09-21 10:09:05],访问了[com.benewake.saleordersystem.controller.DeliveryController]的[updateDelivery]方法，参数为[[]].
2023-09-21 10:38:25.568 [http-nio-8080-exec-2] INFO  [,] c.b.s.service.impl.DeliveryServiceImpl - 运输信息更新完成！
2023-09-21 10:38:57.845 [http-nio-8080-exec-4] INFO  [,] com.benewake.saleordersystem.aspect.LogAspect - 用户[0:0:0:0:0:0:0:1],在[2023-09-21 10:09:57],访问了[com.benewake.saleordersystem.controller.DeliveryController]的[updateDelivery]方法，参数为[[]].
2023-09-21 10:39:04.078 [http-nio-8080-exec-4] INFO  [,] c.b.s.service.impl.DeliveryServiceImpl - 运输信息更新完成！
2023-09-21 10:41:49.815 [http-nio-8080-exec-7] INFO  [,] com.benewake.saleordersystem.aspect.LogAspect - 用户[0:0:0:0:0:0:0:1],在[2023-09-21 10:09:49],访问了[com.benewake.saleordersystem.controller.DeliveryController]的[updateDelivery]方法，参数为[[]].
2023-09-21 10:41:50.564 [http-nio-8080-exec-7] INFO  [,] c.b.s.service.impl.DeliveryServiceImpl - 运输信息更新完成！
2023-09-21 14:19:26.217 [Thread-24] INFO  [,] o.s.scheduling.concurrent.ThreadPoolTaskExecutor - Shutting down ExecutorService 'asynExecutor'
2023-09-21 14:19:26.247 [Thread-24] INFO  [,] com.zaxxer.hikari.HikariDataSource - HikariPool-1 - Shutdown initiated...
2023-09-21 14:19:26.286 [Thread-24] INFO  [,] com.zaxxer.hikari.HikariDataSource - HikariPool-1 - Shutdown completed.
2023-09-21 14:19:28.630 [restartedMain] INFO  [,] c.b.saleordersystem.SaleOrderSystemApplication - Starting SaleOrderSystemApplication on DESKTOP-7M29D94 with PID 2084 (E:\北醒文件\测试版本\saleorder-system-main\target\classes started by DELL in E:\北醒文件\测试版本\saleorder-system-main)
2023-09-21 14:19:28.631 [restartedMain] INFO  [,] c.b.saleordersystem.SaleOrderSystemApplication - No active profile set, falling back to default profiles: default
2023-09-21 14:19:29.495 [restartedMain] INFO  [,] o.s.boot.web.embedded.tomcat.TomcatWebServer - Tomcat initialized with port(s): 8080 (http)
2023-09-21 14:19:29.496 [restartedMain] INFO  [,] org.apache.coyote.http11.Http11NioProtocol - Initializing ProtocolHandler ["http-nio-8080"]
2023-09-21 14:19:29.496 [restartedMain] INFO  [,] org.apache.catalina.core.StandardService - Starting service [Tomcat]
2023-09-21 14:19:29.497 [restartedMain] INFO  [,] org.apache.catalina.core.StandardEngine - Starting Servlet engine: [Apache Tomcat/9.0.41]
2023-09-21 14:19:29.497 [restartedMain] INFO  [,] org.apache.catalina.core.AprLifecycleListener - Loaded Apache Tomcat Native library [1.2.23] using APR version [1.7.0].
2023-09-21 14:19:29.497 [restartedMain] INFO  [,] org.apache.catalina.core.AprLifecycleListener - APR capabilities: IPv6 [true], sendfile [true], accept filters [false], random [true].
2023-09-21 14:19:29.498 [restartedMain] INFO  [,] org.apache.catalina.core.AprLifecycleListener - APR/OpenSSL configuration: useAprConnector [false], useOpenSSL [true]
2023-09-21 14:19:29.498 [restartedMain] INFO  [,] org.apache.catalina.core.AprLifecycleListener - OpenSSL successfully initialized [OpenSSL 1.1.1c  28 May 2019]
2023-09-21 14:19:29.560 [restartedMain] INFO  [,] o.a.c.c.C.[Tomcat].[localhost].[/benewake] - Initializing Spring embedded WebApplicationContext
2023-09-21 14:19:29.561 [restartedMain] INFO  [,] o.s.b.w.s.c.ServletWebServerApplicationContext - Root WebApplicationContext: initialization completed in 925 ms
2023-09-21 14:19:29.828 [restartedMain] INFO  [,] o.s.scheduling.concurrent.ThreadPoolTaskExecutor - Initializing ExecutorService 'applicationTaskExecutor'
2023-09-21 14:19:29.845 [restartedMain] INFO  [,] o.s.b.d.autoconfigure.OptionalLiveReloadServer - LiveReload server is running on port 35729
2023-09-21 14:19:31.381 [restartedMain] INFO  [,] org.apache.coyote.http11.Http11NioProtocol - Starting ProtocolHandler ["http-nio-8080"]
2023-09-21 14:19:31.714 [restartedMain] INFO  [,] o.s.boot.web.embedded.tomcat.TomcatWebServer - Tomcat started on port(s): 8080 (http) with context path '/benewake'
2023-09-21 14:19:31.803 [restartedMain] INFO  [,] c.b.saleordersystem.SaleOrderSystemApplication - Started SaleOrderSystemApplication in 3.629 seconds (JVM running for 14494.081)
2023-09-21 14:19:31.807 [restartedMain] INFO  [,] o.s.b.d.a.ConditionEvaluationDeltaLoggingListener - Condition evaluation delta:


==========================
CONDITION EVALUATION DELTA
==========================


Positive matches:
-----------------

   TaskExecutionAutoConfiguration#applicationTaskExecutor matched:
      - @ConditionalOnMissingBean (types: java.util.concurrent.Executor; SearchStrategy: all) did not find any beans (OnBeanCondition)


Negative matches:
-----------------

    None


Exclusions:
-----------

    None


Unconditional classes:
----------------------

    None



2023-09-21 14:19:47.354 [Thread-37] INFO  [,] o.s.scheduling.concurrent.ThreadPoolTaskExecutor - Shutting down ExecutorService 'applicationTaskExecutor'
2023-09-21 14:19:47.671 [restartedMain] INFO  [,] c.b.saleordersystem.SaleOrderSystemApplication - Starting SaleOrderSystemApplication on DESKTOP-7M29D94 with PID 2084 (E:\北醒文件\测试版本\saleorder-system-main\target\classes started by DELL in E:\北醒文件\测试版本\saleorder-system-main)
2023-09-21 14:19:47.671 [restartedMain] INFO  [,] c.b.saleordersystem.SaleOrderSystemApplication - No active profile set, falling back to default profiles: default
2023-09-21 14:19:48.960 [restartedMain] INFO  [,] o.s.boot.web.embedded.tomcat.TomcatWebServer - Tomcat initialized with port(s): 8080 (http)
2023-09-21 14:19:48.961 [restartedMain] INFO  [,] org.apache.coyote.http11.Http11NioProtocol - Initializing ProtocolHandler ["http-nio-8080"]
2023-09-21 14:19:48.961 [restartedMain] INFO  [,] org.apache.catalina.core.StandardService - Starting service [Tomcat]
2023-09-21 14:19:48.961 [restartedMain] INFO  [,] org.apache.catalina.core.StandardEngine - Starting Servlet engine: [Apache Tomcat/9.0.41]
2023-09-21 14:19:48.962 [restartedMain] INFO  [,] org.apache.catalina.core.AprLifecycleListener - Loaded Apache Tomcat Native library [1.2.23] using APR version [1.7.0].
2023-09-21 14:19:48.962 [restartedMain] INFO  [,] org.apache.catalina.core.AprLifecycleListener - APR capabilities: IPv6 [true], sendfile [true], accept filters [false], random [true].
2023-09-21 14:19:48.963 [restartedMain] INFO  [,] org.apache.catalina.core.AprLifecycleListener - APR/OpenSSL configuration: useAprConnector [false], useOpenSSL [true]
2023-09-21 14:19:48.963 [restartedMain] INFO  [,] org.apache.catalina.core.AprLifecycleListener - OpenSSL successfully initialized [OpenSSL 1.1.1c  28 May 2019]
2023-09-21 14:19:49.004 [restartedMain] INFO  [,] o.a.c.c.C.[Tomcat].[localhost].[/benewake] - Initializing Spring embedded WebApplicationContext
2023-09-21 14:19:49.004 [restartedMain] INFO  [,] o.s.b.w.s.c.ServletWebServerApplicationContext - Root WebApplicationContext: initialization completed in 1328 ms
2023-09-21 14:19:51.423 [restartedMain] INFO  [,] org.apache.catalina.core.StandardService - Stopping service [Tomcat]
2023-09-21 14:19:51.437 [restartedMain] INFO  [,] o.s.b.a.l.ConditionEvaluationReportLoggingListener - 

Error starting ApplicationContext. To display the conditions report re-run your application with 'debug' enabled.
2023-09-21 14:19:57.763 [restartedMain] INFO  [,] c.b.saleordersystem.SaleOrderSystemApplication - Starting SaleOrderSystemApplication on DESKTOP-7M29D94 with PID 2084 (E:\北醒文件\测试版本\saleorder-system-main\target\classes started by DELL in E:\北醒文件\测试版本\saleorder-system-main)
2023-09-21 14:19:57.764 [restartedMain] INFO  [,] c.b.saleordersystem.SaleOrderSystemApplication - No active profile set, falling back to default profiles: default
2023-09-21 14:19:58.806 [restartedMain] INFO  [,] o.s.boot.web.embedded.tomcat.TomcatWebServer - Tomcat initialized with port(s): 8080 (http)
2023-09-21 14:19:58.807 [restartedMain] INFO  [,] org.apache.coyote.http11.Http11NioProtocol - Initializing ProtocolHandler ["http-nio-8080"]
2023-09-21 14:19:58.807 [restartedMain] INFO  [,] org.apache.catalina.core.StandardService - Starting service [Tomcat]
2023-09-21 14:19:58.807 [restartedMain] INFO  [,] org.apache.catalina.core.StandardEngine - Starting Servlet engine: [Apache Tomcat/9.0.41]
2023-09-21 14:19:58.807 [restartedMain] INFO  [,] org.apache.catalina.core.AprLifecycleListener - Loaded Apache Tomcat Native library [1.2.23] using APR version [1.7.0].
2023-09-21 14:19:58.808 [restartedMain] INFO  [,] org.apache.catalina.core.AprLifecycleListener - APR capabilities: IPv6 [true], sendfile [true], accept filters [false], random [true].
2023-09-21 14:19:58.808 [restartedMain] INFO  [,] org.apache.catalina.core.AprLifecycleListener - APR/OpenSSL configuration: useAprConnector [false], useOpenSSL [true]
2023-09-21 14:19:58.808 [restartedMain] INFO  [,] org.apache.catalina.core.AprLifecycleListener - OpenSSL successfully initialized [OpenSSL 1.1.1c  28 May 2019]
2023-09-21 14:19:58.832 [restartedMain] INFO  [,] o.a.c.c.C.[Tomcat-1].[localhost].[/benewake] - Initializing Spring embedded WebApplicationContext
2023-09-21 14:19:58.832 [restartedMain] INFO  [,] o.s.b.w.s.c.ServletWebServerApplicationContext - Root WebApplicationContext: initialization completed in 1063 ms
2023-09-21 14:20:00.446 [restartedMain] INFO  [,] org.apache.catalina.core.StandardService - Stopping service [Tomcat]
2023-09-21 14:20:00.452 [restartedMain] INFO  [,] o.s.b.a.l.ConditionEvaluationReportLoggingListener - 

Error starting ApplicationContext. To display the conditions report re-run your application with 'debug' enabled.
2023-09-21 14:20:03.107 [main] INFO  [,] c.b.saleordersystem.Email.SpringBootMailTest - Starting SpringBootMailTest on DESKTOP-7M29D94 with PID 10272 (started by DELL in E:\北醒文件\测试版本\saleorder-system-main)
2023-09-21 14:20:03.109 [main] INFO  [,] c.b.saleordersystem.Email.SpringBootMailTest - No active profile set, falling back to default profiles: default
2023-09-21 14:20:16.404 [main] INFO  [,] o.s.scheduling.concurrent.ThreadPoolTaskExecutor - Initializing ExecutorService
2023-09-21 14:20:16.423 [main] INFO  [,] o.s.scheduling.concurrent.ThreadPoolTaskExecutor - Initializing ExecutorService 'asynExecutor'
2023-09-21 14:20:21.347 [main] INFO  [,] c.b.saleordersystem.Email.SpringBootMailTest - Started SpringBootMailTest in 19.171 seconds (JVM running for 24.949)
2023-09-21 14:20:22.351 [main] INFO  [,] c.b.saleordersystem.service.impl.MailServiceImpl - ## Ready to send mail ...
2023-09-21 14:20:22.445 [SpringContextShutdownHook] INFO  [,] o.s.scheduling.concurrent.ThreadPoolTaskExecutor - Shutting down ExecutorService 'asynExecutor'
2023-09-21 14:22:12.611 [restartedMain] INFO  [,] c.b.saleordersystem.SaleOrderSystemApplication - Starting SaleOrderSystemApplication on DESKTOP-7M29D94 with PID 2084 (E:\北醒文件\测试版本\saleorder-system-main\target\classes started by DELL in E:\北醒文件\测试版本\saleorder-system-main)
2023-09-21 14:22:12.612 [restartedMain] INFO  [,] c.b.saleordersystem.SaleOrderSystemApplication - No active profile set, falling back to default profiles: default
2023-09-21 14:22:13.773 [restartedMain] INFO  [,] o.s.boot.web.embedded.tomcat.TomcatWebServer - Tomcat initialized with port(s): 8080 (http)
2023-09-21 14:22:13.774 [restartedMain] INFO  [,] org.apache.coyote.http11.Http11NioProtocol - Initializing ProtocolHandler ["http-nio-8080"]
2023-09-21 14:22:13.774 [restartedMain] INFO  [,] org.apache.catalina.core.StandardService - Starting service [Tomcat]
2023-09-21 14:22:13.775 [restartedMain] INFO  [,] org.apache.catalina.core.StandardEngine - Starting Servlet engine: [Apache Tomcat/9.0.41]
2023-09-21 14:22:13.775 [restartedMain] INFO  [,] org.apache.catalina.core.AprLifecycleListener - Loaded Apache Tomcat Native library [1.2.23] using APR version [1.7.0].
2023-09-21 14:22:13.775 [restartedMain] INFO  [,] org.apache.catalina.core.AprLifecycleListener - APR capabilities: IPv6 [true], sendfile [true], accept filters [false], random [true].
2023-09-21 14:22:13.776 [restartedMain] INFO  [,] org.apache.catalina.core.AprLifecycleListener - APR/OpenSSL configuration: useAprConnector [false], useOpenSSL [true]
2023-09-21 14:22:13.776 [restartedMain] INFO  [,] org.apache.catalina.core.AprLifecycleListener - OpenSSL successfully initialized [OpenSSL 1.1.1c  28 May 2019]
2023-09-21 14:22:13.810 [restartedMain] INFO  [,] o.a.c.c.C.[Tomcat-2].[localhost].[/benewake] - Initializing Spring embedded WebApplicationContext
2023-09-21 14:22:13.811 [restartedMain] INFO  [,] o.s.b.w.s.c.ServletWebServerApplicationContext - Root WebApplicationContext: initialization completed in 1176 ms
2023-09-21 14:22:14.094 [restartedMain] INFO  [,] o.s.scheduling.concurrent.ThreadPoolTaskExecutor - Initializing ExecutorService 'applicationTaskExecutor'
2023-09-21 14:22:14.112 [restartedMain] INFO  [,] o.s.b.d.autoconfigure.OptionalLiveReloadServer - LiveReload server is running on port 35729
2023-09-21 14:22:15.607 [restartedMain] INFO  [,] org.apache.coyote.http11.Http11NioProtocol - Starting ProtocolHandler ["http-nio-8080"]
2023-09-21 14:22:15.789 [restartedMain] INFO  [,] o.s.boot.web.embedded.tomcat.TomcatWebServer - Tomcat started on port(s): 8080 (http) with context path '/benewake'
2023-09-21 14:22:15.906 [restartedMain] INFO  [,] c.b.saleordersystem.SaleOrderSystemApplication - Started SaleOrderSystemApplication in 3.425 seconds (JVM running for 14658.185)
2023-09-21 14:22:15.911 [restartedMain] INFO  [,] o.s.b.d.a.ConditionEvaluationDeltaLoggingListener - Condition evaluation unchanged
2023-09-21 14:22:35.869 [Thread-42] INFO  [,] o.s.scheduling.concurrent.ThreadPoolTaskExecutor - Shutting down ExecutorService 'applicationTaskExecutor'
2023-09-21 14:22:36.345 [restartedMain] INFO  [,] c.b.saleordersystem.SaleOrderSystemApplication - Starting SaleOrderSystemApplication on DESKTOP-7M29D94 with PID 2084 (E:\北醒文件\测试版本\saleorder-system-main\target\classes started by DELL in E:\北醒文件\测试版本\saleorder-system-main)
2023-09-21 14:22:36.346 [restartedMain] INFO  [,] c.b.saleordersystem.SaleOrderSystemApplication - No active profile set, falling back to default profiles: default
2023-09-21 14:22:37.117 [restartedMain] INFO  [,] o.s.boot.web.embedded.tomcat.TomcatWebServer - Tomcat initialized with port(s): 8080 (http)
2023-09-21 14:22:37.118 [restartedMain] INFO  [,] org.apache.coyote.http11.Http11NioProtocol - Initializing ProtocolHandler ["http-nio-8080"]
2023-09-21 14:22:37.118 [restartedMain] INFO  [,] org.apache.catalina.core.StandardService - Starting service [Tomcat]
2023-09-21 14:22:37.118 [restartedMain] INFO  [,] org.apache.catalina.core.StandardEngine - Starting Servlet engine: [Apache Tomcat/9.0.41]
2023-09-21 14:22:37.119 [restartedMain] INFO  [,] org.apache.catalina.core.AprLifecycleListener - Loaded Apache Tomcat Native library [1.2.23] using APR version [1.7.0].
2023-09-21 14:22:37.119 [restartedMain] INFO  [,] org.apache.catalina.core.AprLifecycleListener - APR capabilities: IPv6 [true], sendfile [true], accept filters [false], random [true].
2023-09-21 14:22:37.119 [restartedMain] INFO  [,] org.apache.catalina.core.AprLifecycleListener - APR/OpenSSL configuration: useAprConnector [false], useOpenSSL [true]
2023-09-21 14:22:37.120 [restartedMain] INFO  [,] org.apache.catalina.core.AprLifecycleListener - OpenSSL successfully initialized [OpenSSL 1.1.1c  28 May 2019]
2023-09-21 14:22:37.163 [restartedMain] INFO  [,] o.a.c.c.C.[Tomcat-2].[localhost].[/benewake] - Initializing Spring embedded WebApplicationContext
2023-09-21 14:22:37.163 [restartedMain] INFO  [,] o.s.b.w.s.c.ServletWebServerApplicationContext - Root WebApplicationContext: initialization completed in 811 ms
2023-09-21 14:22:39.795 [restartedMain] INFO  [,] org.apache.catalina.core.StandardService - Stopping service [Tomcat]
2023-09-21 14:22:39.801 [restartedMain] INFO  [,] o.s.b.a.l.ConditionEvaluationReportLoggingListener - 

Error starting ApplicationContext. To display the conditions report re-run your application with 'debug' enabled.
2023-09-21 14:22:42.682 [restartedMain] INFO  [,] c.b.saleordersystem.SaleOrderSystemApplication - Starting SaleOrderSystemApplication on DESKTOP-7M29D94 with PID 2084 (E:\北醒文件\测试版本\saleorder-system-main\target\classes started by DELL in E:\北醒文件\测试版本\saleorder-system-main)
2023-09-21 14:22:42.683 [restartedMain] INFO  [,] c.b.saleordersystem.SaleOrderSystemApplication - No active profile set, falling back to default profiles: default
2023-09-21 14:22:44.684 [restartedMain] INFO  [,] o.s.boot.web.embedded.tomcat.TomcatWebServer - Tomcat initialized with port(s): 8080 (http)
2023-09-21 14:22:44.684 [restartedMain] INFO  [,] org.apache.coyote.http11.Http11NioProtocol - Initializing ProtocolHandler ["http-nio-8080"]
2023-09-21 14:22:44.685 [restartedMain] INFO  [,] org.apache.catalina.core.StandardService - Starting service [Tomcat]
2023-09-21 14:22:44.685 [restartedMain] INFO  [,] org.apache.catalina.core.StandardEngine - Starting Servlet engine: [Apache Tomcat/9.0.41]
2023-09-21 14:22:44.686 [restartedMain] INFO  [,] org.apache.catalina.core.AprLifecycleListener - Loaded Apache Tomcat Native library [1.2.23] using APR version [1.7.0].
2023-09-21 14:22:44.686 [restartedMain] INFO  [,] org.apache.catalina.core.AprLifecycleListener - APR capabilities: IPv6 [true], sendfile [true], accept filters [false], random [true].
2023-09-21 14:22:44.686 [restartedMain] INFO  [,] org.apache.catalina.core.AprLifecycleListener - APR/OpenSSL configuration: useAprConnector [false], useOpenSSL [true]
2023-09-21 14:22:44.686 [restartedMain] INFO  [,] org.apache.catalina.core.AprLifecycleListener - OpenSSL successfully initialized [OpenSSL 1.1.1c  28 May 2019]
2023-09-21 14:22:44.735 [restartedMain] INFO  [,] o.a.c.c.C.[Tomcat-3].[localhost].[/benewake] - Initializing Spring embedded WebApplicationContext
2023-09-21 14:22:44.736 [restartedMain] INFO  [,] o.s.b.w.s.c.ServletWebServerApplicationContext - Root WebApplicationContext: initialization completed in 2041 ms
2023-09-21 14:22:46.125 [main] INFO  [,] c.b.saleordersystem.Email.SpringBootMailTest - Starting SpringBootMailTest on DESKTOP-7M29D94 with PID 27048 (started by DELL in E:\北醒文件\测试版本\saleorder-system-main)
2023-09-21 14:22:46.127 [main] INFO  [,] c.b.saleordersystem.Email.SpringBootMailTest - No active profile set, falling back to default profiles: default
2023-09-21 14:22:48.549 [restartedMain] INFO  [,] org.apache.catalina.core.StandardService - Stopping service [Tomcat]
2023-09-21 14:22:48.560 [restartedMain] INFO  [,] o.s.b.a.l.ConditionEvaluationReportLoggingListener - 

Error starting ApplicationContext. To display the conditions report re-run your application with 'debug' enabled.
2023-09-21 14:23:02.224 [main] INFO  [,] o.s.scheduling.concurrent.ThreadPoolTaskExecutor - Initializing ExecutorService
2023-09-21 14:23:02.285 [main] INFO  [,] o.s.scheduling.concurrent.ThreadPoolTaskExecutor - Initializing ExecutorService 'asynExecutor'
2023-09-21 14:23:07.837 [main] INFO  [,] c.b.saleordersystem.Email.SpringBootMailTest - Started SpringBootMailTest in 22.862 seconds (JVM running for 26.219)
2023-09-21 14:23:08.762 [main] INFO  [,] c.b.saleordersystem.service.impl.MailServiceImpl - ## Ready to send mail ...
2023-09-21 14:23:08.952 [SpringContextShutdownHook] INFO  [,] o.s.scheduling.concurrent.ThreadPoolTaskExecutor - Shutting down ExecutorService 'asynExecutor'
2023-09-21 14:30:26.783 [restartedMain] INFO  [,] c.b.saleordersystem.SaleOrderSystemApplication - Starting SaleOrderSystemApplication on DESKTOP-7M29D94 with PID 2084 (E:\北醒文件\测试版本\saleorder-system-main\target\classes started by DELL in E:\北醒文件\测试版本\saleorder-system-main)
2023-09-21 14:30:26.784 [restartedMain] INFO  [,] c.b.saleordersystem.SaleOrderSystemApplication - No active profile set, falling back to default profiles: default
2023-09-21 14:30:27.653 [restartedMain] INFO  [,] o.s.boot.web.embedded.tomcat.TomcatWebServer - Tomcat initialized with port(s): 8080 (http)
2023-09-21 14:30:27.654 [restartedMain] INFO  [,] org.apache.coyote.http11.Http11NioProtocol - Initializing ProtocolHandler ["http-nio-8080"]
2023-09-21 14:30:27.654 [restartedMain] INFO  [,] org.apache.catalina.core.StandardService - Starting service [Tomcat]
2023-09-21 14:30:27.654 [restartedMain] INFO  [,] org.apache.catalina.core.StandardEngine - Starting Servlet engine: [Apache Tomcat/9.0.41]
2023-09-21 14:30:27.655 [restartedMain] INFO  [,] org.apache.catalina.core.AprLifecycleListener - Loaded Apache Tomcat Native library [1.2.23] using APR version [1.7.0].
2023-09-21 14:30:27.655 [restartedMain] INFO  [,] org.apache.catalina.core.AprLifecycleListener - APR capabilities: IPv6 [true], sendfile [true], accept filters [false], random [true].
2023-09-21 14:30:27.655 [restartedMain] INFO  [,] org.apache.catalina.core.AprLifecycleListener - APR/OpenSSL configuration: useAprConnector [false], useOpenSSL [true]
2023-09-21 14:30:27.656 [restartedMain] INFO  [,] org.apache.catalina.core.AprLifecycleListener - OpenSSL successfully initialized [OpenSSL 1.1.1c  28 May 2019]
2023-09-21 14:30:27.691 [restartedMain] INFO  [,] o.a.c.c.C.[Tomcat-4].[localhost].[/benewake] - Initializing Spring embedded WebApplicationContext
2023-09-21 14:30:27.692 [restartedMain] INFO  [,] o.s.b.w.s.c.ServletWebServerApplicationContext - Root WebApplicationContext: initialization completed in 903 ms
2023-09-21 14:30:27.923 [restartedMain] INFO  [,] o.s.scheduling.concurrent.ThreadPoolTaskExecutor - Initializing ExecutorService 'applicationTaskExecutor'
2023-09-21 14:30:27.937 [restartedMain] INFO  [,] o.s.b.d.autoconfigure.OptionalLiveReloadServer - LiveReload server is running on port 35729
2023-09-21 14:30:29.188 [restartedMain] INFO  [,] org.apache.coyote.http11.Http11NioProtocol - Starting ProtocolHandler ["http-nio-8080"]
2023-09-21 14:30:29.398 [restartedMain] INFO  [,] o.s.boot.web.embedded.tomcat.TomcatWebServer - Tomcat started on port(s): 8080 (http) with context path '/benewake'
2023-09-21 14:30:29.468 [restartedMain] INFO  [,] c.b.saleordersystem.SaleOrderSystemApplication - Started SaleOrderSystemApplication in 2.958 seconds (JVM running for 15151.748)
2023-09-21 14:30:29.472 [restartedMain] INFO  [,] o.s.b.d.a.ConditionEvaluationDeltaLoggingListener - Condition evaluation unchanged
2023-09-21 14:30:46.679 [Thread-53] INFO  [,] o.s.scheduling.concurrent.ThreadPoolTaskExecutor - Shutting down ExecutorService 'applicationTaskExecutor'
2023-09-21 14:30:47.176 [restartedMain] INFO  [,] c.b.saleordersystem.SaleOrderSystemApplication - Starting SaleOrderSystemApplication on DESKTOP-7M29D94 with PID 2084 (E:\北醒文件\测试版本\saleorder-system-main\target\classes started by DELL in E:\北醒文件\测试版本\saleorder-system-main)
2023-09-21 14:30:47.177 [restartedMain] INFO  [,] c.b.saleordersystem.SaleOrderSystemApplication - No active profile set, falling back to default profiles: default
2023-09-21 14:30:48.024 [restartedMain] INFO  [,] o.s.boot.web.embedded.tomcat.TomcatWebServer - Tomcat initialized with port(s): 8080 (http)
2023-09-21 14:30:48.024 [restartedMain] INFO  [,] org.apache.coyote.http11.Http11NioProtocol - Initializing ProtocolHandler ["http-nio-8080"]
2023-09-21 14:30:48.025 [restartedMain] INFO  [,] org.apache.catalina.core.StandardService - Starting service [Tomcat]
2023-09-21 14:30:48.025 [restartedMain] INFO  [,] org.apache.catalina.core.StandardEngine - Starting Servlet engine: [Apache Tomcat/9.0.41]
2023-09-21 14:30:48.025 [restartedMain] INFO  [,] org.apache.catalina.core.AprLifecycleListener - Loaded Apache Tomcat Native library [1.2.23] using APR version [1.7.0].
2023-09-21 14:30:48.025 [restartedMain] INFO  [,] org.apache.catalina.core.AprLifecycleListener - APR capabilities: IPv6 [true], sendfile [true], accept filters [false], random [true].
2023-09-21 14:30:48.025 [restartedMain] INFO  [,] org.apache.catalina.core.AprLifecycleListener - APR/OpenSSL configuration: useAprConnector [false], useOpenSSL [true]
2023-09-21 14:30:48.026 [restartedMain] INFO  [,] org.apache.catalina.core.AprLifecycleListener - OpenSSL successfully initialized [OpenSSL 1.1.1c  28 May 2019]
2023-09-21 14:30:48.062 [restartedMain] INFO  [,] o.a.c.c.C.[Tomcat-4].[localhost].[/benewake] - Initializing Spring embedded WebApplicationContext
2023-09-21 14:30:48.062 [restartedMain] INFO  [,] o.s.b.w.s.c.ServletWebServerApplicationContext - Root WebApplicationContext: initialization completed in 878 ms
2023-09-21 14:30:50.807 [restartedMain] INFO  [,] org.apache.catalina.core.StandardService - Stopping service [Tomcat]
2023-09-21 14:30:50.815 [restartedMain] INFO  [,] o.s.b.a.l.ConditionEvaluationReportLoggingListener - 

Error starting ApplicationContext. To display the conditions report re-run your application with 'debug' enabled.
2023-09-21 14:30:52.508 [restartedMain] INFO  [,] c.b.saleordersystem.SaleOrderSystemApplication - Starting SaleOrderSystemApplication on DESKTOP-7M29D94 with PID 2084 (E:\北醒文件\测试版本\saleorder-system-main\target\classes started by DELL in E:\北醒文件\测试版本\saleorder-system-main)
2023-09-21 14:30:52.508 [restartedMain] INFO  [,] c.b.saleordersystem.SaleOrderSystemApplication - No active profile set, falling back to default profiles: default
2023-09-21 14:30:55.709 [main] INFO  [,] c.b.saleordersystem.Email.SpringBootMailTest - Starting SpringBootMailTest on DESKTOP-7M29D94 with PID 21552 (started by DELL in E:\北醒文件\测试版本\saleorder-system-main)
2023-09-21 14:30:55.712 [main] INFO  [,] c.b.saleordersystem.Email.SpringBootMailTest - No active profile set, falling back to default profiles: default
2023-09-21 14:30:58.406 [restartedMain] INFO  [,] o.s.boot.web.embedded.tomcat.TomcatWebServer - Tomcat initialized with port(s): 8080 (http)
2023-09-21 14:30:58.487 [restartedMain] INFO  [,] org.apache.coyote.http11.Http11NioProtocol - Initializing ProtocolHandler ["http-nio-8080"]
2023-09-21 14:30:58.488 [restartedMain] INFO  [,] org.apache.catalina.core.StandardService - Starting service [Tomcat]
2023-09-21 14:30:58.488 [restartedMain] INFO  [,] org.apache.catalina.core.StandardEngine - Starting Servlet engine: [Apache Tomcat/9.0.41]
2023-09-21 14:30:58.489 [restartedMain] INFO  [,] org.apache.catalina.core.AprLifecycleListener - Loaded Apache Tomcat Native library [1.2.23] using APR version [1.7.0].
2023-09-21 14:30:58.490 [restartedMain] INFO  [,] org.apache.catalina.core.AprLifecycleListener - APR capabilities: IPv6 [true], sendfile [true], accept filters [false], random [true].
2023-09-21 14:30:58.490 [restartedMain] INFO  [,] org.apache.catalina.core.AprLifecycleListener - APR/OpenSSL configuration: useAprConnector [false], useOpenSSL [true]
2023-09-21 14:30:58.491 [restartedMain] INFO  [,] org.apache.catalina.core.AprLifecycleListener - OpenSSL successfully initialized [OpenSSL 1.1.1c  28 May 2019]
2023-09-21 14:30:58.628 [restartedMain] INFO  [,] o.a.c.c.C.[Tomcat-5].[localhost].[/benewake] - Initializing Spring embedded WebApplicationContext
2023-09-21 14:30:58.629 [restartedMain] INFO  [,] o.s.b.w.s.c.ServletWebServerApplicationContext - Root WebApplicationContext: initialization completed in 6113 ms
2023-09-21 14:31:07.943 [restartedMain] INFO  [,] org.apache.catalina.core.StandardService - Stopping service [Tomcat]
2023-09-21 14:31:08.051 [restartedMain] INFO  [,] o.s.b.a.l.ConditionEvaluationReportLoggingListener - 

Error starting ApplicationContext. To display the conditions report re-run your application with 'debug' enabled.
2023-09-21 14:31:10.523 [main] INFO  [,] o.s.scheduling.concurrent.ThreadPoolTaskExecutor - Initializing ExecutorService
2023-09-21 14:31:10.660 [main] INFO  [,] o.s.scheduling.concurrent.ThreadPoolTaskExecutor - Initializing ExecutorService 'asynExecutor'
2023-09-21 14:31:16.453 [main] INFO  [,] c.b.saleordersystem.Email.SpringBootMailTest - Started SpringBootMailTest in 21.765 seconds (JVM running for 24.681)
2023-09-21 14:31:17.579 [main] INFO  [,] c.b.saleordersystem.service.impl.MailServiceImpl - ## Ready to send mail ...
2023-09-21 14:31:17.645 [SpringContextShutdownHook] INFO  [,] o.s.scheduling.concurrent.ThreadPoolTaskExecutor - Shutting down ExecutorService 'asynExecutor'
2023-09-21 14:32:05.777 [main] INFO  [,] c.b.saleordersystem.Email.SpringBootMailTest - Starting SpringBootMailTest on DESKTOP-7M29D94 with PID 16896 (started by DELL in E:\北醒文件\测试版本\saleorder-system-main)
2023-09-21 14:32:05.781 [main] INFO  [,] c.b.saleordersystem.Email.SpringBootMailTest - No active profile set, falling back to default profiles: default
2023-09-21 14:32:24.011 [main] INFO  [,] o.s.scheduling.concurrent.ThreadPoolTaskExecutor - Initializing ExecutorService
2023-09-21 14:32:24.037 [main] INFO  [,] o.s.scheduling.concurrent.ThreadPoolTaskExecutor - Initializing ExecutorService 'asynExecutor'
2023-09-21 14:32:27.903 [main] INFO  [,] c.b.saleordersystem.Email.SpringBootMailTest - Started SpringBootMailTest in 23.221 seconds (JVM running for 29.482)
2023-09-21 14:32:28.503 [main] INFO  [,] c.b.saleordersystem.service.impl.MailServiceImpl - ## Ready to send mail ...
2023-09-21 14:35:20.058 [SpringContextShutdownHook] INFO  [,] o.s.scheduling.concurrent.ThreadPoolTaskExecutor - Shutting down ExecutorService 'asynExecutor'
2023-09-21 14:40:22.615 [restartedMain] INFO  [,] c.b.saleordersystem.SaleOrderSystemApplication - Starting SaleOrderSystemApplication on DESKTOP-7M29D94 with PID 2084 (E:\北醒文件\测试版本\saleorder-system-main\target\classes started by DELL in E:\北醒文件\测试版本\saleorder-system-main)
2023-09-21 14:40:22.617 [restartedMain] INFO  [,] c.b.saleordersystem.SaleOrderSystemApplication - No active profile set, falling back to default profiles: default
2023-09-21 14:40:23.619 [restartedMain] INFO  [,] o.s.boot.web.embedded.tomcat.TomcatWebServer - Tomcat initialized with port(s): 8080 (http)
2023-09-21 14:40:23.620 [restartedMain] INFO  [,] org.apache.coyote.http11.Http11NioProtocol - Initializing ProtocolHandler ["http-nio-8080"]
2023-09-21 14:40:23.620 [restartedMain] INFO  [,] org.apache.catalina.core.StandardService - Starting service [Tomcat]
2023-09-21 14:40:23.620 [restartedMain] INFO  [,] org.apache.catalina.core.StandardEngine - Starting Servlet engine: [Apache Tomcat/9.0.41]
2023-09-21 14:40:23.621 [restartedMain] INFO  [,] org.apache.catalina.core.AprLifecycleListener - Loaded Apache Tomcat Native library [1.2.23] using APR version [1.7.0].
2023-09-21 14:40:23.621 [restartedMain] INFO  [,] org.apache.catalina.core.AprLifecycleListener - APR capabilities: IPv6 [true], sendfile [true], accept filters [false], random [true].
2023-09-21 14:40:23.621 [restartedMain] INFO  [,] org.apache.catalina.core.AprLifecycleListener - APR/OpenSSL configuration: useAprConnector [false], useOpenSSL [true]
2023-09-21 14:40:23.621 [restartedMain] INFO  [,] org.apache.catalina.core.AprLifecycleListener - OpenSSL successfully initialized [OpenSSL 1.1.1c  28 May 2019]
2023-09-21 14:40:23.657 [restartedMain] INFO  [,] o.a.c.c.C.[Tomcat-6].[localhost].[/benewake] - Initializing Spring embedded WebApplicationContext
2023-09-21 14:40:23.657 [restartedMain] INFO  [,] o.s.b.w.s.c.ServletWebServerApplicationContext - Root WebApplicationContext: initialization completed in 1026 ms
2023-09-21 14:40:24.099 [restartedMain] INFO  [,] o.s.scheduling.concurrent.ThreadPoolTaskExecutor - Initializing ExecutorService 'applicationTaskExecutor'
2023-09-21 14:40:24.122 [restartedMain] INFO  [,] o.s.b.d.autoconfigure.OptionalLiveReloadServer - LiveReload server is running on port 35729
2023-09-21 14:40:25.873 [restartedMain] INFO  [,] org.apache.coyote.http11.Http11NioProtocol - Starting ProtocolHandler ["http-nio-8080"]
2023-09-21 14:40:26.118 [restartedMain] INFO  [,] o.s.boot.web.embedded.tomcat.TomcatWebServer - Tomcat started on port(s): 8080 (http) with context path '/benewake'
2023-09-21 14:40:26.252 [restartedMain] INFO  [,] c.b.saleordersystem.SaleOrderSystemApplication - Started SaleOrderSystemApplication in 3.732 seconds (JVM running for 15748.532)
2023-09-21 14:40:26.257 [restartedMain] INFO  [,] o.s.b.d.a.ConditionEvaluationDeltaLoggingListener - Condition evaluation unchanged
2023-09-21 14:42:24.306 [Thread-64] INFO  [,] o.s.scheduling.concurrent.ThreadPoolTaskExecutor - Shutting down ExecutorService 'applicationTaskExecutor'
2023-09-21 14:42:24.799 [restartedMain] INFO  [,] c.b.saleordersystem.SaleOrderSystemApplication - Starting SaleOrderSystemApplication on DESKTOP-7M29D94 with PID 2084 (E:\北醒文件\测试版本\saleorder-system-main\target\classes started by DELL in E:\北醒文件\测试版本\saleorder-system-main)
2023-09-21 14:42:24.799 [restartedMain] INFO  [,] c.b.saleordersystem.SaleOrderSystemApplication - No active profile set, falling back to default profiles: default
2023-09-21 14:42:25.705 [restartedMain] INFO  [,] o.s.boot.web.embedded.tomcat.TomcatWebServer - Tomcat initialized with port(s): 8080 (http)
2023-09-21 14:42:25.706 [restartedMain] INFO  [,] org.apache.coyote.http11.Http11NioProtocol - Initializing ProtocolHandler ["http-nio-8080"]
2023-09-21 14:42:25.706 [restartedMain] INFO  [,] org.apache.catalina.core.StandardService - Starting service [Tomcat]
2023-09-21 14:42:25.707 [restartedMain] INFO  [,] org.apache.catalina.core.StandardEngine - Starting Servlet engine: [Apache Tomcat/9.0.41]
2023-09-21 14:42:25.707 [restartedMain] INFO  [,] org.apache.catalina.core.AprLifecycleListener - Loaded Apache Tomcat Native library [1.2.23] using APR version [1.7.0].
2023-09-21 14:42:25.707 [restartedMain] INFO  [,] org.apache.catalina.core.AprLifecycleListener - APR capabilities: IPv6 [true], sendfile [true], accept filters [false], random [true].
2023-09-21 14:42:25.707 [restartedMain] INFO  [,] org.apache.catalina.core.AprLifecycleListener - APR/OpenSSL configuration: useAprConnector [false], useOpenSSL [true]
2023-09-21 14:42:25.707 [restartedMain] INFO  [,] org.apache.catalina.core.AprLifecycleListener - OpenSSL successfully initialized [OpenSSL 1.1.1c  28 May 2019]
2023-09-21 14:42:25.739 [restartedMain] INFO  [,] o.a.c.c.C.[Tomcat-6].[localhost].[/benewake] - Initializing Spring embedded WebApplicationContext
2023-09-21 14:42:25.739 [restartedMain] INFO  [,] o.s.b.w.s.c.ServletWebServerApplicationContext - Root WebApplicationContext: initialization completed in 935 ms
2023-09-21 14:42:25.798 [restartedMain] INFO  [,] org.apache.catalina.core.StandardService - Stopping service [Tomcat]
2023-09-21 14:42:25.806 [restartedMain] INFO  [,] o.s.b.a.l.ConditionEvaluationReportLoggingListener - 

Error starting ApplicationContext. To display the conditions report re-run your application with 'debug' enabled.
2023-09-21 14:46:05.664 [restartedMain] INFO  [,] c.b.saleordersystem.SaleOrderSystemApplication - Starting SaleOrderSystemApplication on DESKTOP-7M29D94 with PID 2084 (E:\北醒文件\测试版本\saleorder-system-main\target\classes started by DELL in E:\北醒文件\测试版本\saleorder-system-main)
2023-09-21 14:46:05.665 [restartedMain] INFO  [,] c.b.saleordersystem.SaleOrderSystemApplication - No active profile set, falling back to default profiles: default
2023-09-21 14:46:06.729 [restartedMain] INFO  [,] o.s.boot.web.embedded.tomcat.TomcatWebServer - Tomcat initialized with port(s): 8080 (http)
2023-09-21 14:46:06.729 [restartedMain] INFO  [,] org.apache.coyote.http11.Http11NioProtocol - Initializing ProtocolHandler ["http-nio-8080"]
2023-09-21 14:46:06.730 [restartedMain] INFO  [,] org.apache.catalina.core.StandardService - Starting service [Tomcat]
2023-09-21 14:46:06.730 [restartedMain] INFO  [,] org.apache.catalina.core.StandardEngine - Starting Servlet engine: [Apache Tomcat/9.0.41]
2023-09-21 14:46:06.730 [restartedMain] INFO  [,] org.apache.catalina.core.AprLifecycleListener - Loaded Apache Tomcat Native library [1.2.23] using APR version [1.7.0].
2023-09-21 14:46:06.730 [restartedMain] INFO  [,] org.apache.catalina.core.AprLifecycleListener - APR capabilities: IPv6 [true], sendfile [true], accept filters [false], random [true].
2023-09-21 14:46:06.731 [restartedMain] INFO  [,] org.apache.catalina.core.AprLifecycleListener - APR/OpenSSL configuration: useAprConnector [false], useOpenSSL [true]
2023-09-21 14:46:06.731 [restartedMain] INFO  [,] org.apache.catalina.core.AprLifecycleListener - OpenSSL successfully initialized [OpenSSL 1.1.1c  28 May 2019]
2023-09-21 14:46:06.772 [restartedMain] INFO  [,] o.a.c.c.C.[Tomcat-7].[localhost].[/benewake] - Initializing Spring embedded WebApplicationContext
2023-09-21 14:46:06.772 [restartedMain] INFO  [,] o.s.b.w.s.c.ServletWebServerApplicationContext - Root WebApplicationContext: initialization completed in 1100 ms
2023-09-21 14:46:07.010 [restartedMain] INFO  [,] o.s.scheduling.concurrent.ThreadPoolTaskExecutor - Initializing ExecutorService 'applicationTaskExecutor'
2023-09-21 14:46:07.023 [restartedMain] INFO  [,] o.s.b.d.autoconfigure.OptionalLiveReloadServer - LiveReload server is running on port 35729
2023-09-21 14:46:08.088 [restartedMain] INFO  [,] org.apache.coyote.http11.Http11NioProtocol - Starting ProtocolHandler ["http-nio-8080"]
2023-09-21 14:46:08.260 [restartedMain] INFO  [,] o.s.boot.web.embedded.tomcat.TomcatWebServer - Tomcat started on port(s): 8080 (http) with context path '/benewake'
2023-09-21 14:46:08.306 [restartedMain] INFO  [,] c.b.saleordersystem.SaleOrderSystemApplication - Started SaleOrderSystemApplication in 2.728 seconds (JVM running for 16090.586)
2023-09-21 14:46:08.308 [restartedMain] INFO  [,] o.s.b.d.a.ConditionEvaluationDeltaLoggingListener - Condition evaluation unchanged
2023-09-21 14:46:26.828 [Thread-75] INFO  [,] o.s.scheduling.concurrent.ThreadPoolTaskExecutor - Shutting down ExecutorService 'applicationTaskExecutor'
2023-09-21 14:46:27.302 [restartedMain] INFO  [,] c.b.saleordersystem.SaleOrderSystemApplication - Starting SaleOrderSystemApplication on DESKTOP-7M29D94 with PID 2084 (E:\北醒文件\测试版本\saleorder-system-main\target\classes started by DELL in E:\北醒文件\测试版本\saleorder-system-main)
2023-09-21 14:46:27.302 [restartedMain] INFO  [,] c.b.saleordersystem.SaleOrderSystemApplication - No active profile set, falling back to default profiles: default
2023-09-21 14:46:28.081 [restartedMain] INFO  [,] o.s.boot.web.embedded.tomcat.TomcatWebServer - Tomcat initialized with port(s): 8080 (http)
2023-09-21 14:46:28.082 [restartedMain] INFO  [,] org.apache.coyote.http11.Http11NioProtocol - Initializing ProtocolHandler ["http-nio-8080"]
2023-09-21 14:46:28.082 [restartedMain] INFO  [,] org.apache.catalina.core.StandardService - Starting service [Tomcat]
2023-09-21 14:46:28.082 [restartedMain] INFO  [,] org.apache.catalina.core.StandardEngine - Starting Servlet engine: [Apache Tomcat/9.0.41]
2023-09-21 14:46:28.083 [restartedMain] INFO  [,] org.apache.catalina.core.AprLifecycleListener - Loaded Apache Tomcat Native library [1.2.23] using APR version [1.7.0].
2023-09-21 14:46:28.083 [restartedMain] INFO  [,] org.apache.catalina.core.AprLifecycleListener - APR capabilities: IPv6 [true], sendfile [true], accept filters [false], random [true].
2023-09-21 14:46:28.083 [restartedMain] INFO  [,] org.apache.catalina.core.AprLifecycleListener - APR/OpenSSL configuration: useAprConnector [false], useOpenSSL [true]
2023-09-21 14:46:28.083 [restartedMain] INFO  [,] org.apache.catalina.core.AprLifecycleListener - OpenSSL successfully initialized [OpenSSL 1.1.1c  28 May 2019]
2023-09-21 14:46:28.111 [restartedMain] INFO  [,] o.a.c.c.C.[Tomcat-7].[localhost].[/benewake] - Initializing Spring embedded WebApplicationContext
2023-09-21 14:46:28.111 [restartedMain] INFO  [,] o.s.b.w.s.c.ServletWebServerApplicationContext - Root WebApplicationContext: initialization completed in 803 ms
2023-09-21 14:46:30.698 [restartedMain] INFO  [,] org.apache.catalina.core.StandardService - Stopping service [Tomcat]
2023-09-21 14:46:30.707 [restartedMain] INFO  [,] o.s.b.a.l.ConditionEvaluationReportLoggingListener - 

Error starting ApplicationContext. To display the conditions report re-run your application with 'debug' enabled.
2023-09-21 14:46:36.046 [restartedMain] INFO  [,] c.b.saleordersystem.SaleOrderSystemApplication - Starting SaleOrderSystemApplication on DESKTOP-7M29D94 with PID 2084 (E:\北醒文件\测试版本\saleorder-system-main\target\classes started by DELL in E:\北醒文件\测试版本\saleorder-system-main)
2023-09-21 14:46:36.047 [restartedMain] INFO  [,] c.b.saleordersystem.SaleOrderSystemApplication - No active profile set, falling back to default profiles: default
2023-09-21 14:46:40.251 [restartedMain] INFO  [,] o.s.boot.web.embedded.tomcat.TomcatWebServer - Tomcat initialized with port(s): 8080 (http)
2023-09-21 14:46:40.252 [restartedMain] INFO  [,] org.apache.coyote.http11.Http11NioProtocol - Initializing ProtocolHandler ["http-nio-8080"]
2023-09-21 14:46:40.252 [restartedMain] INFO  [,] org.apache.catalina.core.StandardService - Starting service [Tomcat]
2023-09-21 14:46:40.253 [restartedMain] INFO  [,] org.apache.catalina.core.StandardEngine - Starting Servlet engine: [Apache Tomcat/9.0.41]
2023-09-21 14:46:40.253 [restartedMain] INFO  [,] org.apache.catalina.core.AprLifecycleListener - Loaded Apache Tomcat Native library [1.2.23] using APR version [1.7.0].
2023-09-21 14:46:40.253 [restartedMain] INFO  [,] org.apache.catalina.core.AprLifecycleListener - APR capabilities: IPv6 [true], sendfile [true], accept filters [false], random [true].
2023-09-21 14:46:40.253 [restartedMain] INFO  [,] org.apache.catalina.core.AprLifecycleListener - APR/OpenSSL configuration: useAprConnector [false], useOpenSSL [true]
2023-09-21 14:46:40.253 [restartedMain] INFO  [,] org.apache.catalina.core.AprLifecycleListener - OpenSSL successfully initialized [OpenSSL 1.1.1c  28 May 2019]
2023-09-21 14:46:40.387 [restartedMain] INFO  [,] o.a.c.c.C.[Tomcat-8].[localhost].[/benewake] - Initializing Spring embedded WebApplicationContext
2023-09-21 14:46:40.388 [restartedMain] INFO  [,] o.s.b.w.s.c.ServletWebServerApplicationContext - Root WebApplicationContext: initialization completed in 4332 ms
2023-09-21 14:46:43.934 [main] INFO  [,] c.b.saleordersystem.Email.SpringBootMailTest - Starting SpringBootMailTest on DESKTOP-7M29D94 with PID 24564 (started by DELL in E:\北醒文件\测试版本\saleorder-system-main)
2023-09-21 14:46:43.936 [main] INFO  [,] c.b.saleordersystem.Email.SpringBootMailTest - No active profile set, falling back to default profiles: default
2023-09-21 14:46:45.057 [restartedMain] INFO  [,] org.apache.catalina.core.StandardService - Stopping service [Tomcat]
2023-09-21 14:46:45.064 [restartedMain] INFO  [,] o.s.b.a.l.ConditionEvaluationReportLoggingListener - 

Error starting ApplicationContext. To display the conditions report re-run your application with 'debug' enabled.
2023-09-21 14:47:08.803 [main] INFO  [,] o.s.scheduling.concurrent.ThreadPoolTaskExecutor - Initializing ExecutorService
2023-09-21 14:47:08.843 [main] INFO  [,] o.s.scheduling.concurrent.ThreadPoolTaskExecutor - Initializing ExecutorService 'asynExecutor'
2023-09-21 14:47:25.209 [main] INFO  [,] c.b.saleordersystem.Email.SpringBootMailTest - Started SpringBootMailTest in 42.305 seconds (JVM running for 50.682)
2023-09-21 14:47:26.207 [main] INFO  [,] c.b.saleordersystem.service.impl.MailServiceImpl - ## Ready to send mail ...
2023-09-21 14:47:33.769 [main] INFO  [,] c.b.saleordersystem.service.impl.MailServiceImpl - ## Send the mail success ...
2023-09-21 14:47:33.809 [SpringContextShutdownHook] INFO  [,] o.s.scheduling.concurrent.ThreadPoolTaskExecutor - Shutting down ExecutorService 'asynExecutor'
2023-09-21 14:48:26.905 [main] INFO  [,] c.b.saleordersystem.Email.SpringBootMailTest - Starting SpringBootMailTest on DESKTOP-7M29D94 with PID 1256 (started by DELL in E:\北醒文件\测试版本\saleorder-system-main)
2023-09-21 14:48:26.906 [main] INFO  [,] c.b.saleordersystem.Email.SpringBootMailTest - No active profile set, falling back to default profiles: default
2023-09-21 14:48:39.027 [main] INFO  [,] o.s.scheduling.concurrent.ThreadPoolTaskExecutor - Initializing ExecutorService
2023-09-21 14:48:39.052 [main] INFO  [,] o.s.scheduling.concurrent.ThreadPoolTaskExecutor - Initializing ExecutorService 'asynExecutor'
2023-09-21 14:48:42.759 [main] INFO  [,] c.b.saleordersystem.Email.SpringBootMailTest - Started SpringBootMailTest in 16.501 seconds (JVM running for 19.397)
2023-09-21 14:48:43.575 [main] INFO  [,] c.b.saleordersystem.service.impl.MailServiceImpl - ## Ready to send mail ...
2023-09-21 14:48:45.980 [main] INFO  [,] c.b.saleordersystem.service.impl.MailServiceImpl - ## Send the mail success ...
2023-09-21 14:48:46.014 [SpringContextShutdownHook] INFO  [,] o.s.scheduling.concurrent.ThreadPoolTaskExecutor - Shutting down ExecutorService 'asynExecutor'
2023-09-21 15:11:16.361 [main] INFO  [,] c.b.saleordersystem.Email.SpringBootMailTest - Starting SpringBootMailTest on DESKTOP-7M29D94 with PID 27772 (started by DELL in E:\北醒文件\测试版本\saleorder-system-main)
2023-09-21 15:11:16.363 [main] INFO  [,] c.b.saleordersystem.Email.SpringBootMailTest - No active profile set, falling back to default profiles: default
2023-09-21 15:11:27.244 [main] INFO  [,] o.s.scheduling.concurrent.ThreadPoolTaskExecutor - Initializing ExecutorService
2023-09-21 15:11:27.259 [main] INFO  [,] o.s.scheduling.concurrent.ThreadPoolTaskExecutor - Initializing ExecutorService 'asynExecutor'
2023-09-21 15:11:30.777 [main] INFO  [,] c.b.saleordersystem.Email.SpringBootMailTest - Started SpringBootMailTest in 15.125 seconds (JVM running for 17.711)
2023-09-21 15:11:31.367 [main] INFO  [,] c.b.saleordersystem.service.impl.MailServiceImpl - ## Ready to send mail ...
2023-09-21 15:11:32.256 [SpringContextShutdownHook] INFO  [,] o.s.scheduling.concurrent.ThreadPoolTaskExecutor - Shutting down ExecutorService 'asynExecutor'
2023-09-21 15:14:16.782 [main] INFO  [,] c.b.saleordersystem.Email.SpringBootMailTest - Starting SpringBootMailTest on DESKTOP-7M29D94 with PID 10500 (started by DELL in E:\北醒文件\测试版本\saleorder-system-main)
2023-09-21 15:14:16.784 [main] INFO  [,] c.b.saleordersystem.Email.SpringBootMailTest - No active profile set, falling back to default profiles: default
2023-09-21 15:14:27.394 [main] INFO  [,] o.s.scheduling.concurrent.ThreadPoolTaskExecutor - Initializing ExecutorService
2023-09-21 15:14:27.410 [main] INFO  [,] o.s.scheduling.concurrent.ThreadPoolTaskExecutor - Initializing ExecutorService 'asynExecutor'
2023-09-21 15:14:31.075 [main] INFO  [,] c.b.saleordersystem.Email.SpringBootMailTest - Started SpringBootMailTest in 15.106 seconds (JVM running for 17.843)
2023-09-21 15:14:31.719 [main] INFO  [,] c.b.saleordersystem.service.impl.MailServiceImpl - ## Ready to send mail ...
2023-09-21 15:14:34.264 [main] INFO  [,] c.b.saleordersystem.service.impl.MailServiceImpl - ## Send the mail with image success ...
2023-09-21 15:14:34.290 [SpringContextShutdownHook] INFO  [,] o.s.scheduling.concurrent.ThreadPoolTaskExecutor - Shutting down ExecutorService 'asynExecutor'
2023-09-21 15:20:32.267 [main] INFO  [,] c.b.saleordersystem.Email.SpringBootMailTest - Starting SpringBootMailTest on DESKTOP-7M29D94 with PID 20584 (started by DELL in E:\北醒文件\测试版本\saleorder-system-main)
2023-09-21 15:20:32.270 [main] INFO  [,] c.b.saleordersystem.Email.SpringBootMailTest - No active profile set, falling back to default profiles: default
2023-09-21 15:20:43.332 [main] INFO  [,] o.s.scheduling.concurrent.ThreadPoolTaskExecutor - Initializing ExecutorService
2023-09-21 15:20:43.348 [main] INFO  [,] o.s.scheduling.concurrent.ThreadPoolTaskExecutor - Initializing ExecutorService 'asynExecutor'
2023-09-21 15:20:47.177 [main] INFO  [,] c.b.saleordersystem.Email.SpringBootMailTest - Started SpringBootMailTest in 16.075 seconds (JVM running for 19.139)
2023-09-21 15:20:47.522 [main] INFO  [,] c.b.saleordersystem.service.impl.MailServiceImpl - ## Ready to send mail ...
2023-09-21 15:20:50.210 [main] INFO  [,] c.b.saleordersystem.service.impl.MailServiceImpl - ## Send the mail with image success ...
2023-09-21 15:20:50.240 [SpringContextShutdownHook] INFO  [,] o.s.scheduling.concurrent.ThreadPoolTaskExecutor - Shutting down ExecutorService 'asynExecutor'
2023-09-21 15:22:57.078 [main] INFO  [,] c.b.saleordersystem.Email.SpringBootMailTest - Starting SpringBootMailTest on DESKTOP-7M29D94 with PID 14584 (started by DELL in E:\北醒文件\测试版本\saleorder-system-main)
2023-09-21 15:22:57.080 [main] INFO  [,] c.b.saleordersystem.Email.SpringBootMailTest - No active profile set, falling back to default profiles: default
2023-09-21 15:23:08.150 [main] INFO  [,] o.s.scheduling.concurrent.ThreadPoolTaskExecutor - Initializing ExecutorService
2023-09-21 15:23:08.168 [main] INFO  [,] o.s.scheduling.concurrent.ThreadPoolTaskExecutor - Initializing ExecutorService 'asynExecutor'
2023-09-21 15:23:12.159 [main] INFO  [,] c.b.saleordersystem.Email.SpringBootMailTest - Started SpringBootMailTest in 15.856 seconds (JVM running for 17.652)
2023-09-21 15:23:12.726 [main] INFO  [,] c.b.saleordersystem.service.impl.MailServiceImpl - ## Ready to send mail ...
2023-09-21 15:23:15.196 [main] INFO  [,] c.b.saleordersystem.service.impl.MailServiceImpl - ## Send the mail with image success ...
2023-09-21 15:23:15.239 [SpringContextShutdownHook] INFO  [,] o.s.scheduling.concurrent.ThreadPoolTaskExecutor - Shutting down ExecutorService 'asynExecutor'
2023-09-21 15:28:03.065 [main] INFO  [,] c.b.saleordersystem.Email.SpringBootMailTest - Starting SpringBootMailTest on DESKTOP-7M29D94 with PID 17628 (started by DELL in E:\北醒文件\测试版本\saleorder-system-main)
2023-09-21 15:28:03.071 [main] INFO  [,] c.b.saleordersystem.Email.SpringBootMailTest - No active profile set, falling back to default profiles: default
2023-09-21 15:28:14.699 [main] INFO  [,] o.s.scheduling.concurrent.ThreadPoolTaskExecutor - Initializing ExecutorService
2023-09-21 15:28:14.712 [main] INFO  [,] o.s.scheduling.concurrent.ThreadPoolTaskExecutor - Initializing ExecutorService 'asynExecutor'
2023-09-21 15:28:18.462 [main] INFO  [,] c.b.saleordersystem.Email.SpringBootMailTest - Started SpringBootMailTest in 16.107 seconds (JVM running for 18.846)
2023-09-21 15:28:19.097 [main] INFO  [,] c.b.saleordersystem.service.impl.MailServiceImpl - ## Ready to send mail ...
2023-09-21 15:28:22.803 [main] INFO  [,] c.b.saleordersystem.service.impl.MailServiceImpl - ## Send the mail with image success ...
2023-09-21 15:28:22.833 [SpringContextShutdownHook] INFO  [,] o.s.scheduling.concurrent.ThreadPoolTaskExecutor - Shutting down ExecutorService 'asynExecutor'
2023-09-21 15:31:58.599 [main] INFO  [,] c.b.saleordersystem.Email.SpringBootMailTest - Starting SpringBootMailTest on DESKTOP-7M29D94 with PID 21176 (started by DELL in E:\北醒文件\测试版本\saleorder-system-main)
2023-09-21 15:31:58.601 [main] INFO  [,] c.b.saleordersystem.Email.SpringBootMailTest - No active profile set, falling back to default profiles: default
2023-09-21 15:32:10.006 [main] INFO  [,] o.s.scheduling.concurrent.ThreadPoolTaskExecutor - Initializing ExecutorService
2023-09-21 15:32:10.027 [main] INFO  [,] o.s.scheduling.concurrent.ThreadPoolTaskExecutor - Initializing ExecutorService 'asynExecutor'
2023-09-21 15:32:17.510 [main] INFO  [,] c.b.saleordersystem.Email.SpringBootMailTest - Started SpringBootMailTest in 19.607 seconds (JVM running for 22.321)
2023-09-21 15:32:18.231 [main] INFO  [,] c.b.saleordersystem.service.impl.MailServiceImpl - ## Ready to send mail ...
2023-09-21 15:32:21.317 [main] INFO  [,] c.b.saleordersystem.service.impl.MailServiceImpl - ## Send the mail with image success ...
2023-09-21 15:32:21.346 [SpringContextShutdownHook] INFO  [,] o.s.scheduling.concurrent.ThreadPoolTaskExecutor - Shutting down ExecutorService 'asynExecutor'
2023-09-21 15:33:54.557 [main] INFO  [,] c.b.saleordersystem.Email.SpringBootMailTest - Starting SpringBootMailTest on DESKTOP-7M29D94 with PID 19220 (started by DELL in E:\北醒文件\测试版本\saleorder-system-main)
2023-09-21 15:33:54.558 [main] INFO  [,] c.b.saleordersystem.Email.SpringBootMailTest - No active profile set, falling back to default profiles: default
2023-09-21 15:34:07.204 [main] INFO  [,] o.s.scheduling.concurrent.ThreadPoolTaskExecutor - Initializing ExecutorService
2023-09-21 15:34:07.219 [main] INFO  [,] o.s.scheduling.concurrent.ThreadPoolTaskExecutor - Initializing ExecutorService 'asynExecutor'
2023-09-21 15:34:11.241 [main] INFO  [,] c.b.saleordersystem.Email.SpringBootMailTest - Started SpringBootMailTest in 17.512 seconds (JVM running for 20.002)
2023-09-21 15:34:11.874 [main] INFO  [,] c.b.saleordersystem.service.impl.MailServiceImpl - ## Ready to send mail ...
2023-09-21 15:34:15.449 [main] INFO  [,] c.b.saleordersystem.service.impl.MailServiceImpl - ## Send the mail with image success ...
2023-09-21 15:34:15.474 [SpringContextShutdownHook] INFO  [,] o.s.scheduling.concurrent.ThreadPoolTaskExecutor - Shutting down ExecutorService 'asynExecutor'
2023-09-21 15:35:58.725 [main] INFO  [,] c.b.saleordersystem.Email.SpringBootMailTest - Starting SpringBootMailTest on DESKTOP-7M29D94 with PID 25480 (started by DELL in E:\北醒文件\测试版本\saleorder-system-main)
2023-09-21 15:35:58.728 [main] INFO  [,] c.b.saleordersystem.Email.SpringBootMailTest - No active profile set, falling back to default profiles: default
2023-09-21 15:36:10.871 [main] INFO  [,] o.s.scheduling.concurrent.ThreadPoolTaskExecutor - Initializing ExecutorService
2023-09-21 15:36:10.892 [main] INFO  [,] o.s.scheduling.concurrent.ThreadPoolTaskExecutor - Initializing ExecutorService 'asynExecutor'
2023-09-21 15:36:14.775 [main] INFO  [,] c.b.saleordersystem.Email.SpringBootMailTest - Started SpringBootMailTest in 16.858 seconds (JVM running for 19.429)
2023-09-21 15:36:15.342 [main] INFO  [,] c.b.saleordersystem.service.impl.MailServiceImpl - ## Ready to send mail ...
2023-09-21 15:36:18.538 [main] INFO  [,] c.b.saleordersystem.service.impl.MailServiceImpl - ## Send the mail with image success ...
2023-09-21 15:36:18.562 [SpringContextShutdownHook] INFO  [,] o.s.scheduling.concurrent.ThreadPoolTaskExecutor - Shutting down ExecutorService 'asynExecutor'
2023-09-21 15:40:22.062 [main] INFO  [,] c.b.saleordersystem.Email.SpringBootMailTest - Starting SpringBootMailTest on DESKTOP-7M29D94 with PID 18760 (started by DELL in E:\北醒文件\测试版本\saleorder-system-main)
2023-09-21 15:40:22.064 [main] INFO  [,] c.b.saleordersystem.Email.SpringBootMailTest - No active profile set, falling back to default profiles: default
2023-09-21 15:40:32.736 [main] INFO  [,] o.s.scheduling.concurrent.ThreadPoolTaskExecutor - Initializing ExecutorService
2023-09-21 15:40:32.752 [main] INFO  [,] o.s.scheduling.concurrent.ThreadPoolTaskExecutor - Initializing ExecutorService 'asynExecutor'
2023-09-21 15:40:36.631 [main] INFO  [,] c.b.saleordersystem.Email.SpringBootMailTest - Started SpringBootMailTest in 15.714 seconds (JVM running for 18.428)
2023-09-21 15:40:37.233 [main] INFO  [,] c.b.saleordersystem.service.impl.MailServiceImpl - ## Ready to send mail ...
2023-09-21 15:40:40.901 [main] INFO  [,] c.b.saleordersystem.service.impl.MailServiceImpl - ## Send the mail with image success ...
2023-09-21 15:40:40.928 [SpringContextShutdownHook] INFO  [,] o.s.scheduling.concurrent.ThreadPoolTaskExecutor - Shutting down ExecutorService 'asynExecutor'
2023-09-21 15:42:48.931 [main] INFO  [,] c.b.saleordersystem.Email.SpringBootMailTest - Starting SpringBootMailTest on DESKTOP-7M29D94 with PID 20984 (started by DELL in E:\北醒文件\测试版本\saleorder-system-main)
2023-09-21 15:42:48.933 [main] INFO  [,] c.b.saleordersystem.Email.SpringBootMailTest - No active profile set, falling back to default profiles: default
2023-09-21 15:43:24.184 [main] INFO  [,] o.s.scheduling.concurrent.ThreadPoolTaskExecutor - Initializing ExecutorService
2023-09-21 15:43:24.211 [main] INFO  [,] o.s.scheduling.concurrent.ThreadPoolTaskExecutor - Initializing ExecutorService 'asynExecutor'
2023-09-21 15:43:32.684 [main] INFO  [,] c.b.saleordersystem.Email.SpringBootMailTest - Started SpringBootMailTest in 44.583 seconds (JVM running for 53.245)
2023-09-21 15:43:37.990 [main] INFO  [,] c.b.saleordersystem.service.impl.MailServiceImpl - ## Ready to send mail ...
2023-09-21 15:43:51.476 [main] INFO  [,] c.b.saleordersystem.service.impl.MailServiceImpl - ## Send the mail with image success ...
2023-09-21 15:43:51.510 [SpringContextShutdownHook] INFO  [,] o.s.scheduling.concurrent.ThreadPoolTaskExecutor - Shutting down ExecutorService 'asynExecutor'
2023-09-21 15:46:39.752 [main] INFO  [,] c.b.saleordersystem.Email.SpringBootMailTest - Starting SpringBootMailTest on DESKTOP-7M29D94 with PID 6372 (started by DELL in E:\北醒文件\测试版本\saleorder-system-main)
2023-09-21 15:46:39.754 [main] INFO  [,] c.b.saleordersystem.Email.SpringBootMailTest - No active profile set, falling back to default profiles: default
2023-09-21 15:46:50.891 [main] INFO  [,] o.s.scheduling.concurrent.ThreadPoolTaskExecutor - Initializing ExecutorService
2023-09-21 15:46:50.921 [main] INFO  [,] o.s.scheduling.concurrent.ThreadPoolTaskExecutor - Initializing ExecutorService 'asynExecutor'
2023-09-21 15:46:57.094 [main] INFO  [,] c.b.saleordersystem.Email.SpringBootMailTest - Started SpringBootMailTest in 18.047 seconds (JVM running for 21.292)
2023-09-21 15:46:58.101 [main] INFO  [,] c.b.saleordersystem.service.impl.MailServiceImpl - ## Ready to send mail ...
2023-09-21 15:47:01.257 [main] INFO  [,] c.b.saleordersystem.service.impl.MailServiceImpl - ## Send the mail with image success ...
2023-09-21 15:47:01.283 [SpringContextShutdownHook] INFO  [,] o.s.scheduling.concurrent.ThreadPoolTaskExecutor - Shutting down ExecutorService 'asynExecutor'
2023-09-21 15:52:38.686 [main] INFO  [,] c.b.saleordersystem.Email.SpringBootMailTest - Starting SpringBootMailTest on DESKTOP-7M29D94 with PID 11764 (started by DELL in E:\北醒文件\测试版本\saleorder-system-main)
2023-09-21 15:52:38.688 [main] INFO  [,] c.b.saleordersystem.Email.SpringBootMailTest - No active profile set, falling back to default profiles: default
2023-09-21 15:52:49.644 [main] INFO  [,] o.s.scheduling.concurrent.ThreadPoolTaskExecutor - Initializing ExecutorService
2023-09-21 15:52:49.673 [main] INFO  [,] o.s.scheduling.concurrent.ThreadPoolTaskExecutor - Initializing ExecutorService 'asynExecutor'
2023-09-21 15:52:53.503 [main] INFO  [,] c.b.saleordersystem.Email.SpringBootMailTest - Started SpringBootMailTest in 15.478 seconds (JVM running for 17.417)
2023-09-21 15:52:54.190 [main] INFO  [,] c.b.saleordersystem.service.impl.MailServiceImpl - ## Ready to send mail ...
2023-09-21 15:52:57.610 [main] INFO  [,] c.b.saleordersystem.service.impl.MailServiceImpl - ## Send the mail with image success ...
2023-09-21 15:52:57.637 [SpringContextShutdownHook] INFO  [,] o.s.scheduling.concurrent.ThreadPoolTaskExecutor - Shutting down ExecutorService 'asynExecutor'
2023-09-21 15:55:14.703 [main] INFO  [,] c.b.saleordersystem.Email.SpringBootMailTest - Starting SpringBootMailTest on DESKTOP-7M29D94 with PID 21900 (started by DELL in E:\北醒文件\测试版本\saleorder-system-main)
2023-09-21 15:55:14.705 [main] INFO  [,] c.b.saleordersystem.Email.SpringBootMailTest - No active profile set, falling back to default profiles: default
2023-09-21 15:55:26.507 [main] INFO  [,] o.s.scheduling.concurrent.ThreadPoolTaskExecutor - Initializing ExecutorService
2023-09-21 15:55:26.521 [main] INFO  [,] o.s.scheduling.concurrent.ThreadPoolTaskExecutor - Initializing ExecutorService 'asynExecutor'
2023-09-21 15:55:30.663 [main] INFO  [,] c.b.saleordersystem.Email.SpringBootMailTest - Started SpringBootMailTest in 16.652 seconds (JVM running for 18.545)
2023-09-21 15:55:31.352 [main] INFO  [,] c.b.saleordersystem.service.impl.MailServiceImpl - ## Ready to send mail ...
2023-09-21 15:55:34.871 [main] INFO  [,] c.b.saleordersystem.service.impl.MailServiceImpl - ## Send the mail with image success ...
2023-09-21 15:55:34.899 [SpringContextShutdownHook] INFO  [,] o.s.scheduling.concurrent.ThreadPoolTaskExecutor - Shutting down ExecutorService 'asynExecutor'
2023-09-21 15:58:40.779 [main] INFO  [,] c.b.saleordersystem.Email.SpringBootMailTest - Starting SpringBootMailTest on DESKTOP-7M29D94 with PID 16092 (started by DELL in E:\北醒文件\测试版本\saleorder-system-main)
2023-09-21 15:58:40.782 [main] INFO  [,] c.b.saleordersystem.Email.SpringBootMailTest - No active profile set, falling back to default profiles: default
2023-09-21 15:58:51.095 [main] INFO  [,] o.s.scheduling.concurrent.ThreadPoolTaskExecutor - Initializing ExecutorService
2023-09-21 15:58:51.107 [main] INFO  [,] o.s.scheduling.concurrent.ThreadPoolTaskExecutor - Initializing ExecutorService 'asynExecutor'
2023-09-21 15:58:54.746 [main] INFO  [,] c.b.saleordersystem.Email.SpringBootMailTest - Started SpringBootMailTest in 14.681 seconds (JVM running for 17.032)
2023-09-21 15:58:55.360 [main] INFO  [,] c.b.saleordersystem.service.impl.MailServiceImpl - ## Ready to send mail ...
2023-09-21 15:59:00.537 [main] INFO  [,] c.b.saleordersystem.service.impl.MailServiceImpl - ## Send the mail with image success ...
2023-09-21 15:59:00.574 [SpringContextShutdownHook] INFO  [,] o.s.scheduling.concurrent.ThreadPoolTaskExecutor - Shutting down ExecutorService 'asynExecutor'
2023-09-21 16:00:10.868 [main] INFO  [,] c.b.saleordersystem.Email.SpringBootMailTest - Starting SpringBootMailTest on DESKTOP-7M29D94 with PID 27944 (started by DELL in E:\北醒文件\测试版本\saleorder-system-main)
2023-09-21 16:00:10.869 [main] INFO  [,] c.b.saleordersystem.Email.SpringBootMailTest - No active profile set, falling back to default profiles: default
2023-09-21 16:00:20.944 [main] INFO  [,] o.s.scheduling.concurrent.ThreadPoolTaskExecutor - Initializing ExecutorService
2023-09-21 16:00:20.966 [main] INFO  [,] o.s.scheduling.concurrent.ThreadPoolTaskExecutor - Initializing ExecutorService 'asynExecutor'
2023-09-21 16:00:24.628 [main] INFO  [,] c.b.saleordersystem.Email.SpringBootMailTest - Started SpringBootMailTest in 14.687 seconds (JVM running for 17.578)
2023-09-21 16:00:25.270 [main] INFO  [,] c.b.saleordersystem.service.impl.MailServiceImpl - ## Ready to send mail ...
2023-09-21 16:00:28.802 [main] INFO  [,] c.b.saleordersystem.service.impl.MailServiceImpl - ## Send the mail with image success ...
2023-09-21 16:00:28.828 [SpringContextShutdownHook] INFO  [,] o.s.scheduling.concurrent.ThreadPoolTaskExecutor - Shutting down ExecutorService 'asynExecutor'
2023-09-21 16:35:02.479 [restartedMain] INFO  [,] c.b.saleordersystem.SaleOrderSystemApplication - Starting SaleOrderSystemApplication on DESKTOP-7M29D94 with PID 23232 (E:\北醒文件\测试版本\saleorder-system-main\target\classes started by DELL in E:\北醒文件\测试版本\saleorder-system-main)
2023-09-21 16:35:02.483 [restartedMain] INFO  [,] c.b.saleordersystem.SaleOrderSystemApplication - No active profile set, falling back to default profiles: default
2023-09-21 16:35:02.564 [restartedMain] INFO  [,] o.s.b.d.env.DevToolsPropertyDefaultsPostProcessor - Devtools property defaults active! Set 'spring.devtools.add-properties' to 'false' to disable
2023-09-21 16:35:02.564 [restartedMain] INFO  [,] o.s.b.d.env.DevToolsPropertyDefaultsPostProcessor - For additional web related logging consider setting the 'logging.level.web' property to 'DEBUG'
2023-09-21 16:35:05.046 [restartedMain] INFO  [,] o.s.boot.web.embedded.tomcat.TomcatWebServer - Tomcat initialized with port(s): 8080 (http)
2023-09-21 16:35:05.105 [restartedMain] INFO  [,] org.apache.coyote.http11.Http11NioProtocol - Initializing ProtocolHandler ["http-nio-8080"]
2023-09-21 16:35:05.106 [restartedMain] INFO  [,] org.apache.catalina.core.StandardService - Starting service [Tomcat]
2023-09-21 16:35:05.106 [restartedMain] INFO  [,] org.apache.catalina.core.StandardEngine - Starting Servlet engine: [Apache Tomcat/9.0.41]
2023-09-21 16:35:05.109 [restartedMain] INFO  [,] org.apache.catalina.core.AprLifecycleListener - Loaded Apache Tomcat Native library [1.2.23] using APR version [1.7.0].
2023-09-21 16:35:05.109 [restartedMain] INFO  [,] org.apache.catalina.core.AprLifecycleListener - APR capabilities: IPv6 [true], sendfile [true], accept filters [false], random [true].
2023-09-21 16:35:05.110 [restartedMain] INFO  [,] org.apache.catalina.core.AprLifecycleListener - APR/OpenSSL configuration: useAprConnector [false], useOpenSSL [true]
2023-09-21 16:35:05.151 [restartedMain] INFO  [,] org.apache.catalina.core.AprLifecycleListener - OpenSSL successfully initialized [OpenSSL 1.1.1c  28 May 2019]
2023-09-21 16:35:05.332 [restartedMain] INFO  [,] o.a.c.c.C.[Tomcat].[localhost].[/benewake] - Initializing Spring embedded WebApplicationContext
2023-09-21 16:35:05.332 [restartedMain] INFO  [,] o.s.b.w.s.c.ServletWebServerApplicationContext - Root WebApplicationContext: initialization completed in 2767 ms
2023-09-21 16:35:09.203 [restartedMain] INFO  [,] o.s.scheduling.concurrent.ThreadPoolTaskExecutor - Initializing ExecutorService
2023-09-21 16:35:09.204 [restartedMain] INFO  [,] o.s.scheduling.concurrent.ThreadPoolTaskExecutor - Initializing ExecutorService 'asynExecutor'
2023-09-21 16:35:09.389 [restartedMain] INFO  [,] o.s.b.d.autoconfigure.OptionalLiveReloadServer - LiveReload server is running on port 35729
2023-09-21 16:35:10.337 [restartedMain] INFO  [,] org.apache.coyote.http11.Http11NioProtocol - Starting ProtocolHandler ["http-nio-8080"]
2023-09-21 16:35:10.490 [restartedMain] INFO  [,] o.s.boot.web.embedded.tomcat.TomcatWebServer - Tomcat started on port(s): 8080 (http) with context path '/benewake'
2023-09-21 16:35:10.970 [restartedMain] INFO  [,] c.b.saleordersystem.SaleOrderSystemApplication - Started SaleOrderSystemApplication in 9.065 seconds (JVM running for 11.678)
2023-09-21 16:35:26.816 [http-nio-8080-exec-1] INFO  [,] o.a.c.c.C.[Tomcat].[localhost].[/benewake] - Initializing Spring DispatcherServlet 'dispatcherServlet'
2023-09-21 16:35:26.816 [http-nio-8080-exec-1] INFO  [,] org.springframework.web.servlet.DispatcherServlet - Initializing Servlet 'dispatcherServlet'
2023-09-21 16:35:26.838 [http-nio-8080-exec-1] INFO  [,] org.springframework.web.servlet.DispatcherServlet - Completed initialization in 21 ms
2023-09-21 16:35:37.102 [http-nio-8080-exec-4] INFO  [,] com.zaxxer.hikari.HikariDataSource - HikariPool-1 - Starting...
2023-09-21 16:35:38.261 [http-nio-8080-exec-4] INFO  [,] com.zaxxer.hikari.HikariDataSource - HikariPool-1 - Start completed.
2023-09-21 16:35:38.564 [http-nio-8080-exec-4] INFO  [,] com.benewake.saleordersystem.aspect.LogAspect - 用户[0:0:0:0:0:0:0:1],在[2023-09-21 16:09:38],访问了[com.benewake.saleordersystem.controller.HomeController]的[logout]方法，参数为[[b57cdba9976241099adb0f3417fe9de1]].
2023-09-21 16:35:42.955 [http-nio-8080-exec-3] INFO  [,] com.benewake.saleordersystem.aspect.LogAspect - 用户[0:0:0:0:0:0:0:1],在[2023-09-21 16:09:42],访问了[com.benewake.saleordersystem.controller.HomeController]的[login]方法，参数为[[User(id=null, username=贺兴华, password=14021402hxh, salt=null, userType=null, userConllection=null, ycvalue=null, xdvalue=null, prvalue=null), org.apache.catalina.connector.ResponseFacade@26994077]].
2023-09-21 16:38:23.354 [http-nio-8080-exec-9] INFO  [,] com.benewake.saleordersystem.aspect.LogAspect - 用户[0:0:0:0:0:0:0:1],在[2023-09-21 16:09:23],访问了[com.benewake.saleordersystem.controller.AdminController]的[add]方法，参数为[[User(id=22, username=赵同, password=14021402zhaotong, salt=null, userType=2, userConllection=null, ycvalue=7, xdvalue=6, prvalue=3)]].
2023-09-21 16:38:33.806 [http-nio-8080-exec-10] INFO  [,] com.benewake.saleordersystem.aspect.LogAspect - 用户[0:0:0:0:0:0:0:1],在[2023-09-21 16:09:33],访问了[com.benewake.saleordersystem.controller.AdminController]的[add]方法，参数为[[User(id=null, username=赵同, password=14021402zhaotong, salt=null, userType=2, userConllection=null, ycvalue=7, xdvalue=6, prvalue=3)]].
2023-09-21 17:46:08.565 [Thread-12] INFO  [,] o.s.scheduling.concurrent.ThreadPoolTaskExecutor - Shutting down ExecutorService 'asynExecutor'
2023-09-21 17:46:08.581 [Thread-12] INFO  [,] com.zaxxer.hikari.HikariDataSource - HikariPool-1 - Shutdown initiated...
2023-09-21 17:46:08.927 [Thread-12] INFO  [,] com.zaxxer.hikari.HikariDataSource - HikariPool-1 - Shutdown completed.
2023-09-21 17:46:09.365 [restartedMain] INFO  [,] c.b.saleordersystem.SaleOrderSystemApplication - Starting SaleOrderSystemApplication on DESKTOP-7M29D94 with PID 23232 (E:\北醒文件\测试版本\saleorder-system-main\target\classes started by DELL in E:\北醒文件\测试版本\saleorder-system-main)
2023-09-21 17:46:09.366 [restartedMain] INFO  [,] c.b.saleordersystem.SaleOrderSystemApplication - The following profiles are active: default
2023-09-21 17:46:14.199 [restartedMain] INFO  [,] o.s.boot.web.embedded.tomcat.TomcatWebServer - Tomcat initialized with port(s): 8080 (http)
2023-09-21 17:46:14.202 [restartedMain] INFO  [,] org.apache.coyote.http11.Http11NioProtocol - Initializing ProtocolHandler ["http-nio-8080"]
2023-09-21 17:46:14.203 [restartedMain] INFO  [,] org.apache.catalina.core.StandardService - Starting service [Tomcat]
2023-09-21 17:46:14.203 [restartedMain] INFO  [,] org.apache.catalina.core.StandardEngine - Starting Servlet engine: [Apache Tomcat/9.0.41]
2023-09-21 17:46:14.204 [restartedMain] INFO  [,] org.apache.catalina.core.AprLifecycleListener - Loaded Apache Tomcat Native library [1.2.23] using APR version [1.7.0].
2023-09-21 17:46:14.204 [restartedMain] INFO  [,] org.apache.catalina.core.AprLifecycleListener - APR capabilities: IPv6 [true], sendfile [true], accept filters [false], random [true].
2023-09-21 17:46:14.204 [restartedMain] INFO  [,] org.apache.catalina.core.AprLifecycleListener - APR/OpenSSL configuration: useAprConnector [false], useOpenSSL [true]
2023-09-21 17:46:14.205 [restartedMain] INFO  [,] org.apache.catalina.core.AprLifecycleListener - OpenSSL successfully initialized [OpenSSL 1.1.1c  28 May 2019]
2023-09-21 17:46:14.294 [restartedMain] INFO  [,] o.a.c.c.C.[Tomcat].[localhost].[/benewake] - Initializing Spring embedded WebApplicationContext
2023-09-21 17:46:14.294 [restartedMain] INFO  [,] o.s.b.w.s.c.ServletWebServerApplicationContext - Root WebApplicationContext: initialization completed in 4924 ms
2023-09-21 17:46:14.398 [restartedMain] INFO  [,] org.apache.catalina.core.StandardService - Stopping service [Tomcat]
2023-09-21 17:46:14.411 [restartedMain] INFO  [,] o.s.b.a.l.ConditionEvaluationReportLoggingListener - 

Error starting ApplicationContext. To display the conditions report re-run your application with 'debug' enabled.
2023-09-21 17:46:16.532 [restartedMain] INFO  [,] c.b.saleordersystem.SaleOrderSystemApplication - Starting SaleOrderSystemApplication on DESKTOP-7M29D94 with PID 23232 (E:\北醒文件\测试版本\saleorder-system-main\target\classes started by DELL in E:\北醒文件\测试版本\saleorder-system-main)
2023-09-21 17:46:16.532 [restartedMain] INFO  [,] c.b.saleordersystem.SaleOrderSystemApplication - The following profiles are active: default
2023-09-21 17:46:17.423 [restartedMain] INFO  [,] o.s.boot.web.embedded.tomcat.TomcatWebServer - Tomcat initialized with port(s): 8080 (http)
2023-09-21 17:46:17.424 [restartedMain] INFO  [,] org.apache.coyote.http11.Http11NioProtocol - Initializing ProtocolHandler ["http-nio-8080"]
2023-09-21 17:46:17.425 [restartedMain] INFO  [,] org.apache.catalina.core.StandardService - Starting service [Tomcat]
2023-09-21 17:46:17.425 [restartedMain] INFO  [,] org.apache.catalina.core.StandardEngine - Starting Servlet engine: [Apache Tomcat/9.0.41]
2023-09-21 17:46:17.426 [restartedMain] INFO  [,] org.apache.catalina.core.AprLifecycleListener - Loaded Apache Tomcat Native library [1.2.23] using APR version [1.7.0].
2023-09-21 17:46:17.426 [restartedMain] INFO  [,] org.apache.catalina.core.AprLifecycleListener - APR capabilities: IPv6 [true], sendfile [true], accept filters [false], random [true].
2023-09-21 17:46:17.426 [restartedMain] INFO  [,] org.apache.catalina.core.AprLifecycleListener - APR/OpenSSL configuration: useAprConnector [false], useOpenSSL [true]
2023-09-21 17:46:17.427 [restartedMain] INFO  [,] org.apache.catalina.core.AprLifecycleListener - OpenSSL successfully initialized [OpenSSL 1.1.1c  28 May 2019]
2023-09-21 17:46:17.471 [restartedMain] INFO  [,] o.a.c.c.C.[Tomcat-1].[localhost].[/benewake] - Initializing Spring embedded WebApplicationContext
2023-09-21 17:46:17.471 [restartedMain] INFO  [,] o.s.b.w.s.c.ServletWebServerApplicationContext - Root WebApplicationContext: initialization completed in 936 ms
2023-09-21 17:46:19.609 [restartedMain] INFO  [,] org.apache.catalina.core.StandardService - Stopping service [Tomcat]
2023-09-21 17:46:19.618 [restartedMain] INFO  [,] o.s.b.a.l.ConditionEvaluationReportLoggingListener - 

Error starting ApplicationContext. To display the conditions report re-run your application with 'debug' enabled.
2023-09-21 17:46:22.222 [main] INFO  [,] c.b.saleordersystem.Email.SpringBootMailTest - Starting SpringBootMailTest on DESKTOP-7M29D94 with PID 15788 (started by DELL in E:\北醒文件\测试版本\saleorder-system-main)
2023-09-21 17:46:22.223 [main] INFO  [,] c.b.saleordersystem.Email.SpringBootMailTest - The following profiles are active: default
2023-09-21 17:46:30.042 [main] INFO  [,] o.s.b.a.l.ConditionEvaluationReportLoggingListener - 

Error starting ApplicationContext. To display the conditions report re-run your application with 'debug' enabled.
2023-09-21 17:47:51.390 [restartedMain] INFO  [,] c.b.saleordersystem.SaleOrderSystemApplication - Starting SaleOrderSystemApplication on DESKTOP-7M29D94 with PID 23232 (E:\北醒文件\测试版本\saleorder-system-main\target\classes started by DELL in E:\北醒文件\测试版本\saleorder-system-main)
2023-09-21 17:47:51.391 [restartedMain] INFO  [,] c.b.saleordersystem.SaleOrderSystemApplication - The following profiles are active: default
2023-09-21 17:47:52.627 [restartedMain] INFO  [,] o.s.boot.web.embedded.tomcat.TomcatWebServer - Tomcat initialized with port(s): 8080 (http)
2023-09-21 17:47:52.628 [restartedMain] INFO  [,] org.apache.coyote.http11.Http11NioProtocol - Initializing ProtocolHandler ["http-nio-8080"]
2023-09-21 17:47:52.629 [restartedMain] INFO  [,] org.apache.catalina.core.StandardService - Starting service [Tomcat]
2023-09-21 17:47:52.629 [restartedMain] INFO  [,] org.apache.catalina.core.StandardEngine - Starting Servlet engine: [Apache Tomcat/9.0.41]
2023-09-21 17:47:52.629 [restartedMain] INFO  [,] org.apache.catalina.core.AprLifecycleListener - Loaded Apache Tomcat Native library [1.2.23] using APR version [1.7.0].
2023-09-21 17:47:52.630 [restartedMain] INFO  [,] org.apache.catalina.core.AprLifecycleListener - APR capabilities: IPv6 [true], sendfile [true], accept filters [false], random [true].
2023-09-21 17:47:52.630 [restartedMain] INFO  [,] org.apache.catalina.core.AprLifecycleListener - APR/OpenSSL configuration: useAprConnector [false], useOpenSSL [true]
2023-09-21 17:47:52.630 [restartedMain] INFO  [,] org.apache.catalina.core.AprLifecycleListener - OpenSSL successfully initialized [OpenSSL 1.1.1c  28 May 2019]
2023-09-21 17:47:52.657 [restartedMain] INFO  [,] o.a.c.c.C.[Tomcat-2].[localhost].[/benewake] - Initializing Spring embedded WebApplicationContext
2023-09-21 17:47:52.657 [restartedMain] INFO  [,] o.s.b.w.s.c.ServletWebServerApplicationContext - Root WebApplicationContext: initialization completed in 1260 ms
2023-09-21 17:48:04.459 [main] INFO  [,] c.b.saleordersystem.Email.SpringBootMailTest - Starting SpringBootMailTest on DESKTOP-7M29D94 with PID 20524 (started by DELL in E:\北醒文件\测试版本\saleorder-system-main)
2023-09-21 17:48:04.462 [main] INFO  [,] c.b.saleordersystem.Email.SpringBootMailTest - The following profiles are active: default
2023-09-21 17:48:13.160 [main] INFO  [,] o.s.b.a.l.ConditionEvaluationReportLoggingListener - 

Error starting ApplicationContext. To display the conditions report re-run your application with 'debug' enabled.
2023-09-21 17:49:36.905 [main] INFO  [,] c.b.saleordersystem.Email.SpringBootMailTest - Starting SpringBootMailTest on DESKTOP-7M29D94 with PID 24484 (started by DELL in E:\北醒文件\测试版本\saleorder-system-main)
2023-09-21 17:49:36.907 [main] INFO  [,] c.b.saleordersystem.Email.SpringBootMailTest - No active profile set, falling back to default profiles: default
2023-09-21 17:49:46.548 [main] INFO  [,] o.s.scheduling.concurrent.ThreadPoolTaskExecutor - Initializing ExecutorService
2023-09-21 17:49:46.566 [main] INFO  [,] o.s.scheduling.concurrent.ThreadPoolTaskExecutor - Initializing ExecutorService 'asynExecutor'
2023-09-21 17:49:50.938 [main] INFO  [,] c.b.saleordersystem.Email.SpringBootMailTest - Started SpringBootMailTest in 14.716 seconds (JVM running for 17.081)
2023-09-21 17:49:51.797 [main] INFO  [,] c.b.saleordersystem.service.impl.MailServiceImpl - ## Ready to send mail ...
2023-09-21 17:49:54.263 [main] INFO  [,] c.b.saleordersystem.service.impl.MailServiceImpl - ## Send the mail success ...
2023-09-21 17:49:54.404 [SpringContextShutdownHook] INFO  [,] o.s.scheduling.concurrent.ThreadPoolTaskExecutor - Shutting down ExecutorService 'asynExecutor'
2023-09-21 17:50:43.838 [main] INFO  [,] c.b.saleordersystem.Email.SpringBootMailTest - Starting SpringBootMailTest on DESKTOP-7M29D94 with PID 18028 (started by DELL in E:\北醒文件\测试版本\saleorder-system-main)
2023-09-21 17:50:43.840 [main] INFO  [,] c.b.saleordersystem.Email.SpringBootMailTest - The following profiles are active: default
2023-09-21 17:50:51.717 [main] INFO  [,] o.s.b.a.l.ConditionEvaluationReportLoggingListener - 

Error starting ApplicationContext. To display the conditions report re-run your application with 'debug' enabled.
