2023-09-25 10:42:28.657 [restartedMain] INFO  [,] c.b.saleordersystem.SaleOrderSystemApplication - Starting SaleOrderSystemApplication on DESKTOP-7M29D94 with PID 28244 (E:\北醒文件\测试版本\saleorder-system-main\target\classes started by DELL in E:\北醒文件\测试版本\saleorder-system-main)
2023-09-25 10:42:28.681 [restartedMain] INFO  [,] c.b.saleordersystem.SaleOrderSystemApplication - No active profile set, falling back to default profiles: default
2023-09-25 10:42:28.988 [restartedMain] INFO  [,] o.s.b.d.env.DevToolsPropertyDefaultsPostProcessor - Devtools property defaults active! Set 'spring.devtools.add-properties' to 'false' to disable
2023-09-25 10:42:28.988 [restartedMain] INFO  [,] o.s.b.d.env.DevToolsPropertyDefaultsPostProcessor - For additional web related logging consider setting the 'logging.level.web' property to 'DEBUG'
2023-09-25 10:42:33.367 [restartedMain] INFO  [,] o.s.boot.web.embedded.tomcat.TomcatWebServer - Tomcat initialized with port(s): 8080 (http)
2023-09-25 10:42:33.380 [restartedMain] INFO  [,] org.apache.coyote.http11.Http11NioProtocol - Initializing ProtocolHandler ["http-nio-8080"]
2023-09-25 10:42:33.381 [restartedMain] INFO  [,] org.apache.catalina.core.StandardService - Starting service [Tomcat]
2023-09-25 10:42:33.382 [restartedMain] INFO  [,] org.apache.catalina.core.StandardEngine - Starting Servlet engine: [Apache Tomcat/9.0.41]
2023-09-25 10:42:33.384 [restartedMain] INFO  [,] org.apache.catalina.core.AprLifecycleListener - Loaded Apache Tomcat Native library [1.2.23] using APR version [1.7.0].
2023-09-25 10:42:33.385 [restartedMain] INFO  [,] org.apache.catalina.core.AprLifecycleListener - APR capabilities: IPv6 [true], sendfile [true], accept filters [false], random [true].
2023-09-25 10:42:33.385 [restartedMain] INFO  [,] org.apache.catalina.core.AprLifecycleListener - APR/OpenSSL configuration: useAprConnector [false], useOpenSSL [true]
2023-09-25 10:42:33.390 [restartedMain] INFO  [,] org.apache.catalina.core.AprLifecycleListener - OpenSSL successfully initialized [OpenSSL 1.1.1c  28 May 2019]
2023-09-25 10:42:33.522 [restartedMain] INFO  [,] o.a.c.c.C.[Tomcat].[localhost].[/benewake] - Initializing Spring embedded WebApplicationContext
2023-09-25 10:42:33.523 [restartedMain] INFO  [,] o.s.b.w.s.c.ServletWebServerApplicationContext - Root WebApplicationContext: initialization completed in 4533 ms
2023-09-25 10:42:36.840 [restartedMain] INFO  [,] o.s.scheduling.concurrent.ThreadPoolTaskExecutor - Initializing ExecutorService
2023-09-25 10:42:36.842 [restartedMain] INFO  [,] o.s.scheduling.concurrent.ThreadPoolTaskExecutor - Initializing ExecutorService 'asynExecutor'
2023-09-25 10:42:37.017 [restartedMain] INFO  [,] o.s.b.d.autoconfigure.OptionalLiveReloadServer - LiveReload server is running on port 35729
2023-09-25 10:42:37.977 [restartedMain] INFO  [,] org.apache.coyote.http11.Http11NioProtocol - Starting ProtocolHandler ["http-nio-8080"]
2023-09-25 10:42:38.016 [restartedMain] INFO  [,] o.s.boot.web.embedded.tomcat.TomcatWebServer - Tomcat started on port(s): 8080 (http) with context path '/benewake'
2023-09-25 10:42:38.510 [restartedMain] INFO  [,] c.b.saleordersystem.SaleOrderSystemApplication - Started SaleOrderSystemApplication in 11.408 seconds (JVM running for 17.401)
2023-09-25 10:46:36.194 [http-nio-8080-exec-3] INFO  [,] o.a.c.c.C.[Tomcat].[localhost].[/benewake] - Initializing Spring DispatcherServlet 'dispatcherServlet'
2023-09-25 10:46:36.194 [http-nio-8080-exec-3] INFO  [,] org.springframework.web.servlet.DispatcherServlet - Initializing Servlet 'dispatcherServlet'
2023-09-25 10:46:36.212 [http-nio-8080-exec-3] INFO  [,] org.springframework.web.servlet.DispatcherServlet - Completed initialization in 18 ms
2023-09-25 10:46:36.352 [http-nio-8080-exec-3] INFO  [,] com.zaxxer.hikari.HikariDataSource - HikariPool-1 - Starting...
2023-09-25 10:46:36.631 [http-nio-8080-exec-3] INFO  [,] com.zaxxer.hikari.HikariDataSource - HikariPool-1 - Start completed.
2023-09-25 10:46:36.925 [http-nio-8080-exec-3] INFO  [,] com.benewake.saleordersystem.aspect.LogAspect - 用户[0:0:0:0:0:0:0:1],在[2023-09-25 10:09:36],访问了[com.benewake.saleordersystem.controller.SaleOrderController]的[addInquiries]方法，参数为[[StartInquiryVo(inquiryList=[Inquiry(inquiryId=null, inquiryCode=null, state=null, createdTime=null, createdUser=null, salesmanId=1, itemId=10, customerId=1, saleNum=250, expectedTime=null, arrangedTime=null, inquiryType=5, remark=, allowinquiry=null)], startInquiry=0)]].
2023-09-25 10:46:47.174 [http-nio-8080-exec-4] INFO  [,] com.benewake.saleordersystem.aspect.LogAspect - 用户[0:0:0:0:0:0:0:1],在[2023-09-25 10:09:47],访问了[com.benewake.saleordersystem.controller.SaleOrderController]的[addInquiries]方法，参数为[[StartInquiryVo(inquiryList=[Inquiry(inquiryId=null, inquiryCode=null, state=null, createdTime=null, createdUser=null, salesmanId=1, itemId=10, customerId=123, saleNum=250, expectedTime=null, arrangedTime=null, inquiryType=5, remark=, allowinquiry=null)], startInquiry=0)]].
2023-09-25 10:47:31.511 [http-nio-8080-exec-2] INFO  [,] com.benewake.saleordersystem.aspect.LogAspect - 用户[0:0:0:0:0:0:0:1],在[2023-09-25 10:09:31],访问了[com.benewake.saleordersystem.controller.SaleOrderController]的[addInquiries]方法，参数为[[StartInquiryVo(inquiryList=[Inquiry(inquiryId=null, inquiryCode=XSXD2023090107, state=null, createdTime=null, createdUser=null, salesmanId=1, itemId=10, customerId=123, saleNum=250, expectedTime=null, arrangedTime=null, inquiryType=5, remark=, allowinquiry=null)], startInquiry=0)]].
2023-09-25 10:47:48.964 [http-nio-8080-exec-8] INFO  [,] com.benewake.saleordersystem.aspect.LogAspect - 用户[0:0:0:0:0:0:0:1],在[2023-09-25 10:09:48],访问了[com.benewake.saleordersystem.controller.SaleOrderController]的[addInquiries]方法，参数为[[StartInquiryVo(inquiryList=[Inquiry(inquiryId=null, inquiryCode=XSXD2023090107, state=null, createdTime=null, createdUser=null, salesmanId=1, itemId=10, customerId=123, saleNum=250, expectedTime=null, arrangedTime=null, inquiryType=5, remark=, allowinquiry=null)], startInquiry=1)]].
2023-09-25 10:48:13.240 [http-nio-8080-exec-6] INFO  [,] com.benewake.saleordersystem.aspect.LogAspect - 用户[0:0:0:0:0:0:0:1],在[2023-09-25 10:09:13],访问了[com.benewake.saleordersystem.controller.SaleOrderController]的[addInquiries]方法，参数为[[StartInquiryVo(inquiryList=[Inquiry(inquiryId=null, inquiryCode=XSXD2023090107, state=null, createdTime=null, createdUser=null, salesmanId=1, itemId=10, customerId=123, saleNum=250, expectedTime=null, arrangedTime=null, inquiryType=5, remark=, allowinquiry=null)], startInquiry=1)]].
2023-09-25 10:48:30.875 [http-nio-8080-exec-7] INFO  [,] com.benewake.saleordersystem.aspect.LogAspect - 用户[0:0:0:0:0:0:0:1],在[2023-09-25 10:09:30],访问了[com.benewake.saleordersystem.controller.SaleOrderController]的[addInquiries]方法，参数为[[StartInquiryVo(inquiryList=[Inquiry(inquiryId=null, inquiryCode=XSXD2023090107, state=null, createdTime=null, createdUser=null, salesmanId=1, itemId=10, customerId=123, saleNum=250, expectedTime=null, arrangedTime=null, inquiryType=5, remark=, allowinquiry=null)], startInquiry=1)]].
2023-09-25 10:48:40.599 [SpringContextShutdownHook] INFO  [,] o.s.scheduling.concurrent.ThreadPoolTaskExecutor - Shutting down ExecutorService 'asynExecutor'
2023-09-25 10:48:40.606 [SpringContextShutdownHook] INFO  [,] com.zaxxer.hikari.HikariDataSource - HikariPool-1 - Shutdown initiated...
2023-09-25 10:48:40.628 [SpringContextShutdownHook] INFO  [,] com.zaxxer.hikari.HikariDataSource - HikariPool-1 - Shutdown completed.
2023-09-25 10:48:50.677 [restartedMain] INFO  [,] c.b.saleordersystem.SaleOrderSystemApplication - Starting SaleOrderSystemApplication on DESKTOP-7M29D94 with PID 15584 (E:\北醒文件\测试版本\saleorder-system-main\target\classes started by DELL in E:\北醒文件\测试版本\saleorder-system-main)
2023-09-25 10:48:50.683 [restartedMain] INFO  [,] c.b.saleordersystem.SaleOrderSystemApplication - No active profile set, falling back to default profiles: default
2023-09-25 10:48:50.789 [restartedMain] INFO  [,] o.s.b.d.env.DevToolsPropertyDefaultsPostProcessor - Devtools property defaults active! Set 'spring.devtools.add-properties' to 'false' to disable
2023-09-25 10:48:50.789 [restartedMain] INFO  [,] o.s.b.d.env.DevToolsPropertyDefaultsPostProcessor - For additional web related logging consider setting the 'logging.level.web' property to 'DEBUG'
2023-09-25 10:48:53.443 [restartedMain] INFO  [,] o.s.boot.web.embedded.tomcat.TomcatWebServer - Tomcat initialized with port(s): 8080 (http)
2023-09-25 10:48:53.459 [restartedMain] INFO  [,] org.apache.coyote.http11.Http11NioProtocol - Initializing ProtocolHandler ["http-nio-8080"]
2023-09-25 10:48:53.460 [restartedMain] INFO  [,] org.apache.catalina.core.StandardService - Starting service [Tomcat]
2023-09-25 10:48:53.460 [restartedMain] INFO  [,] org.apache.catalina.core.StandardEngine - Starting Servlet engine: [Apache Tomcat/9.0.41]
2023-09-25 10:48:53.464 [restartedMain] INFO  [,] org.apache.catalina.core.AprLifecycleListener - Loaded Apache Tomcat Native library [1.2.23] using APR version [1.7.0].
2023-09-25 10:48:53.465 [restartedMain] INFO  [,] org.apache.catalina.core.AprLifecycleListener - APR capabilities: IPv6 [true], sendfile [true], accept filters [false], random [true].
2023-09-25 10:48:53.465 [restartedMain] INFO  [,] org.apache.catalina.core.AprLifecycleListener - APR/OpenSSL configuration: useAprConnector [false], useOpenSSL [true]
2023-09-25 10:48:53.473 [restartedMain] INFO  [,] org.apache.catalina.core.AprLifecycleListener - OpenSSL successfully initialized [OpenSSL 1.1.1c  28 May 2019]
2023-09-25 10:48:53.695 [restartedMain] INFO  [,] o.a.c.c.C.[Tomcat].[localhost].[/benewake] - Initializing Spring embedded WebApplicationContext
2023-09-25 10:48:53.695 [restartedMain] INFO  [,] o.s.b.w.s.c.ServletWebServerApplicationContext - Root WebApplicationContext: initialization completed in 2905 ms
2023-09-25 10:48:59.385 [restartedMain] INFO  [,] o.s.scheduling.concurrent.ThreadPoolTaskExecutor - Initializing ExecutorService
2023-09-25 10:48:59.387 [restartedMain] INFO  [,] o.s.scheduling.concurrent.ThreadPoolTaskExecutor - Initializing ExecutorService 'asynExecutor'
2023-09-25 10:48:59.591 [restartedMain] INFO  [,] o.s.b.d.autoconfigure.OptionalLiveReloadServer - LiveReload server is running on port 35729
2023-09-25 10:49:00.527 [restartedMain] INFO  [,] org.apache.coyote.http11.Http11NioProtocol - Starting ProtocolHandler ["http-nio-8080"]
2023-09-25 10:49:01.119 [restartedMain] INFO  [,] o.s.boot.web.embedded.tomcat.TomcatWebServer - Tomcat started on port(s): 8080 (http) with context path '/benewake'
2023-09-25 10:49:01.744 [restartedMain] INFO  [,] c.b.saleordersystem.SaleOrderSystemApplication - Started SaleOrderSystemApplication in 11.817 seconds (JVM running for 15.495)
2023-09-25 10:49:05.198 [http-nio-8080-exec-1] INFO  [,] o.a.c.c.C.[Tomcat].[localhost].[/benewake] - Initializing Spring DispatcherServlet 'dispatcherServlet'
2023-09-25 10:49:05.199 [http-nio-8080-exec-1] INFO  [,] org.springframework.web.servlet.DispatcherServlet - Initializing Servlet 'dispatcherServlet'
2023-09-25 10:49:05.216 [http-nio-8080-exec-1] INFO  [,] org.springframework.web.servlet.DispatcherServlet - Completed initialization in 17 ms
2023-09-25 10:49:05.364 [http-nio-8080-exec-1] INFO  [,] com.zaxxer.hikari.HikariDataSource - HikariPool-1 - Starting...
2023-09-25 10:49:06.757 [http-nio-8080-exec-1] INFO  [,] com.zaxxer.hikari.HikariDataSource - HikariPool-1 - Start completed.
2023-09-25 10:49:07.685 [http-nio-8080-exec-1] INFO  [,] com.benewake.saleordersystem.aspect.LogAspect - 用户[0:0:0:0:0:0:0:1],在[2023-09-25 10:09:07],访问了[com.benewake.saleordersystem.controller.SaleOrderController]的[addInquiries]方法，参数为[[StartInquiryVo(inquiryList=[Inquiry(inquiryId=null, inquiryCode=XSXD2023090107, state=null, createdTime=null, createdUser=null, salesmanId=1, itemId=10, customerId=123, saleNum=250, expectedTime=null, arrangedTime=null, inquiryType=5, remark=, allowinquiry=null)], startInquiry=1)]].
2023-09-25 10:54:54.666 [SpringContextShutdownHook] INFO  [,] o.s.scheduling.concurrent.ThreadPoolTaskExecutor - Shutting down ExecutorService 'asynExecutor'
2023-09-25 10:54:54.673 [SpringContextShutdownHook] INFO  [,] com.zaxxer.hikari.HikariDataSource - HikariPool-1 - Shutdown initiated...
2023-09-25 10:54:54.711 [SpringContextShutdownHook] INFO  [,] com.zaxxer.hikari.HikariDataSource - HikariPool-1 - Shutdown completed.
2023-09-25 10:55:17.339 [restartedMain] INFO  [,] c.b.saleordersystem.SaleOrderSystemApplication - Starting SaleOrderSystemApplication on DESKTOP-7M29D94 with PID 17284 (E:\北醒文件\测试版本\saleorder-system-main\target\classes started by DELL in E:\北醒文件\测试版本\saleorder-system-main)
2023-09-25 10:55:17.350 [restartedMain] INFO  [,] c.b.saleordersystem.SaleOrderSystemApplication - No active profile set, falling back to default profiles: default
2023-09-25 10:55:17.535 [restartedMain] INFO  [,] o.s.b.d.env.DevToolsPropertyDefaultsPostProcessor - Devtools property defaults active! Set 'spring.devtools.add-properties' to 'false' to disable
2023-09-25 10:55:17.535 [restartedMain] INFO  [,] o.s.b.d.env.DevToolsPropertyDefaultsPostProcessor - For additional web related logging consider setting the 'logging.level.web' property to 'DEBUG'
2023-09-25 10:55:20.245 [restartedMain] INFO  [,] o.s.boot.web.embedded.tomcat.TomcatWebServer - Tomcat initialized with port(s): 8080 (http)
2023-09-25 10:55:20.255 [restartedMain] INFO  [,] org.apache.coyote.http11.Http11NioProtocol - Initializing ProtocolHandler ["http-nio-8080"]
2023-09-25 10:55:20.255 [restartedMain] INFO  [,] org.apache.catalina.core.StandardService - Starting service [Tomcat]
2023-09-25 10:55:20.256 [restartedMain] INFO  [,] org.apache.catalina.core.StandardEngine - Starting Servlet engine: [Apache Tomcat/9.0.41]
2023-09-25 10:55:20.258 [restartedMain] INFO  [,] org.apache.catalina.core.AprLifecycleListener - Loaded Apache Tomcat Native library [1.2.23] using APR version [1.7.0].
2023-09-25 10:55:20.258 [restartedMain] INFO  [,] org.apache.catalina.core.AprLifecycleListener - APR capabilities: IPv6 [true], sendfile [true], accept filters [false], random [true].
2023-09-25 10:55:20.259 [restartedMain] INFO  [,] org.apache.catalina.core.AprLifecycleListener - APR/OpenSSL configuration: useAprConnector [false], useOpenSSL [true]
2023-09-25 10:55:20.263 [restartedMain] INFO  [,] org.apache.catalina.core.AprLifecycleListener - OpenSSL successfully initialized [OpenSSL 1.1.1c  28 May 2019]
2023-09-25 10:55:20.372 [restartedMain] INFO  [,] o.a.c.c.C.[Tomcat].[localhost].[/benewake] - Initializing Spring embedded WebApplicationContext
2023-09-25 10:55:20.372 [restartedMain] INFO  [,] o.s.b.w.s.c.ServletWebServerApplicationContext - Root WebApplicationContext: initialization completed in 2835 ms
2023-09-25 10:55:29.061 [restartedMain] INFO  [,] o.s.scheduling.concurrent.ThreadPoolTaskExecutor - Initializing ExecutorService
2023-09-25 10:55:29.063 [restartedMain] INFO  [,] o.s.scheduling.concurrent.ThreadPoolTaskExecutor - Initializing ExecutorService 'asynExecutor'
2023-09-25 10:55:29.261 [restartedMain] INFO  [,] o.s.b.d.autoconfigure.OptionalLiveReloadServer - LiveReload server is running on port 35729
2023-09-25 10:55:30.130 [restartedMain] INFO  [,] org.apache.coyote.http11.Http11NioProtocol - Starting ProtocolHandler ["http-nio-8080"]
2023-09-25 10:55:31.019 [restartedMain] INFO  [,] o.s.boot.web.embedded.tomcat.TomcatWebServer - Tomcat started on port(s): 8080 (http) with context path '/benewake'
2023-09-25 10:55:31.779 [restartedMain] INFO  [,] c.b.saleordersystem.SaleOrderSystemApplication - Started SaleOrderSystemApplication in 15.911 seconds (JVM running for 19.934)
2023-09-25 10:55:35.919 [http-nio-8080-exec-1] INFO  [,] o.a.c.c.C.[Tomcat].[localhost].[/benewake] - Initializing Spring DispatcherServlet 'dispatcherServlet'
2023-09-25 10:55:35.920 [http-nio-8080-exec-1] INFO  [,] org.springframework.web.servlet.DispatcherServlet - Initializing Servlet 'dispatcherServlet'
2023-09-25 10:55:35.952 [http-nio-8080-exec-1] INFO  [,] org.springframework.web.servlet.DispatcherServlet - Completed initialization in 32 ms
2023-09-25 10:55:36.236 [http-nio-8080-exec-1] INFO  [,] com.zaxxer.hikari.HikariDataSource - HikariPool-1 - Starting...
2023-09-25 10:55:37.086 [http-nio-8080-exec-1] INFO  [,] com.zaxxer.hikari.HikariDataSource - HikariPool-1 - Start completed.
2023-09-25 10:55:38.238 [http-nio-8080-exec-1] INFO  [,] com.benewake.saleordersystem.aspect.LogAspect - 用户[0:0:0:0:0:0:0:1],在[2023-09-25 10:09:38],访问了[com.benewake.saleordersystem.controller.SaleOrderController]的[addInquiries]方法，参数为[[StartInquiryVo(inquiryList=[Inquiry(inquiryId=null, inquiryCode=XSXD2023090107, state=null, createdTime=null, createdUser=null, salesmanId=1, itemId=10, customerId=123, saleNum=250, expectedTime=null, arrangedTime=null, inquiryType=5, remark=, allowinquiry=null)], startInquiry=1)]].
2023-09-25 10:58:10.079 [http-nio-8080-exec-3] INFO  [,] com.benewake.saleordersystem.aspect.LogAspect - 用户[0:0:0:0:0:0:0:1],在[2023-09-25 10:09:10],访问了[com.benewake.saleordersystem.controller.SaleOrderController]的[addInquiries]方法，参数为[[StartInquiryVo(inquiryList=[Inquiry(inquiryId=null, inquiryCode=XSXD2023090107, state=null, createdTime=null, createdUser=null, salesmanId=3, itemId=10, customerId=123, saleNum=250, expectedTime=null, arrangedTime=null, inquiryType=5, remark=, allowinquiry=null)], startInquiry=1)]].
2023-09-25 10:58:42.359 [http-nio-8080-exec-4] INFO  [,] com.benewake.saleordersystem.aspect.LogAspect - 用户[0:0:0:0:0:0:0:1],在[2023-09-25 10:09:42],访问了[com.benewake.saleordersystem.controller.SaleOrderController]的[addInquiries]方法，参数为[[StartInquiryVo(inquiryList=[Inquiry(inquiryId=null, inquiryCode=XSXD2023090107, state=null, createdTime=null, createdUser=null, salesmanId=3, itemId=10, customerId=13, saleNum=25456, expectedTime=null, arrangedTime=null, inquiryType=5, remark=, allowinquiry=null)], startInquiry=0)]].
2023-09-25 10:59:13.772 [http-nio-8080-exec-5] INFO  [,] com.benewake.saleordersystem.aspect.LogAspect - 用户[0:0:0:0:0:0:0:1],在[2023-09-25 10:09:13],访问了[com.benewake.saleordersystem.controller.SaleOrderController]的[addInquiries]方法，参数为[[StartInquiryVo(inquiryList=[Inquiry(inquiryId=null, inquiryCode=XSXD2023090107, state=null, createdTime=null, createdUser=null, salesmanId=3, itemId=10, customerId=13, saleNum=2542, expectedTime=null, arrangedTime=null, inquiryType=5, remark=, allowinquiry=null)], startInquiry=0)]].
2023-09-25 11:01:38.752 [http-nio-8080-exec-6] INFO  [,] com.benewake.saleordersystem.aspect.LogAspect - 用户[0:0:0:0:0:0:0:1],在[2023-09-25 11:09:38],访问了[com.benewake.saleordersystem.controller.SaleOrderController]的[addInquiries]方法，参数为[[StartInquiryVo(inquiryList=[Inquiry(inquiryId=null, inquiryCode=XSXD2023090107, state=null, createdTime=null, createdUser=null, salesmanId=3, itemId=10, customerId=13, saleNum=242, expectedTime=null, arrangedTime=null, inquiryType=5, remark=, allowinquiry=null)], startInquiry=0)]].
2023-09-25 11:05:47.941 [SpringContextShutdownHook] INFO  [,] o.s.scheduling.concurrent.ThreadPoolTaskExecutor - Shutting down ExecutorService 'asynExecutor'
2023-09-25 11:05:47.947 [SpringContextShutdownHook] INFO  [,] com.zaxxer.hikari.HikariDataSource - HikariPool-1 - Shutdown initiated...
2023-09-25 11:05:47.956 [SpringContextShutdownHook] INFO  [,] com.zaxxer.hikari.HikariDataSource - HikariPool-1 - Shutdown completed.
2023-09-25 11:06:03.558 [restartedMain] INFO  [,] c.b.saleordersystem.SaleOrderSystemApplication - Starting SaleOrderSystemApplication on DESKTOP-7M29D94 with PID 16964 (E:\北醒文件\测试版本\saleorder-system-main\target\classes started by DELL in E:\北醒文件\测试版本\saleorder-system-main)
2023-09-25 11:06:03.563 [restartedMain] INFO  [,] c.b.saleordersystem.SaleOrderSystemApplication - No active profile set, falling back to default profiles: default
2023-09-25 11:06:03.658 [restartedMain] INFO  [,] o.s.b.d.env.DevToolsPropertyDefaultsPostProcessor - Devtools property defaults active! Set 'spring.devtools.add-properties' to 'false' to disable
2023-09-25 11:06:03.659 [restartedMain] INFO  [,] o.s.b.d.env.DevToolsPropertyDefaultsPostProcessor - For additional web related logging consider setting the 'logging.level.web' property to 'DEBUG'
2023-09-25 11:06:06.050 [restartedMain] INFO  [,] o.s.boot.web.embedded.tomcat.TomcatWebServer - Tomcat initialized with port(s): 8080 (http)
2023-09-25 11:06:06.062 [restartedMain] INFO  [,] org.apache.coyote.http11.Http11NioProtocol - Initializing ProtocolHandler ["http-nio-8080"]
2023-09-25 11:06:06.063 [restartedMain] INFO  [,] org.apache.catalina.core.StandardService - Starting service [Tomcat]
2023-09-25 11:06:06.063 [restartedMain] INFO  [,] org.apache.catalina.core.StandardEngine - Starting Servlet engine: [Apache Tomcat/9.0.41]
2023-09-25 11:06:06.066 [restartedMain] INFO  [,] org.apache.catalina.core.AprLifecycleListener - Loaded Apache Tomcat Native library [1.2.23] using APR version [1.7.0].
2023-09-25 11:06:06.066 [restartedMain] INFO  [,] org.apache.catalina.core.AprLifecycleListener - APR capabilities: IPv6 [true], sendfile [true], accept filters [false], random [true].
2023-09-25 11:06:06.066 [restartedMain] INFO  [,] org.apache.catalina.core.AprLifecycleListener - APR/OpenSSL configuration: useAprConnector [false], useOpenSSL [true]
2023-09-25 11:06:06.070 [restartedMain] INFO  [,] org.apache.catalina.core.AprLifecycleListener - OpenSSL successfully initialized [OpenSSL 1.1.1c  28 May 2019]
2023-09-25 11:06:06.178 [restartedMain] INFO  [,] o.a.c.c.C.[Tomcat].[localhost].[/benewake] - Initializing Spring embedded WebApplicationContext
2023-09-25 11:06:06.178 [restartedMain] INFO  [,] o.s.b.w.s.c.ServletWebServerApplicationContext - Root WebApplicationContext: initialization completed in 2518 ms
2023-09-25 11:06:13.987 [restartedMain] INFO  [,] o.s.scheduling.concurrent.ThreadPoolTaskExecutor - Initializing ExecutorService
2023-09-25 11:06:13.988 [restartedMain] INFO  [,] o.s.scheduling.concurrent.ThreadPoolTaskExecutor - Initializing ExecutorService 'asynExecutor'
2023-09-25 11:06:14.178 [restartedMain] INFO  [,] o.s.b.d.autoconfigure.OptionalLiveReloadServer - LiveReload server is running on port 35729
2023-09-25 11:06:15.103 [restartedMain] INFO  [,] org.apache.coyote.http11.Http11NioProtocol - Starting ProtocolHandler ["http-nio-8080"]
2023-09-25 11:06:15.963 [restartedMain] INFO  [,] o.s.boot.web.embedded.tomcat.TomcatWebServer - Tomcat started on port(s): 8080 (http) with context path '/benewake'
2023-09-25 11:06:16.480 [restartedMain] INFO  [,] c.b.saleordersystem.SaleOrderSystemApplication - Started SaleOrderSystemApplication in 13.606 seconds (JVM running for 16.369)
2023-09-25 11:06:25.161 [http-nio-8080-exec-2] INFO  [,] o.a.c.c.C.[Tomcat].[localhost].[/benewake] - Initializing Spring DispatcherServlet 'dispatcherServlet'
2023-09-25 11:06:25.161 [http-nio-8080-exec-2] INFO  [,] org.springframework.web.servlet.DispatcherServlet - Initializing Servlet 'dispatcherServlet'
2023-09-25 11:06:25.182 [http-nio-8080-exec-2] INFO  [,] org.springframework.web.servlet.DispatcherServlet - Completed initialization in 20 ms
2023-09-25 11:06:25.404 [http-nio-8080-exec-2] INFO  [,] com.zaxxer.hikari.HikariDataSource - HikariPool-1 - Starting...
2023-09-25 11:06:27.548 [http-nio-8080-exec-2] INFO  [,] com.zaxxer.hikari.HikariDataSource - HikariPool-1 - Start completed.
2023-09-25 11:06:28.498 [http-nio-8080-exec-2] INFO  [,] com.benewake.saleordersystem.aspect.LogAspect - 用户[0:0:0:0:0:0:0:1],在[2023-09-25 11:09:28],访问了[com.benewake.saleordersystem.controller.SaleOrderController]的[addInquiries]方法，参数为[[StartInquiryVo(inquiryList=[Inquiry(inquiryId=null, inquiryCode=XSXD2023090107, state=null, createdTime=null, createdUser=null, salesmanId=3, itemId=10, customerId=13, saleNum=242, expectedTime=null, arrangedTime=null, inquiryType=5, remark=, allowinquiry=null)], startInquiry=0)]].
2023-09-25 11:07:21.984 [http-nio-8080-exec-3] INFO  [,] com.benewake.saleordersystem.aspect.LogAspect - 用户[0:0:0:0:0:0:0:1],在[2023-09-25 11:09:21],访问了[com.benewake.saleordersystem.controller.SaleOrderController]的[addInquiries]方法，参数为[[StartInquiryVo(inquiryList=[Inquiry(inquiryId=null, inquiryCode=XSXD2023090107, state=null, createdTime=null, createdUser=null, salesmanId=3, itemId=10, customerId=13, saleNum=242, expectedTime=null, arrangedTime=null, inquiryType=5, remark=, allowinquiry=null)], startInquiry=1)]].
2023-09-25 13:58:39.920 [SpringContextShutdownHook] INFO  [,] o.s.scheduling.concurrent.ThreadPoolTaskExecutor - Shutting down ExecutorService 'asynExecutor'
2023-09-25 13:58:39.981 [SpringContextShutdownHook] INFO  [,] com.zaxxer.hikari.HikariDataSource - HikariPool-1 - Shutdown initiated...
2023-09-25 13:58:40.051 [SpringContextShutdownHook] INFO  [,] com.zaxxer.hikari.HikariDataSource - HikariPool-1 - Shutdown completed.
