2023-10-09 16:26:09.717 [restartedMain] INFO  [,] c.b.saleordersystem.SaleOrderSystemApplication - Starting SaleOrderSystemApplication on DESKTOP-7M29D94 with PID 22448 (E:\北醒文件\测试版本\saleorder-system-main\target\classes started by DELL in E:\北醒文件\测试版本\saleorder-system-main)
2023-10-09 16:26:09.729 [restartedMain] INFO  [,] c.b.saleordersystem.SaleOrderSystemApplication - No active profile set, falling back to default profiles: default
2023-10-09 16:26:09.857 [restartedMain] INFO  [,] o.s.b.d.env.DevToolsPropertyDefaultsPostProcessor - Devtools property defaults active! Set 'spring.devtools.add-properties' to 'false' to disable
2023-10-09 16:26:09.857 [restartedMain] INFO  [,] o.s.b.d.env.DevToolsPropertyDefaultsPostProcessor - For additional web related logging consider setting the 'logging.level.web' property to 'DEBUG'
2023-10-09 16:26:23.776 [restartedMain] INFO  [,] o.s.boot.web.embedded.tomcat.TomcatWebServer - Tomcat initialized with port(s): 8080 (http)
2023-10-09 16:26:23.799 [restartedMain] INFO  [,] org.apache.coyote.http11.Http11NioProtocol - Initializing ProtocolHandler ["http-nio-8080"]
2023-10-09 16:26:23.800 [restartedMain] INFO  [,] org.apache.catalina.core.StandardService - Starting service [Tomcat]
2023-10-09 16:26:23.801 [restartedMain] INFO  [,] org.apache.catalina.core.StandardEngine - Starting Servlet engine: [Apache Tomcat/9.0.41]
2023-10-09 16:26:23.805 [restartedMain] INFO  [,] org.apache.catalina.core.AprLifecycleListener - Loaded Apache Tomcat Native library [1.2.23] using APR version [1.7.0].
2023-10-09 16:26:23.806 [restartedMain] INFO  [,] org.apache.catalina.core.AprLifecycleListener - APR capabilities: IPv6 [true], sendfile [true], accept filters [false], random [true].
2023-10-09 16:26:23.806 [restartedMain] INFO  [,] org.apache.catalina.core.AprLifecycleListener - APR/OpenSSL configuration: useAprConnector [false], useOpenSSL [true]
2023-10-09 16:26:23.856 [restartedMain] INFO  [,] org.apache.catalina.core.AprLifecycleListener - OpenSSL successfully initialized [OpenSSL 1.1.1c  28 May 2019]
2023-10-09 16:26:24.148 [restartedMain] INFO  [,] o.a.c.c.C.[Tomcat].[localhost].[/benewake] - Initializing Spring embedded WebApplicationContext
2023-10-09 16:26:24.148 [restartedMain] INFO  [,] o.s.b.w.s.c.ServletWebServerApplicationContext - Root WebApplicationContext: initialization completed in 14289 ms
2023-10-09 16:26:38.452 [restartedMain] INFO  [,] o.s.scheduling.concurrent.ThreadPoolTaskExecutor - Initializing ExecutorService
2023-10-09 16:26:38.459 [restartedMain] INFO  [,] o.s.scheduling.concurrent.ThreadPoolTaskExecutor - Initializing ExecutorService 'asynExecutor'
2023-10-09 16:26:39.836 [restartedMain] INFO  [,] o.s.b.d.autoconfigure.OptionalLiveReloadServer - LiveReload server is running on port 35729
2023-10-09 16:26:43.989 [restartedMain] INFO  [,] org.apache.coyote.http11.Http11NioProtocol - Starting ProtocolHandler ["http-nio-8080"]
2023-10-09 16:26:44.137 [restartedMain] INFO  [,] o.s.boot.web.embedded.tomcat.TomcatWebServer - Tomcat started on port(s): 8080 (http) with context path '/benewake'
2023-10-09 16:26:45.017 [restartedMain] INFO  [,] c.b.saleordersystem.SaleOrderSystemApplication - Started SaleOrderSystemApplication in 36.593 seconds (JVM running for 39.784)
2023-10-09 16:26:56.233 [http-nio-8080-exec-1] INFO  [,] o.a.c.c.C.[Tomcat].[localhost].[/benewake] - Initializing Spring DispatcherServlet 'dispatcherServlet'
2023-10-09 16:26:56.233 [http-nio-8080-exec-1] INFO  [,] org.springframework.web.servlet.DispatcherServlet - Initializing Servlet 'dispatcherServlet'
2023-10-09 16:26:56.281 [http-nio-8080-exec-1] INFO  [,] org.springframework.web.servlet.DispatcherServlet - Completed initialization in 48 ms
2023-10-09 16:26:56.667 [http-nio-8080-exec-1] INFO  [,] com.zaxxer.hikari.HikariDataSource - HikariPool-1 - Starting...
2023-10-09 16:26:57.315 [http-nio-8080-exec-1] INFO  [,] com.zaxxer.hikari.HikariDataSource - HikariPool-1 - Start completed.
2023-10-09 16:27:07.465 [http-nio-8080-exec-3] INFO  [,] com.benewake.saleordersystem.aspect.LogAspect - 用户[0:0:0:0:0:0:0:1],在[2023-10-09 16:10:07],访问了[com.benewake.saleordersystem.controller.HomeController]的[login]方法，参数为[[User(id=null, username=冯志刚, password=14021402fengzhigang, salt=null, userType=null, userConllection=null, ycvalue=null, xdvalue=null, prvalue=null, userphone=null, usermail=null), org.apache.catalina.connector.ResponseFacade@6a3ac769]].
2023-10-09 16:27:13.447 [http-nio-8080-exec-4] INFO  [,] com.benewake.saleordersystem.aspect.LogAspect - 用户[0:0:0:0:0:0:0:1],在[2023-10-09 16:10:13],访问了[com.benewake.saleordersystem.controller.HomeController]的[logout]方法，参数为[[aaa1434e98344372b502ca45b0f72d0c]].
2023-10-09 16:29:34.809 [http-nio-8080-exec-7] INFO  [,] com.benewake.saleordersystem.aspect.LogAspect - 用户[0:0:0:0:0:0:0:1],在[2023-10-09 16:10:34],访问了[com.benewake.saleordersystem.controller.HomeController]的[login]方法，参数为[[User(id=null, username=王小溪, password=14021402wangxiaoxi, salt=null, userType=null, userConllection=null, ycvalue=null, xdvalue=null, prvalue=null, userphone=null, usermail=null), org.apache.catalina.connector.ResponseFacade@6a3ac769]].
2023-10-09 16:29:43.754 [http-nio-8080-exec-8] INFO  [,] com.benewake.saleordersystem.aspect.LogAspect - 用户[0:0:0:0:0:0:0:1],在[2023-10-09 16:10:43],访问了[com.benewake.saleordersystem.controller.HomeController]的[login]方法，参数为[[User(id=null, username=王小溪, password=14021402wangxiaoxi, salt=null, userType=null, userConllection=null, ycvalue=null, xdvalue=null, prvalue=null, userphone=null, usermail=null), org.apache.catalina.connector.ResponseFacade@6a3ac769]].
2023-10-09 16:30:34.232 [http-nio-8080-exec-9] INFO  [,] com.benewake.saleordersystem.aspect.LogAspect - 用户[0:0:0:0:0:0:0:1],在[2023-10-09 16:10:34],访问了[com.benewake.saleordersystem.controller.HomeController]的[login]方法，参数为[[User(id=null, username=王小溪, password=14021402wangxiaoxi, salt=null, userType=null, userConllection=null, ycvalue=null, xdvalue=null, prvalue=null, userphone=null, usermail=null), org.apache.catalina.connector.ResponseFacade@6a3ac769]].
2023-10-09 16:30:39.430 [http-nio-8080-exec-10] INFO  [,] com.benewake.saleordersystem.aspect.LogAspect - 用户[0:0:0:0:0:0:0:1],在[2023-10-09 16:10:39],访问了[com.benewake.saleordersystem.controller.DeliveryController]的[updateDelivery]方法，参数为[[]].
2023-10-09 16:30:53.098 [http-nio-8080-exec-2] INFO  [,] com.benewake.saleordersystem.aspect.LogAspect - 用户[0:0:0:0:0:0:0:1],在[2023-10-09 16:10:53],访问了[com.benewake.saleordersystem.controller.DeliveryController]的[updateDelivery]方法，参数为[[]].
2023-10-09 16:32:26.033 [SpringContextShutdownHook] INFO  [,] o.s.scheduling.concurrent.ThreadPoolTaskExecutor - Shutting down ExecutorService 'asynExecutor'
2023-10-09 16:32:26.039 [SpringContextShutdownHook] INFO  [,] com.zaxxer.hikari.HikariDataSource - HikariPool-1 - Shutdown initiated...
2023-10-09 16:32:26.043 [SpringContextShutdownHook] INFO  [,] com.zaxxer.hikari.HikariDataSource - HikariPool-1 - Shutdown completed.
2023-10-09 16:32:34.183 [restartedMain] INFO  [,] c.b.saleordersystem.SaleOrderSystemApplication - Starting SaleOrderSystemApplication on DESKTOP-7M29D94 with PID 20204 (E:\北醒文件\测试版本\saleorder-system-main\target\classes started by DELL in E:\北醒文件\测试版本\saleorder-system-main)
2023-10-09 16:32:34.186 [restartedMain] INFO  [,] c.b.saleordersystem.SaleOrderSystemApplication - No active profile set, falling back to default profiles: default
2023-10-09 16:32:34.266 [restartedMain] INFO  [,] o.s.b.d.env.DevToolsPropertyDefaultsPostProcessor - Devtools property defaults active! Set 'spring.devtools.add-properties' to 'false' to disable
2023-10-09 16:32:34.266 [restartedMain] INFO  [,] o.s.b.d.env.DevToolsPropertyDefaultsPostProcessor - For additional web related logging consider setting the 'logging.level.web' property to 'DEBUG'
2023-10-09 16:32:36.401 [restartedMain] INFO  [,] o.s.boot.web.embedded.tomcat.TomcatWebServer - Tomcat initialized with port(s): 8080 (http)
2023-10-09 16:32:36.412 [restartedMain] INFO  [,] org.apache.coyote.http11.Http11NioProtocol - Initializing ProtocolHandler ["http-nio-8080"]
2023-10-09 16:32:36.413 [restartedMain] INFO  [,] org.apache.catalina.core.StandardService - Starting service [Tomcat]
2023-10-09 16:32:36.413 [restartedMain] INFO  [,] org.apache.catalina.core.StandardEngine - Starting Servlet engine: [Apache Tomcat/9.0.41]
2023-10-09 16:32:36.415 [restartedMain] INFO  [,] org.apache.catalina.core.AprLifecycleListener - Loaded Apache Tomcat Native library [1.2.23] using APR version [1.7.0].
2023-10-09 16:32:36.415 [restartedMain] INFO  [,] org.apache.catalina.core.AprLifecycleListener - APR capabilities: IPv6 [true], sendfile [true], accept filters [false], random [true].
2023-10-09 16:32:36.415 [restartedMain] INFO  [,] org.apache.catalina.core.AprLifecycleListener - APR/OpenSSL configuration: useAprConnector [false], useOpenSSL [true]
2023-10-09 16:32:36.419 [restartedMain] INFO  [,] org.apache.catalina.core.AprLifecycleListener - OpenSSL successfully initialized [OpenSSL 1.1.1c  28 May 2019]
2023-10-09 16:32:36.524 [restartedMain] INFO  [,] o.a.c.c.C.[Tomcat].[localhost].[/benewake] - Initializing Spring embedded WebApplicationContext
2023-10-09 16:32:36.525 [restartedMain] INFO  [,] o.s.b.w.s.c.ServletWebServerApplicationContext - Root WebApplicationContext: initialization completed in 2257 ms
2023-10-09 16:32:39.891 [restartedMain] INFO  [,] o.s.scheduling.concurrent.ThreadPoolTaskExecutor - Initializing ExecutorService
2023-10-09 16:32:39.893 [restartedMain] INFO  [,] o.s.scheduling.concurrent.ThreadPoolTaskExecutor - Initializing ExecutorService 'asynExecutor'
2023-10-09 16:32:40.103 [restartedMain] INFO  [,] o.s.b.d.autoconfigure.OptionalLiveReloadServer - LiveReload server is running on port 35729
2023-10-09 16:32:41.145 [restartedMain] INFO  [,] org.apache.coyote.http11.Http11NioProtocol - Starting ProtocolHandler ["http-nio-8080"]
2023-10-09 16:32:41.174 [restartedMain] INFO  [,] o.s.boot.web.embedded.tomcat.TomcatWebServer - Tomcat started on port(s): 8080 (http) with context path '/benewake'
2023-10-09 16:32:41.851 [restartedMain] INFO  [,] c.b.saleordersystem.SaleOrderSystemApplication - Started SaleOrderSystemApplication in 8.52 seconds (JVM running for 11.062)
2023-10-09 16:32:47.060 [http-nio-8080-exec-1] INFO  [,] o.a.c.c.C.[Tomcat].[localhost].[/benewake] - Initializing Spring DispatcherServlet 'dispatcherServlet'
2023-10-09 16:32:47.060 [http-nio-8080-exec-1] INFO  [,] org.springframework.web.servlet.DispatcherServlet - Initializing Servlet 'dispatcherServlet'
2023-10-09 16:32:47.083 [http-nio-8080-exec-1] INFO  [,] org.springframework.web.servlet.DispatcherServlet - Completed initialization in 22 ms
2023-10-09 16:32:47.333 [http-nio-8080-exec-1] INFO  [,] com.zaxxer.hikari.HikariDataSource - HikariPool-1 - Starting...
2023-10-09 16:32:47.770 [http-nio-8080-exec-1] INFO  [,] com.zaxxer.hikari.HikariDataSource - HikariPool-1 - Start completed.
2023-10-09 16:32:48.094 [http-nio-8080-exec-1] INFO  [,] com.benewake.saleordersystem.aspect.LogAspect - 用户[0:0:0:0:0:0:0:1],在[2023-10-09 16:10:48],访问了[com.benewake.saleordersystem.controller.DeliveryController]的[updateDelivery]方法，参数为[[]].
2023-10-09 16:34:29.434 [SpringContextShutdownHook] INFO  [,] o.s.scheduling.concurrent.ThreadPoolTaskExecutor - Shutting down ExecutorService 'asynExecutor'
2023-10-09 16:34:29.442 [SpringContextShutdownHook] INFO  [,] com.zaxxer.hikari.HikariDataSource - HikariPool-1 - Shutdown initiated...
2023-10-09 16:34:29.449 [SpringContextShutdownHook] INFO  [,] com.zaxxer.hikari.HikariDataSource - HikariPool-1 - Shutdown completed.
2023-10-09 16:34:37.137 [restartedMain] INFO  [,] c.b.saleordersystem.SaleOrderSystemApplication - Starting SaleOrderSystemApplication on DESKTOP-7M29D94 with PID 5312 (E:\北醒文件\测试版本\saleorder-system-main\target\classes started by DELL in E:\北醒文件\测试版本\saleorder-system-main)
2023-10-09 16:34:37.143 [restartedMain] INFO  [,] c.b.saleordersystem.SaleOrderSystemApplication - No active profile set, falling back to default profiles: default
2023-10-09 16:34:37.277 [restartedMain] INFO  [,] o.s.b.d.env.DevToolsPropertyDefaultsPostProcessor - Devtools property defaults active! Set 'spring.devtools.add-properties' to 'false' to disable
2023-10-09 16:34:37.277 [restartedMain] INFO  [,] o.s.b.d.env.DevToolsPropertyDefaultsPostProcessor - For additional web related logging consider setting the 'logging.level.web' property to 'DEBUG'
2023-10-09 16:34:39.694 [restartedMain] INFO  [,] o.s.boot.web.embedded.tomcat.TomcatWebServer - Tomcat initialized with port(s): 8080 (http)
2023-10-09 16:34:39.707 [restartedMain] INFO  [,] org.apache.coyote.http11.Http11NioProtocol - Initializing ProtocolHandler ["http-nio-8080"]
2023-10-09 16:34:39.707 [restartedMain] INFO  [,] org.apache.catalina.core.StandardService - Starting service [Tomcat]
2023-10-09 16:34:39.707 [restartedMain] INFO  [,] org.apache.catalina.core.StandardEngine - Starting Servlet engine: [Apache Tomcat/9.0.41]
2023-10-09 16:34:39.710 [restartedMain] INFO  [,] org.apache.catalina.core.AprLifecycleListener - Loaded Apache Tomcat Native library [1.2.23] using APR version [1.7.0].
2023-10-09 16:34:39.710 [restartedMain] INFO  [,] org.apache.catalina.core.AprLifecycleListener - APR capabilities: IPv6 [true], sendfile [true], accept filters [false], random [true].
2023-10-09 16:34:39.710 [restartedMain] INFO  [,] org.apache.catalina.core.AprLifecycleListener - APR/OpenSSL configuration: useAprConnector [false], useOpenSSL [true]
2023-10-09 16:34:39.715 [restartedMain] INFO  [,] org.apache.catalina.core.AprLifecycleListener - OpenSSL successfully initialized [OpenSSL 1.1.1c  28 May 2019]
2023-10-09 16:34:39.820 [restartedMain] INFO  [,] o.a.c.c.C.[Tomcat].[localhost].[/benewake] - Initializing Spring embedded WebApplicationContext
2023-10-09 16:34:39.820 [restartedMain] INFO  [,] o.s.b.w.s.c.ServletWebServerApplicationContext - Root WebApplicationContext: initialization completed in 2541 ms
2023-10-09 16:34:43.431 [restartedMain] INFO  [,] o.s.scheduling.concurrent.ThreadPoolTaskExecutor - Initializing ExecutorService
2023-10-09 16:34:43.432 [restartedMain] INFO  [,] o.s.scheduling.concurrent.ThreadPoolTaskExecutor - Initializing ExecutorService 'asynExecutor'
2023-10-09 16:34:43.642 [restartedMain] INFO  [,] o.s.b.d.autoconfigure.OptionalLiveReloadServer - LiveReload server is running on port 35729
2023-10-09 16:34:44.568 [restartedMain] INFO  [,] org.apache.coyote.http11.Http11NioProtocol - Starting ProtocolHandler ["http-nio-8080"]
2023-10-09 16:34:44.596 [restartedMain] INFO  [,] o.s.boot.web.embedded.tomcat.TomcatWebServer - Tomcat started on port(s): 8080 (http) with context path '/benewake'
2023-10-09 16:34:45.193 [restartedMain] INFO  [,] c.b.saleordersystem.SaleOrderSystemApplication - Started SaleOrderSystemApplication in 9.202 seconds (JVM running for 12.783)
2023-10-09 16:35:00.616 [http-nio-8080-exec-2] INFO  [,] o.a.c.c.C.[Tomcat].[localhost].[/benewake] - Initializing Spring DispatcherServlet 'dispatcherServlet'
2023-10-09 16:35:00.616 [http-nio-8080-exec-2] INFO  [,] org.springframework.web.servlet.DispatcherServlet - Initializing Servlet 'dispatcherServlet'
2023-10-09 16:35:00.641 [http-nio-8080-exec-2] INFO  [,] org.springframework.web.servlet.DispatcherServlet - Completed initialization in 25 ms
2023-10-09 16:35:00.846 [http-nio-8080-exec-2] INFO  [,] com.zaxxer.hikari.HikariDataSource - HikariPool-1 - Starting...
2023-10-09 16:35:01.526 [http-nio-8080-exec-2] INFO  [,] com.zaxxer.hikari.HikariDataSource - HikariPool-1 - Start completed.
2023-10-09 16:35:01.866 [http-nio-8080-exec-2] INFO  [,] com.benewake.saleordersystem.aspect.LogAspect - 用户[0:0:0:0:0:0:0:1],在[2023-10-09 16:10:01],访问了[com.benewake.saleordersystem.controller.DeliveryController]的[updateDelivery]方法，参数为[[]].
2023-10-09 16:36:12.981 [http-nio-8080-exec-4] INFO  [,] com.benewake.saleordersystem.aspect.LogAspect - 用户[0:0:0:0:0:0:0:1],在[2023-10-09 16:10:12],访问了[com.benewake.saleordersystem.controller.HomeController]的[logout]方法，参数为[[17fec6190fcd454a84e43bccacb8f879]].
2023-10-09 16:36:20.099 [http-nio-8080-exec-5] INFO  [,] com.benewake.saleordersystem.aspect.LogAspect - 用户[0:0:0:0:0:0:0:1],在[2023-10-09 16:10:20],访问了[com.benewake.saleordersystem.controller.HomeController]的[login]方法，参数为[[User(id=null, username=王小溪, password=14021402wangxiaoxi, salt=null, userType=null, userConllection=null, ycvalue=null, xdvalue=null, prvalue=null, userphone=null, usermail=null), org.apache.catalina.connector.ResponseFacade@11cfb362]].
2023-10-09 16:36:25.931 [http-nio-8080-exec-6] INFO  [,] com.benewake.saleordersystem.aspect.LogAspect - 用户[0:0:0:0:0:0:0:1],在[2023-10-09 16:10:25],访问了[com.benewake.saleordersystem.controller.DeliveryController]的[updateDelivery]方法，参数为[[]].
2023-10-09 16:41:19.055 [http-nio-8080-exec-7] INFO  [,] com.benewake.saleordersystem.aspect.LogAspect - 用户[0:0:0:0:0:0:0:1],在[2023-10-09 16:10:19],访问了[com.benewake.saleordersystem.controller.HomeController]的[logout]方法，参数为[[caf421bae1964215b6ff02cc00c2987c]].
2023-10-09 16:41:31.989 [http-nio-8080-exec-8] INFO  [,] com.benewake.saleordersystem.aspect.LogAspect - 用户[0:0:0:0:0:0:0:1],在[2023-10-09 16:10:31],访问了[com.benewake.saleordersystem.controller.HomeController]的[login]方法，参数为[[User(id=null, username=冯志刚, password=14021402fengzhigang, salt=null, userType=null, userConllection=null, ycvalue=null, xdvalue=null, prvalue=null, userphone=null, usermail=null), org.apache.catalina.connector.ResponseFacade@11cfb362]].
2023-10-09 16:41:36.591 [http-nio-8080-exec-9] INFO  [,] com.benewake.saleordersystem.aspect.LogAspect - 用户[0:0:0:0:0:0:0:1],在[2023-10-09 16:10:36],访问了[com.benewake.saleordersystem.controller.DeliveryController]的[updateDelivery]方法，参数为[[]].
2023-10-09 16:42:59.533 [http-nio-8080-exec-10] INFO  [,] com.benewake.saleordersystem.aspect.LogAspect - 用户[0:0:0:0:0:0:0:1],在[2023-10-09 16:10:59],访问了[com.benewake.saleordersystem.controller.DeliveryController]的[updateDelivery]方法，参数为[[]].
2023-10-09 16:45:27.809 [http-nio-8080-exec-1] INFO  [,] com.benewake.saleordersystem.aspect.LogAspect - 用户[0:0:0:0:0:0:0:1],在[2023-10-09 16:10:27],访问了[com.benewake.saleordersystem.controller.HomeController]的[logout]方法，参数为[[54122d8a5fa04aa2b26b60a37dd20774]].
2023-10-09 16:45:44.185 [http-nio-8080-exec-3] INFO  [,] com.benewake.saleordersystem.aspect.LogAspect - 用户[0:0:0:0:0:0:0:1],在[2023-10-09 16:10:44],访问了[com.benewake.saleordersystem.controller.HomeController]的[login]方法，参数为[[User(id=null, username=聂林云, password=14021402nielinyun, salt=null, userType=null, userConllection=null, ycvalue=null, xdvalue=null, prvalue=null, userphone=null, usermail=null), org.apache.catalina.connector.ResponseFacade@11cfb362]].
2023-10-09 16:45:48.046 [http-nio-8080-exec-2] INFO  [,] com.benewake.saleordersystem.aspect.LogAspect - 用户[0:0:0:0:0:0:0:1],在[2023-10-09 16:10:48],访问了[com.benewake.saleordersystem.controller.DeliveryController]的[updateDelivery]方法，参数为[[]].
2023-10-09 16:46:44.709 [http-nio-8080-exec-4] INFO  [,] com.benewake.saleordersystem.aspect.LogAspect - 用户[0:0:0:0:0:0:0:1],在[2023-10-09 16:10:44],访问了[com.benewake.saleordersystem.controller.DeliveryController]的[updateDelivery]方法，参数为[[]].
2023-10-09 16:47:09.942 [http-nio-8080-exec-5] INFO  [,] com.benewake.saleordersystem.aspect.LogAspect - 用户[0:0:0:0:0:0:0:1],在[2023-10-09 16:10:09],访问了[com.benewake.saleordersystem.controller.DeliveryController]的[updateDelivery]方法，参数为[[]].
2023-10-09 16:50:56.257 [http-nio-8080-exec-6] INFO  [,] com.benewake.saleordersystem.aspect.LogAspect - 用户[0:0:0:0:0:0:0:1],在[2023-10-09 16:10:56],访问了[com.benewake.saleordersystem.controller.DeliveryController]的[updateDelivery]方法，参数为[[]].
2023-10-09 16:55:32.586 [http-nio-8080-exec-7] INFO  [,] com.benewake.saleordersystem.aspect.LogAspect - 用户[0:0:0:0:0:0:0:1],在[2023-10-09 16:10:32],访问了[com.benewake.saleordersystem.controller.HomeController]的[logout]方法，参数为[[ee34273adde3440691c25f4dea6257e2]].
2023-10-09 16:56:04.189 [http-nio-8080-exec-8] INFO  [,] com.benewake.saleordersystem.aspect.LogAspect - 用户[0:0:0:0:0:0:0:1],在[2023-10-09 16:10:04],访问了[com.benewake.saleordersystem.controller.HomeController]的[login]方法，参数为[[User(id=null, username=王小溪, password=14021402wangxiaoxi, salt=null, userType=null, userConllection=null, ycvalue=null, xdvalue=null, prvalue=null, userphone=null, usermail=null), org.apache.catalina.connector.ResponseFacade@11cfb362]].
2023-10-09 16:58:43.509 [http-nio-8080-exec-1] INFO  [,] com.benewake.saleordersystem.aspect.LogAspect - 用户[0:0:0:0:0:0:0:1],在[2023-10-09 16:10:43],访问了[com.benewake.saleordersystem.controller.HomeController]的[login]方法，参数为[[User(id=null, username=聂林云, password=14021402nielinyun, salt=null, userType=null, userConllection=null, ycvalue=null, xdvalue=null, prvalue=null, userphone=null, usermail=null), org.apache.catalina.connector.ResponseFacade@11cfb362]].
2023-10-09 16:58:46.986 [http-nio-8080-exec-3] INFO  [,] com.benewake.saleordersystem.aspect.LogAspect - 用户[0:0:0:0:0:0:0:1],在[2023-10-09 16:10:46],访问了[com.benewake.saleordersystem.controller.HomeController]的[logout]方法，参数为[[56ace6512fe44d0185964da3f330ac34]].
2023-10-09 17:06:06.435 [http-nio-8080-exec-6] INFO  [,] com.benewake.saleordersystem.aspect.LogAspect - 用户[0:0:0:0:0:0:0:1],在[2023-10-09 17:10:06],访问了[com.benewake.saleordersystem.controller.HomeController]的[login]方法，参数为[[User(id=null, username=聂林云, password=14021402nielinyun, salt=null, userType=null, userConllection=null, ycvalue=null, xdvalue=null, prvalue=null, userphone=null, usermail=null), org.apache.catalina.connector.ResponseFacade@11cfb362]].
2023-10-09 17:06:11.339 [http-nio-8080-exec-7] INFO  [,] com.benewake.saleordersystem.aspect.LogAspect - 用户[0:0:0:0:0:0:0:1],在[2023-10-09 17:10:11],访问了[com.benewake.saleordersystem.controller.SaleOrderController]的[selectList]方法，参数为[[FilterVo(tableId=6, viewId=-1, viewName=null, filterCriterias=[], cols=null)]].
2023-10-09 17:06:11.721 [http-nio-8080-exec-7] INFO  [,] c.b.saleordersystem.aspect.TrackingTimeAspectj - Call method (public com.benewake.saleordersystem.utils.Result com.benewake.saleordersystem.controller.SaleOrderController.selectList(com.benewake.saleordersystem.entity.VO.FilterVo)) used time:374ms
2023-10-09 17:06:29.804 [http-nio-8080-exec-8] INFO  [,] com.benewake.saleordersystem.aspect.LogAspect - 用户[0:0:0:0:0:0:0:1],在[2023-10-09 17:10:29],访问了[com.benewake.saleordersystem.controller.HomeController]的[logout]方法，参数为[[f6458c21f7e949479ca38cd1475aeced]].
2023-10-09 17:06:42.105 [http-nio-8080-exec-9] INFO  [,] com.benewake.saleordersystem.aspect.LogAspect - 用户[0:0:0:0:0:0:0:1],在[2023-10-09 17:10:42],访问了[com.benewake.saleordersystem.controller.HomeController]的[login]方法，参数为[[User(id=null, username=王小溪, password=14021402wangxiaoxi, salt=null, userType=null, userConllection=null, ycvalue=null, xdvalue=null, prvalue=null, userphone=null, usermail=null), org.apache.catalina.connector.ResponseFacade@11cfb362]].
2023-10-09 17:06:47.196 [http-nio-8080-exec-10] INFO  [,] com.benewake.saleordersystem.aspect.LogAspect - 用户[0:0:0:0:0:0:0:1],在[2023-10-09 17:10:47],访问了[com.benewake.saleordersystem.controller.SaleOrderController]的[selectList]方法，参数为[[FilterVo(tableId=6, viewId=-1, viewName=null, filterCriterias=[], cols=null)]].
2023-10-09 17:06:48.160 [http-nio-8080-exec-10] INFO  [,] c.b.saleordersystem.aspect.TrackingTimeAspectj - Call method (public com.benewake.saleordersystem.utils.Result com.benewake.saleordersystem.controller.SaleOrderController.selectList(com.benewake.saleordersystem.entity.VO.FilterVo)) used time:963ms
2023-10-09 17:07:08.608 [http-nio-8080-exec-1] INFO  [,] com.benewake.saleordersystem.aspect.LogAspect - 用户[0:0:0:0:0:0:0:1],在[2023-10-09 17:10:08],访问了[com.benewake.saleordersystem.controller.DeliveryController]的[updateDelivery]方法，参数为[[]].
2023-10-09 17:15:37.615 [http-nio-8080-exec-3] INFO  [,] com.benewake.saleordersystem.aspect.LogAspect - 用户[0:0:0:0:0:0:0:1],在[2023-10-09 17:10:37],访问了[com.benewake.saleordersystem.controller.DeliveryController]的[updateDelivery]方法，参数为[[]].
2023-10-09 17:17:28.520 [http-nio-8080-exec-2] INFO  [,] com.benewake.saleordersystem.aspect.LogAspect - 用户[0:0:0:0:0:0:0:1],在[2023-10-09 17:10:28],访问了[com.benewake.saleordersystem.controller.DeliveryController]的[updateDelivery]方法，参数为[[]].
2023-10-09 17:40:12.844 [http-nio-8080-exec-4] INFO  [,] com.benewake.saleordersystem.aspect.LogAspect - 用户[0:0:0:0:0:0:0:1],在[2023-10-09 17:10:12],访问了[com.benewake.saleordersystem.controller.DeliveryController]的[updateDelivery]方法，参数为[[]].
2023-10-09 17:47:20.600 [http-nio-8080-exec-7] INFO  [,] com.benewake.saleordersystem.aspect.LogAspect - 用户[0:0:0:0:0:0:0:1],在[2023-10-09 17:10:20],访问了[com.benewake.saleordersystem.controller.SaleOrderController]的[addInquiries]方法，参数为[[StartInquiryVo(inquiryList=null, startInquiry=null)]].
2023-10-09 17:47:36.175 [http-nio-8080-exec-8] INFO  [,] com.benewake.saleordersystem.aspect.LogAspect - 用户[0:0:0:0:0:0:0:1],在[2023-10-09 17:10:36],访问了[com.benewake.saleordersystem.controller.SaleOrderController]的[updateInquired]方法，参数为[[Inquiry(inquiryId=637, inquiryCode=XSYC2023090003, state=0, createdTime=null, createdUser=null, salesmanId=5, itemId=66, customerId=2582, saleNum=800, expectedTime=Sat Oct 28 00:00:00 CST 2023, arrangedTime=null, inquiryType=1, remark=, allowinquiry=null)]].
2023-10-09 17:49:21.008 [http-nio-8080-exec-9] INFO  [,] com.benewake.saleordersystem.aspect.LogAspect - 用户[0:0:0:0:0:0:0:1],在[2023-10-09 17:10:21],访问了[com.benewake.saleordersystem.controller.SaleOrderController]的[updateInquired]方法，参数为[[Inquiry(inquiryId=636, inquiryCode=XSYC2023090003, state=0, createdTime=null, createdUser=null, salesmanId=5, itemId=66, customerId=2582, saleNum=800, expectedTime=Thu Oct 05 00:00:00 CST 2023, arrangedTime=null, inquiryType=1, remark=, allowinquiry=null)]].
2023-10-09 17:49:34.074 [http-nio-8080-exec-10] INFO  [,] com.benewake.saleordersystem.aspect.LogAspect - 用户[0:0:0:0:0:0:0:1],在[2023-10-09 17:10:34],访问了[com.benewake.saleordersystem.controller.SaleOrderController]的[updateInquired]方法，参数为[[Inquiry(inquiryId=636, inquiryCode=XSYC2023090003, state=0, createdTime=null, createdUser=null, salesmanId=5, itemId=66, customerId=2582, saleNum=800, expectedTime=Sun Oct 15 00:00:00 CST 2023, arrangedTime=null, inquiryType=1, remark=, allowinquiry=null)]].
2023-10-09 17:52:16.961 [http-nio-8080-exec-2] INFO  [,] com.benewake.saleordersystem.aspect.LogAspect - 用户[0:0:0:0:0:0:0:1],在[2023-10-09 17:10:16],访问了[com.benewake.saleordersystem.controller.DeliveryController]的[updateDelivery]方法，参数为[[]].
2023-10-09 17:53:30.775 [http-nio-8080-exec-5] INFO  [,] com.benewake.saleordersystem.aspect.LogAspect - 用户[0:0:0:0:0:0:0:1],在[2023-10-09 17:10:30],访问了[com.benewake.saleordersystem.controller.DeliveryController]的[updateDelivery]方法，参数为[[]].
2023-10-09 17:53:48.131 [http-nio-8080-exec-5] INFO  [,] com.benewake.saleordersystem.aspect.LogAspect - 用户[0:0:0:0:0:0:0:1],在[2023-10-09 17:10:48],访问了[com.benewake.saleordersystem.controller.SaleOrderController]的[updateInquired]方法，参数为[[Inquiry(inquiryId=637, inquiryCode=XSYC2023090003, state=0, createdTime=Mon Oct 09 17:49:36 CST 2023, createdUser=16, salesmanId=5, itemId=66, customerId=2582, saleNum=800, expectedTime=Sun Oct 15 00:00:00 CST 2023, arrangedTime=null, inquiryType=1, remark=, allowinquiry=null)]].
2023-10-09 17:53:56.016 [http-nio-8080-exec-5] INFO  [,] com.benewake.saleordersystem.aspect.LogAspect - 用户[0:0:0:0:0:0:0:1],在[2023-10-09 17:10:56],访问了[com.benewake.saleordersystem.controller.SaleOrderController]的[updateInquired]方法，参数为[[Inquiry(inquiryId=464, inquiryCode=XSYC2023090017, state=1, createdTime=Mon Sep 18 10:22:35 CST 2023, createdUser=15, salesmanId=8, itemId=41, customerId=3003, saleNum=500, expectedTime=Mon Sep 25 00:00:00 CST 2023, arrangedTime=Tue Sep 12 00:00:00 CST 2023, inquiryType=1, remark=, allowinquiry=null)]].
2023-10-09 17:56:15.535 [http-nio-8080-exec-8] INFO  [,] com.benewake.saleordersystem.aspect.LogAspect - 用户[0:0:0:0:0:0:0:1],在[2023-10-09 17:10:15],访问了[com.benewake.saleordersystem.controller.DeliveryController]的[updateDelivery]方法，参数为[[]].
2023-10-09 17:56:20.627 [http-nio-8080-exec-8] INFO  [,] com.benewake.saleordersystem.aspect.LogAspect - 用户[0:0:0:0:0:0:0:1],在[2023-10-09 17:10:20],访问了[com.benewake.saleordersystem.controller.SaleOrderController]的[updateInquired]方法，参数为[[Inquiry(inquiryId=638, inquiryCode=XSYC2023090003, state=0, createdTime=Mon Oct 09 17:49:36 CST 2023, createdUser=16, salesmanId=5, itemId=66, customerId=2582, saleNum=800, expectedTime=Sun Oct 15 00:00:00 CST 2023, arrangedTime=null, inquiryType=1, remark=, allowinquiry=null)]].
2023-10-09 17:56:20.701 [http-nio-8080-exec-8] INFO  [,] com.benewake.saleordersystem.aspect.LogAspect - 用户[0:0:0:0:0:0:0:1],在[2023-10-09 17:10:20],访问了[com.benewake.saleordersystem.controller.SaleOrderController]的[updateInquired]方法，参数为[[Inquiry(inquiryId=464, inquiryCode=XSYC2023090017, state=1, createdTime=Mon Sep 18 10:22:35 CST 2023, createdUser=15, salesmanId=8, itemId=41, customerId=3003, saleNum=500, expectedTime=Mon Sep 25 00:00:00 CST 2023, arrangedTime=Tue Sep 12 00:00:00 CST 2023, inquiryType=1, remark=, allowinquiry=null)]].
2023-10-09 17:58:48.146 [http-nio-8080-exec-1] INFO  [,] com.benewake.saleordersystem.aspect.LogAspect - 用户[0:0:0:0:0:0:0:1],在[2023-10-09 17:10:48],访问了[com.benewake.saleordersystem.controller.HomeController]的[logout]方法，参数为[[d38cde6bb4da416bbd4890e338bdd2f8]].
2023-10-09 17:58:52.806 [http-nio-8080-exec-3] INFO  [,] com.benewake.saleordersystem.aspect.LogAspect - 用户[0:0:0:0:0:0:0:1],在[2023-10-09 17:10:52],访问了[com.benewake.saleordersystem.controller.HomeController]的[login]方法，参数为[[User(id=null, username=贺兴华, password=14021402hxh, salt=null, userType=null, userConllection=null, ycvalue=null, xdvalue=null, prvalue=null, userphone=null, usermail=null), org.apache.catalina.connector.ResponseFacade@f6d0328]].
2023-10-09 17:58:56.064 [http-nio-8080-exec-4] INFO  [,] com.benewake.saleordersystem.aspect.LogAspect - 用户[0:0:0:0:0:0:0:1],在[2023-10-09 17:10:56],访问了[com.benewake.saleordersystem.controller.DeliveryController]的[updateDelivery]方法，参数为[[]].
2023-10-09 17:59:03.610 [http-nio-8080-exec-4] INFO  [,] com.benewake.saleordersystem.aspect.LogAspect - 用户[0:0:0:0:0:0:0:1],在[2023-10-09 17:10:03],访问了[com.benewake.saleordersystem.controller.SaleOrderController]的[updateInquired]方法，参数为[[Inquiry(inquiryId=639, inquiryCode=XSYC2023090003, state=0, createdTime=Mon Oct 09 17:49:36 CST 2023, createdUser=16, salesmanId=5, itemId=66, customerId=2582, saleNum=800, expectedTime=Sun Oct 15 00:00:00 CST 2023, arrangedTime=null, inquiryType=1, remark=, allowinquiry=null)]].
2023-10-09 17:59:03.756 [http-nio-8080-exec-4] INFO  [,] com.benewake.saleordersystem.aspect.LogAspect - 用户[0:0:0:0:0:0:0:1],在[2023-10-09 17:10:03],访问了[com.benewake.saleordersystem.controller.SaleOrderController]的[updateInquired]方法，参数为[[Inquiry(inquiryId=464, inquiryCode=XSYC2023090017, state=1, createdTime=Mon Sep 18 10:22:35 CST 2023, createdUser=15, salesmanId=8, itemId=41, customerId=3003, saleNum=500, expectedTime=Mon Sep 25 00:00:00 CST 2023, arrangedTime=Tue Sep 12 00:00:00 CST 2023, inquiryType=1, remark=, allowinquiry=null)]].
2023-10-09 18:12:21.636 [http-nio-8080-exec-6] INFO  [,] com.benewake.saleordersystem.aspect.LogAspect - 用户[0:0:0:0:0:0:0:1],在[2023-10-09 18:10:21],访问了[com.benewake.saleordersystem.controller.HomeController]的[logout]方法，参数为[[e42decd8d8de4f27b633180ef8f11f64]].
2023-10-09 18:12:44.540 [http-nio-8080-exec-8] INFO  [,] com.benewake.saleordersystem.aspect.LogAspect - 用户[0:0:0:0:0:0:0:1],在[2023-10-09 18:10:44],访问了[com.benewake.saleordersystem.controller.HomeController]的[logout]方法，参数为[[e42decd8d8de4f27b633180ef8f11f64]].
2023-10-09 18:12:48.919 [http-nio-8080-exec-9] INFO  [,] com.benewake.saleordersystem.aspect.LogAspect - 用户[0:0:0:0:0:0:0:1],在[2023-10-09 18:10:48],访问了[com.benewake.saleordersystem.controller.HomeController]的[logout]方法，参数为[[e42decd8d8de4f27b633180ef8f11f64]].
2023-10-09 18:12:49.709 [http-nio-8080-exec-10] INFO  [,] com.benewake.saleordersystem.aspect.LogAspect - 用户[0:0:0:0:0:0:0:1],在[2023-10-09 18:10:49],访问了[com.benewake.saleordersystem.controller.HomeController]的[logout]方法，参数为[[e42decd8d8de4f27b633180ef8f11f64]].
2023-10-09 18:12:55.129 [http-nio-8080-exec-3] INFO  [,] com.benewake.saleordersystem.aspect.LogAspect - 用户[0:0:0:0:0:0:0:1],在[2023-10-09 18:10:55],访问了[com.benewake.saleordersystem.controller.HomeController]的[login]方法，参数为[[User(id=null, username=冯志刚, password=14021402fengzhigang, salt=null, userType=null, userConllection=null, ycvalue=null, xdvalue=null, prvalue=null, userphone=null, usermail=null), org.apache.catalina.connector.ResponseFacade@f6d0328]].
2023-10-09 18:13:00.891 [http-nio-8080-exec-4] INFO  [,] com.benewake.saleordersystem.aspect.LogAspect - 用户[0:0:0:0:0:0:0:1],在[2023-10-09 18:10:00],访问了[com.benewake.saleordersystem.controller.DeliveryController]的[updateDelivery]方法，参数为[[]].
2023-10-09 18:13:25.441 [http-nio-8080-exec-4] INFO  [,] com.benewake.saleordersystem.aspect.LogAspect - 用户[0:0:0:0:0:0:0:1],在[2023-10-09 18:10:25],访问了[com.benewake.saleordersystem.controller.SaleOrderController]的[updateInquired]方法，参数为[[Inquiry(inquiryId=640, inquiryCode=XSYC2023090003, state=0, createdTime=Mon Oct 09 17:49:36 CST 2023, createdUser=20, salesmanId=5, itemId=66, customerId=2582, saleNum=800, expectedTime=Sun Oct 15 00:00:00 CST 2023, arrangedTime=null, inquiryType=1, remark=, allowinquiry=null)]].
2023-10-09 18:13:28.096 [http-nio-8080-exec-4] INFO  [,] com.benewake.saleordersystem.aspect.LogAspect - 用户[0:0:0:0:0:0:0:1],在[2023-10-09 18:10:28],访问了[com.benewake.saleordersystem.controller.SaleOrderController]的[updateInquired]方法，参数为[[Inquiry(inquiryId=464, inquiryCode=XSYC2023090017, state=1, createdTime=Mon Sep 18 10:22:35 CST 2023, createdUser=15, salesmanId=8, itemId=41, customerId=3003, saleNum=500, expectedTime=Mon Sep 25 00:00:00 CST 2023, arrangedTime=Tue Sep 12 00:00:00 CST 2023, inquiryType=1, remark=, allowinquiry=null)]].
2023-10-09 18:23:47.102 [SpringContextShutdownHook] INFO  [,] o.s.scheduling.concurrent.ThreadPoolTaskExecutor - Shutting down ExecutorService 'asynExecutor'
2023-10-09 18:23:47.110 [SpringContextShutdownHook] INFO  [,] com.zaxxer.hikari.HikariDataSource - HikariPool-1 - Shutdown initiated...
2023-10-09 18:23:47.114 [SpringContextShutdownHook] INFO  [,] com.zaxxer.hikari.HikariDataSource - HikariPool-1 - Shutdown completed.
