2023-08-24 14:35:52.276 [restartedMain] INFO  [,] c.b.saleordersystem.SaleOrderSystemApplication - Starting SaleOrderSystemApplication on DESKTOP-7M29D94 with PID 60064 (E:\北醒文件\测试版本\saleorder-system-main\target\classes started by DELL in E:\北醒文件\测试版本\saleorder-system-main)
2023-08-24 14:35:52.280 [restartedMain] INFO  [,] c.b.saleordersystem.SaleOrderSystemApplication - No active profile set, falling back to default profiles: default
2023-08-24 14:35:52.385 [restartedMain] INFO  [,] o.s.b.d.env.DevToolsPropertyDefaultsPostProcessor - Devtools property defaults active! Set 'spring.devtools.add-properties' to 'false' to disable
2023-08-24 14:35:52.386 [restartedMain] INFO  [,] o.s.b.d.env.DevToolsPropertyDefaultsPostProcessor - For additional web related logging consider setting the 'logging.level.web' property to 'DEBUG'
2023-08-24 14:35:54.721 [restartedMain] INFO  [,] o.s.boot.web.embedded.tomcat.TomcatWebServer - Tomcat initialized with port(s): 8080 (https)
2023-08-24 14:35:54.731 [restartedMain] INFO  [,] org.apache.coyote.http11.Http11NioProtocol - Initializing ProtocolHandler ["https-openssl-nio-8080"]
2023-08-24 14:35:54.732 [restartedMain] INFO  [,] org.apache.catalina.core.StandardService - Starting service [Tomcat]
2023-08-24 14:35:54.732 [restartedMain] INFO  [,] org.apache.catalina.core.StandardEngine - Starting Servlet engine: [Apache Tomcat/9.0.41]
2023-08-24 14:35:54.735 [restartedMain] INFO  [,] org.apache.catalina.core.AprLifecycleListener - Loaded Apache Tomcat Native library [1.2.23] using APR version [1.7.0].
2023-08-24 14:35:54.735 [restartedMain] INFO  [,] org.apache.catalina.core.AprLifecycleListener - APR capabilities: IPv6 [true], sendfile [true], accept filters [false], random [true].
2023-08-24 14:35:54.735 [restartedMain] INFO  [,] org.apache.catalina.core.AprLifecycleListener - APR/OpenSSL configuration: useAprConnector [false], useOpenSSL [true]
2023-08-24 14:35:54.742 [restartedMain] INFO  [,] org.apache.catalina.core.AprLifecycleListener - OpenSSL successfully initialized [OpenSSL 1.1.1c  28 May 2019]
2023-08-24 14:35:54.896 [restartedMain] INFO  [,] o.a.c.c.C.[Tomcat].[localhost].[/benewake] - Initializing Spring embedded WebApplicationContext
2023-08-24 14:35:54.896 [restartedMain] INFO  [,] o.s.b.w.s.c.ServletWebServerApplicationContext - Root WebApplicationContext: initialization completed in 2508 ms
2023-08-24 14:36:00.844 [restartedMain] INFO  [,] o.s.scheduling.concurrent.ThreadPoolTaskExecutor - Initializing ExecutorService
2023-08-24 14:36:00.847 [restartedMain] INFO  [,] o.s.scheduling.concurrent.ThreadPoolTaskExecutor - Initializing ExecutorService 'asynExecutor'
2023-08-24 14:36:01.679 [restartedMain] INFO  [,] o.s.b.d.autoconfigure.OptionalLiveReloadServer - LiveReload server is running on port 35729
2023-08-24 14:36:03.173 [restartedMain] INFO  [,] org.apache.coyote.http11.Http11NioProtocol - Starting ProtocolHandler ["https-openssl-nio-8080"]
2023-08-24 14:36:03.639 [restartedMain] INFO  [,] o.s.boot.web.embedded.tomcat.TomcatWebServer - Tomcat started on port(s): 8080 (https) with context path '/benewake'
2023-08-24 14:36:04.179 [restartedMain] INFO  [,] c.b.saleordersystem.SaleOrderSystemApplication - Started SaleOrderSystemApplication in 12.798 seconds (JVM running for 18.743)
2023-08-24 14:38:12.610 [https-openssl-nio-8080-exec-7] INFO  [,] o.a.c.c.C.[Tomcat].[localhost].[/benewake] - Initializing Spring DispatcherServlet 'dispatcherServlet'
2023-08-24 14:38:12.610 [https-openssl-nio-8080-exec-7] INFO  [,] org.springframework.web.servlet.DispatcherServlet - Initializing Servlet 'dispatcherServlet'
2023-08-24 14:38:12.618 [https-openssl-nio-8080-exec-7] INFO  [,] org.springframework.web.servlet.DispatcherServlet - Completed initialization in 8 ms
2023-08-24 14:39:41.069 [Thread-18] INFO  [,] o.s.scheduling.concurrent.ThreadPoolTaskExecutor - Shutting down ExecutorService 'asynExecutor'
2023-08-24 14:39:48.569 [restartedMain] INFO  [,] c.b.saleordersystem.SaleOrderSystemApplication - Starting SaleOrderSystemApplication on DESKTOP-7M29D94 with PID 60064 (E:\北醒文件\测试版本\saleorder-system-main\target\classes started by DELL in E:\北醒文件\测试版本\saleorder-system-main)
2023-08-24 14:39:48.569 [restartedMain] INFO  [,] c.b.saleordersystem.SaleOrderSystemApplication - No active profile set, falling back to default profiles: default
2023-08-24 14:39:49.326 [restartedMain] INFO  [,] o.s.boot.web.embedded.tomcat.TomcatWebServer - Tomcat initialized with port(s): 8080 (https)
2023-08-24 14:39:49.327 [restartedMain] INFO  [,] org.apache.catalina.core.StandardService - Starting service [Tomcat]
2023-08-24 14:39:49.328 [restartedMain] INFO  [,] org.apache.catalina.core.StandardEngine - Starting Servlet engine: [Apache Tomcat/9.0.41]
2023-08-24 14:39:49.328 [restartedMain] INFO  [,] org.apache.catalina.core.AprLifecycleListener - Loaded Apache Tomcat Native library [1.2.23] using APR version [1.7.0].
2023-08-24 14:39:49.328 [restartedMain] INFO  [,] org.apache.catalina.core.AprLifecycleListener - APR capabilities: IPv6 [true], sendfile [true], accept filters [false], random [true].
2023-08-24 14:39:49.329 [restartedMain] INFO  [,] org.apache.catalina.core.AprLifecycleListener - APR/OpenSSL configuration: useAprConnector [false], useOpenSSL [true]
2023-08-24 14:39:49.329 [restartedMain] INFO  [,] org.apache.catalina.core.AprLifecycleListener - OpenSSL successfully initialized [OpenSSL 1.1.1c  28 May 2019]
2023-08-24 14:39:49.360 [restartedMain] INFO  [,] o.a.c.c.C.[Tomcat-1].[localhost].[/benewake] - Initializing Spring embedded WebApplicationContext
2023-08-24 14:39:49.360 [restartedMain] INFO  [,] o.s.b.w.s.c.ServletWebServerApplicationContext - Root WebApplicationContext: initialization completed in 786 ms
2023-08-24 14:39:49.687 [restartedMain] INFO  [,] o.s.scheduling.concurrent.ThreadPoolTaskExecutor - Initializing ExecutorService 'applicationTaskExecutor'
2023-08-24 14:39:49.704 [restartedMain] INFO  [,] o.s.b.d.autoconfigure.OptionalLiveReloadServer - LiveReload server is running on port 35729
2023-08-24 14:39:52.169 [restartedMain] INFO  [,] o.s.boot.web.embedded.tomcat.TomcatWebServer - Tomcat started on port(s): 8080 (https) with context path '/benewake'
2023-08-24 14:39:52.326 [restartedMain] INFO  [,] c.b.saleordersystem.SaleOrderSystemApplication - Started SaleOrderSystemApplication in 3.89 seconds (JVM running for 246.89)
2023-08-24 14:39:52.339 [restartedMain] INFO  [,] o.s.b.d.a.ConditionEvaluationDeltaLoggingListener - Condition evaluation delta:


==========================
CONDITION EVALUATION DELTA
==========================


Positive matches:
-----------------

   TaskExecutionAutoConfiguration#applicationTaskExecutor matched:
      - @ConditionalOnMissingBean (types: java.util.concurrent.Executor; SearchStrategy: all) did not find any beans (OnBeanCondition)


Negative matches:
-----------------

    None


Exclusions:
-----------

    None


Unconditional classes:
----------------------

    None



2023-08-24 14:40:04.589 [Thread-28] INFO  [,] o.s.scheduling.concurrent.ThreadPoolTaskExecutor - Shutting down ExecutorService 'applicationTaskExecutor'
2023-08-24 14:40:05.300 [restartedMain] INFO  [,] c.b.saleordersystem.SaleOrderSystemApplication - Starting SaleOrderSystemApplication on DESKTOP-7M29D94 with PID 60064 (E:\北醒文件\测试版本\saleorder-system-main\target\classes started by DELL in E:\北醒文件\测试版本\saleorder-system-main)
2023-08-24 14:40:05.301 [restartedMain] INFO  [,] c.b.saleordersystem.SaleOrderSystemApplication - No active profile set, falling back to default profiles: default
2023-08-24 14:40:07.023 [restartedMain] INFO  [,] o.s.boot.web.embedded.tomcat.TomcatWebServer - Tomcat initialized with port(s): 8080 (https)
2023-08-24 14:40:07.025 [restartedMain] INFO  [,] org.apache.catalina.core.StandardService - Starting service [Tomcat]
2023-08-24 14:40:07.025 [restartedMain] INFO  [,] org.apache.catalina.core.StandardEngine - Starting Servlet engine: [Apache Tomcat/9.0.41]
2023-08-24 14:40:07.026 [restartedMain] INFO  [,] org.apache.catalina.core.AprLifecycleListener - Loaded Apache Tomcat Native library [1.2.23] using APR version [1.7.0].
2023-08-24 14:40:07.027 [restartedMain] INFO  [,] org.apache.catalina.core.AprLifecycleListener - APR capabilities: IPv6 [true], sendfile [true], accept filters [false], random [true].
2023-08-24 14:40:07.028 [restartedMain] INFO  [,] org.apache.catalina.core.AprLifecycleListener - APR/OpenSSL configuration: useAprConnector [false], useOpenSSL [true]
2023-08-24 14:40:07.029 [restartedMain] INFO  [,] org.apache.catalina.core.AprLifecycleListener - OpenSSL successfully initialized [OpenSSL 1.1.1c  28 May 2019]
2023-08-24 14:40:07.156 [restartedMain] INFO  [,] o.a.c.c.C.[Tomcat-1].[localhost].[/benewake] - Initializing Spring embedded WebApplicationContext
2023-08-24 14:40:07.157 [restartedMain] INFO  [,] o.s.b.w.s.c.ServletWebServerApplicationContext - Root WebApplicationContext: initialization completed in 1850 ms
2023-08-24 14:40:11.500 [restartedMain] INFO  [,] o.s.scheduling.concurrent.ThreadPoolTaskExecutor - Initializing ExecutorService
2023-08-24 14:40:11.501 [restartedMain] INFO  [,] o.s.scheduling.concurrent.ThreadPoolTaskExecutor - Initializing ExecutorService 'asynExecutor'
2023-08-24 14:40:11.733 [restartedMain] INFO  [,] o.s.b.d.autoconfigure.OptionalLiveReloadServer - LiveReload server is running on port 35729
2023-08-24 14:40:12.882 [main] INFO  [,] c.b.saleordersystem.mapper.ItemControllerTest - Starting ItemControllerTest on DESKTOP-7M29D94 with PID 56224 (started by DELL in E:\北醒文件\测试版本\saleorder-system-main)
2023-08-24 14:40:12.884 [main] INFO  [,] c.b.saleordersystem.mapper.ItemControllerTest - No active profile set, falling back to default profiles: default
2023-08-24 14:40:13.118 [restartedMain] INFO  [,] o.s.boot.web.embedded.tomcat.TomcatWebServer - Tomcat started on port(s): 8080 (https) with context path '/benewake'
2023-08-24 14:40:13.433 [restartedMain] INFO  [,] c.b.saleordersystem.SaleOrderSystemApplication - Started SaleOrderSystemApplication in 8.244 seconds (JVM running for 267.997)
2023-08-24 14:40:13.438 [restartedMain] INFO  [,] o.s.b.d.a.ConditionEvaluationDeltaLoggingListener - Condition evaluation delta:


==========================
CONDITION EVALUATION DELTA
==========================


Positive matches:
-----------------

    None


Negative matches:
-----------------

   TaskExecutionAutoConfiguration#applicationTaskExecutor:
      Did not match:
         - @ConditionalOnMissingBean (types: java.util.concurrent.Executor; SearchStrategy: all) found beans of type 'java.util.concurrent.Executor' asynExecutor (OnBeanCondition)


Exclusions:
-----------

    None


Unconditional classes:
----------------------

    None



2023-08-24 14:40:22.819 [main] INFO  [,] o.s.scheduling.concurrent.ThreadPoolTaskExecutor - Initializing ExecutorService
2023-08-24 14:40:22.838 [main] INFO  [,] o.s.scheduling.concurrent.ThreadPoolTaskExecutor - Initializing ExecutorService 'asynExecutor'
2023-08-24 14:40:24.469 [main] INFO  [,] o.s.b.test.mock.web.SpringBootMockServletContext - Initializing Spring TestDispatcherServlet ''
2023-08-24 14:40:24.470 [main] INFO  [,] o.s.test.web.servlet.TestDispatcherServlet - Initializing Servlet ''
2023-08-24 14:40:24.496 [main] INFO  [,] o.s.test.web.servlet.TestDispatcherServlet - Completed initialization in 26 ms
2023-08-24 14:40:26.461 [main] INFO  [,] c.b.saleordersystem.mapper.ItemControllerTest - Started ItemControllerTest in 14.383 seconds (JVM running for 16.096)
2023-08-24 14:40:27.329 [main] INFO  [,] com.benewake.saleordersystem.aspect.LogAspect - 用户[127.0.0.1],在[2023-08-24 14:08:27],访问了[com.benewake.saleordersystem.controller.ItemController]的[addItem]方法，参数为[[Item(id=null, itemCode=99999, itemName=皮炎平, itemType=2, quantitative=null)]].
2023-08-24 14:40:27.384 [main] INFO  [,] com.zaxxer.hikari.HikariDataSource - HikariPool-1 - Starting...
2023-08-24 14:40:27.704 [main] INFO  [,] com.zaxxer.hikari.HikariDataSource - HikariPool-1 - Start completed.
2023-08-24 14:40:27.935 [SpringContextShutdownHook] INFO  [,] o.s.scheduling.concurrent.ThreadPoolTaskExecutor - Shutting down ExecutorService 'asynExecutor'
2023-08-24 14:40:27.956 [SpringContextShutdownHook] INFO  [,] com.zaxxer.hikari.HikariDataSource - HikariPool-1 - Shutdown initiated...
2023-08-24 14:40:27.985 [SpringContextShutdownHook] INFO  [,] com.zaxxer.hikari.HikariDataSource - HikariPool-1 - Shutdown completed.
2023-08-24 14:40:58.767 [SpringContextShutdownHook] INFO  [,] o.s.scheduling.concurrent.ThreadPoolTaskExecutor - Shutting down ExecutorService 'asynExecutor'
2023-08-24 14:41:07.526 [restartedMain] INFO  [,] c.b.saleordersystem.SaleOrderSystemApplication - Starting SaleOrderSystemApplication on DESKTOP-7M29D94 with PID 52692 (E:\北醒文件\测试版本\saleorder-system-main\target\classes started by DELL in E:\北醒文件\测试版本\saleorder-system-main)
2023-08-24 14:41:07.533 [restartedMain] INFO  [,] c.b.saleordersystem.SaleOrderSystemApplication - No active profile set, falling back to default profiles: default
2023-08-24 14:41:07.646 [restartedMain] INFO  [,] o.s.b.d.env.DevToolsPropertyDefaultsPostProcessor - Devtools property defaults active! Set 'spring.devtools.add-properties' to 'false' to disable
2023-08-24 14:41:07.647 [restartedMain] INFO  [,] o.s.b.d.env.DevToolsPropertyDefaultsPostProcessor - For additional web related logging consider setting the 'logging.level.web' property to 'DEBUG'
2023-08-24 14:41:13.395 [restartedMain] INFO  [,] o.s.boot.web.embedded.tomcat.TomcatWebServer - Tomcat initialized with port(s): 8080 (http)
2023-08-24 14:41:13.426 [restartedMain] INFO  [,] org.apache.coyote.http11.Http11NioProtocol - Initializing ProtocolHandler ["http-nio-8080"]
2023-08-24 14:41:13.428 [restartedMain] INFO  [,] org.apache.catalina.core.StandardService - Starting service [Tomcat]
2023-08-24 14:41:13.430 [restartedMain] INFO  [,] org.apache.catalina.core.StandardEngine - Starting Servlet engine: [Apache Tomcat/9.0.41]
2023-08-24 14:41:13.438 [restartedMain] INFO  [,] org.apache.catalina.core.AprLifecycleListener - Loaded Apache Tomcat Native library [1.2.23] using APR version [1.7.0].
2023-08-24 14:41:13.439 [restartedMain] INFO  [,] org.apache.catalina.core.AprLifecycleListener - APR capabilities: IPv6 [true], sendfile [true], accept filters [false], random [true].
2023-08-24 14:41:13.440 [restartedMain] INFO  [,] org.apache.catalina.core.AprLifecycleListener - APR/OpenSSL configuration: useAprConnector [false], useOpenSSL [true]
2023-08-24 14:41:13.452 [restartedMain] INFO  [,] org.apache.catalina.core.AprLifecycleListener - OpenSSL successfully initialized [OpenSSL 1.1.1c  28 May 2019]
2023-08-24 14:41:13.725 [restartedMain] INFO  [,] o.a.c.c.C.[Tomcat].[localhost].[/benewake] - Initializing Spring embedded WebApplicationContext
2023-08-24 14:41:13.725 [restartedMain] INFO  [,] o.s.b.w.s.c.ServletWebServerApplicationContext - Root WebApplicationContext: initialization completed in 6076 ms
2023-08-24 14:41:17.686 [restartedMain] INFO  [,] o.s.scheduling.concurrent.ThreadPoolTaskExecutor - Initializing ExecutorService
2023-08-24 14:41:17.687 [restartedMain] INFO  [,] o.s.scheduling.concurrent.ThreadPoolTaskExecutor - Initializing ExecutorService 'asynExecutor'
2023-08-24 14:41:17.850 [restartedMain] INFO  [,] o.s.b.d.autoconfigure.OptionalLiveReloadServer - LiveReload server is running on port 35729
2023-08-24 14:41:18.600 [restartedMain] INFO  [,] org.apache.coyote.http11.Http11NioProtocol - Starting ProtocolHandler ["http-nio-8080"]
2023-08-24 14:41:18.620 [restartedMain] INFO  [,] o.s.boot.web.embedded.tomcat.TomcatWebServer - Tomcat started on port(s): 8080 (http) with context path '/benewake'
2023-08-24 14:41:19.001 [restartedMain] INFO  [,] c.b.saleordersystem.SaleOrderSystemApplication - Started SaleOrderSystemApplication in 12.34 seconds (JVM running for 15.005)
2023-08-24 15:11:06.832 [SpringContextShutdownHook] INFO  [,] o.s.scheduling.concurrent.ThreadPoolTaskExecutor - Shutting down ExecutorService 'asynExecutor'
