2023-10-20 15:50:34.868 [restartedMain] INFO  [,] c.b.saleordersystem.SaleOrderSystemApplication - Starting SaleOrderSystemApplication on DESKTOP-7M29D94 with PID 20808 (E:\北醒文件\测试版本\saleorder-system-main\target\classes started by DELL in E:\北醒文件\测试版本\saleorder-system-main)
2023-10-20 15:50:34.931 [restartedMain] INFO  [,] c.b.saleordersystem.SaleOrderSystemApplication - No active profile set, falling back to default profiles: default
2023-10-20 15:50:35.158 [restartedMain] INFO  [,] o.s.b.d.env.DevToolsPropertyDefaultsPostProcessor - Devtools property defaults active! Set 'spring.devtools.add-properties' to 'false' to disable
2023-10-20 15:50:35.158 [restartedMain] INFO  [,] o.s.b.d.env.DevToolsPropertyDefaultsPostProcessor - For additional web related logging consider setting the 'logging.level.web' property to 'DEBUG'
2023-10-20 15:50:46.803 [restartedMain] INFO  [,] o.s.boot.web.embedded.tomcat.TomcatWebServer - Tomcat initialized with port(s): 8080 (http)
2023-10-20 15:50:46.818 [restartedMain] INFO  [,] org.apache.coyote.http11.Http11NioProtocol - Initializing ProtocolHandler ["http-nio-8080"]
2023-10-20 15:50:46.819 [restartedMain] INFO  [,] org.apache.catalina.core.StandardService - Starting service [Tomcat]
2023-10-20 15:50:46.819 [restartedMain] INFO  [,] org.apache.catalina.core.StandardEngine - Starting Servlet engine: [Apache Tomcat/9.0.41]
2023-10-20 15:50:46.822 [restartedMain] INFO  [,] org.apache.catalina.core.AprLifecycleListener - Loaded Apache Tomcat Native library [1.2.23] using APR version [1.7.0].
2023-10-20 15:50:46.822 [restartedMain] INFO  [,] org.apache.catalina.core.AprLifecycleListener - APR capabilities: IPv6 [true], sendfile [true], accept filters [false], random [true].
2023-10-20 15:50:46.822 [restartedMain] INFO  [,] org.apache.catalina.core.AprLifecycleListener - APR/OpenSSL configuration: useAprConnector [false], useOpenSSL [true]
2023-10-20 15:50:46.843 [restartedMain] INFO  [,] org.apache.catalina.core.AprLifecycleListener - OpenSSL successfully initialized [OpenSSL 1.1.1c  28 May 2019]
2023-10-20 15:50:46.993 [restartedMain] INFO  [,] o.a.c.c.C.[Tomcat].[localhost].[/benewake] - Initializing Spring embedded WebApplicationContext
2023-10-20 15:50:46.993 [restartedMain] INFO  [,] o.s.b.w.s.c.ServletWebServerApplicationContext - Root WebApplicationContext: initialization completed in 11804 ms
2023-10-20 15:50:54.992 [restartedMain] INFO  [,] o.s.scheduling.concurrent.ThreadPoolTaskExecutor - Initializing ExecutorService
2023-10-20 15:50:54.994 [restartedMain] INFO  [,] o.s.scheduling.concurrent.ThreadPoolTaskExecutor - Initializing ExecutorService 'asynExecutor'
2023-10-20 15:50:55.276 [restartedMain] INFO  [,] o.s.b.d.autoconfigure.OptionalLiveReloadServer - LiveReload server is running on port 35729
2023-10-20 15:50:56.675 [restartedMain] INFO  [,] org.apache.coyote.http11.Http11NioProtocol - Starting ProtocolHandler ["http-nio-8080"]
2023-10-20 15:50:57.372 [restartedMain] INFO  [,] o.s.boot.web.embedded.tomcat.TomcatWebServer - Tomcat started on port(s): 8080 (http) with context path '/benewake'
2023-10-20 15:50:58.071 [restartedMain] INFO  [,] c.b.saleordersystem.SaleOrderSystemApplication - Started SaleOrderSystemApplication in 26.342 seconds (JVM running for 30.408)
2023-10-20 15:51:35.704 [http-nio-8080-exec-1] INFO  [,] o.a.c.c.C.[Tomcat].[localhost].[/benewake] - Initializing Spring DispatcherServlet 'dispatcherServlet'
2023-10-20 15:51:35.704 [http-nio-8080-exec-1] INFO  [,] org.springframework.web.servlet.DispatcherServlet - Initializing Servlet 'dispatcherServlet'
2023-10-20 15:51:35.720 [http-nio-8080-exec-1] INFO  [,] org.springframework.web.servlet.DispatcherServlet - Completed initialization in 16 ms
2023-10-20 15:51:35.917 [http-nio-8080-exec-1] INFO  [,] com.zaxxer.hikari.HikariDataSource - HikariPool-1 - Starting...
2023-10-20 15:51:36.405 [http-nio-8080-exec-1] INFO  [,] com.zaxxer.hikari.HikariDataSource - HikariPool-1 - Start completed.
2023-10-20 15:51:36.753 [http-nio-8080-exec-1] INFO  [,] com.benewake.saleordersystem.aspect.LogAspect - 用户[0:0:0:0:0:0:0:1],在[2023-10-20 15:10:36],访问了[com.benewake.saleordersystem.controller.DeliveryController]的[updateDelivery]方法，参数为[[]].
2023-10-20 15:56:33.974 [http-nio-8080-exec-1] INFO  [,] c.b.s.service.impl.DeliveryServiceImpl - 运输信息更新完成！
2023-10-20 15:56:42.796 [http-nio-8080-exec-3] INFO  [,] com.benewake.saleordersystem.aspect.LogAspect - 用户[0:0:0:0:0:0:0:1],在[2023-10-20 15:10:42],访问了[com.benewake.saleordersystem.controller.DeliveryController]的[updateDelivery]方法，参数为[[]].
2023-10-20 15:58:41.937 [http-nio-8080-exec-3] INFO  [,] c.b.s.service.impl.DeliveryServiceImpl - 运输信息更新完成！
2023-10-20 15:58:44.232 [SpringContextShutdownHook] INFO  [,] o.s.scheduling.concurrent.ThreadPoolTaskExecutor - Shutting down ExecutorService 'asynExecutor'
2023-10-20 15:58:44.242 [SpringContextShutdownHook] INFO  [,] com.zaxxer.hikari.HikariDataSource - HikariPool-1 - Shutdown initiated...
2023-10-20 15:58:44.245 [SpringContextShutdownHook] INFO  [,] com.zaxxer.hikari.HikariDataSource - HikariPool-1 - Shutdown completed.
2023-10-20 15:59:01.426 [restartedMain] INFO  [,] c.b.saleordersystem.SaleOrderSystemApplication - Starting SaleOrderSystemApplication on DESKTOP-7M29D94 with PID 4708 (E:\北醒文件\测试版本\saleorder-system-main\target\classes started by DELL in E:\北醒文件\测试版本\saleorder-system-main)
2023-10-20 15:59:01.434 [restartedMain] INFO  [,] c.b.saleordersystem.SaleOrderSystemApplication - No active profile set, falling back to default profiles: default
2023-10-20 15:59:01.543 [restartedMain] INFO  [,] o.s.b.d.env.DevToolsPropertyDefaultsPostProcessor - Devtools property defaults active! Set 'spring.devtools.add-properties' to 'false' to disable
2023-10-20 15:59:01.544 [restartedMain] INFO  [,] o.s.b.d.env.DevToolsPropertyDefaultsPostProcessor - For additional web related logging consider setting the 'logging.level.web' property to 'DEBUG'
2023-10-20 15:59:03.789 [restartedMain] INFO  [,] o.s.boot.web.embedded.tomcat.TomcatWebServer - Tomcat initialized with port(s): 8080 (http)
2023-10-20 15:59:03.799 [restartedMain] INFO  [,] org.apache.coyote.http11.Http11NioProtocol - Initializing ProtocolHandler ["http-nio-8080"]
2023-10-20 15:59:03.800 [restartedMain] INFO  [,] org.apache.catalina.core.StandardService - Starting service [Tomcat]
2023-10-20 15:59:03.800 [restartedMain] INFO  [,] org.apache.catalina.core.StandardEngine - Starting Servlet engine: [Apache Tomcat/9.0.41]
2023-10-20 15:59:03.802 [restartedMain] INFO  [,] org.apache.catalina.core.AprLifecycleListener - Loaded Apache Tomcat Native library [1.2.23] using APR version [1.7.0].
2023-10-20 15:59:03.803 [restartedMain] INFO  [,] org.apache.catalina.core.AprLifecycleListener - APR capabilities: IPv6 [true], sendfile [true], accept filters [false], random [true].
2023-10-20 15:59:03.803 [restartedMain] INFO  [,] org.apache.catalina.core.AprLifecycleListener - APR/OpenSSL configuration: useAprConnector [false], useOpenSSL [true]
2023-10-20 15:59:03.807 [restartedMain] INFO  [,] org.apache.catalina.core.AprLifecycleListener - OpenSSL successfully initialized [OpenSSL 1.1.1c  28 May 2019]
2023-10-20 15:59:03.913 [restartedMain] INFO  [,] o.a.c.c.C.[Tomcat].[localhost].[/benewake] - Initializing Spring embedded WebApplicationContext
2023-10-20 15:59:03.913 [restartedMain] INFO  [,] o.s.b.w.s.c.ServletWebServerApplicationContext - Root WebApplicationContext: initialization completed in 2368 ms
2023-10-20 15:59:07.340 [restartedMain] INFO  [,] o.s.scheduling.concurrent.ThreadPoolTaskExecutor - Initializing ExecutorService
2023-10-20 15:59:07.342 [restartedMain] INFO  [,] o.s.scheduling.concurrent.ThreadPoolTaskExecutor - Initializing ExecutorService 'asynExecutor'
2023-10-20 15:59:07.531 [restartedMain] INFO  [,] o.s.b.d.autoconfigure.OptionalLiveReloadServer - LiveReload server is running on port 35729
2023-10-20 15:59:08.385 [restartedMain] INFO  [,] org.apache.coyote.http11.Http11NioProtocol - Starting ProtocolHandler ["http-nio-8080"]
2023-10-20 15:59:08.412 [restartedMain] INFO  [,] o.s.boot.web.embedded.tomcat.TomcatWebServer - Tomcat started on port(s): 8080 (http) with context path '/benewake'
2023-10-20 15:59:09.006 [restartedMain] INFO  [,] c.b.saleordersystem.SaleOrderSystemApplication - Started SaleOrderSystemApplication in 8.364 seconds (JVM running for 11.268)
2023-10-20 16:01:13.139 [http-nio-8080-exec-3] INFO  [,] o.a.c.c.C.[Tomcat].[localhost].[/benewake] - Initializing Spring DispatcherServlet 'dispatcherServlet'
2023-10-20 16:01:13.139 [http-nio-8080-exec-3] INFO  [,] org.springframework.web.servlet.DispatcherServlet - Initializing Servlet 'dispatcherServlet'
2023-10-20 16:01:13.150 [http-nio-8080-exec-3] INFO  [,] org.springframework.web.servlet.DispatcherServlet - Completed initialization in 11 ms
2023-10-20 16:01:13.255 [http-nio-8080-exec-3] INFO  [,] com.zaxxer.hikari.HikariDataSource - HikariPool-1 - Starting...
2023-10-20 16:01:13.526 [http-nio-8080-exec-3] INFO  [,] com.zaxxer.hikari.HikariDataSource - HikariPool-1 - Start completed.
2023-10-20 16:01:13.919 [http-nio-8080-exec-3] INFO  [,] com.benewake.saleordersystem.aspect.LogAspect - 用户[0:0:0:0:0:0:0:1],在[2023-10-20 16:10:13],访问了[com.benewake.saleordersystem.controller.DeliveryController]的[updateDelivery]方法，参数为[[]].
2023-10-20 16:57:09.384 [http-nio-8080-exec-3] INFO  [,] c.b.s.service.impl.DeliveryServiceImpl - 运输信息更新完成！
2023-10-20 18:29:54.661 [SpringContextShutdownHook] INFO  [,] o.s.scheduling.concurrent.ThreadPoolTaskExecutor - Shutting down ExecutorService 'asynExecutor'
2023-10-20 18:29:54.753 [SpringContextShutdownHook] INFO  [,] com.zaxxer.hikari.HikariDataSource - HikariPool-1 - Shutdown initiated...
2023-10-20 18:29:54.791 [SpringContextShutdownHook] INFO  [,] com.zaxxer.hikari.HikariDataSource - HikariPool-1 - Shutdown completed.
