2023-08-31 11:36:21.619 [main] INFO  [,] com.benewake.saleordersystem.mapper.PastOrderTest - Starting PastOrderTest on DESKTOP-7M29D94 with PID 100064 (started by DELL in E:\北醒文件\测试版本\saleorder-system-main)
2023-08-31 11:36:21.624 [main] INFO  [,] com.benewake.saleordersystem.mapper.PastOrderTest - No active profile set, falling back to default profiles: default
2023-08-31 11:36:33.163 [main] INFO  [,] o.s.scheduling.concurrent.ThreadPoolTaskExecutor - Initializing ExecutorService
2023-08-31 11:36:33.178 [main] INFO  [,] o.s.scheduling.concurrent.ThreadPoolTaskExecutor - Initializing ExecutorService 'asynExecutor'
2023-08-31 11:36:36.467 [main] INFO  [,] com.benewake.saleordersystem.mapper.PastOrderTest - Started PastOrderTest in 15.977 seconds (JVM running for 19.029)
2023-08-31 11:36:36.990 [main] INFO  [,] com.zaxxer.hikari.HikariDataSource - HikariPool-1 - Starting...
2023-08-31 11:36:37.571 [main] INFO  [,] com.zaxxer.hikari.HikariDataSource - HikariPool-1 - Start completed.
2023-08-31 11:36:42.872 [SpringContextShutdownHook] INFO  [,] o.s.scheduling.concurrent.ThreadPoolTaskExecutor - Shutting down ExecutorService 'asynExecutor'
2023-08-31 11:36:42.881 [SpringContextShutdownHook] INFO  [,] com.zaxxer.hikari.HikariDataSource - HikariPool-1 - Shutdown initiated...
2023-08-31 11:36:42.895 [SpringContextShutdownHook] INFO  [,] com.zaxxer.hikari.HikariDataSource - HikariPool-1 - Shutdown completed.
2023-08-31 11:36:53.567 [restartedMain] INFO  [,] c.b.saleordersystem.SaleOrderSystemApplication - Starting SaleOrderSystemApplication on DESKTOP-7M29D94 with PID 106648 (E:\北醒文件\测试版本\saleorder-system-main\target\classes started by DELL in E:\北醒文件\测试版本\saleorder-system-main)
2023-08-31 11:36:53.571 [restartedMain] INFO  [,] c.b.saleordersystem.SaleOrderSystemApplication - No active profile set, falling back to default profiles: default
2023-08-31 11:36:53.667 [restartedMain] INFO  [,] o.s.b.d.env.DevToolsPropertyDefaultsPostProcessor - Devtools property defaults active! Set 'spring.devtools.add-properties' to 'false' to disable
2023-08-31 11:36:53.667 [restartedMain] INFO  [,] o.s.b.d.env.DevToolsPropertyDefaultsPostProcessor - For additional web related logging consider setting the 'logging.level.web' property to 'DEBUG'
2023-08-31 11:36:56.368 [restartedMain] INFO  [,] o.s.boot.web.embedded.tomcat.TomcatWebServer - Tomcat initialized with port(s): 8080 (http)
2023-08-31 11:36:56.385 [restartedMain] INFO  [,] org.apache.coyote.http11.Http11NioProtocol - Initializing ProtocolHandler ["http-nio-8080"]
2023-08-31 11:36:56.386 [restartedMain] INFO  [,] org.apache.catalina.core.StandardService - Starting service [Tomcat]
2023-08-31 11:36:56.386 [restartedMain] INFO  [,] org.apache.catalina.core.StandardEngine - Starting Servlet engine: [Apache Tomcat/9.0.41]
2023-08-31 11:36:56.388 [restartedMain] INFO  [,] org.apache.catalina.core.AprLifecycleListener - Loaded Apache Tomcat Native library [1.2.23] using APR version [1.7.0].
2023-08-31 11:36:56.389 [restartedMain] INFO  [,] org.apache.catalina.core.AprLifecycleListener - APR capabilities: IPv6 [true], sendfile [true], accept filters [false], random [true].
2023-08-31 11:36:56.389 [restartedMain] INFO  [,] org.apache.catalina.core.AprLifecycleListener - APR/OpenSSL configuration: useAprConnector [false], useOpenSSL [true]
2023-08-31 11:36:56.411 [restartedMain] INFO  [,] org.apache.catalina.core.AprLifecycleListener - OpenSSL successfully initialized [OpenSSL 1.1.1c  28 May 2019]
2023-08-31 11:36:56.569 [restartedMain] INFO  [,] o.a.c.c.C.[Tomcat].[localhost].[/benewake] - Initializing Spring embedded WebApplicationContext
2023-08-31 11:36:56.569 [restartedMain] INFO  [,] o.s.b.w.s.c.ServletWebServerApplicationContext - Root WebApplicationContext: initialization completed in 2901 ms
2023-08-31 11:37:00.702 [restartedMain] INFO  [,] o.s.scheduling.concurrent.ThreadPoolTaskExecutor - Initializing ExecutorService
2023-08-31 11:37:00.704 [restartedMain] INFO  [,] o.s.scheduling.concurrent.ThreadPoolTaskExecutor - Initializing ExecutorService 'asynExecutor'
2023-08-31 11:37:00.887 [restartedMain] INFO  [,] o.s.b.d.autoconfigure.OptionalLiveReloadServer - LiveReload server is running on port 35729
2023-08-31 11:37:01.642 [restartedMain] INFO  [,] org.apache.coyote.http11.Http11NioProtocol - Starting ProtocolHandler ["http-nio-8080"]
2023-08-31 11:37:01.664 [restartedMain] INFO  [,] o.s.boot.web.embedded.tomcat.TomcatWebServer - Tomcat started on port(s): 8080 (http) with context path '/benewake'
2023-08-31 11:37:02.100 [restartedMain] INFO  [,] c.b.saleordersystem.SaleOrderSystemApplication - Started SaleOrderSystemApplication in 9.76 seconds (JVM running for 12.21)
2023-08-31 11:37:20.192 [http-nio-8080-exec-1] INFO  [,] o.a.c.c.C.[Tomcat].[localhost].[/benewake] - Initializing Spring DispatcherServlet 'dispatcherServlet'
2023-08-31 11:37:20.192 [http-nio-8080-exec-1] INFO  [,] org.springframework.web.servlet.DispatcherServlet - Initializing Servlet 'dispatcherServlet'
2023-08-31 11:37:20.199 [http-nio-8080-exec-1] INFO  [,] org.springframework.web.servlet.DispatcherServlet - Completed initialization in 7 ms
2023-08-31 11:43:14.997 [http-nio-8080-exec-9] INFO  [,] com.zaxxer.hikari.HikariDataSource - HikariPool-1 - Starting...
2023-08-31 11:43:15.114 [http-nio-8080-exec-9] INFO  [,] com.zaxxer.hikari.HikariDataSource - HikariPool-1 - Start completed.
2023-08-31 11:43:15.200 [http-nio-8080-exec-9] INFO  [,] com.benewake.saleordersystem.aspect.LogAspect - 用户[0:0:0:0:0:0:0:1],在[2023-08-31 11:08:15],访问了[com.benewake.saleordersystem.controller.UserController]的[updateUserValues]方法，参数为[[{userID=1, ycValue=5, xdValue=6, prValue=7}]].
2023-08-31 11:43:46.232 [http-nio-8080-exec-4] INFO  [,] com.benewake.saleordersystem.aspect.LogAspect - 用户[0:0:0:0:0:0:0:1],在[2023-08-31 11:08:46],访问了[com.benewake.saleordersystem.controller.HomeController]的[logout]方法，参数为[[9d68b0158cc64a409ba8de3fb3552017]].
2023-08-31 11:43:50.650 [http-nio-8080-exec-8] INFO  [,] com.benewake.saleordersystem.aspect.LogAspect - 用户[0:0:0:0:0:0:0:1],在[2023-08-31 11:08:50],访问了[com.benewake.saleordersystem.controller.HomeController]的[login]方法，参数为[[User(id=null, username=王小溪, password=14021402wangxiaoxi, salt=null, userType=null, userConllection=null, ycvalue=null, xdvalue=null, prvalue=null), org.apache.catalina.connector.ResponseFacade@60b3e2f8]].
2023-08-31 11:43:59.273 [http-nio-8080-exec-1] INFO  [,] com.benewake.saleordersystem.aspect.LogAspect - 用户[0:0:0:0:0:0:0:1],在[2023-08-31 11:08:59],访问了[com.benewake.saleordersystem.controller.UserController]的[updateUserValues]方法，参数为[[{userID=1, ycValue=5, xdValue=6, prValue=7}]].
2023-08-31 11:44:16.962 [http-nio-8080-exec-7] INFO  [,] com.benewake.saleordersystem.aspect.LogAspect - 用户[0:0:0:0:0:0:0:1],在[2023-08-31 11:08:16],访问了[com.benewake.saleordersystem.controller.UserController]的[updateUserValues]方法，参数为[[{userID=1, ycValue=5, xdValue=6, prValue=7}]].
2023-08-31 11:46:34.193 [SpringContextShutdownHook] INFO  [,] o.s.scheduling.concurrent.ThreadPoolTaskExecutor - Shutting down ExecutorService 'asynExecutor'
2023-08-31 11:46:34.198 [SpringContextShutdownHook] INFO  [,] com.zaxxer.hikari.HikariDataSource - HikariPool-1 - Shutdown initiated...
2023-08-31 11:46:34.205 [SpringContextShutdownHook] INFO  [,] com.zaxxer.hikari.HikariDataSource - HikariPool-1 - Shutdown completed.
2023-08-31 11:48:02.534 [restartedMain] INFO  [,] c.b.saleordersystem.SaleOrderSystemApplication - Starting SaleOrderSystemApplication on DESKTOP-7M29D94 with PID 87620 (E:\北醒文件\测试版本\saleorder-system-main\target\classes started by DELL in E:\北醒文件\测试版本\saleorder-system-main)
2023-08-31 11:48:02.537 [restartedMain] INFO  [,] c.b.saleordersystem.SaleOrderSystemApplication - No active profile set, falling back to default profiles: default
2023-08-31 11:48:02.598 [restartedMain] INFO  [,] o.s.b.d.env.DevToolsPropertyDefaultsPostProcessor - Devtools property defaults active! Set 'spring.devtools.add-properties' to 'false' to disable
2023-08-31 11:48:02.599 [restartedMain] INFO  [,] o.s.b.d.env.DevToolsPropertyDefaultsPostProcessor - For additional web related logging consider setting the 'logging.level.web' property to 'DEBUG'
2023-08-31 11:48:04.271 [restartedMain] INFO  [,] o.s.boot.web.embedded.tomcat.TomcatWebServer - Tomcat initialized with port(s): 8080 (http)
2023-08-31 11:48:04.279 [restartedMain] INFO  [,] org.apache.coyote.http11.Http11NioProtocol - Initializing ProtocolHandler ["http-nio-8080"]
2023-08-31 11:48:04.279 [restartedMain] INFO  [,] org.apache.catalina.core.StandardService - Starting service [Tomcat]
2023-08-31 11:48:04.280 [restartedMain] INFO  [,] org.apache.catalina.core.StandardEngine - Starting Servlet engine: [Apache Tomcat/9.0.41]
2023-08-31 11:48:04.282 [restartedMain] INFO  [,] org.apache.catalina.core.AprLifecycleListener - Loaded Apache Tomcat Native library [1.2.23] using APR version [1.7.0].
2023-08-31 11:48:04.282 [restartedMain] INFO  [,] org.apache.catalina.core.AprLifecycleListener - APR capabilities: IPv6 [true], sendfile [true], accept filters [false], random [true].
2023-08-31 11:48:04.282 [restartedMain] INFO  [,] org.apache.catalina.core.AprLifecycleListener - APR/OpenSSL configuration: useAprConnector [false], useOpenSSL [true]
2023-08-31 11:48:04.286 [restartedMain] INFO  [,] org.apache.catalina.core.AprLifecycleListener - OpenSSL successfully initialized [OpenSSL 1.1.1c  28 May 2019]
2023-08-31 11:48:04.375 [restartedMain] INFO  [,] o.a.c.c.C.[Tomcat].[localhost].[/benewake] - Initializing Spring embedded WebApplicationContext
2023-08-31 11:48:04.376 [restartedMain] INFO  [,] o.s.b.w.s.c.ServletWebServerApplicationContext - Root WebApplicationContext: initialization completed in 1777 ms
2023-08-31 11:48:07.140 [restartedMain] INFO  [,] o.s.scheduling.concurrent.ThreadPoolTaskExecutor - Initializing ExecutorService
2023-08-31 11:48:07.141 [restartedMain] INFO  [,] o.s.scheduling.concurrent.ThreadPoolTaskExecutor - Initializing ExecutorService 'asynExecutor'
2023-08-31 11:48:07.310 [restartedMain] INFO  [,] o.s.b.d.autoconfigure.OptionalLiveReloadServer - LiveReload server is running on port 35729
2023-08-31 11:48:08.118 [restartedMain] INFO  [,] org.apache.coyote.http11.Http11NioProtocol - Starting ProtocolHandler ["http-nio-8080"]
2023-08-31 11:48:08.139 [restartedMain] INFO  [,] o.s.boot.web.embedded.tomcat.TomcatWebServer - Tomcat started on port(s): 8080 (http) with context path '/benewake'
2023-08-31 11:48:08.586 [restartedMain] INFO  [,] c.b.saleordersystem.SaleOrderSystemApplication - Started SaleOrderSystemApplication in 6.606 seconds (JVM running for 9.358)
2023-08-31 11:48:14.973 [http-nio-8080-exec-1] INFO  [,] o.a.c.c.C.[Tomcat].[localhost].[/benewake] - Initializing Spring DispatcherServlet 'dispatcherServlet'
2023-08-31 11:48:14.973 [http-nio-8080-exec-1] INFO  [,] org.springframework.web.servlet.DispatcherServlet - Initializing Servlet 'dispatcherServlet'
2023-08-31 11:48:14.983 [http-nio-8080-exec-1] INFO  [,] org.springframework.web.servlet.DispatcherServlet - Completed initialization in 10 ms
2023-08-31 11:48:15.091 [http-nio-8080-exec-1] INFO  [,] com.zaxxer.hikari.HikariDataSource - HikariPool-1 - Starting...
2023-08-31 11:48:15.273 [http-nio-8080-exec-1] INFO  [,] com.zaxxer.hikari.HikariDataSource - HikariPool-1 - Start completed.
2023-08-31 11:48:15.348 [http-nio-8080-exec-1] INFO  [,] com.benewake.saleordersystem.aspect.LogAspect - 用户[0:0:0:0:0:0:0:1],在[2023-08-31 11:08:15],访问了[com.benewake.saleordersystem.controller.HomeController]的[logout]方法，参数为[[7acbbf64aec64d758f30e709fbaea15d]].
2023-08-31 11:48:18.536 [http-nio-8080-exec-5] INFO  [,] com.benewake.saleordersystem.aspect.LogAspect - 用户[0:0:0:0:0:0:0:1],在[2023-08-31 11:08:18],访问了[com.benewake.saleordersystem.controller.HomeController]的[login]方法，参数为[[User(id=null, username=王小溪, password=14021402wangxiaoxi, salt=null, userType=null, userConllection=null, ycvalue=null, xdvalue=null, prvalue=null), org.apache.catalina.connector.ResponseFacade@12e500ff]].
2023-08-31 11:48:21.987 [http-nio-8080-exec-3] INFO  [,] com.benewake.saleordersystem.aspect.LogAspect - 用户[0:0:0:0:0:0:0:1],在[2023-08-31 11:08:21],访问了[com.benewake.saleordersystem.controller.UserController]的[updateUserValues]方法，参数为[[{userID=1, ycValue=5, xdValue=6, prValue=7}]].
2023-08-31 11:48:28.375 [http-nio-8080-exec-2] INFO  [,] com.benewake.saleordersystem.aspect.LogAspect - 用户[0:0:0:0:0:0:0:1],在[2023-08-31 11:08:28],访问了[com.benewake.saleordersystem.controller.UserController]的[updateUserValues]方法，参数为[[{userID=1, ycValue=5, xdValue=6, prValue=7}]].
2023-08-31 11:49:45.424 [http-nio-8080-exec-8] INFO  [,] com.benewake.saleordersystem.aspect.LogAspect - 用户[0:0:0:0:0:0:0:1],在[2023-08-31 11:08:45],访问了[com.benewake.saleordersystem.controller.UserController]的[updateUserValues]方法，参数为[[{userID=1, ycValue=5, xdValue=6, prValue=7}]].
2023-08-31 11:49:52.109 [http-nio-8080-exec-9] INFO  [,] com.benewake.saleordersystem.aspect.LogAspect - 用户[0:0:0:0:0:0:0:1],在[2023-08-31 11:08:52],访问了[com.benewake.saleordersystem.controller.UserController]的[updateUserValues]方法，参数为[[{userID=1, ycValue=5, xdValue=6, prValue=7}]].
2023-08-31 13:37:36.653 [SpringContextShutdownHook] INFO  [,] o.s.scheduling.concurrent.ThreadPoolTaskExecutor - Shutting down ExecutorService 'asynExecutor'
2023-08-31 13:37:36.667 [SpringContextShutdownHook] INFO  [,] com.zaxxer.hikari.HikariDataSource - HikariPool-1 - Shutdown initiated...
2023-08-31 13:37:36.673 [SpringContextShutdownHook] INFO  [,] com.zaxxer.hikari.HikariDataSource - HikariPool-1 - Shutdown completed.
2023-08-31 13:37:59.592 [restartedMain] INFO  [,] c.b.saleordersystem.SaleOrderSystemApplication - Starting SaleOrderSystemApplication on DESKTOP-7M29D94 with PID 52364 (E:\北醒文件\测试版本\saleorder-system-main\target\classes started by DELL in E:\北醒文件\测试版本\saleorder-system-main)
2023-08-31 13:37:59.596 [restartedMain] INFO  [,] c.b.saleordersystem.SaleOrderSystemApplication - No active profile set, falling back to default profiles: default
2023-08-31 13:37:59.697 [restartedMain] INFO  [,] o.s.b.d.env.DevToolsPropertyDefaultsPostProcessor - Devtools property defaults active! Set 'spring.devtools.add-properties' to 'false' to disable
2023-08-31 13:37:59.698 [restartedMain] INFO  [,] o.s.b.d.env.DevToolsPropertyDefaultsPostProcessor - For additional web related logging consider setting the 'logging.level.web' property to 'DEBUG'
2023-08-31 13:38:03.730 [restartedMain] INFO  [,] o.s.boot.web.embedded.tomcat.TomcatWebServer - Tomcat initialized with port(s): 8080 (http)
2023-08-31 13:38:03.743 [restartedMain] INFO  [,] org.apache.coyote.http11.Http11NioProtocol - Initializing ProtocolHandler ["http-nio-8080"]
2023-08-31 13:38:03.743 [restartedMain] INFO  [,] org.apache.catalina.core.StandardService - Starting service [Tomcat]
2023-08-31 13:38:03.744 [restartedMain] INFO  [,] org.apache.catalina.core.StandardEngine - Starting Servlet engine: [Apache Tomcat/9.0.41]
2023-08-31 13:38:03.764 [restartedMain] INFO  [,] org.apache.catalina.core.AprLifecycleListener - Loaded Apache Tomcat Native library [1.2.23] using APR version [1.7.0].
2023-08-31 13:38:03.765 [restartedMain] INFO  [,] org.apache.catalina.core.AprLifecycleListener - APR capabilities: IPv6 [true], sendfile [true], accept filters [false], random [true].
2023-08-31 13:38:03.765 [restartedMain] INFO  [,] org.apache.catalina.core.AprLifecycleListener - APR/OpenSSL configuration: useAprConnector [false], useOpenSSL [true]
2023-08-31 13:38:03.778 [restartedMain] INFO  [,] org.apache.catalina.core.AprLifecycleListener - OpenSSL successfully initialized [OpenSSL 1.1.1c  28 May 2019]
2023-08-31 13:38:03.991 [restartedMain] INFO  [,] o.a.c.c.C.[Tomcat].[localhost].[/benewake] - Initializing Spring embedded WebApplicationContext
2023-08-31 13:38:03.991 [restartedMain] INFO  [,] o.s.b.w.s.c.ServletWebServerApplicationContext - Root WebApplicationContext: initialization completed in 4293 ms
2023-08-31 13:38:08.327 [restartedMain] INFO  [,] o.s.scheduling.concurrent.ThreadPoolTaskExecutor - Initializing ExecutorService
2023-08-31 13:38:08.329 [restartedMain] INFO  [,] o.s.scheduling.concurrent.ThreadPoolTaskExecutor - Initializing ExecutorService 'asynExecutor'
2023-08-31 13:38:08.520 [restartedMain] INFO  [,] o.s.b.d.autoconfigure.OptionalLiveReloadServer - LiveReload server is running on port 35729
2023-08-31 13:38:09.510 [restartedMain] INFO  [,] org.apache.coyote.http11.Http11NioProtocol - Starting ProtocolHandler ["http-nio-8080"]
2023-08-31 13:38:09.541 [restartedMain] INFO  [,] o.s.boot.web.embedded.tomcat.TomcatWebServer - Tomcat started on port(s): 8080 (http) with context path '/benewake'
2023-08-31 13:38:10.222 [restartedMain] INFO  [,] c.b.saleordersystem.SaleOrderSystemApplication - Started SaleOrderSystemApplication in 11.725 seconds (JVM running for 15.0)
2023-08-31 13:38:24.377 [http-nio-8080-exec-2] INFO  [,] o.a.c.c.C.[Tomcat].[localhost].[/benewake] - Initializing Spring DispatcherServlet 'dispatcherServlet'
2023-08-31 13:38:24.378 [http-nio-8080-exec-2] INFO  [,] org.springframework.web.servlet.DispatcherServlet - Initializing Servlet 'dispatcherServlet'
2023-08-31 13:38:24.398 [http-nio-8080-exec-2] INFO  [,] org.springframework.web.servlet.DispatcherServlet - Completed initialization in 20 ms
2023-08-31 13:38:24.534 [http-nio-8080-exec-2] INFO  [,] com.zaxxer.hikari.HikariDataSource - HikariPool-1 - Starting...
2023-08-31 13:38:24.814 [http-nio-8080-exec-2] INFO  [,] com.zaxxer.hikari.HikariDataSource - HikariPool-1 - Start completed.
2023-08-31 13:38:24.975 [http-nio-8080-exec-2] INFO  [,] com.benewake.saleordersystem.aspect.LogAspect - 用户[0:0:0:0:0:0:0:1],在[2023-08-31 13:08:24],访问了[com.benewake.saleordersystem.controller.UserController]的[updateUserValues]方法，参数为[[{userID=1, ycValue=5, xdValue=6, prValue=7}]].
2023-08-31 13:38:39.755 [http-nio-8080-exec-3] INFO  [,] com.benewake.saleordersystem.aspect.LogAspect - 用户[0:0:0:0:0:0:0:1],在[2023-08-31 13:08:39],访问了[com.benewake.saleordersystem.controller.UserController]的[updateUserValues]方法，参数为[[{userID=1, ycValue=5, xdValue=6, prValue=7}]].
2023-08-31 13:43:46.080 [http-nio-8080-exec-7] INFO  [,] com.benewake.saleordersystem.aspect.LogAspect - 用户[0:0:0:0:0:0:0:1],在[2023-08-31 13:08:46],访问了[com.benewake.saleordersystem.controller.UserController]的[updateUserValues]方法，参数为[[{userID=1, ycValue=5, xdValue=6, prValue=7}]].
2023-08-31 13:45:38.518 [SpringContextShutdownHook] INFO  [,] o.s.scheduling.concurrent.ThreadPoolTaskExecutor - Shutting down ExecutorService 'asynExecutor'
2023-08-31 13:45:38.524 [SpringContextShutdownHook] INFO  [,] com.zaxxer.hikari.HikariDataSource - HikariPool-1 - Shutdown initiated...
2023-08-31 13:45:38.537 [SpringContextShutdownHook] INFO  [,] com.zaxxer.hikari.HikariDataSource - HikariPool-1 - Shutdown completed.
2023-08-31 13:45:58.615 [restartedMain] INFO  [,] c.b.saleordersystem.SaleOrderSystemApplication - Starting SaleOrderSystemApplication on DESKTOP-7M29D94 with PID 110080 (E:\北醒文件\测试版本\saleorder-system-main\target\classes started by DELL in E:\北醒文件\测试版本\saleorder-system-main)
2023-08-31 13:45:58.620 [restartedMain] INFO  [,] c.b.saleordersystem.SaleOrderSystemApplication - No active profile set, falling back to default profiles: default
2023-08-31 13:45:58.770 [restartedMain] INFO  [,] o.s.b.d.env.DevToolsPropertyDefaultsPostProcessor - Devtools property defaults active! Set 'spring.devtools.add-properties' to 'false' to disable
2023-08-31 13:45:58.772 [restartedMain] INFO  [,] o.s.b.d.env.DevToolsPropertyDefaultsPostProcessor - For additional web related logging consider setting the 'logging.level.web' property to 'DEBUG'
2023-08-31 13:46:01.784 [restartedMain] INFO  [,] o.s.boot.web.embedded.tomcat.TomcatWebServer - Tomcat initialized with port(s): 8080 (http)
2023-08-31 13:46:01.793 [restartedMain] INFO  [,] org.apache.coyote.http11.Http11NioProtocol - Initializing ProtocolHandler ["http-nio-8080"]
2023-08-31 13:46:01.793 [restartedMain] INFO  [,] org.apache.catalina.core.StandardService - Starting service [Tomcat]
2023-08-31 13:46:01.793 [restartedMain] INFO  [,] org.apache.catalina.core.StandardEngine - Starting Servlet engine: [Apache Tomcat/9.0.41]
2023-08-31 13:46:01.797 [restartedMain] INFO  [,] org.apache.catalina.core.AprLifecycleListener - Loaded Apache Tomcat Native library [1.2.23] using APR version [1.7.0].
2023-08-31 13:46:01.798 [restartedMain] INFO  [,] org.apache.catalina.core.AprLifecycleListener - APR capabilities: IPv6 [true], sendfile [true], accept filters [false], random [true].
2023-08-31 13:46:01.798 [restartedMain] INFO  [,] org.apache.catalina.core.AprLifecycleListener - APR/OpenSSL configuration: useAprConnector [false], useOpenSSL [true]
2023-08-31 13:46:01.805 [restartedMain] INFO  [,] org.apache.catalina.core.AprLifecycleListener - OpenSSL successfully initialized [OpenSSL 1.1.1c  28 May 2019]
2023-08-31 13:46:01.953 [restartedMain] INFO  [,] o.a.c.c.C.[Tomcat].[localhost].[/benewake] - Initializing Spring embedded WebApplicationContext
2023-08-31 13:46:01.954 [restartedMain] INFO  [,] o.s.b.w.s.c.ServletWebServerApplicationContext - Root WebApplicationContext: initialization completed in 3178 ms
2023-08-31 13:46:06.747 [restartedMain] INFO  [,] o.s.scheduling.concurrent.ThreadPoolTaskExecutor - Initializing ExecutorService
2023-08-31 13:46:06.751 [restartedMain] INFO  [,] o.s.scheduling.concurrent.ThreadPoolTaskExecutor - Initializing ExecutorService 'asynExecutor'
2023-08-31 13:46:07.116 [restartedMain] INFO  [,] o.s.b.d.autoconfigure.OptionalLiveReloadServer - LiveReload server is running on port 35729
2023-08-31 13:46:08.355 [restartedMain] INFO  [,] org.apache.coyote.http11.Http11NioProtocol - Starting ProtocolHandler ["http-nio-8080"]
2023-08-31 13:46:08.395 [restartedMain] INFO  [,] o.s.boot.web.embedded.tomcat.TomcatWebServer - Tomcat started on port(s): 8080 (http) with context path '/benewake'
2023-08-31 13:46:09.344 [restartedMain] INFO  [,] c.b.saleordersystem.SaleOrderSystemApplication - Started SaleOrderSystemApplication in 11.692 seconds (JVM running for 15.842)
2023-08-31 13:46:18.019 [http-nio-8080-exec-2] INFO  [,] o.a.c.c.C.[Tomcat].[localhost].[/benewake] - Initializing Spring DispatcherServlet 'dispatcherServlet'
2023-08-31 13:46:18.020 [http-nio-8080-exec-2] INFO  [,] org.springframework.web.servlet.DispatcherServlet - Initializing Servlet 'dispatcherServlet'
2023-08-31 13:46:18.039 [http-nio-8080-exec-2] INFO  [,] org.springframework.web.servlet.DispatcherServlet - Completed initialization in 19 ms
2023-08-31 13:46:18.176 [http-nio-8080-exec-2] INFO  [,] com.zaxxer.hikari.HikariDataSource - HikariPool-1 - Starting...
2023-08-31 13:46:18.393 [http-nio-8080-exec-2] INFO  [,] com.zaxxer.hikari.HikariDataSource - HikariPool-1 - Start completed.
2023-08-31 13:46:18.552 [http-nio-8080-exec-2] INFO  [,] com.benewake.saleordersystem.aspect.LogAspect - 用户[0:0:0:0:0:0:0:1],在[2023-08-31 13:08:18],访问了[com.benewake.saleordersystem.controller.UserController]的[updateUserValues]方法，参数为[[{userID=1, ycValue=5, xdValue=6, prValue=7}]].
2023-08-31 13:59:41.844 [SpringContextShutdownHook] INFO  [,] o.s.scheduling.concurrent.ThreadPoolTaskExecutor - Shutting down ExecutorService 'asynExecutor'
2023-08-31 13:59:41.848 [SpringContextShutdownHook] INFO  [,] com.zaxxer.hikari.HikariDataSource - HikariPool-1 - Shutdown initiated...
2023-08-31 13:59:41.855 [SpringContextShutdownHook] INFO  [,] com.zaxxer.hikari.HikariDataSource - HikariPool-1 - Shutdown completed.
2023-08-31 13:59:55.578 [restartedMain] INFO  [,] c.b.saleordersystem.SaleOrderSystemApplication - Starting SaleOrderSystemApplication on DESKTOP-7M29D94 with PID 98444 (E:\北醒文件\测试版本\saleorder-system-main\target\classes started by DELL in E:\北醒文件\测试版本\saleorder-system-main)
2023-08-31 13:59:55.581 [restartedMain] INFO  [,] c.b.saleordersystem.SaleOrderSystemApplication - No active profile set, falling back to default profiles: default
2023-08-31 13:59:55.650 [restartedMain] INFO  [,] o.s.b.d.env.DevToolsPropertyDefaultsPostProcessor - Devtools property defaults active! Set 'spring.devtools.add-properties' to 'false' to disable
2023-08-31 13:59:55.650 [restartedMain] INFO  [,] o.s.b.d.env.DevToolsPropertyDefaultsPostProcessor - For additional web related logging consider setting the 'logging.level.web' property to 'DEBUG'
2023-08-31 13:59:57.280 [restartedMain] INFO  [,] o.s.boot.web.embedded.tomcat.TomcatWebServer - Tomcat initialized with port(s): 8080 (http)
2023-08-31 13:59:57.288 [restartedMain] INFO  [,] org.apache.coyote.http11.Http11NioProtocol - Initializing ProtocolHandler ["http-nio-8080"]
2023-08-31 13:59:57.288 [restartedMain] INFO  [,] org.apache.catalina.core.StandardService - Starting service [Tomcat]
2023-08-31 13:59:57.288 [restartedMain] INFO  [,] org.apache.catalina.core.StandardEngine - Starting Servlet engine: [Apache Tomcat/9.0.41]
2023-08-31 13:59:57.290 [restartedMain] INFO  [,] org.apache.catalina.core.AprLifecycleListener - Loaded Apache Tomcat Native library [1.2.23] using APR version [1.7.0].
2023-08-31 13:59:57.290 [restartedMain] INFO  [,] org.apache.catalina.core.AprLifecycleListener - APR capabilities: IPv6 [true], sendfile [true], accept filters [false], random [true].
2023-08-31 13:59:57.290 [restartedMain] INFO  [,] org.apache.catalina.core.AprLifecycleListener - APR/OpenSSL configuration: useAprConnector [false], useOpenSSL [true]
2023-08-31 13:59:57.294 [restartedMain] INFO  [,] org.apache.catalina.core.AprLifecycleListener - OpenSSL successfully initialized [OpenSSL 1.1.1c  28 May 2019]
2023-08-31 13:59:57.383 [restartedMain] INFO  [,] o.a.c.c.C.[Tomcat].[localhost].[/benewake] - Initializing Spring embedded WebApplicationContext
2023-08-31 13:59:57.383 [restartedMain] INFO  [,] o.s.b.w.s.c.ServletWebServerApplicationContext - Root WebApplicationContext: initialization completed in 1732 ms
2023-08-31 14:00:00.460 [restartedMain] INFO  [,] o.s.scheduling.concurrent.ThreadPoolTaskExecutor - Initializing ExecutorService
2023-08-31 14:00:00.462 [restartedMain] INFO  [,] o.s.scheduling.concurrent.ThreadPoolTaskExecutor - Initializing ExecutorService 'asynExecutor'
2023-08-31 14:00:00.608 [restartedMain] INFO  [,] o.s.b.d.autoconfigure.OptionalLiveReloadServer - LiveReload server is running on port 35729
2023-08-31 14:00:01.275 [restartedMain] INFO  [,] org.apache.coyote.http11.Http11NioProtocol - Starting ProtocolHandler ["http-nio-8080"]
2023-08-31 14:00:01.295 [restartedMain] INFO  [,] o.s.boot.web.embedded.tomcat.TomcatWebServer - Tomcat started on port(s): 8080 (http) with context path '/benewake'
2023-08-31 14:00:01.660 [restartedMain] INFO  [,] c.b.saleordersystem.SaleOrderSystemApplication - Started SaleOrderSystemApplication in 6.658 seconds (JVM running for 9.01)
2023-08-31 14:00:10.415 [http-nio-8080-exec-1] INFO  [,] o.a.c.c.C.[Tomcat].[localhost].[/benewake] - Initializing Spring DispatcherServlet 'dispatcherServlet'
2023-08-31 14:00:10.415 [http-nio-8080-exec-1] INFO  [,] org.springframework.web.servlet.DispatcherServlet - Initializing Servlet 'dispatcherServlet'
2023-08-31 14:00:10.425 [http-nio-8080-exec-1] INFO  [,] org.springframework.web.servlet.DispatcherServlet - Completed initialization in 10 ms
2023-08-31 14:00:10.492 [http-nio-8080-exec-1] INFO  [,] com.zaxxer.hikari.HikariDataSource - HikariPool-1 - Starting...
2023-08-31 14:00:10.607 [http-nio-8080-exec-1] INFO  [,] com.zaxxer.hikari.HikariDataSource - HikariPool-1 - Start completed.
2023-08-31 14:00:10.709 [http-nio-8080-exec-1] INFO  [,] com.benewake.saleordersystem.aspect.LogAspect - 用户[0:0:0:0:0:0:0:1],在[2023-08-31 14:08:10],访问了[com.benewake.saleordersystem.controller.UserController]的[updateUserValues]方法，参数为[[{userID=1, ycValue=5, xdValue=6, prValue=7}]].
2023-08-31 14:00:21.637 [http-nio-8080-exec-2] INFO  [,] com.benewake.saleordersystem.aspect.LogAspect - 用户[0:0:0:0:0:0:0:1],在[2023-08-31 14:08:21],访问了[com.benewake.saleordersystem.controller.UserController]的[updateUserValues]方法，参数为[[{userID=1, ycValue=5, xdValue=6, prValue=7}]].
2023-08-31 14:02:43.726 [SpringContextShutdownHook] INFO  [,] o.s.scheduling.concurrent.ThreadPoolTaskExecutor - Shutting down ExecutorService 'asynExecutor'
2023-08-31 14:02:43.730 [SpringContextShutdownHook] INFO  [,] com.zaxxer.hikari.HikariDataSource - HikariPool-1 - Shutdown initiated...
2023-08-31 14:02:43.736 [SpringContextShutdownHook] INFO  [,] com.zaxxer.hikari.HikariDataSource - HikariPool-1 - Shutdown completed.
2023-08-31 14:02:55.965 [restartedMain] INFO  [,] c.b.saleordersystem.SaleOrderSystemApplication - Starting SaleOrderSystemApplication on DESKTOP-7M29D94 with PID 109016 (E:\北醒文件\测试版本\saleorder-system-main\target\classes started by DELL in E:\北醒文件\测试版本\saleorder-system-main)
2023-08-31 14:02:55.975 [restartedMain] INFO  [,] c.b.saleordersystem.SaleOrderSystemApplication - No active profile set, falling back to default profiles: default
2023-08-31 14:02:56.142 [restartedMain] INFO  [,] o.s.b.d.env.DevToolsPropertyDefaultsPostProcessor - Devtools property defaults active! Set 'spring.devtools.add-properties' to 'false' to disable
2023-08-31 14:02:56.143 [restartedMain] INFO  [,] o.s.b.d.env.DevToolsPropertyDefaultsPostProcessor - For additional web related logging consider setting the 'logging.level.web' property to 'DEBUG'
2023-08-31 14:02:59.414 [restartedMain] INFO  [,] o.s.boot.web.embedded.tomcat.TomcatWebServer - Tomcat initialized with port(s): 8080 (http)
2023-08-31 14:02:59.424 [restartedMain] INFO  [,] org.apache.coyote.http11.Http11NioProtocol - Initializing ProtocolHandler ["http-nio-8080"]
2023-08-31 14:02:59.424 [restartedMain] INFO  [,] org.apache.catalina.core.StandardService - Starting service [Tomcat]
2023-08-31 14:02:59.425 [restartedMain] INFO  [,] org.apache.catalina.core.StandardEngine - Starting Servlet engine: [Apache Tomcat/9.0.41]
2023-08-31 14:02:59.427 [restartedMain] INFO  [,] org.apache.catalina.core.AprLifecycleListener - Loaded Apache Tomcat Native library [1.2.23] using APR version [1.7.0].
2023-08-31 14:02:59.427 [restartedMain] INFO  [,] org.apache.catalina.core.AprLifecycleListener - APR capabilities: IPv6 [true], sendfile [true], accept filters [false], random [true].
2023-08-31 14:02:59.427 [restartedMain] INFO  [,] org.apache.catalina.core.AprLifecycleListener - APR/OpenSSL configuration: useAprConnector [false], useOpenSSL [true]
2023-08-31 14:02:59.431 [restartedMain] INFO  [,] org.apache.catalina.core.AprLifecycleListener - OpenSSL successfully initialized [OpenSSL 1.1.1c  28 May 2019]
2023-08-31 14:02:59.559 [restartedMain] INFO  [,] o.a.c.c.C.[Tomcat].[localhost].[/benewake] - Initializing Spring embedded WebApplicationContext
2023-08-31 14:02:59.560 [restartedMain] INFO  [,] o.s.b.w.s.c.ServletWebServerApplicationContext - Root WebApplicationContext: initialization completed in 3410 ms
2023-08-31 14:03:03.083 [restartedMain] INFO  [,] o.s.scheduling.concurrent.ThreadPoolTaskExecutor - Initializing ExecutorService
2023-08-31 14:03:03.085 [restartedMain] INFO  [,] o.s.scheduling.concurrent.ThreadPoolTaskExecutor - Initializing ExecutorService 'asynExecutor'
2023-08-31 14:03:03.246 [restartedMain] INFO  [,] o.s.b.d.autoconfigure.OptionalLiveReloadServer - LiveReload server is running on port 35729
2023-08-31 14:03:04.012 [restartedMain] INFO  [,] org.apache.coyote.http11.Http11NioProtocol - Starting ProtocolHandler ["http-nio-8080"]
2023-08-31 14:03:04.033 [restartedMain] INFO  [,] o.s.boot.web.embedded.tomcat.TomcatWebServer - Tomcat started on port(s): 8080 (http) with context path '/benewake'
2023-08-31 14:03:04.464 [restartedMain] INFO  [,] c.b.saleordersystem.SaleOrderSystemApplication - Started SaleOrderSystemApplication in 9.332 seconds (JVM running for 11.903)
2023-08-31 14:03:08.673 [http-nio-8080-exec-3] INFO  [,] o.a.c.c.C.[Tomcat].[localhost].[/benewake] - Initializing Spring DispatcherServlet 'dispatcherServlet'
2023-08-31 14:03:08.674 [http-nio-8080-exec-3] INFO  [,] org.springframework.web.servlet.DispatcherServlet - Initializing Servlet 'dispatcherServlet'
2023-08-31 14:03:08.686 [http-nio-8080-exec-3] INFO  [,] org.springframework.web.servlet.DispatcherServlet - Completed initialization in 12 ms
2023-08-31 14:03:08.756 [http-nio-8080-exec-3] INFO  [,] com.zaxxer.hikari.HikariDataSource - HikariPool-1 - Starting...
2023-08-31 14:03:08.923 [http-nio-8080-exec-3] INFO  [,] com.zaxxer.hikari.HikariDataSource - HikariPool-1 - Start completed.
2023-08-31 14:03:09.030 [http-nio-8080-exec-3] INFO  [,] com.benewake.saleordersystem.aspect.LogAspect - 用户[0:0:0:0:0:0:0:1],在[2023-08-31 14:08:09],访问了[com.benewake.saleordersystem.controller.UserController]的[updateUserValues]方法，参数为[[{userID=1, ycValue=5, xdValue=6, prValue=7}]].
2023-08-31 14:03:48.461 [http-nio-8080-exec-2] INFO  [,] com.benewake.saleordersystem.aspect.LogAspect - 用户[0:0:0:0:0:0:0:1],在[2023-08-31 14:08:48],访问了[com.benewake.saleordersystem.controller.UserController]的[updateUserValues]方法，参数为[[{userID=1, ycValue=5, xdValue=6, prValue=7}]].
2023-08-31 14:04:03.600 [http-nio-8080-exec-4] INFO  [,] com.benewake.saleordersystem.aspect.LogAspect - 用户[0:0:0:0:0:0:0:1],在[2023-08-31 14:08:03],访问了[com.benewake.saleordersystem.controller.UserController]的[updateUserValues]方法，参数为[[{userID=1, ycValue=5, xdValue=6, prValue=7}]].
2023-08-31 14:04:58.257 [http-nio-8080-exec-5] INFO  [,] com.benewake.saleordersystem.aspect.LogAspect - 用户[0:0:0:0:0:0:0:1],在[2023-08-31 14:08:58],访问了[com.benewake.saleordersystem.controller.UserController]的[updateUserValues]方法，参数为[[{userid=1, ycValue=5, xdValue=6, prValue=7}]].
2023-08-31 14:05:04.042 [http-nio-8080-exec-6] INFO  [,] com.benewake.saleordersystem.aspect.LogAspect - 用户[0:0:0:0:0:0:0:1],在[2023-08-31 14:08:04],访问了[com.benewake.saleordersystem.controller.UserController]的[updateUserValues]方法，参数为[[{userid=1, ycValue=5, xdValue=6, prValue=7}]].
2023-08-31 14:07:03.110 [http-nio-8080-exec-8] INFO  [,] com.benewake.saleordersystem.aspect.LogAspect - 用户[0:0:0:0:0:0:0:1],在[2023-08-31 14:08:03],访问了[com.benewake.saleordersystem.controller.UserController]的[updateUserValues]方法，参数为[[{userid=1, ycValue=5, xdValue=6, prValue=7}]].
2023-08-31 14:07:08.665 [http-nio-8080-exec-10] INFO  [,] com.benewake.saleordersystem.aspect.LogAspect - 用户[0:0:0:0:0:0:0:1],在[2023-08-31 14:08:08],访问了[com.benewake.saleordersystem.controller.UserController]的[updateUserValues]方法，参数为[[{userid=1, ycValue=5, xdValue=6, prValue=7}]].
2023-08-31 14:12:18.815 [SpringContextShutdownHook] INFO  [,] o.s.scheduling.concurrent.ThreadPoolTaskExecutor - Shutting down ExecutorService 'asynExecutor'
2023-08-31 14:12:18.820 [SpringContextShutdownHook] INFO  [,] com.zaxxer.hikari.HikariDataSource - HikariPool-1 - Shutdown initiated...
2023-08-31 14:12:18.827 [SpringContextShutdownHook] INFO  [,] com.zaxxer.hikari.HikariDataSource - HikariPool-1 - Shutdown completed.
2023-08-31 14:12:32.301 [restartedMain] INFO  [,] c.b.saleordersystem.SaleOrderSystemApplication - Starting SaleOrderSystemApplication on DESKTOP-7M29D94 with PID 41364 (E:\北醒文件\测试版本\saleorder-system-main\target\classes started by DELL in E:\北醒文件\测试版本\saleorder-system-main)
2023-08-31 14:12:32.306 [restartedMain] INFO  [,] c.b.saleordersystem.SaleOrderSystemApplication - No active profile set, falling back to default profiles: default
2023-08-31 14:12:32.468 [restartedMain] INFO  [,] o.s.b.d.env.DevToolsPropertyDefaultsPostProcessor - Devtools property defaults active! Set 'spring.devtools.add-properties' to 'false' to disable
2023-08-31 14:12:32.469 [restartedMain] INFO  [,] o.s.b.d.env.DevToolsPropertyDefaultsPostProcessor - For additional web related logging consider setting the 'logging.level.web' property to 'DEBUG'
2023-08-31 14:12:36.393 [restartedMain] INFO  [,] o.s.boot.web.embedded.tomcat.TomcatWebServer - Tomcat initialized with port(s): 8080 (http)
2023-08-31 14:12:36.583 [restartedMain] INFO  [,] o.s.b.w.s.c.ServletWebServerApplicationContext - Root WebApplicationContext: initialization completed in 4113 ms
2023-08-31 14:12:40.368 [restartedMain] INFO  [,] o.s.scheduling.concurrent.ThreadPoolTaskExecutor - Initializing ExecutorService
2023-08-31 14:12:40.370 [restartedMain] INFO  [,] o.s.scheduling.concurrent.ThreadPoolTaskExecutor - Initializing ExecutorService 'asynExecutor'
2023-08-31 14:12:40.564 [restartedMain] INFO  [,] o.s.b.d.autoconfigure.OptionalLiveReloadServer - LiveReload server is running on port 35729
2023-08-31 14:12:41.309 [restartedMain] INFO  [,] o.s.boot.web.embedded.tomcat.TomcatWebServer - Tomcat started on port(s): 8080 (http) with context path '/benewake'
2023-08-31 14:12:41.711 [restartedMain] INFO  [,] c.b.saleordersystem.SaleOrderSystemApplication - Started SaleOrderSystemApplication in 10.396 seconds (JVM running for 13.623)
2023-08-31 14:12:42.415 [SpringContextShutdownHook] INFO  [,] o.s.scheduling.concurrent.ThreadPoolTaskExecutor - Shutting down ExecutorService 'asynExecutor'
2023-08-31 14:12:55.697 [restartedMain] INFO  [,] c.b.saleordersystem.SaleOrderSystemApplication - Starting SaleOrderSystemApplication on DESKTOP-7M29D94 with PID 108796 (E:\北醒文件\测试版本\saleorder-system-main\target\classes started by DELL in E:\北醒文件\测试版本\saleorder-system-main)
2023-08-31 14:12:55.700 [restartedMain] INFO  [,] c.b.saleordersystem.SaleOrderSystemApplication - No active profile set, falling back to default profiles: default
2023-08-31 14:12:55.783 [restartedMain] INFO  [,] o.s.b.d.env.DevToolsPropertyDefaultsPostProcessor - Devtools property defaults active! Set 'spring.devtools.add-properties' to 'false' to disable
2023-08-31 14:12:55.783 [restartedMain] INFO  [,] o.s.b.d.env.DevToolsPropertyDefaultsPostProcessor - For additional web related logging consider setting the 'logging.level.web' property to 'DEBUG'
2023-08-31 14:12:57.525 [restartedMain] INFO  [,] o.s.boot.web.embedded.tomcat.TomcatWebServer - Tomcat initialized with port(s): 8080 (http)
2023-08-31 14:12:57.532 [restartedMain] INFO  [,] org.apache.coyote.http11.Http11NioProtocol - Initializing ProtocolHandler ["http-nio-8080"]
2023-08-31 14:12:57.533 [restartedMain] INFO  [,] org.apache.catalina.core.StandardService - Starting service [Tomcat]
2023-08-31 14:12:57.533 [restartedMain] INFO  [,] org.apache.catalina.core.StandardEngine - Starting Servlet engine: [Apache Tomcat/9.0.41]
2023-08-31 14:12:57.535 [restartedMain] INFO  [,] org.apache.catalina.core.AprLifecycleListener - Loaded Apache Tomcat Native library [1.2.23] using APR version [1.7.0].
2023-08-31 14:12:57.535 [restartedMain] INFO  [,] org.apache.catalina.core.AprLifecycleListener - APR capabilities: IPv6 [true], sendfile [true], accept filters [false], random [true].
2023-08-31 14:12:57.535 [restartedMain] INFO  [,] org.apache.catalina.core.AprLifecycleListener - APR/OpenSSL configuration: useAprConnector [false], useOpenSSL [true]
2023-08-31 14:12:57.540 [restartedMain] INFO  [,] org.apache.catalina.core.AprLifecycleListener - OpenSSL successfully initialized [OpenSSL 1.1.1c  28 May 2019]
2023-08-31 14:12:57.638 [restartedMain] INFO  [,] o.a.c.c.C.[Tomcat].[localhost].[/benewake] - Initializing Spring embedded WebApplicationContext
2023-08-31 14:12:57.638 [restartedMain] INFO  [,] o.s.b.w.s.c.ServletWebServerApplicationContext - Root WebApplicationContext: initialization completed in 1855 ms
2023-08-31 14:13:00.608 [restartedMain] INFO  [,] o.s.scheduling.concurrent.ThreadPoolTaskExecutor - Initializing ExecutorService
2023-08-31 14:13:00.609 [restartedMain] INFO  [,] o.s.scheduling.concurrent.ThreadPoolTaskExecutor - Initializing ExecutorService 'asynExecutor'
2023-08-31 14:13:00.748 [restartedMain] INFO  [,] o.s.b.d.autoconfigure.OptionalLiveReloadServer - LiveReload server is running on port 35729
2023-08-31 14:13:01.390 [restartedMain] INFO  [,] org.apache.coyote.http11.Http11NioProtocol - Starting ProtocolHandler ["http-nio-8080"]
2023-08-31 14:13:01.410 [restartedMain] INFO  [,] o.s.boot.web.embedded.tomcat.TomcatWebServer - Tomcat started on port(s): 8080 (http) with context path '/benewake'
2023-08-31 14:13:01.795 [restartedMain] INFO  [,] c.b.saleordersystem.SaleOrderSystemApplication - Started SaleOrderSystemApplication in 6.988 seconds (JVM running for 10.124)
2023-08-31 14:13:06.275 [http-nio-8080-exec-2] INFO  [,] o.a.c.c.C.[Tomcat].[localhost].[/benewake] - Initializing Spring DispatcherServlet 'dispatcherServlet'
2023-08-31 14:13:06.276 [http-nio-8080-exec-2] INFO  [,] org.springframework.web.servlet.DispatcherServlet - Initializing Servlet 'dispatcherServlet'
2023-08-31 14:13:06.287 [http-nio-8080-exec-2] INFO  [,] org.springframework.web.servlet.DispatcherServlet - Completed initialization in 11 ms
2023-08-31 14:13:06.540 [http-nio-8080-exec-2] INFO  [,] com.zaxxer.hikari.HikariDataSource - HikariPool-1 - Starting...
2023-08-31 14:13:06.752 [http-nio-8080-exec-2] INFO  [,] com.zaxxer.hikari.HikariDataSource - HikariPool-1 - Start completed.
2023-08-31 14:13:06.902 [http-nio-8080-exec-2] INFO  [,] com.benewake.saleordersystem.aspect.LogAspect - 用户[0:0:0:0:0:0:0:1],在[2023-08-31 14:08:06],访问了[com.benewake.saleordersystem.controller.UserController]的[updateUserValues]方法，参数为[[{userid=1, ycValue=5, xdValue=6, prValue=7}]].
2023-08-31 14:17:00.982 [SpringContextShutdownHook] INFO  [,] o.s.scheduling.concurrent.ThreadPoolTaskExecutor - Shutting down ExecutorService 'asynExecutor'
2023-08-31 14:17:00.985 [SpringContextShutdownHook] INFO  [,] com.zaxxer.hikari.HikariDataSource - HikariPool-1 - Shutdown initiated...
2023-08-31 14:17:00.992 [SpringContextShutdownHook] INFO  [,] com.zaxxer.hikari.HikariDataSource - HikariPool-1 - Shutdown completed.
2023-08-31 14:17:12.203 [restartedMain] INFO  [,] c.b.saleordersystem.SaleOrderSystemApplication - Starting SaleOrderSystemApplication on DESKTOP-7M29D94 with PID 110088 (E:\北醒文件\测试版本\saleorder-system-main\target\classes started by DELL in E:\北醒文件\测试版本\saleorder-system-main)
2023-08-31 14:17:12.206 [restartedMain] INFO  [,] c.b.saleordersystem.SaleOrderSystemApplication - No active profile set, falling back to default profiles: default
2023-08-31 14:17:12.296 [restartedMain] INFO  [,] o.s.b.d.env.DevToolsPropertyDefaultsPostProcessor - Devtools property defaults active! Set 'spring.devtools.add-properties' to 'false' to disable
2023-08-31 14:17:12.297 [restartedMain] INFO  [,] o.s.b.d.env.DevToolsPropertyDefaultsPostProcessor - For additional web related logging consider setting the 'logging.level.web' property to 'DEBUG'
2023-08-31 14:17:14.275 [restartedMain] INFO  [,] o.s.boot.web.embedded.tomcat.TomcatWebServer - Tomcat initialized with port(s): 8080 (http)
2023-08-31 14:17:14.283 [restartedMain] INFO  [,] org.apache.coyote.http11.Http11NioProtocol - Initializing ProtocolHandler ["http-nio-8080"]
2023-08-31 14:17:14.284 [restartedMain] INFO  [,] org.apache.catalina.core.StandardService - Starting service [Tomcat]
2023-08-31 14:17:14.284 [restartedMain] INFO  [,] org.apache.catalina.core.StandardEngine - Starting Servlet engine: [Apache Tomcat/9.0.41]
2023-08-31 14:17:14.286 [restartedMain] INFO  [,] org.apache.catalina.core.AprLifecycleListener - Loaded Apache Tomcat Native library [1.2.23] using APR version [1.7.0].
2023-08-31 14:17:14.286 [restartedMain] INFO  [,] org.apache.catalina.core.AprLifecycleListener - APR capabilities: IPv6 [true], sendfile [true], accept filters [false], random [true].
2023-08-31 14:17:14.286 [restartedMain] INFO  [,] org.apache.catalina.core.AprLifecycleListener - APR/OpenSSL configuration: useAprConnector [false], useOpenSSL [true]
2023-08-31 14:17:14.290 [restartedMain] INFO  [,] org.apache.catalina.core.AprLifecycleListener - OpenSSL successfully initialized [OpenSSL 1.1.1c  28 May 2019]
2023-08-31 14:17:14.387 [restartedMain] INFO  [,] o.a.c.c.C.[Tomcat].[localhost].[/benewake] - Initializing Spring embedded WebApplicationContext
2023-08-31 14:17:14.387 [restartedMain] INFO  [,] o.s.b.w.s.c.ServletWebServerApplicationContext - Root WebApplicationContext: initialization completed in 2089 ms
2023-08-31 14:17:17.232 [restartedMain] INFO  [,] o.s.scheduling.concurrent.ThreadPoolTaskExecutor - Initializing ExecutorService
2023-08-31 14:17:17.233 [restartedMain] INFO  [,] o.s.scheduling.concurrent.ThreadPoolTaskExecutor - Initializing ExecutorService 'asynExecutor'
2023-08-31 14:17:17.371 [restartedMain] INFO  [,] o.s.b.d.autoconfigure.OptionalLiveReloadServer - LiveReload server is running on port 35729
2023-08-31 14:17:18.017 [restartedMain] INFO  [,] org.apache.coyote.http11.Http11NioProtocol - Starting ProtocolHandler ["http-nio-8080"]
2023-08-31 14:17:18.036 [restartedMain] INFO  [,] o.s.boot.web.embedded.tomcat.TomcatWebServer - Tomcat started on port(s): 8080 (http) with context path '/benewake'
2023-08-31 14:17:18.406 [restartedMain] INFO  [,] c.b.saleordersystem.SaleOrderSystemApplication - Started SaleOrderSystemApplication in 6.798 seconds (JVM running for 9.044)
2023-08-31 14:19:02.914 [http-nio-8080-exec-4] INFO  [,] o.a.c.c.C.[Tomcat].[localhost].[/benewake] - Initializing Spring DispatcherServlet 'dispatcherServlet'
2023-08-31 14:19:02.914 [http-nio-8080-exec-4] INFO  [,] org.springframework.web.servlet.DispatcherServlet - Initializing Servlet 'dispatcherServlet'
2023-08-31 14:19:02.924 [http-nio-8080-exec-4] INFO  [,] org.springframework.web.servlet.DispatcherServlet - Completed initialization in 10 ms
2023-08-31 14:19:02.998 [http-nio-8080-exec-4] INFO  [,] com.zaxxer.hikari.HikariDataSource - HikariPool-1 - Starting...
2023-08-31 14:19:03.119 [http-nio-8080-exec-4] INFO  [,] com.zaxxer.hikari.HikariDataSource - HikariPool-1 - Start completed.
2023-08-31 14:19:03.221 [http-nio-8080-exec-4] INFO  [,] com.benewake.saleordersystem.aspect.LogAspect - 用户[0:0:0:0:0:0:0:1],在[2023-08-31 14:08:03],访问了[com.benewake.saleordersystem.controller.UserController]的[updateUserValues]方法，参数为[[{userid=1, ycValue=, xdValue=6, prValue=7}]].
2023-08-31 14:19:38.031 [http-nio-8080-exec-6] INFO  [,] com.benewake.saleordersystem.aspect.LogAspect - 用户[0:0:0:0:0:0:0:1],在[2023-08-31 14:08:38],访问了[com.benewake.saleordersystem.controller.UserController]的[updateUserValues]方法，参数为[[{userid=1, ycValue=3, xdValue=6, prValue=7}]].
2023-08-31 14:20:29.229 [SpringContextShutdownHook] INFO  [,] o.s.scheduling.concurrent.ThreadPoolTaskExecutor - Shutting down ExecutorService 'asynExecutor'
2023-08-31 14:20:29.234 [SpringContextShutdownHook] INFO  [,] com.zaxxer.hikari.HikariDataSource - HikariPool-1 - Shutdown initiated...
2023-08-31 14:20:29.240 [SpringContextShutdownHook] INFO  [,] com.zaxxer.hikari.HikariDataSource - HikariPool-1 - Shutdown completed.
2023-08-31 14:20:43.603 [restartedMain] INFO  [,] c.b.saleordersystem.SaleOrderSystemApplication - Starting SaleOrderSystemApplication on DESKTOP-7M29D94 with PID 106196 (E:\北醒文件\测试版本\saleorder-system-main\target\classes started by DELL in E:\北醒文件\测试版本\saleorder-system-main)
2023-08-31 14:20:43.606 [restartedMain] INFO  [,] c.b.saleordersystem.SaleOrderSystemApplication - No active profile set, falling back to default profiles: default
2023-08-31 14:20:43.683 [restartedMain] INFO  [,] o.s.b.d.env.DevToolsPropertyDefaultsPostProcessor - Devtools property defaults active! Set 'spring.devtools.add-properties' to 'false' to disable
2023-08-31 14:20:43.684 [restartedMain] INFO  [,] o.s.b.d.env.DevToolsPropertyDefaultsPostProcessor - For additional web related logging consider setting the 'logging.level.web' property to 'DEBUG'
2023-08-31 14:20:45.599 [restartedMain] INFO  [,] o.s.boot.web.embedded.tomcat.TomcatWebServer - Tomcat initialized with port(s): 8080 (http)
2023-08-31 14:20:45.609 [restartedMain] INFO  [,] org.apache.coyote.http11.Http11NioProtocol - Initializing ProtocolHandler ["http-nio-8080"]
2023-08-31 14:20:45.610 [restartedMain] INFO  [,] org.apache.catalina.core.StandardService - Starting service [Tomcat]
2023-08-31 14:20:45.610 [restartedMain] INFO  [,] org.apache.catalina.core.StandardEngine - Starting Servlet engine: [Apache Tomcat/9.0.41]
2023-08-31 14:20:45.613 [restartedMain] INFO  [,] org.apache.catalina.core.AprLifecycleListener - Loaded Apache Tomcat Native library [1.2.23] using APR version [1.7.0].
2023-08-31 14:20:45.613 [restartedMain] INFO  [,] org.apache.catalina.core.AprLifecycleListener - APR capabilities: IPv6 [true], sendfile [true], accept filters [false], random [true].
2023-08-31 14:20:45.613 [restartedMain] INFO  [,] org.apache.catalina.core.AprLifecycleListener - APR/OpenSSL configuration: useAprConnector [false], useOpenSSL [true]
2023-08-31 14:20:45.618 [restartedMain] INFO  [,] org.apache.catalina.core.AprLifecycleListener - OpenSSL successfully initialized [OpenSSL 1.1.1c  28 May 2019]
2023-08-31 14:20:45.723 [restartedMain] INFO  [,] o.a.c.c.C.[Tomcat].[localhost].[/benewake] - Initializing Spring embedded WebApplicationContext
2023-08-31 14:20:45.723 [restartedMain] INFO  [,] o.s.b.w.s.c.ServletWebServerApplicationContext - Root WebApplicationContext: initialization completed in 2038 ms
2023-08-31 14:20:48.689 [restartedMain] INFO  [,] o.s.scheduling.concurrent.ThreadPoolTaskExecutor - Initializing ExecutorService
2023-08-31 14:20:48.691 [restartedMain] INFO  [,] o.s.scheduling.concurrent.ThreadPoolTaskExecutor - Initializing ExecutorService 'asynExecutor'
2023-08-31 14:20:48.839 [restartedMain] INFO  [,] o.s.b.d.autoconfigure.OptionalLiveReloadServer - LiveReload server is running on port 35729
2023-08-31 14:20:49.490 [restartedMain] INFO  [,] org.apache.coyote.http11.Http11NioProtocol - Starting ProtocolHandler ["http-nio-8080"]
2023-08-31 14:20:49.509 [restartedMain] INFO  [,] o.s.boot.web.embedded.tomcat.TomcatWebServer - Tomcat started on port(s): 8080 (http) with context path '/benewake'
2023-08-31 14:20:49.893 [restartedMain] INFO  [,] c.b.saleordersystem.SaleOrderSystemApplication - Started SaleOrderSystemApplication in 6.865 seconds (JVM running for 9.104)
2023-08-31 14:21:13.832 [http-nio-8080-exec-2] INFO  [,] o.a.c.c.C.[Tomcat].[localhost].[/benewake] - Initializing Spring DispatcherServlet 'dispatcherServlet'
2023-08-31 14:21:13.833 [http-nio-8080-exec-2] INFO  [,] org.springframework.web.servlet.DispatcherServlet - Initializing Servlet 'dispatcherServlet'
2023-08-31 14:21:13.846 [http-nio-8080-exec-2] INFO  [,] org.springframework.web.servlet.DispatcherServlet - Completed initialization in 13 ms
2023-08-31 14:21:13.937 [http-nio-8080-exec-2] INFO  [,] com.zaxxer.hikari.HikariDataSource - HikariPool-1 - Starting...
2023-08-31 14:21:14.068 [http-nio-8080-exec-2] INFO  [,] com.zaxxer.hikari.HikariDataSource - HikariPool-1 - Start completed.
2023-08-31 14:21:14.159 [http-nio-8080-exec-2] INFO  [,] com.benewake.saleordersystem.aspect.LogAspect - 用户[0:0:0:0:0:0:0:1],在[2023-08-31 14:08:14],访问了[com.benewake.saleordersystem.controller.UserController]的[updateUserValues]方法，参数为[[{userid=1, ycValue=3, xdValue=6, prValue=9}]].
2023-08-31 14:21:21.741 [http-nio-8080-exec-3] INFO  [,] com.benewake.saleordersystem.aspect.LogAspect - 用户[0:0:0:0:0:0:0:1],在[2023-08-31 14:08:21],访问了[com.benewake.saleordersystem.controller.UserController]的[updateUserValues]方法，参数为[[{userid=1, ycValue=, xdValue=6, prValue=9}]].
2023-08-31 14:21:34.007 [http-nio-8080-exec-6] INFO  [,] com.benewake.saleordersystem.aspect.LogAspect - 用户[0:0:0:0:0:0:0:1],在[2023-08-31 14:08:34],访问了[com.benewake.saleordersystem.controller.UserController]的[updateUserValues]方法，参数为[[{userid=1, ycValue=, xdValue=6, prValue=9}]].
2023-08-31 14:22:44.014 [http-nio-8080-exec-7] INFO  [,] com.benewake.saleordersystem.aspect.LogAspect - 用户[0:0:0:0:0:0:0:1],在[2023-08-31 14:08:44],访问了[com.benewake.saleordersystem.controller.UserController]的[updateUserValues]方法，参数为[[{userid=1, ycValue= , xdValue=6, prValue=9}]].
2023-08-31 14:22:51.240 [SpringContextShutdownHook] INFO  [,] o.s.scheduling.concurrent.ThreadPoolTaskExecutor - Shutting down ExecutorService 'asynExecutor'
2023-08-31 14:22:51.245 [SpringContextShutdownHook] INFO  [,] com.zaxxer.hikari.HikariDataSource - HikariPool-1 - Shutdown initiated...
2023-08-31 14:22:51.247 [SpringContextShutdownHook] INFO  [,] com.zaxxer.hikari.HikariDataSource - HikariPool-1 - Shutdown completed.
2023-08-31 14:23:01.887 [restartedMain] INFO  [,] c.b.saleordersystem.SaleOrderSystemApplication - Starting SaleOrderSystemApplication on DESKTOP-7M29D94 with PID 105540 (E:\北醒文件\测试版本\saleorder-system-main\target\classes started by DELL in E:\北醒文件\测试版本\saleorder-system-main)
2023-08-31 14:23:01.890 [restartedMain] INFO  [,] c.b.saleordersystem.SaleOrderSystemApplication - No active profile set, falling back to default profiles: default
2023-08-31 14:23:01.946 [restartedMain] INFO  [,] o.s.b.d.env.DevToolsPropertyDefaultsPostProcessor - Devtools property defaults active! Set 'spring.devtools.add-properties' to 'false' to disable
2023-08-31 14:23:01.947 [restartedMain] INFO  [,] o.s.b.d.env.DevToolsPropertyDefaultsPostProcessor - For additional web related logging consider setting the 'logging.level.web' property to 'DEBUG'
2023-08-31 14:23:03.628 [restartedMain] INFO  [,] o.s.boot.web.embedded.tomcat.TomcatWebServer - Tomcat initialized with port(s): 8080 (http)
2023-08-31 14:23:03.636 [restartedMain] INFO  [,] org.apache.coyote.http11.Http11NioProtocol - Initializing ProtocolHandler ["http-nio-8080"]
2023-08-31 14:23:03.636 [restartedMain] INFO  [,] org.apache.catalina.core.StandardService - Starting service [Tomcat]
2023-08-31 14:23:03.637 [restartedMain] INFO  [,] org.apache.catalina.core.StandardEngine - Starting Servlet engine: [Apache Tomcat/9.0.41]
2023-08-31 14:23:03.638 [restartedMain] INFO  [,] org.apache.catalina.core.AprLifecycleListener - Loaded Apache Tomcat Native library [1.2.23] using APR version [1.7.0].
2023-08-31 14:23:03.639 [restartedMain] INFO  [,] org.apache.catalina.core.AprLifecycleListener - APR capabilities: IPv6 [true], sendfile [true], accept filters [false], random [true].
2023-08-31 14:23:03.639 [restartedMain] INFO  [,] org.apache.catalina.core.AprLifecycleListener - APR/OpenSSL configuration: useAprConnector [false], useOpenSSL [true]
2023-08-31 14:23:03.642 [restartedMain] INFO  [,] org.apache.catalina.core.AprLifecycleListener - OpenSSL successfully initialized [OpenSSL 1.1.1c  28 May 2019]
2023-08-31 14:23:03.729 [restartedMain] INFO  [,] o.a.c.c.C.[Tomcat].[localhost].[/benewake] - Initializing Spring embedded WebApplicationContext
2023-08-31 14:23:03.730 [restartedMain] INFO  [,] o.s.b.w.s.c.ServletWebServerApplicationContext - Root WebApplicationContext: initialization completed in 1783 ms
2023-08-31 14:23:06.792 [restartedMain] INFO  [,] o.s.scheduling.concurrent.ThreadPoolTaskExecutor - Initializing ExecutorService
2023-08-31 14:23:06.793 [restartedMain] INFO  [,] o.s.scheduling.concurrent.ThreadPoolTaskExecutor - Initializing ExecutorService 'asynExecutor'
2023-08-31 14:23:06.943 [restartedMain] INFO  [,] o.s.b.d.autoconfigure.OptionalLiveReloadServer - LiveReload server is running on port 35729
2023-08-31 14:23:07.778 [restartedMain] INFO  [,] org.apache.coyote.http11.Http11NioProtocol - Starting ProtocolHandler ["http-nio-8080"]
2023-08-31 14:23:07.802 [restartedMain] INFO  [,] o.s.boot.web.embedded.tomcat.TomcatWebServer - Tomcat started on port(s): 8080 (http) with context path '/benewake'
2023-08-31 14:23:08.279 [restartedMain] INFO  [,] c.b.saleordersystem.SaleOrderSystemApplication - Started SaleOrderSystemApplication in 6.979 seconds (JVM running for 9.242)
2023-08-31 14:23:15.731 [http-nio-8080-exec-1] INFO  [,] o.a.c.c.C.[Tomcat].[localhost].[/benewake] - Initializing Spring DispatcherServlet 'dispatcherServlet'
2023-08-31 14:23:15.731 [http-nio-8080-exec-1] INFO  [,] org.springframework.web.servlet.DispatcherServlet - Initializing Servlet 'dispatcherServlet'
2023-08-31 14:23:15.741 [http-nio-8080-exec-1] INFO  [,] org.springframework.web.servlet.DispatcherServlet - Completed initialization in 10 ms
2023-08-31 14:23:15.811 [http-nio-8080-exec-1] INFO  [,] com.zaxxer.hikari.HikariDataSource - HikariPool-1 - Starting...
2023-08-31 14:23:15.926 [http-nio-8080-exec-1] INFO  [,] com.zaxxer.hikari.HikariDataSource - HikariPool-1 - Start completed.
2023-08-31 14:23:16.014 [http-nio-8080-exec-1] INFO  [,] com.benewake.saleordersystem.aspect.LogAspect - 用户[0:0:0:0:0:0:0:1],在[2023-08-31 14:08:16],访问了[com.benewake.saleordersystem.controller.UserController]的[updateUserValues]方法，参数为[[{userid=1, ycValue= , xdValue=6, prValue=9}]].
2023-08-31 14:26:48.906 [http-nio-8080-exec-5] INFO  [,] com.benewake.saleordersystem.aspect.LogAspect - 用户[0:0:0:0:0:0:0:1],在[2023-08-31 14:08:48],访问了[com.benewake.saleordersystem.controller.UserController]的[updateUserValues]方法，参数为[[{userid=5, ycValue=2 , xdValue=6, prValue=9}]].
2023-08-31 14:26:57.752 [http-nio-8080-exec-6] INFO  [,] com.benewake.saleordersystem.aspect.LogAspect - 用户[0:0:0:0:0:0:0:1],在[2023-08-31 14:08:57],访问了[com.benewake.saleordersystem.controller.UserController]的[updateUserValues]方法，参数为[[{userid=5, ycValue=2, xdValue=6, prValue=9}]].
2023-08-31 15:27:19.407 [http-nio-8080-exec-2] INFO  [,] com.benewake.saleordersystem.aspect.LogAspect - 用户[0:0:0:0:0:0:0:1],在[2023-08-31 15:08:19],访问了[com.benewake.saleordersystem.controller.UserController]的[updateUserValues]方法，参数为[[{userid=5, ycValue=2, xdValue=6, prValue=9}]].
2023-08-31 15:27:43.610 [http-nio-8080-exec-1] INFO  [,] com.benewake.saleordersystem.aspect.LogAspect - 用户[0:0:0:0:0:0:0:1],在[2023-08-31 15:08:43],访问了[com.benewake.saleordersystem.controller.UserController]的[updateUserValues]方法，参数为[[{userid=5, ycValue=, xdValue=6, prValue=9}]].
2023-08-31 15:27:48.641 [http-nio-8080-exec-3] INFO  [,] com.benewake.saleordersystem.aspect.LogAspect - 用户[0:0:0:0:0:0:0:1],在[2023-08-31 15:08:48],访问了[com.benewake.saleordersystem.controller.UserController]的[updateUserValues]方法，参数为[[{userid=5, ycValue=, xdValue=6, prValue=9}]].
2023-08-31 15:37:11.515 [SpringContextShutdownHook] INFO  [,] o.s.scheduling.concurrent.ThreadPoolTaskExecutor - Shutting down ExecutorService 'asynExecutor'
2023-08-31 15:37:11.524 [SpringContextShutdownHook] INFO  [,] com.zaxxer.hikari.HikariDataSource - HikariPool-1 - Shutdown initiated...
2023-08-31 15:37:11.527 [SpringContextShutdownHook] INFO  [,] com.zaxxer.hikari.HikariDataSource - HikariPool-1 - Shutdown completed.
2023-08-31 15:37:30.259 [restartedMain] INFO  [,] c.b.saleordersystem.SaleOrderSystemApplication - Starting SaleOrderSystemApplication on DESKTOP-7M29D94 with PID 103116 (E:\北醒文件\测试版本\saleorder-system-main\target\classes started by DELL in E:\北醒文件\测试版本\saleorder-system-main)
2023-08-31 15:37:30.262 [restartedMain] INFO  [,] c.b.saleordersystem.SaleOrderSystemApplication - No active profile set, falling back to default profiles: default
2023-08-31 15:37:30.325 [restartedMain] INFO  [,] o.s.b.d.env.DevToolsPropertyDefaultsPostProcessor - Devtools property defaults active! Set 'spring.devtools.add-properties' to 'false' to disable
2023-08-31 15:37:30.325 [restartedMain] INFO  [,] o.s.b.d.env.DevToolsPropertyDefaultsPostProcessor - For additional web related logging consider setting the 'logging.level.web' property to 'DEBUG'
2023-08-31 15:37:33.540 [restartedMain] INFO  [,] o.s.boot.web.embedded.tomcat.TomcatWebServer - Tomcat initialized with port(s): 8080 (http)
2023-08-31 15:37:33.550 [restartedMain] INFO  [,] org.apache.coyote.http11.Http11NioProtocol - Initializing ProtocolHandler ["http-nio-8080"]
2023-08-31 15:37:33.551 [restartedMain] INFO  [,] org.apache.catalina.core.StandardService - Starting service [Tomcat]
2023-08-31 15:37:33.551 [restartedMain] INFO  [,] org.apache.catalina.core.StandardEngine - Starting Servlet engine: [Apache Tomcat/9.0.41]
2023-08-31 15:37:33.554 [restartedMain] INFO  [,] org.apache.catalina.core.AprLifecycleListener - Loaded Apache Tomcat Native library [1.2.23] using APR version [1.7.0].
2023-08-31 15:37:33.554 [restartedMain] INFO  [,] org.apache.catalina.core.AprLifecycleListener - APR capabilities: IPv6 [true], sendfile [true], accept filters [false], random [true].
2023-08-31 15:37:33.554 [restartedMain] INFO  [,] org.apache.catalina.core.AprLifecycleListener - APR/OpenSSL configuration: useAprConnector [false], useOpenSSL [true]
2023-08-31 15:37:33.561 [restartedMain] INFO  [,] org.apache.catalina.core.AprLifecycleListener - OpenSSL successfully initialized [OpenSSL 1.1.1c  28 May 2019]
2023-08-31 15:37:33.723 [restartedMain] INFO  [,] o.a.c.c.C.[Tomcat].[localhost].[/benewake] - Initializing Spring embedded WebApplicationContext
2023-08-31 15:37:33.723 [restartedMain] INFO  [,] o.s.b.w.s.c.ServletWebServerApplicationContext - Root WebApplicationContext: initialization completed in 3398 ms
2023-08-31 15:37:36.969 [restartedMain] INFO  [,] o.s.scheduling.concurrent.ThreadPoolTaskExecutor - Initializing ExecutorService
2023-08-31 15:37:36.970 [restartedMain] INFO  [,] o.s.scheduling.concurrent.ThreadPoolTaskExecutor - Initializing ExecutorService 'asynExecutor'
2023-08-31 15:37:37.118 [restartedMain] INFO  [,] o.s.b.d.autoconfigure.OptionalLiveReloadServer - LiveReload server is running on port 35729
2023-08-31 15:37:37.834 [restartedMain] INFO  [,] org.apache.coyote.http11.Http11NioProtocol - Starting ProtocolHandler ["http-nio-8080"]
2023-08-31 15:37:37.857 [restartedMain] INFO  [,] o.s.boot.web.embedded.tomcat.TomcatWebServer - Tomcat started on port(s): 8080 (http) with context path '/benewake'
2023-08-31 15:37:38.271 [restartedMain] INFO  [,] c.b.saleordersystem.SaleOrderSystemApplication - Started SaleOrderSystemApplication in 8.679 seconds (JVM running for 11.398)
2023-08-31 15:38:09.508 [http-nio-8080-exec-2] INFO  [,] o.a.c.c.C.[Tomcat].[localhost].[/benewake] - Initializing Spring DispatcherServlet 'dispatcherServlet'
2023-08-31 15:38:09.509 [http-nio-8080-exec-2] INFO  [,] org.springframework.web.servlet.DispatcherServlet - Initializing Servlet 'dispatcherServlet'
2023-08-31 15:38:09.522 [http-nio-8080-exec-2] INFO  [,] org.springframework.web.servlet.DispatcherServlet - Completed initialization in 13 ms
2023-08-31 15:38:09.622 [http-nio-8080-exec-2] INFO  [,] com.zaxxer.hikari.HikariDataSource - HikariPool-1 - Starting...
2023-08-31 15:38:09.918 [http-nio-8080-exec-2] INFO  [,] com.zaxxer.hikari.HikariDataSource - HikariPool-1 - Start completed.
2023-08-31 15:38:10.159 [http-nio-8080-exec-2] INFO  [,] com.benewake.saleordersystem.aspect.LogAspect - 用户[0:0:0:0:0:0:0:1],在[2023-08-31 15:08:10],访问了[com.benewake.saleordersystem.controller.UserController]的[updateUserValues]方法，参数为[[{userid=5, ycValue=, xdValue=6, prValue=9}]].
2023-08-31 15:38:20.465 [http-nio-8080-exec-3] INFO  [,] com.benewake.saleordersystem.aspect.LogAspect - 用户[0:0:0:0:0:0:0:1],在[2023-08-31 15:08:20],访问了[com.benewake.saleordersystem.controller.UserController]的[updateUserValues]方法，参数为[[{userid=5, ycValue=6, xdValue=6, prValue=9}]].
2023-08-31 15:47:09.411 [SpringContextShutdownHook] INFO  [,] o.s.scheduling.concurrent.ThreadPoolTaskExecutor - Shutting down ExecutorService 'asynExecutor'
2023-08-31 15:47:09.415 [SpringContextShutdownHook] INFO  [,] com.zaxxer.hikari.HikariDataSource - HikariPool-1 - Shutdown initiated...
2023-08-31 15:47:09.422 [SpringContextShutdownHook] INFO  [,] com.zaxxer.hikari.HikariDataSource - HikariPool-1 - Shutdown completed.
2023-08-31 15:47:22.331 [restartedMain] INFO  [,] c.b.saleordersystem.SaleOrderSystemApplication - Starting SaleOrderSystemApplication on DESKTOP-7M29D94 with PID 97964 (E:\北醒文件\测试版本\saleorder-system-main\target\classes started by DELL in E:\北醒文件\测试版本\saleorder-system-main)
2023-08-31 15:47:22.334 [restartedMain] INFO  [,] c.b.saleordersystem.SaleOrderSystemApplication - No active profile set, falling back to default profiles: default
2023-08-31 15:47:22.426 [restartedMain] INFO  [,] o.s.b.d.env.DevToolsPropertyDefaultsPostProcessor - Devtools property defaults active! Set 'spring.devtools.add-properties' to 'false' to disable
2023-08-31 15:47:22.426 [restartedMain] INFO  [,] o.s.b.d.env.DevToolsPropertyDefaultsPostProcessor - For additional web related logging consider setting the 'logging.level.web' property to 'DEBUG'
2023-08-31 15:47:24.087 [restartedMain] INFO  [,] o.s.boot.web.embedded.tomcat.TomcatWebServer - Tomcat initialized with port(s): 8080 (http)
2023-08-31 15:47:24.098 [restartedMain] INFO  [,] org.apache.coyote.http11.Http11NioProtocol - Initializing ProtocolHandler ["http-nio-8080"]
2023-08-31 15:47:24.098 [restartedMain] INFO  [,] org.apache.catalina.core.StandardService - Starting service [Tomcat]
2023-08-31 15:47:24.098 [restartedMain] INFO  [,] org.apache.catalina.core.StandardEngine - Starting Servlet engine: [Apache Tomcat/9.0.41]
2023-08-31 15:47:24.100 [restartedMain] INFO  [,] org.apache.catalina.core.AprLifecycleListener - Loaded Apache Tomcat Native library [1.2.23] using APR version [1.7.0].
2023-08-31 15:47:24.100 [restartedMain] INFO  [,] org.apache.catalina.core.AprLifecycleListener - APR capabilities: IPv6 [true], sendfile [true], accept filters [false], random [true].
2023-08-31 15:47:24.100 [restartedMain] INFO  [,] org.apache.catalina.core.AprLifecycleListener - APR/OpenSSL configuration: useAprConnector [false], useOpenSSL [true]
2023-08-31 15:47:24.104 [restartedMain] INFO  [,] org.apache.catalina.core.AprLifecycleListener - OpenSSL successfully initialized [OpenSSL 1.1.1c  28 May 2019]
2023-08-31 15:47:24.196 [restartedMain] INFO  [,] o.a.c.c.C.[Tomcat].[localhost].[/benewake] - Initializing Spring embedded WebApplicationContext
2023-08-31 15:47:24.196 [restartedMain] INFO  [,] o.s.b.w.s.c.ServletWebServerApplicationContext - Root WebApplicationContext: initialization completed in 1769 ms
2023-08-31 15:47:27.354 [restartedMain] INFO  [,] o.s.scheduling.concurrent.ThreadPoolTaskExecutor - Initializing ExecutorService
2023-08-31 15:47:27.356 [restartedMain] INFO  [,] o.s.scheduling.concurrent.ThreadPoolTaskExecutor - Initializing ExecutorService 'asynExecutor'
2023-08-31 15:47:27.509 [restartedMain] INFO  [,] o.s.b.d.autoconfigure.OptionalLiveReloadServer - LiveReload server is running on port 35729
2023-08-31 15:47:28.156 [restartedMain] INFO  [,] org.apache.coyote.http11.Http11NioProtocol - Starting ProtocolHandler ["http-nio-8080"]
2023-08-31 15:47:28.176 [restartedMain] INFO  [,] o.s.boot.web.embedded.tomcat.TomcatWebServer - Tomcat started on port(s): 8080 (http) with context path '/benewake'
2023-08-31 15:47:28.555 [restartedMain] INFO  [,] c.b.saleordersystem.SaleOrderSystemApplication - Started SaleOrderSystemApplication in 6.952 seconds (JVM running for 9.419)
2023-08-31 15:48:36.459 [http-nio-8080-exec-2] INFO  [,] o.a.c.c.C.[Tomcat].[localhost].[/benewake] - Initializing Spring DispatcherServlet 'dispatcherServlet'
2023-08-31 15:48:36.460 [http-nio-8080-exec-2] INFO  [,] org.springframework.web.servlet.DispatcherServlet - Initializing Servlet 'dispatcherServlet'
2023-08-31 15:48:36.468 [http-nio-8080-exec-2] INFO  [,] org.springframework.web.servlet.DispatcherServlet - Completed initialization in 8 ms
2023-08-31 15:48:36.564 [http-nio-8080-exec-2] INFO  [,] com.zaxxer.hikari.HikariDataSource - HikariPool-1 - Starting...
2023-08-31 15:48:36.723 [http-nio-8080-exec-2] INFO  [,] com.zaxxer.hikari.HikariDataSource - HikariPool-1 - Start completed.
2023-08-31 15:48:36.811 [http-nio-8080-exec-2] INFO  [,] com.benewake.saleordersystem.aspect.LogAspect - 用户[0:0:0:0:0:0:0:1],在[2023-08-31 15:08:36],访问了[com.benewake.saleordersystem.controller.HomeController]的[logout]方法，参数为[[b9160d8dd84e49c1b1d62d2844995535]].
2023-08-31 15:49:05.952 [http-nio-8080-exec-5] INFO  [,] com.benewake.saleordersystem.aspect.LogAspect - 用户[0:0:0:0:0:0:0:1],在[2023-08-31 15:08:05],访问了[com.benewake.saleordersystem.controller.HomeController]的[login]方法，参数为[[User(id=null, username=胡兵, password=14021402hubing, salt=null, userType=null, userConllection=null, ycvalue=null, xdvalue=null, prvalue=null), org.apache.catalina.connector.ResponseFacade@548002d9]].
2023-08-31 15:49:19.537 [http-nio-8080-exec-4] INFO  [,] com.benewake.saleordersystem.aspect.LogAspect - 用户[0:0:0:0:0:0:0:1],在[2023-08-31 15:08:19],访问了[com.benewake.saleordersystem.controller.UserController]的[updateUserValues]方法，参数为[[{userid=8, ycValue=6, xdValue=6, prValue=9}]].
2023-08-31 16:18:45.051 [http-nio-8080-exec-6] INFO  [,] com.benewake.saleordersystem.aspect.LogAspect - 用户[0:0:0:0:0:0:0:1],在[2023-08-31 16:08:45],访问了[com.benewake.saleordersystem.controller.HomeController]的[logout]方法，参数为[[61abd9ee38dd426f9ed8e1b6a371a551]].
2023-08-31 16:21:54.835 [http-nio-8080-exec-10] INFO  [,] com.benewake.saleordersystem.aspect.LogAspect - 用户[0:0:0:0:0:0:0:1],在[2023-08-31 16:08:54],访问了[com.benewake.saleordersystem.controller.HomeController]的[logout]方法，参数为[[61abd9ee38dd426f9ed8e1b6a371a551]].
2023-08-31 16:22:00.348 [http-nio-8080-exec-1] INFO  [,] com.benewake.saleordersystem.aspect.LogAspect - 用户[0:0:0:0:0:0:0:1],在[2023-08-31 16:08:00],访问了[com.benewake.saleordersystem.controller.HomeController]的[login]方法，参数为[[User(id=null, username=胡兵, password=14021402hubing, salt=null, userType=null, userConllection=null, ycvalue=null, xdvalue=null, prvalue=null), org.apache.catalina.connector.ResponseFacade@548002d9]].
2023-08-31 16:22:00.907 [http-nio-8080-exec-2] INFO  [,] com.benewake.saleordersystem.aspect.LogAspect - 用户[0:0:0:0:0:0:0:1],在[2023-08-31 16:08:00],访问了[com.benewake.saleordersystem.controller.HomeController]的[login]方法，参数为[[User(id=null, username=胡兵, password=14021402hubing, salt=null, userType=null, userConllection=null, ycvalue=null, xdvalue=null, prvalue=null), org.apache.catalina.connector.ResponseFacade@548002d9]].
2023-08-31 16:22:07.622 [http-nio-8080-exec-5] INFO  [,] com.benewake.saleordersystem.aspect.LogAspect - 用户[0:0:0:0:0:0:0:1],在[2023-08-31 16:08:07],访问了[com.benewake.saleordersystem.controller.HomeController]的[logout]方法，参数为[[b4785f872c3d45cdba7b4d809679112c]].
2023-08-31 16:22:23.915 [http-nio-8080-exec-4] INFO  [,] com.benewake.saleordersystem.aspect.LogAspect - 用户[0:0:0:0:0:0:0:1],在[2023-08-31 16:08:23],访问了[com.benewake.saleordersystem.controller.HomeController]的[login]方法，参数为[[User(id=null, username=王小溪, password=14021402wangxiaoxi, salt=null, userType=null, userConllection=null, ycvalue=null, xdvalue=null, prvalue=null), org.apache.catalina.connector.ResponseFacade@548002d9]].
2023-08-31 16:22:29.060 [http-nio-8080-exec-3] INFO  [,] com.benewake.saleordersystem.aspect.LogAspect - 用户[0:0:0:0:0:0:0:1],在[2023-08-31 16:08:29],访问了[com.benewake.saleordersystem.controller.UserController]的[updateUserValues]方法，参数为[[{userid=8, ycValue=6, xdValue=6, prValue=9}]].
2023-08-31 16:22:47.280 [http-nio-8080-exec-7] INFO  [,] com.benewake.saleordersystem.aspect.LogAspect - 用户[0:0:0:0:0:0:0:1],在[2023-08-31 16:08:47],访问了[com.benewake.saleordersystem.controller.UserController]的[updateUserValues]方法，参数为[[{userid=8, ycValue=6, xdValue=, prValue=9}]].
2023-08-31 16:57:33.045 [http-nio-8080-exec-9] INFO  [,] com.benewake.saleordersystem.aspect.LogAspect - 用户[0:0:0:0:0:0:0:1],在[2023-08-31 16:08:33],访问了[com.benewake.saleordersystem.controller.AdminController]的[add]方法，参数为[[User(id=0, username=方丹, password=14021402fd, salt=, userType=1, userConllection=0, ycvalue=0, xdvalue=0, prvalue=0)]].
2023-08-31 16:58:42.119 [http-nio-8080-exec-2] INFO  [,] com.benewake.saleordersystem.aspect.LogAspect - 用户[0:0:0:0:0:0:0:1],在[2023-08-31 16:08:42],访问了[com.benewake.saleordersystem.controller.AdminController]的[add]方法，参数为[[User(id=0, username=贺兴华, password=14021402hxh, salt=, userType=1, userConllection=0, ycvalue=0, xdvalue=0, prvalue=0)]].
2023-08-31 16:58:56.196 [http-nio-8080-exec-5] INFO  [,] com.benewake.saleordersystem.aspect.LogAspect - 用户[0:0:0:0:0:0:0:1],在[2023-08-31 16:08:56],访问了[com.benewake.saleordersystem.controller.HomeController]的[logout]方法，参数为[[b543c22ed78c44dbace2286105fc5629]].
2023-08-31 16:59:18.721 [http-nio-8080-exec-4] INFO  [,] com.benewake.saleordersystem.aspect.LogAspect - 用户[0:0:0:0:0:0:0:1],在[2023-08-31 16:08:18],访问了[com.benewake.saleordersystem.controller.HomeController]的[login]方法，参数为[[User(id=null, username=贺兴华, password=14021402hexinghua, salt=null, userType=null, userConllection=null, ycvalue=null, xdvalue=null, prvalue=null), org.apache.catalina.connector.ResponseFacade@548002d9]].
2023-08-31 17:00:12.604 [http-nio-8080-exec-7] INFO  [,] com.benewake.saleordersystem.aspect.LogAspect - 用户[0:0:0:0:0:0:0:1],在[2023-08-31 17:08:12],访问了[com.benewake.saleordersystem.controller.HomeController]的[logout]方法，参数为[[b543c22ed78c44dbace2286105fc5629]].
2023-08-31 17:00:47.152 [http-nio-8080-exec-6] INFO  [,] com.benewake.saleordersystem.aspect.LogAspect - 用户[0:0:0:0:0:0:0:1],在[2023-08-31 17:08:47],访问了[com.benewake.saleordersystem.controller.HomeController]的[login]方法，参数为[[User(id=null, username=王小溪, password=14021402wangxiaoxi, salt=null, userType=null, userConllection=null, ycvalue=null, xdvalue=null, prvalue=null), org.apache.catalina.connector.ResponseFacade@548002d9]].
2023-08-31 17:00:53.330 [http-nio-8080-exec-8] INFO  [,] com.benewake.saleordersystem.aspect.LogAspect - 用户[0:0:0:0:0:0:0:1],在[2023-08-31 17:08:53],访问了[com.benewake.saleordersystem.controller.AdminController]的[add]方法，参数为[[User(id=0, username=贺兴华, password=14021402hxh, salt=, userType=1, userConllection=0, ycvalue=0, xdvalue=0, prvalue=0)]].
2023-08-31 17:00:58.507 [http-nio-8080-exec-9] INFO  [,] com.benewake.saleordersystem.aspect.LogAspect - 用户[0:0:0:0:0:0:0:1],在[2023-08-31 17:08:58],访问了[com.benewake.saleordersystem.controller.HomeController]的[logout]方法，参数为[[113ea5782852463c956c63611bfda255]].
2023-08-31 17:01:12.565 [http-nio-8080-exec-10] INFO  [,] com.benewake.saleordersystem.aspect.LogAspect - 用户[0:0:0:0:0:0:0:1],在[2023-08-31 17:08:12],访问了[com.benewake.saleordersystem.controller.HomeController]的[login]方法，参数为[[User(id=null, username=贺兴华, password=14021402hxh, salt=null, userType=null, userConllection=null, ycvalue=null, xdvalue=null, prvalue=null), org.apache.catalina.connector.ResponseFacade@548002d9]].
2023-08-31 18:25:05.646 [SpringContextShutdownHook] INFO  [,] o.s.scheduling.concurrent.ThreadPoolTaskExecutor - Shutting down ExecutorService 'asynExecutor'
2023-08-31 18:25:05.653 [SpringContextShutdownHook] INFO  [,] com.zaxxer.hikari.HikariDataSource - HikariPool-1 - Shutdown initiated...
2023-08-31 18:25:05.658 [SpringContextShutdownHook] INFO  [,] com.zaxxer.hikari.HikariDataSource - HikariPool-1 - Shutdown completed.
