2023-10-14 10:23:19.243 [SpringContextShutdownHook] INFO  [,] o.s.scheduling.concurrent.ThreadPoolTaskExecutor - Shutting down ExecutorService 'asynExecutor'
2023-10-14 10:23:19.301 [SpringContextShutdownHook] INFO  [,] com.zaxxer.hikari.HikariDataSource - HikariPool-1 - Shutdown initiated...
2023-10-14 10:23:19.306 [SpringContextShutdownHook] INFO  [,] com.zaxxer.hikari.HikariDataSource - HikariPool-1 - Shutdown completed.
2023-10-14 10:23:42.837 [restartedMain] INFO  [,] c.b.saleordersystem.SaleOrderSystemApplication - Starting SaleOrderSystemApplication on DESKTOP-7M29D94 with PID 23420 (E:\北醒文件\测试版本\saleorder-system-main\target\classes started by DELL in E:\北醒文件\测试版本\saleorder-system-main)
2023-10-14 10:23:42.852 [restartedMain] INFO  [,] c.b.saleordersystem.SaleOrderSystemApplication - No active profile set, falling back to default profiles: default
2023-10-14 10:23:43.021 [restartedMain] INFO  [,] o.s.b.d.env.DevToolsPropertyDefaultsPostProcessor - Devtools property defaults active! Set 'spring.devtools.add-properties' to 'false' to disable
2023-10-14 10:23:43.021 [restartedMain] INFO  [,] o.s.b.d.env.DevToolsPropertyDefaultsPostProcessor - For additional web related logging consider setting the 'logging.level.web' property to 'DEBUG'
2023-10-14 10:23:48.833 [restartedMain] INFO  [,] o.s.boot.web.embedded.tomcat.TomcatWebServer - Tomcat initialized with port(s): 8080 (http)
2023-10-14 10:23:48.845 [restartedMain] INFO  [,] org.apache.coyote.http11.Http11NioProtocol - Initializing ProtocolHandler ["http-nio-8080"]
2023-10-14 10:23:48.846 [restartedMain] INFO  [,] org.apache.catalina.core.StandardService - Starting service [Tomcat]
2023-10-14 10:23:48.846 [restartedMain] INFO  [,] org.apache.catalina.core.StandardEngine - Starting Servlet engine: [Apache Tomcat/9.0.41]
2023-10-14 10:23:48.849 [restartedMain] INFO  [,] org.apache.catalina.core.AprLifecycleListener - Loaded Apache Tomcat Native library [1.2.23] using APR version [1.7.0].
2023-10-14 10:23:48.849 [restartedMain] INFO  [,] org.apache.catalina.core.AprLifecycleListener - APR capabilities: IPv6 [true], sendfile [true], accept filters [false], random [true].
2023-10-14 10:23:48.849 [restartedMain] INFO  [,] org.apache.catalina.core.AprLifecycleListener - APR/OpenSSL configuration: useAprConnector [false], useOpenSSL [true]
2023-10-14 10:23:48.878 [restartedMain] INFO  [,] org.apache.catalina.core.AprLifecycleListener - OpenSSL successfully initialized [OpenSSL 1.1.1c  28 May 2019]
2023-10-14 10:23:49.006 [restartedMain] INFO  [,] o.a.c.c.C.[Tomcat].[localhost].[/benewake] - Initializing Spring embedded WebApplicationContext
2023-10-14 10:23:49.006 [restartedMain] INFO  [,] o.s.b.w.s.c.ServletWebServerApplicationContext - Root WebApplicationContext: initialization completed in 5984 ms
2023-10-14 10:23:52.696 [restartedMain] INFO  [,] o.s.scheduling.concurrent.ThreadPoolTaskExecutor - Initializing ExecutorService
2023-10-14 10:23:52.698 [restartedMain] INFO  [,] o.s.scheduling.concurrent.ThreadPoolTaskExecutor - Initializing ExecutorService 'asynExecutor'
2023-10-14 10:23:52.948 [restartedMain] INFO  [,] o.s.b.d.autoconfigure.OptionalLiveReloadServer - LiveReload server is running on port 35729
2023-10-14 10:23:53.800 [restartedMain] INFO  [,] org.apache.coyote.http11.Http11NioProtocol - Starting ProtocolHandler ["http-nio-8080"]
2023-10-14 10:23:53.859 [restartedMain] INFO  [,] o.s.boot.web.embedded.tomcat.TomcatWebServer - Tomcat started on port(s): 8080 (http) with context path '/benewake'
2023-10-14 10:23:54.400 [restartedMain] INFO  [,] c.b.saleordersystem.SaleOrderSystemApplication - Started SaleOrderSystemApplication in 12.672 seconds (JVM running for 15.277)
2023-10-14 10:28:51.119 [http-nio-8080-exec-1] INFO  [,] o.a.c.c.C.[Tomcat].[localhost].[/benewake] - Initializing Spring DispatcherServlet 'dispatcherServlet'
2023-10-14 10:28:51.119 [http-nio-8080-exec-1] INFO  [,] org.springframework.web.servlet.DispatcherServlet - Initializing Servlet 'dispatcherServlet'
2023-10-14 10:28:51.138 [http-nio-8080-exec-1] INFO  [,] org.springframework.web.servlet.DispatcherServlet - Completed initialization in 19 ms
2023-10-14 10:28:51.340 [http-nio-8080-exec-1] INFO  [,] com.zaxxer.hikari.HikariDataSource - HikariPool-1 - Starting...
2023-10-14 10:28:51.687 [http-nio-8080-exec-1] INFO  [,] com.zaxxer.hikari.HikariDataSource - HikariPool-1 - Start completed.
2023-10-14 10:28:52.062 [http-nio-8080-exec-1] INFO  [,] com.benewake.saleordersystem.aspect.LogAspect - 用户[0:0:0:0:0:0:0:1],在[2023-10-14 10:10:52],访问了[com.benewake.saleordersystem.controller.InstrumentPanelsController]的[getTest]方法，参数为[[{isAll=0}]].
2023-10-14 10:35:39.868 [http-nio-8080-exec-4] INFO  [,] com.benewake.saleordersystem.aspect.LogAspect - 用户[0:0:0:0:0:0:0:1],在[2023-10-14 10:10:39],访问了[com.benewake.saleordersystem.controller.InstrumentPanelsController]的[getTest]方法，参数为[[{isAll=0}]].
2023-10-14 10:40:34.069 [SpringContextShutdownHook] INFO  [,] o.s.scheduling.concurrent.ThreadPoolTaskExecutor - Shutting down ExecutorService 'asynExecutor'
2023-10-14 10:40:34.080 [SpringContextShutdownHook] INFO  [,] com.zaxxer.hikari.HikariDataSource - HikariPool-1 - Shutdown initiated...
2023-10-14 10:40:34.091 [SpringContextShutdownHook] INFO  [,] com.zaxxer.hikari.HikariDataSource - HikariPool-1 - Shutdown completed.
2023-10-14 11:46:32.727 [restartedMain] INFO  [,] c.b.saleordersystem.SaleOrderSystemApplication - Starting SaleOrderSystemApplication on DESKTOP-7M29D94 with PID 12152 (E:\北醒文件\测试版本\saleorder-system-main\target\classes started by DELL in E:\北醒文件\测试版本\saleorder-system-main)
2023-10-14 11:46:32.734 [restartedMain] INFO  [,] c.b.saleordersystem.SaleOrderSystemApplication - No active profile set, falling back to default profiles: default
2023-10-14 11:46:32.885 [restartedMain] INFO  [,] o.s.b.d.env.DevToolsPropertyDefaultsPostProcessor - Devtools property defaults active! Set 'spring.devtools.add-properties' to 'false' to disable
2023-10-14 11:46:32.886 [restartedMain] INFO  [,] o.s.b.d.env.DevToolsPropertyDefaultsPostProcessor - For additional web related logging consider setting the 'logging.level.web' property to 'DEBUG'
2023-10-14 11:46:36.351 [restartedMain] INFO  [,] o.s.boot.web.embedded.tomcat.TomcatWebServer - Tomcat initialized with port(s): 8080 (http)
2023-10-14 11:46:36.365 [restartedMain] INFO  [,] org.apache.coyote.http11.Http11NioProtocol - Initializing ProtocolHandler ["http-nio-8080"]
2023-10-14 11:46:36.366 [restartedMain] INFO  [,] org.apache.catalina.core.StandardService - Starting service [Tomcat]
2023-10-14 11:46:36.366 [restartedMain] INFO  [,] org.apache.catalina.core.StandardEngine - Starting Servlet engine: [Apache Tomcat/9.0.41]
2023-10-14 11:46:36.369 [restartedMain] INFO  [,] org.apache.catalina.core.AprLifecycleListener - Loaded Apache Tomcat Native library [1.2.23] using APR version [1.7.0].
2023-10-14 11:46:36.369 [restartedMain] INFO  [,] org.apache.catalina.core.AprLifecycleListener - APR capabilities: IPv6 [true], sendfile [true], accept filters [false], random [true].
2023-10-14 11:46:36.369 [restartedMain] INFO  [,] org.apache.catalina.core.AprLifecycleListener - APR/OpenSSL configuration: useAprConnector [false], useOpenSSL [true]
2023-10-14 11:46:36.378 [restartedMain] INFO  [,] org.apache.catalina.core.AprLifecycleListener - OpenSSL successfully initialized [OpenSSL 1.1.1c  28 May 2019]
2023-10-14 11:46:36.557 [restartedMain] INFO  [,] o.a.c.c.C.[Tomcat].[localhost].[/benewake] - Initializing Spring embedded WebApplicationContext
2023-10-14 11:46:36.557 [restartedMain] INFO  [,] o.s.b.w.s.c.ServletWebServerApplicationContext - Root WebApplicationContext: initialization completed in 3670 ms
2023-10-14 11:46:46.375 [restartedMain] INFO  [,] o.s.scheduling.concurrent.ThreadPoolTaskExecutor - Initializing ExecutorService
2023-10-14 11:46:46.378 [restartedMain] INFO  [,] o.s.scheduling.concurrent.ThreadPoolTaskExecutor - Initializing ExecutorService 'asynExecutor'
2023-10-14 11:46:46.907 [restartedMain] INFO  [,] o.s.b.d.autoconfigure.OptionalLiveReloadServer - LiveReload server is running on port 35729
2023-10-14 11:46:49.288 [restartedMain] INFO  [,] org.apache.coyote.http11.Http11NioProtocol - Starting ProtocolHandler ["http-nio-8080"]
2023-10-14 11:46:49.416 [restartedMain] INFO  [,] o.s.boot.web.embedded.tomcat.TomcatWebServer - Tomcat started on port(s): 8080 (http) with context path '/benewake'
2023-10-14 11:46:51.348 [restartedMain] INFO  [,] c.b.saleordersystem.SaleOrderSystemApplication - Started SaleOrderSystemApplication in 19.898 seconds (JVM running for 23.886)
2023-10-14 11:46:56.525 [http-nio-8080-exec-3] INFO  [,] o.a.c.c.C.[Tomcat].[localhost].[/benewake] - Initializing Spring DispatcherServlet 'dispatcherServlet'
2023-10-14 11:46:56.526 [http-nio-8080-exec-3] INFO  [,] org.springframework.web.servlet.DispatcherServlet - Initializing Servlet 'dispatcherServlet'
2023-10-14 11:46:56.561 [http-nio-8080-exec-3] INFO  [,] org.springframework.web.servlet.DispatcherServlet - Completed initialization in 33 ms
2023-10-14 11:46:56.950 [http-nio-8080-exec-3] INFO  [,] com.zaxxer.hikari.HikariDataSource - HikariPool-1 - Starting...
2023-10-14 11:46:57.350 [http-nio-8080-exec-3] INFO  [,] com.zaxxer.hikari.HikariDataSource - HikariPool-1 - Start completed.
2023-10-14 11:46:57.748 [http-nio-8080-exec-3] INFO  [,] com.benewake.saleordersystem.aspect.LogAspect - 用户[0:0:0:0:0:0:0:1],在[2023-10-14 11:10:57],访问了[com.benewake.saleordersystem.controller.InstrumentPanelsController]的[getTest]方法，参数为[[{isAll=0}]].
2023-10-14 11:49:56.537 [SpringContextShutdownHook] INFO  [,] o.s.scheduling.concurrent.ThreadPoolTaskExecutor - Shutting down ExecutorService 'asynExecutor'
2023-10-14 11:49:56.551 [SpringContextShutdownHook] INFO  [,] com.zaxxer.hikari.HikariDataSource - HikariPool-1 - Shutdown initiated...
2023-10-14 11:49:56.564 [SpringContextShutdownHook] INFO  [,] com.zaxxer.hikari.HikariDataSource - HikariPool-1 - Shutdown completed.
2023-10-14 11:50:07.931 [restartedMain] INFO  [,] c.b.saleordersystem.SaleOrderSystemApplication - Starting SaleOrderSystemApplication on DESKTOP-7M29D94 with PID 15072 (E:\北醒文件\测试版本\saleorder-system-main\target\classes started by DELL in E:\北醒文件\测试版本\saleorder-system-main)
2023-10-14 11:50:07.940 [restartedMain] INFO  [,] c.b.saleordersystem.SaleOrderSystemApplication - No active profile set, falling back to default profiles: default
2023-10-14 11:50:08.108 [restartedMain] INFO  [,] o.s.b.d.env.DevToolsPropertyDefaultsPostProcessor - Devtools property defaults active! Set 'spring.devtools.add-properties' to 'false' to disable
2023-10-14 11:50:08.109 [restartedMain] INFO  [,] o.s.b.d.env.DevToolsPropertyDefaultsPostProcessor - For additional web related logging consider setting the 'logging.level.web' property to 'DEBUG'
2023-10-14 11:50:11.669 [restartedMain] INFO  [,] o.s.boot.web.embedded.tomcat.TomcatWebServer - Tomcat initialized with port(s): 8080 (http)
2023-10-14 11:50:11.685 [restartedMain] INFO  [,] org.apache.coyote.http11.Http11NioProtocol - Initializing ProtocolHandler ["http-nio-8080"]
2023-10-14 11:50:11.687 [restartedMain] INFO  [,] org.apache.catalina.core.StandardService - Starting service [Tomcat]
2023-10-14 11:50:11.687 [restartedMain] INFO  [,] org.apache.catalina.core.StandardEngine - Starting Servlet engine: [Apache Tomcat/9.0.41]
2023-10-14 11:50:11.691 [restartedMain] INFO  [,] org.apache.catalina.core.AprLifecycleListener - Loaded Apache Tomcat Native library [1.2.23] using APR version [1.7.0].
2023-10-14 11:50:11.691 [restartedMain] INFO  [,] org.apache.catalina.core.AprLifecycleListener - APR capabilities: IPv6 [true], sendfile [true], accept filters [false], random [true].
2023-10-14 11:50:11.691 [restartedMain] INFO  [,] org.apache.catalina.core.AprLifecycleListener - APR/OpenSSL configuration: useAprConnector [false], useOpenSSL [true]
2023-10-14 11:50:11.697 [restartedMain] INFO  [,] org.apache.catalina.core.AprLifecycleListener - OpenSSL successfully initialized [OpenSSL 1.1.1c  28 May 2019]
2023-10-14 11:50:11.900 [restartedMain] INFO  [,] o.a.c.c.C.[Tomcat].[localhost].[/benewake] - Initializing Spring embedded WebApplicationContext
2023-10-14 11:50:11.900 [restartedMain] INFO  [,] o.s.b.w.s.c.ServletWebServerApplicationContext - Root WebApplicationContext: initialization completed in 3790 ms
2023-10-14 11:50:17.541 [restartedMain] INFO  [,] o.s.scheduling.concurrent.ThreadPoolTaskExecutor - Initializing ExecutorService
2023-10-14 11:50:17.544 [restartedMain] INFO  [,] o.s.scheduling.concurrent.ThreadPoolTaskExecutor - Initializing ExecutorService 'asynExecutor'
2023-10-14 11:50:17.851 [restartedMain] INFO  [,] o.s.b.d.autoconfigure.OptionalLiveReloadServer - LiveReload server is running on port 35729
2023-10-14 11:50:19.361 [restartedMain] INFO  [,] org.apache.coyote.http11.Http11NioProtocol - Starting ProtocolHandler ["http-nio-8080"]
2023-10-14 11:50:19.418 [restartedMain] INFO  [,] o.s.boot.web.embedded.tomcat.TomcatWebServer - Tomcat started on port(s): 8080 (http) with context path '/benewake'
2023-10-14 11:50:20.560 [restartedMain] INFO  [,] c.b.saleordersystem.SaleOrderSystemApplication - Started SaleOrderSystemApplication in 13.961 seconds (JVM running for 18.677)
2023-10-14 11:50:49.472 [http-nio-8080-exec-2] INFO  [,] o.a.c.c.C.[Tomcat].[localhost].[/benewake] - Initializing Spring DispatcherServlet 'dispatcherServlet'
2023-10-14 11:50:49.472 [http-nio-8080-exec-2] INFO  [,] org.springframework.web.servlet.DispatcherServlet - Initializing Servlet 'dispatcherServlet'
2023-10-14 11:50:49.502 [http-nio-8080-exec-2] INFO  [,] org.springframework.web.servlet.DispatcherServlet - Completed initialization in 30 ms
2023-10-14 11:50:49.710 [http-nio-8080-exec-2] INFO  [,] com.zaxxer.hikari.HikariDataSource - HikariPool-1 - Starting...
2023-10-14 11:50:50.290 [http-nio-8080-exec-2] INFO  [,] com.zaxxer.hikari.HikariDataSource - HikariPool-1 - Start completed.
2023-10-14 11:50:50.583 [http-nio-8080-exec-2] INFO  [,] com.benewake.saleordersystem.aspect.LogAspect - 用户[0:0:0:0:0:0:0:1],在[2023-10-14 11:10:50],访问了[com.benewake.saleordersystem.controller.InstrumentPanelsController]的[getTest]方法，参数为[[{isAll=0}]].
2023-10-14 11:52:24.852 [http-nio-8080-exec-3] INFO  [,] com.benewake.saleordersystem.aspect.LogAspect - 用户[0:0:0:0:0:0:0:1],在[2023-10-14 11:10:24],访问了[com.benewake.saleordersystem.controller.InstrumentPanelsController]的[getTest]方法，参数为[[{isAll=0}]].
2023-10-14 13:41:23.106 [http-nio-8080-exec-5] INFO  [,] com.benewake.saleordersystem.aspect.LogAspect - 用户[0:0:0:0:0:0:0:1],在[2023-10-14 13:10:23],访问了[com.benewake.saleordersystem.controller.InstrumentPanelsController]的[getTest]方法，参数为[[{isAll=0}]].
2023-10-14 16:13:36.747 [SpringContextShutdownHook] INFO  [,] o.s.scheduling.concurrent.ThreadPoolTaskExecutor - Shutting down ExecutorService 'asynExecutor'
2023-10-14 16:13:36.755 [SpringContextShutdownHook] INFO  [,] com.zaxxer.hikari.HikariDataSource - HikariPool-1 - Shutdown initiated...
2023-10-14 16:13:36.760 [SpringContextShutdownHook] INFO  [,] com.zaxxer.hikari.HikariDataSource - HikariPool-1 - Shutdown completed.
